[0.150s] Invoking command in '/home/triqui/Documents/TFG/TFG_MS_ROS/ros_ws/build/rover_description': CMAKE_PREFIX_PATH=${CMAKE_PREFIX_PATH}:/home/triqui/Documents/TFG/TFG_MS_ROS/ros_ws/install/rover_teleop:/home/triqui/Documents/TFG/TFG_MS_ROS/ros_ws/install/rover_motor_controller:/home/triqui/Documents/TFG/TFG_MS_ROS/ros_ws/install/my_battery_package:/home/triqui/Documents/TFG/TFG_MS_ROS/ros_ws/install/ms_sub:/opt/ros/foxy /usr/bin/cmake /home/triqui/Documents/TFG/TFG_MS_ROS/ros_ws/src/ros2_rover/rover_description -DAMENT_CMAKE_SYMLINK_INSTALL=1 -DCMAKE_INSTALL_PREFIX=/home/triqui/Documents/TFG/TFG_MS_ROS/ros_ws/install/rover_description
[0.186s] -- Found ament_cmake: 0.9.11 (/opt/ros/foxy/share/ament_cmake/cmake)
[0.224s] -- Using PYTHON_EXECUTABLE: /usr/bin/python3
[0.488s] -- Override CMake install command with custom implementation using symlinks instead of copying resources
[0.564s] -- Found DART: /usr/include (Required is at least version "6.6") found components: dart 
[0.616s] -- Found Protobuf: /usr/lib/x86_64-linux-gnu/libprotobuf.so;-lpthread (found version "3.6.1") 
[0.619s] -- Looking for ignition-math6 -- found version 6.13.0
[0.628s] -- Searching for dependencies of ignition-math6
[0.633s] -- Looking for OGRE...
[0.638s] -- Found Ogre Ghadamon (1.9.0)
[0.638s] -- Found OGRE: optimized;/usr/lib/x86_64-linux-gnu/libOgreMain.so;debug;/usr/lib/x86_64-linux-gnu/libOgreMain.so
[0.650s] -- Looking for OGRE_Paging...
[0.651s] -- Found OGRE_Paging: optimized;/usr/lib/x86_64-linux-gnu/libOgrePaging.so;debug;/usr/lib/x86_64-linux-gnu/libOgrePaging.so
[0.651s] -- Looking for OGRE_Terrain...
[0.651s] -- Found OGRE_Terrain: optimized;/usr/lib/x86_64-linux-gnu/libOgreTerrain.so;debug;/usr/lib/x86_64-linux-gnu/libOgreTerrain.so
[0.651s] -- Looking for OGRE_Property...
[0.651s] -- Found OGRE_Property: optimized;/usr/lib/x86_64-linux-gnu/libOgreProperty.so;debug;/usr/lib/x86_64-linux-gnu/libOgreProperty.so
[0.651s] -- Looking for OGRE_RTShaderSystem...
[0.651s] -- Found OGRE_RTShaderSystem: optimized;/usr/lib/x86_64-linux-gnu/libOgreRTShaderSystem.so;debug;/usr/lib/x86_64-linux-gnu/libOgreRTShaderSystem.so
[0.654s] -- Looking for OGRE_Volume...
[0.654s] -- Found OGRE_Volume: optimized;/usr/lib/x86_64-linux-gnu/libOgreVolume.so;debug;/usr/lib/x86_64-linux-gnu/libOgreVolume.so
[0.654s] -- Looking for OGRE_Overlay...
[0.654s] -- Found OGRE_Overlay: optimized;/usr/lib/x86_64-linux-gnu/libOgreOverlay.so;debug;/usr/lib/x86_64-linux-gnu/libOgreOverlay.so
[0.890s] -- Looking for ignition-math6 -- found version 6.13.0
[0.892s] -- Looking for ignition-transport8 -- found version 8.3.0
[0.892s] -- Searching for dependencies of ignition-transport8
[0.924s] -- Found Protobuf: /usr/lib/x86_64-linux-gnu/libprotobuf.so;-lpthread (found suitable version "3.6.1", minimum required is "3") 
[0.940s] -- Config-file not installed for ZeroMQ -- checking for pkg-config
[0.946s] -- Checking for module 'libzmq >= 4'
[0.987s] --   Found libzmq , version 4.3.2
[1.052s] -- Checking for module 'uuid'
[1.078s] --   Found uuid, version 2.34.0
[1.130s] -- Looking for ignition-msgs5 -- found version 5.10.0
[1.131s] -- Searching for dependencies of ignition-msgs5
[1.156s] -- Looking for ignition-math6 -- found version 6.13.0
[1.163s] -- Checking for module 'tinyxml2'
[1.185s] --   Found tinyxml2, version 6.2.0
[1.253s] -- Looking for ignition-msgs5 -- found version 5.10.0
[1.254s] -- Looking for ignition-common3 -- found version 3.14.2
[1.257s] -- Searching for dependencies of ignition-common3
[1.260s] -- Looking for dlfcn.h - found
[1.260s] -- Looking for libdl - found
[1.273s] -- Searching for <ignition-common3> component [graphics]
[1.274s] -- Looking for ignition-common3-graphics -- found version 3.14.2
[1.275s] -- Searching for dependencies of ignition-common3-graphics
[1.275s] -- Looking for ignition-math6 -- found version 6.13.0
[1.278s] -- Looking for ignition-fuel_tools4 -- found version 4.6.0
[1.278s] -- Searching for dependencies of ignition-fuel_tools4
[1.314s] -- Checking for module 'jsoncpp'
[1.335s] --   Found jsoncpp, version 1.7.4
[1.456s] -- Checking for module 'libzip'
[1.494s] --   Found libzip, version 1.5.1
[1.561s] -- Looking for ignition-common3 -- found version 3.14.2
[1.562s] -- Looking for ignition-math6 -- found version 6.13.0
[1.562s] -- Looking for ignition-msgs5 -- found version 5.10.0
[1.564s] -- Found gazebo_ros2_control: 0.1.1 (/opt/ros/foxy/share/gazebo_ros2_control/cmake)
[1.601s] -- Using all available rosidl_typesupport_c: rosidl_typesupport_fastrtps_c;rosidl_typesupport_introspection_c
[1.606s] -- Found rosidl_adapter: 1.3.0 (/opt/ros/foxy/share/rosidl_adapter/cmake)
[1.763s] -- Using all available rosidl_typesupport_cpp: rosidl_typesupport_fastrtps_cpp;rosidl_typesupport_introspection_cpp
[1.836s] -- Found rmw_implementation_cmake: 1.0.4 (/opt/ros/foxy/share/rmw_implementation_cmake/cmake)
[1.838s] -- Using RMW implementation 'rmw_fastrtps_cpp' as default
[2.027s] -- Found gazebo_ros_pkgs: 3.5.3 (/opt/ros/foxy/share/gazebo_ros_pkgs/cmake)
[2.028s] -- Found gazebo_plugins: 3.5.3 (/opt/ros/foxy/share/gazebo_plugins/cmake)
[2.037s] -- Gazebo version: 11.11
[2.416s] -- Found joint_state_broadcaster: 0.9.0 (/opt/ros/foxy/share/joint_state_broadcaster/cmake)
[3.227s] -- Found robot_state_publisher: 2.4.5 (/opt/ros/foxy/share/robot_state_publisher/cmake)
[3.231s] -- Found eigen3_cmake_module: 0.1.1 (/opt/ros/foxy/share/eigen3_cmake_module/cmake)
[3.661s] -- Found position_controllers: 0.9.0 (/opt/ros/foxy/share/position_controllers/cmake)
[4.056s] -- Found velocity_controllers: 0.9.0 (/opt/ros/foxy/share/velocity_controllers/cmake)
[4.262s] -- Found xacro: 2.0.7 (/opt/ros/foxy/share/xacro/cmake)
[4.402s] -- Configuring done
[4.426s] -- Generating done
[4.433s] -- Build files have been written to: /home/triqui/Documents/TFG/TFG_MS_ROS/ros_ws/build/rover_description
[4.461s] Invoked command in '/home/triqui/Documents/TFG/TFG_MS_ROS/ros_ws/build/rover_description' returned '0': CMAKE_PREFIX_PATH=${CMAKE_PREFIX_PATH}:/home/triqui/Documents/TFG/TFG_MS_ROS/ros_ws/install/rover_teleop:/home/triqui/Documents/TFG/TFG_MS_ROS/ros_ws/install/rover_motor_controller:/home/triqui/Documents/TFG/TFG_MS_ROS/ros_ws/install/my_battery_package:/home/triqui/Documents/TFG/TFG_MS_ROS/ros_ws/install/ms_sub:/opt/ros/foxy /usr/bin/cmake /home/triqui/Documents/TFG/TFG_MS_ROS/ros_ws/src/ros2_rover/rover_description -DAMENT_CMAKE_SYMLINK_INSTALL=1 -DCMAKE_INSTALL_PREFIX=/home/triqui/Documents/TFG/TFG_MS_ROS/ros_ws/install/rover_description
[4.462s] Invoking command in '/home/triqui/Documents/TFG/TFG_MS_ROS/ros_ws/build/rover_description': CMAKE_PREFIX_PATH=${CMAKE_PREFIX_PATH}:/home/triqui/Documents/TFG/TFG_MS_ROS/ros_ws/install/rover_teleop:/home/triqui/Documents/TFG/TFG_MS_ROS/ros_ws/install/rover_motor_controller:/home/triqui/Documents/TFG/TFG_MS_ROS/ros_ws/install/my_battery_package:/home/triqui/Documents/TFG/TFG_MS_ROS/ros_ws/install/ms_sub:/opt/ros/foxy /usr/bin/cmake --build /home/triqui/Documents/TFG/TFG_MS_ROS/ros_ws/build/rover_description -- -j4 -l4
[4.521s] Invoked command in '/home/triqui/Documents/TFG/TFG_MS_ROS/ros_ws/build/rover_description' returned '0': CMAKE_PREFIX_PATH=${CMAKE_PREFIX_PATH}:/home/triqui/Documents/TFG/TFG_MS_ROS/ros_ws/install/rover_teleop:/home/triqui/Documents/TFG/TFG_MS_ROS/ros_ws/install/rover_motor_controller:/home/triqui/Documents/TFG/TFG_MS_ROS/ros_ws/install/my_battery_package:/home/triqui/Documents/TFG/TFG_MS_ROS/ros_ws/install/ms_sub:/opt/ros/foxy /usr/bin/cmake --build /home/triqui/Documents/TFG/TFG_MS_ROS/ros_ws/build/rover_description -- -j4 -l4
[4.579s] Invoking command in '/home/triqui/Documents/TFG/TFG_MS_ROS/ros_ws/build/rover_description': CMAKE_PREFIX_PATH=${CMAKE_PREFIX_PATH}:/home/triqui/Documents/TFG/TFG_MS_ROS/ros_ws/install/rover_teleop:/home/triqui/Documents/TFG/TFG_MS_ROS/ros_ws/install/rover_motor_controller:/home/triqui/Documents/TFG/TFG_MS_ROS/ros_ws/install/my_battery_package:/home/triqui/Documents/TFG/TFG_MS_ROS/ros_ws/install/ms_sub:/opt/ros/foxy /usr/bin/cmake --install /home/triqui/Documents/TFG/TFG_MS_ROS/ros_ws/build/rover_description
[4.591s] -- Install configuration: ""
[4.591s] -- Execute custom install script
[4.592s] -- Symlinking: /home/triqui/Documents/TFG/TFG_MS_ROS/ros_ws/install/rover_description/share/rover_description/config/control.yaml
[4.603s] -- Symlinking: /home/triqui/Documents/TFG/TFG_MS_ROS/ros_ws/install/rover_description/share/rover_description/launch/robot_state_publisher.launch.py
[4.614s] -- Symlinking: /home/triqui/Documents/TFG/TFG_MS_ROS/ros_ws/install/rover_description/share/rover_description/meshes/bases/back_left_steering_asm.stl
[4.631s] -- Symlinking: /home/triqui/Documents/TFG/TFG_MS_ROS/ros_ws/install/rover_description/share/rover_description/meshes/bases/back_right_steering_asm.stl
[4.644s] -- Symlinking: /home/triqui/Documents/TFG/TFG_MS_ROS/ros_ws/install/rover_description/share/rover_description/meshes/bases/body_box.stl
[4.655s] -- Symlinking: /home/triqui/Documents/TFG/TFG_MS_ROS/ros_ws/install/rover_description/share/rover_description/meshes/bases/differential.stl
[4.666s] -- Symlinking: /home/triqui/Documents/TFG/TFG_MS_ROS/ros_ws/install/rover_description/share/rover_description/meshes/bases/front_left_steering_asm.stl
[4.677s] -- Symlinking: /home/triqui/Documents/TFG/TFG_MS_ROS/ros_ws/install/rover_description/share/rover_description/meshes/bases/front_right_steering_asm.stl
[4.688s] -- Symlinking: /home/triqui/Documents/TFG/TFG_MS_ROS/ros_ws/install/rover_description/share/rover_description/meshes/bases/left_bogie_asm.stl
[4.699s] -- Symlinking: /home/triqui/Documents/TFG/TFG_MS_ROS/ros_ws/install/rover_description/share/rover_description/meshes/bases/left_rocker_asm.stl
[4.712s] -- Symlinking: /home/triqui/Documents/TFG/TFG_MS_ROS/ros_ws/install/rover_description/share/rover_description/meshes/bases/right_bogie_asm.stl
[4.724s] -- Symlinking: /home/triqui/Documents/TFG/TFG_MS_ROS/ros_ws/install/rover_description/share/rover_description/meshes/bases/right_rocker_asm.stl
[4.736s] -- Symlinking: /home/triqui/Documents/TFG/TFG_MS_ROS/ros_ws/install/rover_description/share/rover_description/meshes/bases/turnbuckle.stl
[4.750s] -- Symlinking: /home/triqui/Documents/TFG/TFG_MS_ROS/ros_ws/install/rover_description/share/rover_description/meshes/sensors/asus_xtion/asus_xtion_pro_live.dae
[4.768s] -- Symlinking: /home/triqui/Documents/TFG/TFG_MS_ROS/ros_ws/install/rover_description/share/rover_description/meshes/sensors/asus_xtion/asus_xtion_pro_live.png
[4.780s] -- Symlinking: /home/triqui/Documents/TFG/TFG_MS_ROS/ros_ws/install/rover_description/share/rover_description/meshes/sensors/hokuyo/hokuyo.png
[4.791s] -- Symlinking: /home/triqui/Documents/TFG/TFG_MS_ROS/ros_ws/install/rover_description/share/rover_description/meshes/sensors/hokuyo/hokuyo3d.dae
[4.802s] -- Symlinking: /home/triqui/Documents/TFG/TFG_MS_ROS/ros_ws/install/rover_description/share/rover_description/meshes/sensors/hokuyo/hokuyo3d.jpg
[4.813s] -- Symlinking: /home/triqui/Documents/TFG/TFG_MS_ROS/ros_ws/install/rover_description/share/rover_description/meshes/sensors/hokuyo/hokuyo3d.stl
[4.825s] -- Symlinking: /home/triqui/Documents/TFG/TFG_MS_ROS/ros_ws/install/rover_description/share/rover_description/meshes/sensors/hokuyo/hokuyo_urg_04lx.dae
[4.837s] -- Symlinking: /home/triqui/Documents/TFG/TFG_MS_ROS/ros_ws/install/rover_description/share/rover_description/meshes/sensors/hokuyo/hokuyo_urg_04lx.stl
[4.848s] -- Symlinking: /home/triqui/Documents/TFG/TFG_MS_ROS/ros_ws/install/rover_description/share/rover_description/meshes/sensors/hokuyo/hokuyo_ust_10lx.dae
[4.862s] -- Symlinking: /home/triqui/Documents/TFG/TFG_MS_ROS/ros_ws/install/rover_description/share/rover_description/meshes/sensors/hokuyo/hokuyo_ust_20lx.dae
[4.872s] -- Symlinking: /home/triqui/Documents/TFG/TFG_MS_ROS/ros_ws/install/rover_description/share/rover_description/meshes/sensors/hokuyo/hokuyo_utm_30lx.dae
[4.888s] -- Symlinking: /home/triqui/Documents/TFG/TFG_MS_ROS/ros_ws/install/rover_description/share/rover_description/meshes/sensors/hokuyo/hokuyo_utm_30lx.stl
[4.900s] -- Symlinking: /home/triqui/Documents/TFG/TFG_MS_ROS/ros_ws/install/rover_description/share/rover_description/meshes/wheels/wheel.stl
[4.910s] -- Symlinking: /home/triqui/Documents/TFG/TFG_MS_ROS/ros_ws/install/rover_description/share/rover_description/meshes/wheels/wheel_asm.stl
[4.921s] -- Symlinking: /home/triqui/Documents/TFG/TFG_MS_ROS/ros_ws/install/rover_description/share/rover_description/urdf/bases/body.urdf.xacro
[4.932s] -- Symlinking: /home/triqui/Documents/TFG/TFG_MS_ROS/ros_ws/install/rover_description/share/rover_description/urdf/bases/bogie.urdf.xacro
[4.944s] -- Symlinking: /home/triqui/Documents/TFG/TFG_MS_ROS/ros_ws/install/rover_description/share/rover_description/urdf/bases/differential.urdf.xacro
[4.956s] -- Symlinking: /home/triqui/Documents/TFG/TFG_MS_ROS/ros_ws/install/rover_description/share/rover_description/urdf/bases/rocker.urdf.xacro
[4.967s] -- Symlinking: /home/triqui/Documents/TFG/TFG_MS_ROS/ros_ws/install/rover_description/share/rover_description/urdf/bases/turnbuckle.urdf.xacro
[4.982s] -- Symlinking: /home/triqui/Documents/TFG/TFG_MS_ROS/ros_ws/install/rover_description/share/rover_description/urdf/inertials.xacro
[4.993s] -- Symlinking: /home/triqui/Documents/TFG/TFG_MS_ROS/ros_ws/install/rover_description/share/rover_description/urdf/materials.xacro
[5.007s] -- Symlinking: /home/triqui/Documents/TFG/TFG_MS_ROS/ros_ws/install/rover_description/share/rover_description/urdf/sensors/all_sensors.urdf.xacro
[5.020s] -- Symlinking: /home/triqui/Documents/TFG/TFG_MS_ROS/ros_ws/install/rover_description/share/rover_description/urdf/sensors/asus_xtion.urdf.xacro
[5.031s] -- Symlinking: /home/triqui/Documents/TFG/TFG_MS_ROS/ros_ws/install/rover_description/share/rover_description/urdf/sensors/hokuyo.urdf.xacro
[5.043s] -- Symlinking: /home/triqui/Documents/TFG/TFG_MS_ROS/ros_ws/install/rover_description/share/rover_description/urdf/sensors/imu.urdf.xacro
[5.056s] -- Symlinking: /home/triqui/Documents/TFG/TFG_MS_ROS/ros_ws/install/rover_description/share/rover_description/urdf/wheels/corner.urdf.xacro
[5.071s] -- Symlinking: /home/triqui/Documents/TFG/TFG_MS_ROS/ros_ws/install/rover_description/share/rover_description/urdf/wheels/wheel.urdf.xacro
[5.082s] -- Symlinking: /home/triqui/Documents/TFG/TFG_MS_ROS/ros_ws/install/rover_description/share/rover_description/robots/rover.urdf.xacro
[5.093s] -- Symlinking: /home/triqui/Documents/TFG/TFG_MS_ROS/ros_ws/install/rover_description/share/ament_index/resource_index/package_run_dependencies/rover_description
[5.105s] -- Symlinking: /home/triqui/Documents/TFG/TFG_MS_ROS/ros_ws/install/rover_description/share/ament_index/resource_index/parent_prefix_path/rover_description
[5.116s] -- Symlinking: /home/triqui/Documents/TFG/TFG_MS_ROS/ros_ws/install/rover_description/share/rover_description/environment/ament_prefix_path.sh
[5.129s] -- Symlinking: /home/triqui/Documents/TFG/TFG_MS_ROS/ros_ws/install/rover_description/share/rover_description/environment/ament_prefix_path.dsv
[5.144s] -- Symlinking: /home/triqui/Documents/TFG/TFG_MS_ROS/ros_ws/install/rover_description/share/rover_description/environment/path.sh
[5.156s] -- Symlinking: /home/triqui/Documents/TFG/TFG_MS_ROS/ros_ws/install/rover_description/share/rover_description/environment/path.dsv
[5.169s] -- Symlinking: /home/triqui/Documents/TFG/TFG_MS_ROS/ros_ws/install/rover_description/share/rover_description/local_setup.bash
[5.190s] -- Symlinking: /home/triqui/Documents/TFG/TFG_MS_ROS/ros_ws/install/rover_description/share/rover_description/local_setup.sh
[5.228s] -- Symlinking: /home/triqui/Documents/TFG/TFG_MS_ROS/ros_ws/install/rover_description/share/rover_description/local_setup.zsh
[5.239s] -- Symlinking: /home/triqui/Documents/TFG/TFG_MS_ROS/ros_ws/install/rover_description/share/rover_description/local_setup.dsv
[5.250s] -- Symlinking: /home/triqui/Documents/TFG/TFG_MS_ROS/ros_ws/install/rover_description/share/rover_description/package.dsv
[5.264s] -- Symlinking: /home/triqui/Documents/TFG/TFG_MS_ROS/ros_ws/install/rover_description/share/ament_index/resource_index/packages/rover_description
[5.276s] -- Symlinking: /home/triqui/Documents/TFG/TFG_MS_ROS/ros_ws/install/rover_description/share/rover_description/cmake/rover_descriptionConfig.cmake
[5.288s] -- Symlinking: /home/triqui/Documents/TFG/TFG_MS_ROS/ros_ws/install/rover_description/share/rover_description/cmake/rover_descriptionConfig-version.cmake
[5.300s] -- Symlinking: /home/triqui/Documents/TFG/TFG_MS_ROS/ros_ws/install/rover_description/share/rover_description/package.xml
[5.319s] Invoked command in '/home/triqui/Documents/TFG/TFG_MS_ROS/ros_ws/build/rover_description' returned '0': CMAKE_PREFIX_PATH=${CMAKE_PREFIX_PATH}:/home/triqui/Documents/TFG/TFG_MS_ROS/ros_ws/install/rover_teleop:/home/triqui/Documents/TFG/TFG_MS_ROS/ros_ws/install/rover_motor_controller:/home/triqui/Documents/TFG/TFG_MS_ROS/ros_ws/install/my_battery_package:/home/triqui/Documents/TFG/TFG_MS_ROS/ros_ws/install/ms_sub:/opt/ros/foxy /usr/bin/cmake --install /home/triqui/Documents/TFG/TFG_MS_ROS/ros_ws/build/rover_description
