[0.097s] Invoking command in '/home/triqui/Documents/TFG/TFG_MS_ROS/ros_ws/build/rover_gazebo': CMAKE_PREFIX_PATH=/home/triqui/Documents/TFG/TFG_MS_ROS/ros_ws/install/rover_motor_controller_cpp:/home/triqui/Documents/TFG/TFG_MS_ROS/ros_ws/install/rover_msgs:/home/triqui/Documents/TFG/TFG_MS_ROS/ros_ws/install/rover_description:/home/triqui/Documents/TFG/TFG_MS_ROS/ros_ws/install/turtlebot3_simulations:/home/triqui/Documents/TFG/TFG_MS_ROS/ros_ws/install/turtlebot3_gazebo:/home/triqui/Documents/TFG/TFG_MS_ROS/ros_ws/install/turtlebot3_fake_node:/home/triqui/Documents/TFG/TFG_MS_ROS/ros_ws/install/rover_navigation:/home/triqui/Documents/TFG/TFG_MS_ROS/ros_ws/install/rover_gazebo:/home/triqui/Documents/TFG/TFG_MS_ROS/ros_ws/install/rover_bringup:/home/triqui/Documents/TFG/TFG_MS_ROS/ros_ws/install/rover_localization:/home/triqui/Documents/TFG/TFG_MS_ROS/ros_ws/install/pkg_interfaces:/home/triqui/Documents/TFG/TFG_MS_ROS/ros_ws/install/rover_teleop:/home/triqui/Documents/TFG/TFG_MS_ROS/ros_ws/install/rover_motor_controller:/home/triqui/Documents/TFG/TFG_MS_ROS/ros_ws/install/my_battery_package:/home/triqui/Documents/TFG/TFG_MS_ROS/ros_ws/install/ms_sub:/opt/ros/foxy PYTHONPATH=/home/triqui/Documents/TFG/TFG_MS_ROS/ros_ws/install/rover_msgs/lib/python3.8/site-packages:/home/triqui/Documents/TFG/TFG_MS_ROS/ros_ws/build/rover_teleop:/home/triqui/Documents/TFG/TFG_MS_ROS/ros_ws/build/rover_motor_controller:/home/triqui/Documents/TFG/TFG_MS_ROS/ros_ws/build/my_battery_package:/home/triqui/Documents/TFG/TFG_MS_ROS/ros_ws/build/ms_sub:/home/triqui/Documents/TFG/TFG_MS_ROS/ros_ws/install/rover_teleop/lib/python3.8/site-packages:/home/triqui/Documents/TFG/TFG_MS_ROS/ros_ws/install/rover_motor_controller/lib/python3.8/site-packages:/home/triqui/Documents/TFG/TFG_MS_ROS/ros_ws/install/my_battery_package/lib/python3.8/site-packages:/home/triqui/Documents/TFG/TFG_MS_ROS/ros_ws/install/ms_sub/lib/python3.8/site-packages:/home/triqui/Documents/TFG/TFG_MS_ROS/ros_ws/install/pkg_interfaces/lib/python3.8/site-packages:/opt/ros/foxy/lib/python3.8/site-packages /usr/bin/cmake --build /home/triqui/Documents/TFG/TFG_MS_ROS/ros_ws/build/rover_gazebo -- -j4 -l4
[0.399s] [100%] Built target motors_command_parser_node
[0.487s] Invoked command in '/home/triqui/Documents/TFG/TFG_MS_ROS/ros_ws/build/rover_gazebo' returned '0': CMAKE_PREFIX_PATH=/home/triqui/Documents/TFG/TFG_MS_ROS/ros_ws/install/rover_motor_controller_cpp:/home/triqui/Documents/TFG/TFG_MS_ROS/ros_ws/install/rover_msgs:/home/triqui/Documents/TFG/TFG_MS_ROS/ros_ws/install/rover_description:/home/triqui/Documents/TFG/TFG_MS_ROS/ros_ws/install/turtlebot3_simulations:/home/triqui/Documents/TFG/TFG_MS_ROS/ros_ws/install/turtlebot3_gazebo:/home/triqui/Documents/TFG/TFG_MS_ROS/ros_ws/install/turtlebot3_fake_node:/home/triqui/Documents/TFG/TFG_MS_ROS/ros_ws/install/rover_navigation:/home/triqui/Documents/TFG/TFG_MS_ROS/ros_ws/install/rover_gazebo:/home/triqui/Documents/TFG/TFG_MS_ROS/ros_ws/install/rover_bringup:/home/triqui/Documents/TFG/TFG_MS_ROS/ros_ws/install/rover_localization:/home/triqui/Documents/TFG/TFG_MS_ROS/ros_ws/install/pkg_interfaces:/home/triqui/Documents/TFG/TFG_MS_ROS/ros_ws/install/rover_teleop:/home/triqui/Documents/TFG/TFG_MS_ROS/ros_ws/install/rover_motor_controller:/home/triqui/Documents/TFG/TFG_MS_ROS/ros_ws/install/my_battery_package:/home/triqui/Documents/TFG/TFG_MS_ROS/ros_ws/install/ms_sub:/opt/ros/foxy PYTHONPATH=/home/triqui/Documents/TFG/TFG_MS_ROS/ros_ws/install/rover_msgs/lib/python3.8/site-packages:/home/triqui/Documents/TFG/TFG_MS_ROS/ros_ws/build/rover_teleop:/home/triqui/Documents/TFG/TFG_MS_ROS/ros_ws/build/rover_motor_controller:/home/triqui/Documents/TFG/TFG_MS_ROS/ros_ws/build/my_battery_package:/home/triqui/Documents/TFG/TFG_MS_ROS/ros_ws/build/ms_sub:/home/triqui/Documents/TFG/TFG_MS_ROS/ros_ws/install/rover_teleop/lib/python3.8/site-packages:/home/triqui/Documents/TFG/TFG_MS_ROS/ros_ws/install/rover_motor_controller/lib/python3.8/site-packages:/home/triqui/Documents/TFG/TFG_MS_ROS/ros_ws/install/my_battery_package/lib/python3.8/site-packages:/home/triqui/Documents/TFG/TFG_MS_ROS/ros_ws/install/ms_sub/lib/python3.8/site-packages:/home/triqui/Documents/TFG/TFG_MS_ROS/ros_ws/install/pkg_interfaces/lib/python3.8/site-packages:/opt/ros/foxy/lib/python3.8/site-packages /usr/bin/cmake --build /home/triqui/Documents/TFG/TFG_MS_ROS/ros_ws/build/rover_gazebo -- -j4 -l4
[0.578s] Invoking command in '/home/triqui/Documents/TFG/TFG_MS_ROS/ros_ws/build/rover_gazebo': CMAKE_PREFIX_PATH=/home/triqui/Documents/TFG/TFG_MS_ROS/ros_ws/install/rover_motor_controller_cpp:/home/triqui/Documents/TFG/TFG_MS_ROS/ros_ws/install/rover_msgs:/home/triqui/Documents/TFG/TFG_MS_ROS/ros_ws/install/rover_description:/home/triqui/Documents/TFG/TFG_MS_ROS/ros_ws/install/turtlebot3_simulations:/home/triqui/Documents/TFG/TFG_MS_ROS/ros_ws/install/turtlebot3_gazebo:/home/triqui/Documents/TFG/TFG_MS_ROS/ros_ws/install/turtlebot3_fake_node:/home/triqui/Documents/TFG/TFG_MS_ROS/ros_ws/install/rover_navigation:/home/triqui/Documents/TFG/TFG_MS_ROS/ros_ws/install/rover_gazebo:/home/triqui/Documents/TFG/TFG_MS_ROS/ros_ws/install/rover_bringup:/home/triqui/Documents/TFG/TFG_MS_ROS/ros_ws/install/rover_localization:/home/triqui/Documents/TFG/TFG_MS_ROS/ros_ws/install/pkg_interfaces:/home/triqui/Documents/TFG/TFG_MS_ROS/ros_ws/install/rover_teleop:/home/triqui/Documents/TFG/TFG_MS_ROS/ros_ws/install/rover_motor_controller:/home/triqui/Documents/TFG/TFG_MS_ROS/ros_ws/install/my_battery_package:/home/triqui/Documents/TFG/TFG_MS_ROS/ros_ws/install/ms_sub:/opt/ros/foxy PYTHONPATH=/home/triqui/Documents/TFG/TFG_MS_ROS/ros_ws/install/rover_msgs/lib/python3.8/site-packages:/home/triqui/Documents/TFG/TFG_MS_ROS/ros_ws/build/rover_teleop:/home/triqui/Documents/TFG/TFG_MS_ROS/ros_ws/build/rover_motor_controller:/home/triqui/Documents/TFG/TFG_MS_ROS/ros_ws/build/my_battery_package:/home/triqui/Documents/TFG/TFG_MS_ROS/ros_ws/build/ms_sub:/home/triqui/Documents/TFG/TFG_MS_ROS/ros_ws/install/rover_teleop/lib/python3.8/site-packages:/home/triqui/Documents/TFG/TFG_MS_ROS/ros_ws/install/rover_motor_controller/lib/python3.8/site-packages:/home/triqui/Documents/TFG/TFG_MS_ROS/ros_ws/install/my_battery_package/lib/python3.8/site-packages:/home/triqui/Documents/TFG/TFG_MS_ROS/ros_ws/install/ms_sub/lib/python3.8/site-packages:/home/triqui/Documents/TFG/TFG_MS_ROS/ros_ws/install/pkg_interfaces/lib/python3.8/site-packages:/opt/ros/foxy/lib/python3.8/site-packages /usr/bin/cmake --install /home/triqui/Documents/TFG/TFG_MS_ROS/ros_ws/build/rover_gazebo
[0.598s] -- Install configuration: ""
[0.599s] -- Execute custom install script
[0.600s] -- Up-to-date symlink: /home/triqui/Documents/TFG/TFG_MS_ROS/ros_ws/install/rover_gazebo/lib/rover_gazebo/motors_command_parser_node
[0.600s] -- Up-to-date symlink: /home/triqui/Documents/TFG/TFG_MS_ROS/ros_ws/install/rover_gazebo/share/rover_gazebo/launch/curiosity.launch.py
[0.601s] -- Up-to-date symlink: /home/triqui/Documents/TFG/TFG_MS_ROS/ros_ws/install/rover_gazebo/share/rover_gazebo/launch/forest.launch.py
[0.603s] -- Up-to-date symlink: /home/triqui/Documents/TFG/TFG_MS_ROS/ros_ws/install/rover_gazebo/share/rover_gazebo/launch/gazebo.launch.py
[0.603s] -- Up-to-date symlink: /home/triqui/Documents/TFG/TFG_MS_ROS/ros_ws/install/rover_gazebo/share/rover_gazebo/launch/include/cmd_vel.launch.py
[0.603s] -- Up-to-date symlink: /home/triqui/Documents/TFG/TFG_MS_ROS/ros_ws/install/rover_gazebo/share/rover_gazebo/launch/include/spawn.launch.py
[0.603s] -- Up-to-date symlink: /home/triqui/Documents/TFG/TFG_MS_ROS/ros_ws/install/rover_gazebo/share/rover_gazebo/launch/mars.launch.py
[0.603s] -- Up-to-date symlink: /home/triqui/Documents/TFG/TFG_MS_ROS/ros_ws/install/rover_gazebo/share/rover_gazebo/launch/moon.launch.py
[0.605s] -- Up-to-date symlink: /home/triqui/Documents/TFG/TFG_MS_ROS/ros_ws/install/rover_gazebo/share/rover_gazebo/worlds/curiosity.world
[0.605s] -- Up-to-date symlink: /home/triqui/Documents/TFG/TFG_MS_ROS/ros_ws/install/rover_gazebo/share/rover_gazebo/worlds/empty.world
[0.605s] -- Up-to-date symlink: /home/triqui/Documents/TFG/TFG_MS_ROS/ros_ws/install/rover_gazebo/share/rover_gazebo/worlds/forest.world
[0.606s] -- Up-to-date symlink: /home/triqui/Documents/TFG/TFG_MS_ROS/ros_ws/install/rover_gazebo/share/rover_gazebo/worlds/mars.world
[0.606s] -- Up-to-date symlink: /home/triqui/Documents/TFG/TFG_MS_ROS/ros_ws/install/rover_gazebo/share/rover_gazebo/worlds/moon.world
[0.608s] -- Up-to-date symlink: /home/triqui/Documents/TFG/TFG_MS_ROS/ros_ws/install/rover_gazebo/share/rover_gazebo/models/crater/meshes/crater4k.stl
[0.608s] -- Up-to-date symlink: /home/triqui/Documents/TFG/TFG_MS_ROS/ros_ws/install/rover_gazebo/share/rover_gazebo/models/crater/meshes/crater_martian_red.dae
[0.609s] -- Up-to-date symlink: /home/triqui/Documents/TFG/TFG_MS_ROS/ros_ws/install/rover_gazebo/share/rover_gazebo/models/crater/model.config
[0.609s] -- Up-to-date symlink: /home/triqui/Documents/TFG/TFG_MS_ROS/ros_ws/install/rover_gazebo/share/rover_gazebo/models/crater/model.sdf
[0.610s] -- Up-to-date symlink: /home/triqui/Documents/TFG/TFG_MS_ROS/ros_ws/install/rover_gazebo/share/rover_gazebo/models/curiosity_path/meshes/curiosity_path25k.dae
[0.610s] -- Up-to-date symlink: /home/triqui/Documents/TFG/TFG_MS_ROS/ros_ws/install/rover_gazebo/share/rover_gazebo/models/curiosity_path/meshes/curiosity_path25k.stl
[0.610s] -- Up-to-date symlink: /home/triqui/Documents/TFG/TFG_MS_ROS/ros_ws/install/rover_gazebo/share/rover_gazebo/models/curiosity_path/meshes/mars_texture_lq.jpg
[0.610s] -- Up-to-date symlink: /home/triqui/Documents/TFG/TFG_MS_ROS/ros_ws/install/rover_gazebo/share/rover_gazebo/models/curiosity_path/model.config
[0.611s] -- Up-to-date symlink: /home/triqui/Documents/TFG/TFG_MS_ROS/ros_ws/install/rover_gazebo/share/rover_gazebo/models/curiosity_path/model.sdf
[0.611s] -- Up-to-date symlink: /home/triqui/Documents/TFG/TFG_MS_ROS/ros_ws/install/rover_gazebo/share/rover_gazebo/models/jaggedrock/meshes/basecolor.jpg
[0.612s] -- Up-to-date symlink: /home/triqui/Documents/TFG/TFG_MS_ROS/ros_ws/install/rover_gazebo/share/rover_gazebo/models/jaggedrock/meshes/bumpy.jpg
[0.612s] -- Up-to-date symlink: /home/triqui/Documents/TFG/TFG_MS_ROS/ros_ws/install/rover_gazebo/share/rover_gazebo/models/jaggedrock/meshes/jaggedrock_texture.dae
[0.612s] -- Up-to-date symlink: /home/triqui/Documents/TFG/TFG_MS_ROS/ros_ws/install/rover_gazebo/share/rover_gazebo/models/jaggedrock/model.config
[0.612s] -- Up-to-date symlink: /home/triqui/Documents/TFG/TFG_MS_ROS/ros_ws/install/rover_gazebo/share/rover_gazebo/models/jaggedrock/model.sdf
[0.612s] -- Up-to-date symlink: /home/triqui/Documents/TFG/TFG_MS_ROS/ros_ws/install/rover_gazebo/share/rover_gazebo/models/mars_terrain/meshes/mars_texture.jpg
[0.612s] -- Up-to-date symlink: /home/triqui/Documents/TFG/TFG_MS_ROS/ros_ws/install/rover_gazebo/share/rover_gazebo/models/mars_terrain/meshes/mars_texture_lq.jpg
[0.612s] -- Up-to-date symlink: /home/triqui/Documents/TFG/TFG_MS_ROS/ros_ws/install/rover_gazebo/share/rover_gazebo/models/mars_terrain/meshes/reddish-sand.jpg
[0.612s] -- Up-to-date symlink: /home/triqui/Documents/TFG/TFG_MS_ROS/ros_ws/install/rover_gazebo/share/rover_gazebo/models/mars_terrain/meshes/terrain.dae
[0.613s] -- Up-to-date symlink: /home/triqui/Documents/TFG/TFG_MS_ROS/ros_ws/install/rover_gazebo/share/rover_gazebo/models/mars_terrain/meshes/terrain.stl
[0.613s] -- Up-to-date symlink: /home/triqui/Documents/TFG/TFG_MS_ROS/ros_ws/install/rover_gazebo/share/rover_gazebo/models/mars_terrain/meshes/terrain_textured.dae
[0.613s] -- Up-to-date symlink: /home/triqui/Documents/TFG/TFG_MS_ROS/ros_ws/install/rover_gazebo/share/rover_gazebo/models/mars_terrain/model.config
[0.613s] -- Up-to-date symlink: /home/triqui/Documents/TFG/TFG_MS_ROS/ros_ws/install/rover_gazebo/share/rover_gazebo/models/mars_terrain/model.sdf
[0.614s] -- Up-to-date symlink: /home/triqui/Documents/TFG/TFG_MS_ROS/ros_ws/install/rover_gazebo/share/rover_gazebo/models/moon/materials/textures/ground.jpg
[0.614s] -- Up-to-date symlink: /home/triqui/Documents/TFG/TFG_MS_ROS/ros_ws/install/rover_gazebo/share/rover_gazebo/models/moon/materials/textures/ground_1.jpg
[0.615s] -- Up-to-date symlink: /home/triqui/Documents/TFG/TFG_MS_ROS/ros_ws/install/rover_gazebo/share/rover_gazebo/models/moon/materials/textures/ground_normal.jpg
[0.615s] -- Up-to-date symlink: /home/triqui/Documents/TFG/TFG_MS_ROS/ros_ws/install/rover_gazebo/share/rover_gazebo/models/moon/materials/textures/moon.png
[0.615s] -- Up-to-date symlink: /home/triqui/Documents/TFG/TFG_MS_ROS/ros_ws/install/rover_gazebo/share/rover_gazebo/models/moon/materials/textures/moon.xcf
[0.616s] -- Up-to-date symlink: /home/triqui/Documents/TFG/TFG_MS_ROS/ros_ws/install/rover_gazebo/share/rover_gazebo/models/moon/model.config
[0.616s] -- Up-to-date symlink: /home/triqui/Documents/TFG/TFG_MS_ROS/ros_ws/install/rover_gazebo/share/rover_gazebo/models/moon/model.sdf
[0.617s] -- Up-to-date symlink: /home/triqui/Documents/TFG/TFG_MS_ROS/ros_ws/install/rover_gazebo/share/rover_gazebo/models/rock9/meshes/rock9.dae
[0.617s] -- Up-to-date symlink: /home/triqui/Documents/TFG/TFG_MS_ROS/ros_ws/install/rover_gazebo/share/rover_gazebo/models/rock9/meshes/rock9.stl
[0.617s] -- Up-to-date symlink: /home/triqui/Documents/TFG/TFG_MS_ROS/ros_ws/install/rover_gazebo/share/rover_gazebo/models/rock9/meshes/texture.jpg
[0.617s] -- Up-to-date symlink: /home/triqui/Documents/TFG/TFG_MS_ROS/ros_ws/install/rover_gazebo/share/rover_gazebo/models/rock9/model.config
[0.617s] -- Up-to-date symlink: /home/triqui/Documents/TFG/TFG_MS_ROS/ros_ws/install/rover_gazebo/share/rover_gazebo/models/rock9/model.sdf
[0.618s] -- Up-to-date symlink: /home/triqui/Documents/TFG/TFG_MS_ROS/ros_ws/install/rover_gazebo/share/rover_gazebo/models/rockformation/meshes/SMALL_RED_BaseColor.png
[0.619s] -- Up-to-date symlink: /home/triqui/Documents/TFG/TFG_MS_ROS/ros_ws/install/rover_gazebo/share/rover_gazebo/models/rockformation/meshes/rockformation.dae
[0.619s] -- Up-to-date symlink: /home/triqui/Documents/TFG/TFG_MS_ROS/ros_ws/install/rover_gazebo/share/rover_gazebo/models/rockformation/model.config
[0.619s] -- Up-to-date symlink: /home/triqui/Documents/TFG/TFG_MS_ROS/ros_ws/install/rover_gazebo/share/rover_gazebo/models/rockformation/model.sdf
[0.619s] -- Up-to-date symlink: /home/triqui/Documents/TFG/TFG_MS_ROS/ros_ws/install/rover_gazebo/share/rover_gazebo/models/terrain/materials/textures/terrain.png
[0.619s] -- Up-to-date symlink: /home/triqui/Documents/TFG/TFG_MS_ROS/ros_ws/install/rover_gazebo/share/rover_gazebo/models/terrain/materials/textures/terrain.xcf
[0.620s] -- Up-to-date symlink: /home/triqui/Documents/TFG/TFG_MS_ROS/ros_ws/install/rover_gazebo/share/rover_gazebo/models/terrain/model.config
[0.620s] -- Up-to-date symlink: /home/triqui/Documents/TFG/TFG_MS_ROS/ros_ws/install/rover_gazebo/share/rover_gazebo/models/terrain/model.sdf
[0.621s] -- Up-to-date symlink: /home/triqui/Documents/TFG/TFG_MS_ROS/ros_ws/install/rover_gazebo/share/rover_gazebo/rviz/default.rviz
[0.621s] -- Up-to-date symlink: /home/triqui/Documents/TFG/TFG_MS_ROS/ros_ws/install/rover_gazebo/share/ament_index/resource_index/package_run_dependencies/rover_gazebo
[0.622s] -- Up-to-date symlink: /home/triqui/Documents/TFG/TFG_MS_ROS/ros_ws/install/rover_gazebo/share/ament_index/resource_index/parent_prefix_path/rover_gazebo
[0.622s] -- Up-to-date symlink: /home/triqui/Documents/TFG/TFG_MS_ROS/ros_ws/install/rover_gazebo/share/rover_gazebo/environment/ament_prefix_path.sh
[0.624s] -- Up-to-date symlink: /home/triqui/Documents/TFG/TFG_MS_ROS/ros_ws/install/rover_gazebo/share/rover_gazebo/environment/ament_prefix_path.dsv
[0.624s] -- Up-to-date symlink: /home/triqui/Documents/TFG/TFG_MS_ROS/ros_ws/install/rover_gazebo/share/rover_gazebo/environment/path.sh
[0.624s] -- Up-to-date symlink: /home/triqui/Documents/TFG/TFG_MS_ROS/ros_ws/install/rover_gazebo/share/rover_gazebo/environment/path.dsv
[0.624s] -- Up-to-date symlink: /home/triqui/Documents/TFG/TFG_MS_ROS/ros_ws/install/rover_gazebo/share/rover_gazebo/local_setup.bash
[0.624s] -- Up-to-date symlink: /home/triqui/Documents/TFG/TFG_MS_ROS/ros_ws/install/rover_gazebo/share/rover_gazebo/local_setup.sh
[0.625s] -- Up-to-date symlink: /home/triqui/Documents/TFG/TFG_MS_ROS/ros_ws/install/rover_gazebo/share/rover_gazebo/local_setup.zsh
[0.626s] -- Up-to-date symlink: /home/triqui/Documents/TFG/TFG_MS_ROS/ros_ws/install/rover_gazebo/share/rover_gazebo/local_setup.dsv
[0.626s] -- Symlinking: /home/triqui/Documents/TFG/TFG_MS_ROS/ros_ws/install/rover_gazebo/share/rover_gazebo/package.dsv
[0.639s] -- Up-to-date symlink: /home/triqui/Documents/TFG/TFG_MS_ROS/ros_ws/install/rover_gazebo/share/ament_index/resource_index/packages/rover_gazebo
[0.640s] -- Up-to-date symlink: /home/triqui/Documents/TFG/TFG_MS_ROS/ros_ws/install/rover_gazebo/share/rover_gazebo/cmake/rover_gazeboConfig.cmake
[0.640s] -- Up-to-date symlink: /home/triqui/Documents/TFG/TFG_MS_ROS/ros_ws/install/rover_gazebo/share/rover_gazebo/cmake/rover_gazeboConfig-version.cmake
[0.640s] -- Up-to-date symlink: /home/triqui/Documents/TFG/TFG_MS_ROS/ros_ws/install/rover_gazebo/share/rover_gazebo/package.xml
[0.646s] Invoked command in '/home/triqui/Documents/TFG/TFG_MS_ROS/ros_ws/build/rover_gazebo' returned '0': CMAKE_PREFIX_PATH=/home/triqui/Documents/TFG/TFG_MS_ROS/ros_ws/install/rover_motor_controller_cpp:/home/triqui/Documents/TFG/TFG_MS_ROS/ros_ws/install/rover_msgs:/home/triqui/Documents/TFG/TFG_MS_ROS/ros_ws/install/rover_description:/home/triqui/Documents/TFG/TFG_MS_ROS/ros_ws/install/turtlebot3_simulations:/home/triqui/Documents/TFG/TFG_MS_ROS/ros_ws/install/turtlebot3_gazebo:/home/triqui/Documents/TFG/TFG_MS_ROS/ros_ws/install/turtlebot3_fake_node:/home/triqui/Documents/TFG/TFG_MS_ROS/ros_ws/install/rover_navigation:/home/triqui/Documents/TFG/TFG_MS_ROS/ros_ws/install/rover_gazebo:/home/triqui/Documents/TFG/TFG_MS_ROS/ros_ws/install/rover_bringup:/home/triqui/Documents/TFG/TFG_MS_ROS/ros_ws/install/rover_localization:/home/triqui/Documents/TFG/TFG_MS_ROS/ros_ws/install/pkg_interfaces:/home/triqui/Documents/TFG/TFG_MS_ROS/ros_ws/install/rover_teleop:/home/triqui/Documents/TFG/TFG_MS_ROS/ros_ws/install/rover_motor_controller:/home/triqui/Documents/TFG/TFG_MS_ROS/ros_ws/install/my_battery_package:/home/triqui/Documents/TFG/TFG_MS_ROS/ros_ws/install/ms_sub:/opt/ros/foxy PYTHONPATH=/home/triqui/Documents/TFG/TFG_MS_ROS/ros_ws/install/rover_msgs/lib/python3.8/site-packages:/home/triqui/Documents/TFG/TFG_MS_ROS/ros_ws/build/rover_teleop:/home/triqui/Documents/TFG/TFG_MS_ROS/ros_ws/build/rover_motor_controller:/home/triqui/Documents/TFG/TFG_MS_ROS/ros_ws/build/my_battery_package:/home/triqui/Documents/TFG/TFG_MS_ROS/ros_ws/build/ms_sub:/home/triqui/Documents/TFG/TFG_MS_ROS/ros_ws/install/rover_teleop/lib/python3.8/site-packages:/home/triqui/Documents/TFG/TFG_MS_ROS/ros_ws/install/rover_motor_controller/lib/python3.8/site-packages:/home/triqui/Documents/TFG/TFG_MS_ROS/ros_ws/install/my_battery_package/lib/python3.8/site-packages:/home/triqui/Documents/TFG/TFG_MS_ROS/ros_ws/install/ms_sub/lib/python3.8/site-packages:/home/triqui/Documents/TFG/TFG_MS_ROS/ros_ws/install/pkg_interfaces/lib/python3.8/site-packages:/opt/ros/foxy/lib/python3.8/site-packages /usr/bin/cmake --install /home/triqui/Documents/TFG/TFG_MS_ROS/ros_ws/build/rover_gazebo
