/home/triqui/Documents/TFG/TFG_MS_ROS/ros_ws/install/ms_sub/lib/python3.8/site-packages/ms_sub/battery_publisher.py
/home/triqui/Documents/TFG/TFG_MS_ROS/ros_ws/install/ms_sub/lib/python3.8/site-packages/ms_sub/__init__.py
/home/triqui/Documents/TFG/TFG_MS_ROS/ros_ws/install/ms_sub/lib/python3.8/site-packages/ms_sub/odom_suscriber.py
/home/triqui/Documents/TFG/TFG_MS_ROS/ros_ws/install/ms_sub/lib/python3.8/site-packages/ms_sub/battery_subscriber.py
/home/triqui/Documents/TFG/TFG_MS_ROS/ros_ws/install/ms_sub/lib/python3.8/site-packages/ms_sub/__pycache__/battery_publisher.cpython-38.pyc
/home/triqui/Documents/TFG/TFG_MS_ROS/ros_ws/install/ms_sub/lib/python3.8/site-packages/ms_sub/__pycache__/__init__.cpython-38.pyc
/home/triqui/Documents/TFG/TFG_MS_ROS/ros_ws/install/ms_sub/lib/python3.8/site-packages/ms_sub/__pycache__/odom_suscriber.cpython-38.pyc
/home/triqui/Documents/TFG/TFG_MS_ROS/ros_ws/install/ms_sub/lib/python3.8/site-packages/ms_sub/__pycache__/battery_subscriber.cpython-38.pyc
/home/triqui/Documents/TFG/TFG_MS_ROS/ros_ws/install/ms_sub/share/ament_index/resource_index/packages/ms_sub
/home/triqui/Documents/TFG/TFG_MS_ROS/ros_ws/install/ms_sub/share/ms_sub/package.xml
/home/triqui/Documents/TFG/TFG_MS_ROS/ros_ws/install/ms_sub/lib/python3.8/site-packages/ms_sub-0.0.0-py3.8.egg-info/requires.txt
/home/triqui/Documents/TFG/TFG_MS_ROS/ros_ws/install/ms_sub/lib/python3.8/site-packages/ms_sub-0.0.0-py3.8.egg-info/SOURCES.txt
/home/triqui/Documents/TFG/TFG_MS_ROS/ros_ws/install/ms_sub/lib/python3.8/site-packages/ms_sub-0.0.0-py3.8.egg-info/zip-safe
/home/triqui/Documents/TFG/TFG_MS_ROS/ros_ws/install/ms_sub/lib/python3.8/site-packages/ms_sub-0.0.0-py3.8.egg-info/dependency_links.txt
/home/triqui/Documents/TFG/TFG_MS_ROS/ros_ws/install/ms_sub/lib/python3.8/site-packages/ms_sub-0.0.0-py3.8.egg-info/entry_points.txt
/home/triqui/Documents/TFG/TFG_MS_ROS/ros_ws/install/ms_sub/lib/python3.8/site-packages/ms_sub-0.0.0-py3.8.egg-info/PKG-INFO
/home/triqui/Documents/TFG/TFG_MS_ROS/ros_ws/install/ms_sub/lib/python3.8/site-packages/ms_sub-0.0.0-py3.8.egg-info/top_level.txt
/home/triqui/Documents/TFG/TFG_MS_ROS/ros_ws/install/ms_sub/lib/ms_sub/battery_publisher
/home/triqui/Documents/TFG/TFG_MS_ROS/ros_ws/install/ms_sub/lib/ms_sub/battery_subscriber
/home/triqui/Documents/TFG/TFG_MS_ROS/ros_ws/install/ms_sub/lib/ms_sub/odom_suscriber
