[0.048s] Invoking command in '/home/triqui/Documents/TFG/TFG_MS_ROS/ros_ws/build/pkg_interfaces': CMAKE_PREFIX_PATH=${CMAKE_PREFIX_PATH}:/home/triqui/Documents/TFG/TFG_MS_ROS/ros_ws/install/my_battery_package:/home/triqui/Documents/TFG/TFG_MS_ROS/ros_ws/install/ms_sub:/home/triqui/turtlebot3_ws/install/turtlebot3_teleop:/home/triqui/turtlebot3_ws/install/turtlebot3_example:/opt/ros/foxy /usr/bin/cmake /home/triqui/Documents/TFG/TFG_MS_ROS/ros_ws/src/pkg_interfaces -DAMENT_CMAKE_SYMLINK_INSTALL=1 -DCMAKE_INSTALL_PREFIX=/home/triqui/Documents/TFG/TFG_MS_ROS/ros_ws/install/pkg_interfaces
[0.130s] -- The C compiler identification is GNU 9.4.0
[0.198s] -- The CXX compiler identification is GNU 9.4.0
[0.205s] -- Check for working C compiler: /usr/bin/cc
[0.288s] -- Check for working C compiler: /usr/bin/cc -- works
[0.289s] -- Detecting C compiler ABI info
[0.403s] -- Detecting C compiler ABI info - done
[0.429s] -- Detecting C compile features
[0.429s] -- Detecting C compile features - done
[0.434s] -- Check for working CXX compiler: /usr/bin/c++
[0.619s] -- Check for working CXX compiler: /usr/bin/c++ -- works
[0.620s] -- Detecting CXX compiler ABI info
[0.725s] -- Detecting CXX compiler ABI info - done
[0.739s] -- Detecting CXX compile features
[0.740s] -- Detecting CXX compile features - done
[0.745s] -- Found ament_cmake: 0.9.11 (/opt/ros/foxy/share/ament_cmake/cmake)
[0.786s] -- Found PythonInterp: /usr/bin/python3 (found suitable version "3.8.10", minimum required is "3") 
[0.786s] -- Using PYTHON_EXECUTABLE: /usr/bin/python3
[1.024s] -- Override CMake install command with custom implementation using symlinks instead of copying resources
[1.083s] -- Found rosidl_default_generators: 1.0.1 (/opt/ros/foxy/share/rosidl_default_generators/cmake)
[1.092s] -- Using all available rosidl_typesupport_c: rosidl_typesupport_fastrtps_c;rosidl_typesupport_introspection_c
[1.105s] -- Found rosidl_adapter: 1.3.0 (/opt/ros/foxy/share/rosidl_adapter/cmake)
[1.260s] -- Found OpenSSL: /usr/lib/x86_64-linux-gnu/libcrypto.so (found version "1.1.1f")  
[1.300s] -- Found FastRTPS: /opt/ros/foxy/include  
[1.412s] -- Using all available rosidl_typesupport_cpp: rosidl_typesupport_fastrtps_cpp;rosidl_typesupport_introspection_cpp
[1.486s] -- Found PythonInterp: /usr/bin/python3 (found version "3.8.10") 
[1.647s] -- Found ament_cmake_ros: 0.9.2 (/opt/ros/foxy/share/ament_cmake_ros/cmake)
[1.800s] -- Using all available rosidl_typesupport_c: rosidl_typesupport_fastrtps_c;rosidl_typesupport_introspection_c
[1.811s] -- Using all available rosidl_typesupport_cpp: rosidl_typesupport_fastrtps_cpp;rosidl_typesupport_introspection_cpp
[1.853s] -- Found PythonInterp: /usr/bin/python3 (found suitable version "3.8.10", minimum required is "3.5") 
[1.856s] -- Found python_cmake_module: 0.8.1 (/opt/ros/foxy/share/python_cmake_module/cmake)
[1.899s] -- Found PythonLibs: /usr/lib/x86_64-linux-gnu/libpython3.8.so (found suitable version "3.8.10", minimum required is "3.5") 
[1.899s] -- Using PYTHON_EXECUTABLE: /usr/bin/python3
[1.899s] -- Using PYTHON_INCLUDE_DIRS: /usr/include/python3.8
[1.900s] -- Using PYTHON_LIBRARIES: /usr/lib/x86_64-linux-gnu/libpython3.8.so
[1.937s] -- Found PythonExtra: .so  
[2.009s] -- Found ament_lint_auto: 0.9.8 (/opt/ros/foxy/share/ament_lint_auto/cmake)
[2.053s] -- Added test 'copyright' to check source files copyright and LICENSE
[2.056s] -- Added test 'lint_cmake' to check CMake code style
[2.058s] -- Added test 'xmllint' to check XML markup files
[2.067s] -- Configuring done
[2.107s] -- Generating done
[2.110s] -- Build files have been written to: /home/triqui/Documents/TFG/TFG_MS_ROS/ros_ws/build/pkg_interfaces
[2.124s] Invoked command in '/home/triqui/Documents/TFG/TFG_MS_ROS/ros_ws/build/pkg_interfaces' returned '0': CMAKE_PREFIX_PATH=${CMAKE_PREFIX_PATH}:/home/triqui/Documents/TFG/TFG_MS_ROS/ros_ws/install/my_battery_package:/home/triqui/Documents/TFG/TFG_MS_ROS/ros_ws/install/ms_sub:/home/triqui/turtlebot3_ws/install/turtlebot3_teleop:/home/triqui/turtlebot3_ws/install/turtlebot3_example:/opt/ros/foxy /usr/bin/cmake /home/triqui/Documents/TFG/TFG_MS_ROS/ros_ws/src/pkg_interfaces -DAMENT_CMAKE_SYMLINK_INSTALL=1 -DCMAKE_INSTALL_PREFIX=/home/triqui/Documents/TFG/TFG_MS_ROS/ros_ws/install/pkg_interfaces
[2.125s] Invoking command in '/home/triqui/Documents/TFG/TFG_MS_ROS/ros_ws/build/pkg_interfaces': CMAKE_PREFIX_PATH=${CMAKE_PREFIX_PATH}:/home/triqui/Documents/TFG/TFG_MS_ROS/ros_ws/install/my_battery_package:/home/triqui/Documents/TFG/TFG_MS_ROS/ros_ws/install/ms_sub:/home/triqui/turtlebot3_ws/install/turtlebot3_teleop:/home/triqui/turtlebot3_ws/install/turtlebot3_example:/opt/ros/foxy /usr/bin/cmake --build /home/triqui/Documents/TFG/TFG_MS_ROS/ros_ws/build/pkg_interfaces -- -j4 -l4
[2.182s] [  3%] [34m[1mGenerating C code for ROS interfaces[0m
[2.183s] [35m[1mScanning dependencies of target pkg_interfaces__cpp[0m
[2.197s] [  6%] [34m[1mGenerating C++ code for ROS interfaces[0m
[2.523s] [  6%] Built target pkg_interfaces__cpp
[2.567s] [  9%] [34m[1mGenerating C++ introspection for ROS interfaces[0m
[2.612s] [ 12%] [34m[1mGenerating C++ type support for eProsima Fast-RTPS[0m
[2.620s] [ 16%] [34m[1mGenerating C++ type support dispatch for ROS interfaces[0m
[2.656s] [35m[1mScanning dependencies of target pkg_interfaces__rosidl_generator_c[0m
[2.727s] [ 19%] [32mBuilding C object CMakeFiles/pkg_interfaces__rosidl_generator_c.dir/rosidl_generator_c/pkg_interfaces/msg/detail/batterylvl__functions.c.o[0m
[2.888s] [ 22%] [32m[1mLinking C shared library libpkg_interfaces__rosidl_generator_c.so[0m
[2.977s] [35m[1mScanning dependencies of target pkg_interfaces__rosidl_typesupport_fastrtps_cpp[0m
[2.989s] [35m[1mScanning dependencies of target pkg_interfaces__rosidl_typesupport_cpp[0m
[2.998s] [ 22%] Built target pkg_interfaces__rosidl_generator_c
[3.022s] [ 25%] [34m[1mGenerating C type support dispatch for ROS interfaces[0m
[3.037s] [ 29%] [32mBuilding CXX object CMakeFiles/pkg_interfaces__rosidl_typesupport_fastrtps_cpp.dir/rosidl_typesupport_fastrtps_cpp/pkg_interfaces/msg/detail/dds_fastrtps/batterylvl__type_support.cpp.o[0m
[3.041s] [ 32%] [32mBuilding CXX object CMakeFiles/pkg_interfaces__rosidl_typesupport_cpp.dir/rosidl_typesupport_cpp/pkg_interfaces/msg/batterylvl__type_support.cpp.o[0m
[3.069s] [35m[1mScanning dependencies of target pkg_interfaces__rosidl_typesupport_introspection_cpp[0m
[3.107s] [ 35%] [32mBuilding CXX object CMakeFiles/pkg_interfaces__rosidl_typesupport_introspection_cpp.dir/rosidl_typesupport_introspection_cpp/pkg_interfaces/msg/detail/batterylvl__type_support.cpp.o[0m
[3.330s] [35m[1mScanning dependencies of target pkg_interfaces__rosidl_typesupport_c[0m
[3.369s] [ 38%] [32mBuilding CXX object CMakeFiles/pkg_interfaces__rosidl_typesupport_c.dir/rosidl_typesupport_c/pkg_interfaces/msg/batterylvl__type_support.cpp.o[0m
[3.440s] [ 41%] [32m[1mLinking CXX shared library libpkg_interfaces__rosidl_typesupport_c.so[0m
[3.569s] [ 45%] [32m[1mLinking CXX shared library libpkg_interfaces__rosidl_typesupport_cpp.so[0m
[3.590s] [ 45%] Built target pkg_interfaces__rosidl_typesupport_c
[3.616s] [ 48%] [34m[1mGenerating C introspection for ROS interfaces[0m
[3.642s] [ 48%] Built target pkg_interfaces__rosidl_typesupport_cpp
[3.761s] [ 51%] [32m[1mLinking CXX shared library libpkg_interfaces__rosidl_typesupport_introspection_cpp.so[0m
[3.840s] [ 51%] Built target pkg_interfaces__rosidl_typesupport_introspection_cpp
[3.851s] [ 54%] [32m[1mLinking CXX shared library libpkg_interfaces__rosidl_typesupport_fastrtps_cpp.so[0m
[3.925s] [35m[1mScanning dependencies of target pkg_interfaces__rosidl_typesupport_introspection_c[0m
[3.959s] [ 58%] [32mBuilding C object CMakeFiles/pkg_interfaces__rosidl_typesupport_introspection_c.dir/rosidl_typesupport_introspection_c/pkg_interfaces/msg/detail/batterylvl__type_support.c.o[0m
[3.982s] [ 58%] Built target pkg_interfaces__rosidl_typesupport_fastrtps_cpp
[3.996s] [ 61%] [34m[1mGenerating C type support for eProsima Fast-RTPS[0m
[4.029s] [ 64%] [32m[1mLinking C shared library libpkg_interfaces__rosidl_typesupport_introspection_c.so[0m
[4.093s] [ 64%] Built target pkg_interfaces__rosidl_typesupport_introspection_c
[4.288s] [35m[1mScanning dependencies of target pkg_interfaces__rosidl_typesupport_fastrtps_c[0m
[4.322s] [ 67%] [32mBuilding CXX object CMakeFiles/pkg_interfaces__rosidl_typesupport_fastrtps_c.dir/rosidl_typesupport_fastrtps_c/pkg_interfaces/msg/detail/batterylvl__type_support_c.cpp.o[0m
[4.741s] [ 70%] [32m[1mLinking CXX shared library libpkg_interfaces__rosidl_typesupport_fastrtps_c.so[0m
[4.861s] [ 70%] Built target pkg_interfaces__rosidl_typesupport_fastrtps_c
[4.876s] [35m[1mScanning dependencies of target pkg_interfaces[0m
[4.890s] [ 70%] Built target pkg_interfaces
[4.902s] [35m[1mScanning dependencies of target pkg_interfaces__py[0m
[4.918s] [ 74%] [34m[1mGenerating Python code for ROS interfaces[0m
[6.178s] [ 74%] Built target pkg_interfaces__py
[6.224s] [35m[1mScanning dependencies of target pkg_interfaces__python[0m
[6.324s] [ 77%] [32mBuilding C object CMakeFiles/pkg_interfaces__python.dir/rosidl_generator_py/pkg_interfaces/msg/_batterylvl_s.c.o[0m
[6.596s] [ 80%] [32m[1mLinking C shared library rosidl_generator_py/pkg_interfaces/libpkg_interfaces__python.so[0m
[6.751s] [ 80%] Built target pkg_interfaces__python
[6.796s] [35m[1mScanning dependencies of target pkg_interfaces__rosidl_typesupport_introspection_c__pyext[0m
[6.818s] [35m[1mScanning dependencies of target pkg_interfaces__rosidl_typesupport_fastrtps_c__pyext[0m
[6.829s] [35m[1mScanning dependencies of target pkg_interfaces__rosidl_typesupport_c__pyext[0m
[6.885s] [ 83%] [32mBuilding C object CMakeFiles/pkg_interfaces__rosidl_typesupport_introspection_c__pyext.dir/rosidl_generator_py/pkg_interfaces/_pkg_interfaces_s.ep.rosidl_typesupport_introspection_c.c.o[0m
[6.910s] [ 87%] [32mBuilding C object CMakeFiles/pkg_interfaces__rosidl_typesupport_c__pyext.dir/rosidl_generator_py/pkg_interfaces/_pkg_interfaces_s.ep.rosidl_typesupport_c.c.o[0m
[6.930s] [ 90%] [32mBuilding C object CMakeFiles/pkg_interfaces__rosidl_typesupport_fastrtps_c__pyext.dir/rosidl_generator_py/pkg_interfaces/_pkg_interfaces_s.ep.rosidl_typesupport_fastrtps_c.c.o[0m
[7.124s] [ 93%] [32m[1mLinking C shared library rosidl_generator_py/pkg_interfaces/pkg_interfaces_s__rosidl_typesupport_introspection_c.cpython-38-x86_64-linux-gnu.so[0m
[7.227s] [ 96%] [32m[1mLinking C shared library rosidl_generator_py/pkg_interfaces/pkg_interfaces_s__rosidl_typesupport_c.cpython-38-x86_64-linux-gnu.so[0m
[7.278s] [100%] [32m[1mLinking CXX shared library rosidl_generator_py/pkg_interfaces/pkg_interfaces_s__rosidl_typesupport_fastrtps_c.cpython-38-x86_64-linux-gnu.so[0m
[7.287s] [100%] Built target pkg_interfaces__rosidl_typesupport_introspection_c__pyext
[7.388s] [100%] Built target pkg_interfaces__rosidl_typesupport_c__pyext
[7.492s] [100%] Built target pkg_interfaces__rosidl_typesupport_fastrtps_c__pyext
[7.544s] Invoked command in '/home/triqui/Documents/TFG/TFG_MS_ROS/ros_ws/build/pkg_interfaces' returned '0': CMAKE_PREFIX_PATH=${CMAKE_PREFIX_PATH}:/home/triqui/Documents/TFG/TFG_MS_ROS/ros_ws/install/my_battery_package:/home/triqui/Documents/TFG/TFG_MS_ROS/ros_ws/install/ms_sub:/home/triqui/turtlebot3_ws/install/turtlebot3_teleop:/home/triqui/turtlebot3_ws/install/turtlebot3_example:/opt/ros/foxy /usr/bin/cmake --build /home/triqui/Documents/TFG/TFG_MS_ROS/ros_ws/build/pkg_interfaces -- -j4 -l4
[7.683s] Invoking command in '/home/triqui/Documents/TFG/TFG_MS_ROS/ros_ws/build/pkg_interfaces': CMAKE_PREFIX_PATH=${CMAKE_PREFIX_PATH}:/home/triqui/Documents/TFG/TFG_MS_ROS/ros_ws/install/my_battery_package:/home/triqui/Documents/TFG/TFG_MS_ROS/ros_ws/install/ms_sub:/home/triqui/turtlebot3_ws/install/turtlebot3_teleop:/home/triqui/turtlebot3_ws/install/turtlebot3_example:/opt/ros/foxy /usr/bin/cmake --install /home/triqui/Documents/TFG/TFG_MS_ROS/ros_ws/build/pkg_interfaces
[7.697s] -- Install configuration: ""
[7.698s] -- Execute custom install script
[7.699s] -- Symlinking: /home/triqui/Documents/TFG/TFG_MS_ROS/ros_ws/install/pkg_interfaces/share/ament_index/resource_index/rosidl_interfaces/pkg_interfaces
[7.713s] -- Symlinking: /home/triqui/Documents/TFG/TFG_MS_ROS/ros_ws/install/pkg_interfaces/include/pkg_interfaces/msg/batterylvl.h
[7.725s] -- Symlinking: /home/triqui/Documents/TFG/TFG_MS_ROS/ros_ws/install/pkg_interfaces/include/pkg_interfaces/msg/detail/batterylvl__functions.h
[7.736s] -- Symlinking: /home/triqui/Documents/TFG/TFG_MS_ROS/ros_ws/install/pkg_interfaces/include/pkg_interfaces/msg/detail/batterylvl__struct.h
[7.751s] -- Symlinking: /home/triqui/Documents/TFG/TFG_MS_ROS/ros_ws/install/pkg_interfaces/include/pkg_interfaces/msg/detail/batterylvl__type_support.h
[7.764s] -- Symlinking: /home/triqui/Documents/TFG/TFG_MS_ROS/ros_ws/install/pkg_interfaces/include/pkg_interfaces/msg/rosidl_generator_c__visibility_control.h
[7.777s] -- Symlinking: /home/triqui/Documents/TFG/TFG_MS_ROS/ros_ws/install/pkg_interfaces/share/pkg_interfaces/environment/library_path.sh
[7.788s] -- Symlinking: /home/triqui/Documents/TFG/TFG_MS_ROS/ros_ws/install/pkg_interfaces/share/pkg_interfaces/environment/library_path.dsv
[7.801s] -- Symlinking: /home/triqui/Documents/TFG/TFG_MS_ROS/ros_ws/install/pkg_interfaces/include/pkg_interfaces/msg/detail/batterylvl__rosidl_typesupport_fastrtps_c.h
[7.817s] -- Symlinking: /home/triqui/Documents/TFG/TFG_MS_ROS/ros_ws/install/pkg_interfaces/include/pkg_interfaces/msg/rosidl_typesupport_fastrtps_c__visibility_control.h
[7.856s] -- Symlinking: /home/triqui/Documents/TFG/TFG_MS_ROS/ros_ws/install/pkg_interfaces/lib/libpkg_interfaces__rosidl_typesupport_fastrtps_c.so
[7.903s] -- Symlinking: /home/triqui/Documents/TFG/TFG_MS_ROS/ros_ws/install/pkg_interfaces/include/pkg_interfaces/msg/detail/batterylvl__rosidl_typesupport_fastrtps_cpp.hpp
[7.937s] -- Symlinking: /home/triqui/Documents/TFG/TFG_MS_ROS/ros_ws/install/pkg_interfaces/include/pkg_interfaces/msg/rosidl_typesupport_fastrtps_cpp__visibility_control.h
[7.970s] -- Symlinking: /home/triqui/Documents/TFG/TFG_MS_ROS/ros_ws/install/pkg_interfaces/lib/libpkg_interfaces__rosidl_typesupport_fastrtps_cpp.so
[8.004s] -- Symlinking: /home/triqui/Documents/TFG/TFG_MS_ROS/ros_ws/install/pkg_interfaces/include/pkg_interfaces/msg/detail/batterylvl__rosidl_typesupport_introspection_c.h
[8.035s] -- Symlinking: /home/triqui/Documents/TFG/TFG_MS_ROS/ros_ws/install/pkg_interfaces/include/pkg_interfaces/msg/rosidl_typesupport_introspection_c__visibility_control.h
[8.077s] -- Symlinking: /home/triqui/Documents/TFG/TFG_MS_ROS/ros_ws/install/pkg_interfaces/include/pkg_interfaces/msg/batterylvl.hpp
[8.108s] -- Symlinking: /home/triqui/Documents/TFG/TFG_MS_ROS/ros_ws/install/pkg_interfaces/include/pkg_interfaces/msg/detail/batterylvl__builder.hpp
[8.139s] -- Symlinking: /home/triqui/Documents/TFG/TFG_MS_ROS/ros_ws/install/pkg_interfaces/include/pkg_interfaces/msg/detail/batterylvl__struct.hpp
[8.175s] -- Symlinking: /home/triqui/Documents/TFG/TFG_MS_ROS/ros_ws/install/pkg_interfaces/include/pkg_interfaces/msg/detail/batterylvl__traits.hpp
[8.207s] -- Symlinking: /home/triqui/Documents/TFG/TFG_MS_ROS/ros_ws/install/pkg_interfaces/include/pkg_interfaces/msg/detail/batterylvl__rosidl_typesupport_introspection_cpp.hpp
[8.239s] -- Symlinking: /home/triqui/Documents/TFG/TFG_MS_ROS/ros_ws/install/pkg_interfaces/share/pkg_interfaces/environment/pythonpath.sh
[8.291s] -- Symlinking: /home/triqui/Documents/TFG/TFG_MS_ROS/ros_ws/install/pkg_interfaces/share/pkg_interfaces/environment/pythonpath.dsv
[8.327s] -- Symlinking: /home/triqui/Documents/TFG/TFG_MS_ROS/ros_ws/install/pkg_interfaces/lib/python3.8/site-packages/pkg_interfaces/__init__.py
[8.359s] -- Symlinking: /home/triqui/Documents/TFG/TFG_MS_ROS/ros_ws/install/pkg_interfaces/lib/python3.8/site-packages/pkg_interfaces/msg/__init__.py
[8.390s] -- Symlinking: /home/triqui/Documents/TFG/TFG_MS_ROS/ros_ws/install/pkg_interfaces/lib/python3.8/site-packages/pkg_interfaces/msg/_batterylvl.py
[8.424s] -- Symlinking: /home/triqui/Documents/TFG/TFG_MS_ROS/ros_ws/install/pkg_interfaces/lib/python3.8/site-packages/pkg_interfaces/pkg_interfaces_s__rosidl_typesupport_fastrtps_c.cpython-38-x86_64-linux-gnu.so
[8.459s] -- Symlinking: /home/triqui/Documents/TFG/TFG_MS_ROS/ros_ws/install/pkg_interfaces/lib/python3.8/site-packages/pkg_interfaces/pkg_interfaces_s__rosidl_typesupport_introspection_c.cpython-38-x86_64-linux-gnu.so
[8.491s] -- Symlinking: /home/triqui/Documents/TFG/TFG_MS_ROS/ros_ws/install/pkg_interfaces/lib/python3.8/site-packages/pkg_interfaces/pkg_interfaces_s__rosidl_typesupport_c.cpython-38-x86_64-linux-gnu.so
[8.524s] -- Symlinking: /home/triqui/Documents/TFG/TFG_MS_ROS/ros_ws/install/pkg_interfaces/lib/libpkg_interfaces__python.so
[8.554s] -- Symlinking: /home/triqui/Documents/TFG/TFG_MS_ROS/ros_ws/install/pkg_interfaces/share/pkg_interfaces/msg/Batterylvl.idl
[8.577s] -- Symlinking: /home/triqui/Documents/TFG/TFG_MS_ROS/ros_ws/install/pkg_interfaces/share/pkg_interfaces/msg/Batterylvl.msg
[8.589s] -- Symlinking: /home/triqui/Documents/TFG/TFG_MS_ROS/ros_ws/install/pkg_interfaces/share/ament_index/resource_index/package_run_dependencies/pkg_interfaces
[8.601s] -- Symlinking: /home/triqui/Documents/TFG/TFG_MS_ROS/ros_ws/install/pkg_interfaces/share/ament_index/resource_index/parent_prefix_path/pkg_interfaces
[8.614s] -- Symlinking: /home/triqui/Documents/TFG/TFG_MS_ROS/ros_ws/install/pkg_interfaces/share/pkg_interfaces/environment/ament_prefix_path.sh
[8.626s] -- Symlinking: /home/triqui/Documents/TFG/TFG_MS_ROS/ros_ws/install/pkg_interfaces/share/pkg_interfaces/environment/ament_prefix_path.dsv
[8.638s] -- Symlinking: /home/triqui/Documents/TFG/TFG_MS_ROS/ros_ws/install/pkg_interfaces/share/pkg_interfaces/environment/path.sh
[8.650s] -- Symlinking: /home/triqui/Documents/TFG/TFG_MS_ROS/ros_ws/install/pkg_interfaces/share/pkg_interfaces/environment/path.dsv
[8.662s] -- Symlinking: /home/triqui/Documents/TFG/TFG_MS_ROS/ros_ws/install/pkg_interfaces/share/pkg_interfaces/local_setup.bash
[8.674s] -- Symlinking: /home/triqui/Documents/TFG/TFG_MS_ROS/ros_ws/install/pkg_interfaces/share/pkg_interfaces/local_setup.sh
[8.686s] -- Symlinking: /home/triqui/Documents/TFG/TFG_MS_ROS/ros_ws/install/pkg_interfaces/share/pkg_interfaces/local_setup.zsh
[8.698s] -- Symlinking: /home/triqui/Documents/TFG/TFG_MS_ROS/ros_ws/install/pkg_interfaces/share/pkg_interfaces/local_setup.dsv
[8.710s] -- Symlinking: /home/triqui/Documents/TFG/TFG_MS_ROS/ros_ws/install/pkg_interfaces/share/pkg_interfaces/package.dsv
[8.722s] -- Symlinking: /home/triqui/Documents/TFG/TFG_MS_ROS/ros_ws/install/pkg_interfaces/share/ament_index/resource_index/packages/pkg_interfaces
[8.734s] -- Symlinking: /home/triqui/Documents/TFG/TFG_MS_ROS/ros_ws/install/pkg_interfaces/share/pkg_interfaces/cmake/rosidl_cmake-extras.cmake
[8.746s] -- Symlinking: /home/triqui/Documents/TFG/TFG_MS_ROS/ros_ws/install/pkg_interfaces/share/pkg_interfaces/cmake/ament_cmake_export_dependencies-extras.cmake
[8.759s] -- Symlinking: /home/triqui/Documents/TFG/TFG_MS_ROS/ros_ws/install/pkg_interfaces/share/pkg_interfaces/cmake/ament_cmake_export_libraries-extras.cmake
[8.771s] -- Symlinking: /home/triqui/Documents/TFG/TFG_MS_ROS/ros_ws/install/pkg_interfaces/share/pkg_interfaces/cmake/ament_cmake_export_targets-extras.cmake
[8.783s] -- Symlinking: /home/triqui/Documents/TFG/TFG_MS_ROS/ros_ws/install/pkg_interfaces/share/pkg_interfaces/cmake/ament_cmake_export_include_directories-extras.cmake
[8.795s] -- Symlinking: /home/triqui/Documents/TFG/TFG_MS_ROS/ros_ws/install/pkg_interfaces/share/pkg_interfaces/cmake/rosidl_cmake_export_typesupport_libraries-extras.cmake
[8.811s] -- Symlinking: /home/triqui/Documents/TFG/TFG_MS_ROS/ros_ws/install/pkg_interfaces/share/pkg_interfaces/cmake/rosidl_cmake_export_typesupport_targets-extras.cmake
[8.841s] -- Symlinking: /home/triqui/Documents/TFG/TFG_MS_ROS/ros_ws/install/pkg_interfaces/share/pkg_interfaces/cmake/pkg_interfacesConfig.cmake
[8.872s] -- Symlinking: /home/triqui/Documents/TFG/TFG_MS_ROS/ros_ws/install/pkg_interfaces/share/pkg_interfaces/cmake/pkg_interfacesConfig-version.cmake
[8.903s] -- Symlinking: /home/triqui/Documents/TFG/TFG_MS_ROS/ros_ws/install/pkg_interfaces/share/pkg_interfaces/package.xml
[8.937s] -- Installing: /home/triqui/Documents/TFG/TFG_MS_ROS/ros_ws/install/pkg_interfaces/lib/libpkg_interfaces__rosidl_generator_c.so
[8.938s] -- Set runtime path of "/home/triqui/Documents/TFG/TFG_MS_ROS/ros_ws/install/pkg_interfaces/lib/libpkg_interfaces__rosidl_generator_c.so" to ""
[8.938s] -- Installing: /home/triqui/Documents/TFG/TFG_MS_ROS/ros_ws/install/pkg_interfaces/lib/libpkg_interfaces__rosidl_typesupport_introspection_c.so
[8.939s] -- Set runtime path of "/home/triqui/Documents/TFG/TFG_MS_ROS/ros_ws/install/pkg_interfaces/lib/libpkg_interfaces__rosidl_typesupport_introspection_c.so" to ""
[8.940s] -- Installing: /home/triqui/Documents/TFG/TFG_MS_ROS/ros_ws/install/pkg_interfaces/lib/libpkg_interfaces__rosidl_typesupport_c.so
[8.940s] -- Set runtime path of "/home/triqui/Documents/TFG/TFG_MS_ROS/ros_ws/install/pkg_interfaces/lib/libpkg_interfaces__rosidl_typesupport_c.so" to ""
[8.941s] -- Installing: /home/triqui/Documents/TFG/TFG_MS_ROS/ros_ws/install/pkg_interfaces/lib/libpkg_interfaces__rosidl_typesupport_introspection_cpp.so
[8.943s] -- Set runtime path of "/home/triqui/Documents/TFG/TFG_MS_ROS/ros_ws/install/pkg_interfaces/lib/libpkg_interfaces__rosidl_typesupport_introspection_cpp.so" to ""
[8.944s] -- Installing: /home/triqui/Documents/TFG/TFG_MS_ROS/ros_ws/install/pkg_interfaces/lib/libpkg_interfaces__rosidl_typesupport_cpp.so
[8.944s] -- Set runtime path of "/home/triqui/Documents/TFG/TFG_MS_ROS/ros_ws/install/pkg_interfaces/lib/libpkg_interfaces__rosidl_typesupport_cpp.so" to ""
[9.052s] Compiling '/home/triqui/Documents/TFG/TFG_MS_ROS/ros_ws/install/pkg_interfaces/lib/python3.8/site-packages/pkg_interfaces/__init__.py'...
[9.058s] -- Installing: /home/triqui/Documents/TFG/TFG_MS_ROS/ros_ws/install/pkg_interfaces/share/pkg_interfaces/cmake/pkg_interfaces__rosidl_generator_cExport.cmake
[9.058s] -- Installing: /home/triqui/Documents/TFG/TFG_MS_ROS/ros_ws/install/pkg_interfaces/share/pkg_interfaces/cmake/pkg_interfaces__rosidl_generator_cExport-noconfig.cmake
[9.059s] -- Installing: /home/triqui/Documents/TFG/TFG_MS_ROS/ros_ws/install/pkg_interfaces/share/pkg_interfaces/cmake/pkg_interfaces__rosidl_typesupport_introspection_cExport.cmake
[9.059s] -- Installing: /home/triqui/Documents/TFG/TFG_MS_ROS/ros_ws/install/pkg_interfaces/share/pkg_interfaces/cmake/pkg_interfaces__rosidl_typesupport_introspection_cExport-noconfig.cmake
[9.059s] -- Installing: /home/triqui/Documents/TFG/TFG_MS_ROS/ros_ws/install/pkg_interfaces/share/pkg_interfaces/cmake/pkg_interfaces__rosidl_typesupport_cExport.cmake
[9.060s] -- Installing: /home/triqui/Documents/TFG/TFG_MS_ROS/ros_ws/install/pkg_interfaces/share/pkg_interfaces/cmake/pkg_interfaces__rosidl_typesupport_cExport-noconfig.cmake
[9.060s] -- Installing: /home/triqui/Documents/TFG/TFG_MS_ROS/ros_ws/install/pkg_interfaces/share/pkg_interfaces/cmake/pkg_interfaces__rosidl_generator_cppExport.cmake
[9.061s] -- Installing: /home/triqui/Documents/TFG/TFG_MS_ROS/ros_ws/install/pkg_interfaces/share/pkg_interfaces/cmake/pkg_interfaces__rosidl_typesupport_introspection_cppExport.cmake
[9.061s] -- Installing: /home/triqui/Documents/TFG/TFG_MS_ROS/ros_ws/install/pkg_interfaces/share/pkg_interfaces/cmake/pkg_interfaces__rosidl_typesupport_introspection_cppExport-noconfig.cmake
[9.061s] -- Installing: /home/triqui/Documents/TFG/TFG_MS_ROS/ros_ws/install/pkg_interfaces/share/pkg_interfaces/cmake/pkg_interfaces__rosidl_typesupport_cppExport.cmake
[9.062s] -- Installing: /home/triqui/Documents/TFG/TFG_MS_ROS/ros_ws/install/pkg_interfaces/share/pkg_interfaces/cmake/pkg_interfaces__rosidl_typesupport_cppExport-noconfig.cmake
[9.071s] Invoked command in '/home/triqui/Documents/TFG/TFG_MS_ROS/ros_ws/build/pkg_interfaces' returned '0': CMAKE_PREFIX_PATH=${CMAKE_PREFIX_PATH}:/home/triqui/Documents/TFG/TFG_MS_ROS/ros_ws/install/my_battery_package:/home/triqui/Documents/TFG/TFG_MS_ROS/ros_ws/install/ms_sub:/home/triqui/turtlebot3_ws/install/turtlebot3_teleop:/home/triqui/turtlebot3_ws/install/turtlebot3_example:/opt/ros/foxy /usr/bin/cmake --install /home/triqui/Documents/TFG/TFG_MS_ROS/ros_ws/build/pkg_interfaces
