[  3%] Built target pkg_interfaces__cpp
[ 12%] Built target pkg_interfaces__rosidl_generator_c
[ 22%] Built target pkg_interfaces__rosidl_typesupport_cpp
[ 32%] Built target pkg_interfaces__rosidl_typesupport_introspection_cpp
[ 41%] Built target pkg_interfaces__rosidl_typesupport_fastrtps_cpp
[ 51%] Built target pkg_interfaces__rosidl_typesupport_introspection_c
[ 61%] Built target pkg_interfaces__rosidl_typesupport_c
[ 70%] Built target pkg_interfaces__rosidl_typesupport_fastrtps_c
[ 70%] Built target pkg_interfaces
[ 74%] Built target pkg_interfaces__py
[ 80%] Built target pkg_interfaces__python
[ 96%] Built target pkg_interfaces__rosidl_typesupport_c__pyext
[ 96%] Built target pkg_interfaces__rosidl_typesupport_introspection_c__pyext
[100%] Built target pkg_interfaces__rosidl_typesupport_fastrtps_c__pyext
-- Install configuration: ""
-- Execute custom install script
-- Up-to-date symlink: /home/triqui/Documents/TFG/TFG_MS_ROS/install/pkg_interfaces/share/ament_index/resource_index/rosidl_interfaces/pkg_interfaces
-- Up-to-date symlink: /home/triqui/Documents/TFG/TFG_MS_ROS/install/pkg_interfaces/include/pkg_interfaces/msg/batterylvl.h
-- Up-to-date symlink: /home/triqui/Documents/TFG/TFG_MS_ROS/install/pkg_interfaces/include/pkg_interfaces/msg/detail/batterylvl__functions.h
-- Up-to-date symlink: /home/triqui/Documents/TFG/TFG_MS_ROS/install/pkg_interfaces/include/pkg_interfaces/msg/detail/batterylvl__struct.h
-- Up-to-date symlink: /home/triqui/Documents/TFG/TFG_MS_ROS/install/pkg_interfaces/include/pkg_interfaces/msg/detail/batterylvl__type_support.h
-- Up-to-date symlink: /home/triqui/Documents/TFG/TFG_MS_ROS/install/pkg_interfaces/include/pkg_interfaces/msg/rosidl_generator_c__visibility_control.h
-- Up-to-date symlink: /home/triqui/Documents/TFG/TFG_MS_ROS/install/pkg_interfaces/share/pkg_interfaces/environment/library_path.sh
-- Up-to-date symlink: /home/triqui/Documents/TFG/TFG_MS_ROS/install/pkg_interfaces/share/pkg_interfaces/environment/library_path.dsv
-- Up-to-date symlink: /home/triqui/Documents/TFG/TFG_MS_ROS/install/pkg_interfaces/include/pkg_interfaces/msg/detail/batterylvl__rosidl_typesupport_fastrtps_c.h
-- Up-to-date symlink: /home/triqui/Documents/TFG/TFG_MS_ROS/install/pkg_interfaces/include/pkg_interfaces/msg/rosidl_typesupport_fastrtps_c__visibility_control.h
-- Up-to-date symlink: /home/triqui/Documents/TFG/TFG_MS_ROS/install/pkg_interfaces/lib/libpkg_interfaces__rosidl_typesupport_fastrtps_c.so
-- Up-to-date symlink: /home/triqui/Documents/TFG/TFG_MS_ROS/install/pkg_interfaces/include/pkg_interfaces/msg/detail/batterylvl__rosidl_typesupport_fastrtps_cpp.hpp
-- Up-to-date symlink: /home/triqui/Documents/TFG/TFG_MS_ROS/install/pkg_interfaces/include/pkg_interfaces/msg/rosidl_typesupport_fastrtps_cpp__visibility_control.h
-- Up-to-date symlink: /home/triqui/Documents/TFG/TFG_MS_ROS/install/pkg_interfaces/lib/libpkg_interfaces__rosidl_typesupport_fastrtps_cpp.so
-- Up-to-date symlink: /home/triqui/Documents/TFG/TFG_MS_ROS/install/pkg_interfaces/include/pkg_interfaces/msg/detail/batterylvl__rosidl_typesupport_introspection_c.h
-- Up-to-date symlink: /home/triqui/Documents/TFG/TFG_MS_ROS/install/pkg_interfaces/include/pkg_interfaces/msg/rosidl_typesupport_introspection_c__visibility_control.h
-- Up-to-date symlink: /home/triqui/Documents/TFG/TFG_MS_ROS/install/pkg_interfaces/include/pkg_interfaces/msg/batterylvl.hpp
-- Up-to-date symlink: /home/triqui/Documents/TFG/TFG_MS_ROS/install/pkg_interfaces/include/pkg_interfaces/msg/detail/batterylvl__builder.hpp
-- Up-to-date symlink: /home/triqui/Documents/TFG/TFG_MS_ROS/install/pkg_interfaces/include/pkg_interfaces/msg/detail/batterylvl__struct.hpp
-- Up-to-date symlink: /home/triqui/Documents/TFG/TFG_MS_ROS/install/pkg_interfaces/include/pkg_interfaces/msg/detail/batterylvl__traits.hpp
-- Up-to-date symlink: /home/triqui/Documents/TFG/TFG_MS_ROS/install/pkg_interfaces/include/pkg_interfaces/msg/detail/batterylvl__rosidl_typesupport_introspection_cpp.hpp
-- Up-to-date symlink: /home/triqui/Documents/TFG/TFG_MS_ROS/install/pkg_interfaces/share/pkg_interfaces/environment/pythonpath.sh
-- Up-to-date symlink: /home/triqui/Documents/TFG/TFG_MS_ROS/install/pkg_interfaces/share/pkg_interfaces/environment/pythonpath.dsv
-- Up-to-date symlink: /home/triqui/Documents/TFG/TFG_MS_ROS/install/pkg_interfaces/lib/python3.8/site-packages/pkg_interfaces/__init__.py
-- Up-to-date symlink: /home/triqui/Documents/TFG/TFG_MS_ROS/install/pkg_interfaces/lib/python3.8/site-packages/pkg_interfaces/msg/__init__.py
-- Up-to-date symlink: /home/triqui/Documents/TFG/TFG_MS_ROS/install/pkg_interfaces/lib/python3.8/site-packages/pkg_interfaces/msg/_batterylvl.py
-- Up-to-date symlink: /home/triqui/Documents/TFG/TFG_MS_ROS/install/pkg_interfaces/lib/python3.8/site-packages/pkg_interfaces/pkg_interfaces_s__rosidl_typesupport_fastrtps_c.cpython-38-x86_64-linux-gnu.so
-- Up-to-date symlink: /home/triqui/Documents/TFG/TFG_MS_ROS/install/pkg_interfaces/lib/python3.8/site-packages/pkg_interfaces/pkg_interfaces_s__rosidl_typesupport_introspection_c.cpython-38-x86_64-linux-gnu.so
-- Up-to-date symlink: /home/triqui/Documents/TFG/TFG_MS_ROS/install/pkg_interfaces/lib/python3.8/site-packages/pkg_interfaces/pkg_interfaces_s__rosidl_typesupport_c.cpython-38-x86_64-linux-gnu.so
-- Up-to-date symlink: /home/triqui/Documents/TFG/TFG_MS_ROS/install/pkg_interfaces/lib/libpkg_interfaces__python.so
-- Up-to-date symlink: /home/triqui/Documents/TFG/TFG_MS_ROS/install/pkg_interfaces/share/pkg_interfaces/msg/Batterylvl.idl
-- Up-to-date symlink: /home/triqui/Documents/TFG/TFG_MS_ROS/install/pkg_interfaces/share/pkg_interfaces/msg/Batterylvl.msg
-- Up-to-date symlink: /home/triqui/Documents/TFG/TFG_MS_ROS/install/pkg_interfaces/share/ament_index/resource_index/package_run_dependencies/pkg_interfaces
-- Up-to-date symlink: /home/triqui/Documents/TFG/TFG_MS_ROS/install/pkg_interfaces/share/ament_index/resource_index/parent_prefix_path/pkg_interfaces
-- Up-to-date symlink: /home/triqui/Documents/TFG/TFG_MS_ROS/install/pkg_interfaces/share/pkg_interfaces/environment/ament_prefix_path.sh
-- Up-to-date symlink: /home/triqui/Documents/TFG/TFG_MS_ROS/install/pkg_interfaces/share/pkg_interfaces/environment/ament_prefix_path.dsv
-- Up-to-date symlink: /home/triqui/Documents/TFG/TFG_MS_ROS/install/pkg_interfaces/share/pkg_interfaces/environment/path.sh
-- Up-to-date symlink: /home/triqui/Documents/TFG/TFG_MS_ROS/install/pkg_interfaces/share/pkg_interfaces/environment/path.dsv
-- Up-to-date symlink: /home/triqui/Documents/TFG/TFG_MS_ROS/install/pkg_interfaces/share/pkg_interfaces/local_setup.bash
-- Up-to-date symlink: /home/triqui/Documents/TFG/TFG_MS_ROS/install/pkg_interfaces/share/pkg_interfaces/local_setup.sh
-- Up-to-date symlink: /home/triqui/Documents/TFG/TFG_MS_ROS/install/pkg_interfaces/share/pkg_interfaces/local_setup.zsh
-- Up-to-date symlink: /home/triqui/Documents/TFG/TFG_MS_ROS/install/pkg_interfaces/share/pkg_interfaces/local_setup.dsv
-- Symlinking: /home/triqui/Documents/TFG/TFG_MS_ROS/install/pkg_interfaces/share/pkg_interfaces/package.dsv
-- Up-to-date symlink: /home/triqui/Documents/TFG/TFG_MS_ROS/install/pkg_interfaces/share/ament_index/resource_index/packages/pkg_interfaces
-- Up-to-date symlink: /home/triqui/Documents/TFG/TFG_MS_ROS/install/pkg_interfaces/share/pkg_interfaces/cmake/rosidl_cmake-extras.cmake
-- Up-to-date symlink: /home/triqui/Documents/TFG/TFG_MS_ROS/install/pkg_interfaces/share/pkg_interfaces/cmake/ament_cmake_export_dependencies-extras.cmake
-- Up-to-date symlink: /home/triqui/Documents/TFG/TFG_MS_ROS/install/pkg_interfaces/share/pkg_interfaces/cmake/ament_cmake_export_libraries-extras.cmake
-- Up-to-date symlink: /home/triqui/Documents/TFG/TFG_MS_ROS/install/pkg_interfaces/share/pkg_interfaces/cmake/ament_cmake_export_targets-extras.cmake
-- Up-to-date symlink: /home/triqui/Documents/TFG/TFG_MS_ROS/install/pkg_interfaces/share/pkg_interfaces/cmake/ament_cmake_export_include_directories-extras.cmake
-- Up-to-date symlink: /home/triqui/Documents/TFG/TFG_MS_ROS/install/pkg_interfaces/share/pkg_interfaces/cmake/rosidl_cmake_export_typesupport_libraries-extras.cmake
-- Up-to-date symlink: /home/triqui/Documents/TFG/TFG_MS_ROS/install/pkg_interfaces/share/pkg_interfaces/cmake/rosidl_cmake_export_typesupport_targets-extras.cmake
-- Up-to-date symlink: /home/triqui/Documents/TFG/TFG_MS_ROS/install/pkg_interfaces/share/pkg_interfaces/cmake/pkg_interfacesConfig.cmake
-- Up-to-date symlink: /home/triqui/Documents/TFG/TFG_MS_ROS/install/pkg_interfaces/share/pkg_interfaces/cmake/pkg_interfacesConfig-version.cmake
-- Up-to-date symlink: /home/triqui/Documents/TFG/TFG_MS_ROS/install/pkg_interfaces/share/pkg_interfaces/package.xml
-- Up-to-date: /home/triqui/Documents/TFG/TFG_MS_ROS/install/pkg_interfaces/lib/libpkg_interfaces__rosidl_generator_c.so
-- Up-to-date: /home/triqui/Documents/TFG/TFG_MS_ROS/install/pkg_interfaces/lib/libpkg_interfaces__rosidl_typesupport_introspection_c.so
-- Up-to-date: /home/triqui/Documents/TFG/TFG_MS_ROS/install/pkg_interfaces/lib/libpkg_interfaces__rosidl_typesupport_c.so
-- Up-to-date: /home/triqui/Documents/TFG/TFG_MS_ROS/install/pkg_interfaces/lib/libpkg_interfaces__rosidl_typesupport_introspection_cpp.so
-- Up-to-date: /home/triqui/Documents/TFG/TFG_MS_ROS/install/pkg_interfaces/lib/libpkg_interfaces__rosidl_typesupport_cpp.so
-- Up-to-date: /home/triqui/Documents/TFG/TFG_MS_ROS/install/pkg_interfaces/share/pkg_interfaces/cmake/pkg_interfaces__rosidl_generator_cExport.cmake
-- Up-to-date: /home/triqui/Documents/TFG/TFG_MS_ROS/install/pkg_interfaces/share/pkg_interfaces/cmake/pkg_interfaces__rosidl_generator_cExport-noconfig.cmake
-- Up-to-date: /home/triqui/Documents/TFG/TFG_MS_ROS/install/pkg_interfaces/share/pkg_interfaces/cmake/pkg_interfaces__rosidl_typesupport_introspection_cExport.cmake
-- Up-to-date: /home/triqui/Documents/TFG/TFG_MS_ROS/install/pkg_interfaces/share/pkg_interfaces/cmake/pkg_interfaces__rosidl_typesupport_introspection_cExport-noconfig.cmake
-- Up-to-date: /home/triqui/Documents/TFG/TFG_MS_ROS/install/pkg_interfaces/share/pkg_interfaces/cmake/pkg_interfaces__rosidl_typesupport_cExport.cmake
-- Up-to-date: /home/triqui/Documents/TFG/TFG_MS_ROS/install/pkg_interfaces/share/pkg_interfaces/cmake/pkg_interfaces__rosidl_typesupport_cExport-noconfig.cmake
-- Up-to-date: /home/triqui/Documents/TFG/TFG_MS_ROS/install/pkg_interfaces/share/pkg_interfaces/cmake/pkg_interfaces__rosidl_generator_cppExport.cmake
-- Up-to-date: /home/triqui/Documents/TFG/TFG_MS_ROS/install/pkg_interfaces/share/pkg_interfaces/cmake/pkg_interfaces__rosidl_typesupport_introspection_cppExport.cmake
-- Up-to-date: /home/triqui/Documents/TFG/TFG_MS_ROS/install/pkg_interfaces/share/pkg_interfaces/cmake/pkg_interfaces__rosidl_typesupport_introspection_cppExport-noconfig.cmake
-- Up-to-date: /home/triqui/Documents/TFG/TFG_MS_ROS/install/pkg_interfaces/share/pkg_interfaces/cmake/pkg_interfaces__rosidl_typesupport_cppExport.cmake
-- Up-to-date: /home/triqui/Documents/TFG/TFG_MS_ROS/install/pkg_interfaces/share/pkg_interfaces/cmake/pkg_interfaces__rosidl_typesupport_cppExport-noconfig.cmake
