[0.075s] Invoking command in '/home/triqui/Documents/TFG/TFG_MS_ROS/ros_ws/build/rover_msgs': CMAKE_PREFIX_PATH=${CMAKE_PREFIX_PATH}:/home/triqui/Documents/TFG/TFG_MS_ROS/ros_ws/install/rover_teleop:/home/triqui/Documents/TFG/TFG_MS_ROS/ros_ws/install/rover_motor_controller:/home/triqui/Documents/TFG/TFG_MS_ROS/ros_ws/install/my_battery_package:/home/triqui/Documents/TFG/TFG_MS_ROS/ros_ws/install/ms_sub:/opt/ros/foxy /usr/bin/cmake --build /home/triqui/Documents/TFG/TFG_MS_ROS/ros_ws/build/rover_msgs -- -j4 -l4
[0.199s] [  9%] Built target rover_msgs__rosidl_generator_c
[0.308s] [ 19%] Built target rover_msgs__rosidl_typesupport_c
[0.319s] [ 22%] Built target rover_msgs__cpp
[0.401s] [ 32%] Built target rover_msgs__rosidl_typesupport_cpp
[0.442s] [ 41%] Built target rover_msgs__rosidl_typesupport_introspection_c
[0.537s] [ 51%] Built target rover_msgs__rosidl_typesupport_introspection_cpp
[0.613s] [ 61%] Built target rover_msgs__rosidl_typesupport_fastrtps_cpp
[0.671s] [ 70%] Built target rover_msgs__rosidl_typesupport_fastrtps_c
[0.724s] [ 70%] Built target rover_msgs
[0.767s] [ 74%] Built target rover_msgs__py
[0.824s] [ 80%] Built target rover_msgs__python
[0.913s] [ 87%] Built target rover_msgs__rosidl_typesupport_fastrtps_c__pyext
[1.103s] [ 93%] Built target rover_msgs__rosidl_typesupport_c__pyext
[1.220s] [100%] Built target rover_msgs__rosidl_typesupport_introspection_c__pyext
[1.282s] Invoked command in '/home/triqui/Documents/TFG/TFG_MS_ROS/ros_ws/build/rover_msgs' returned '0': CMAKE_PREFIX_PATH=${CMAKE_PREFIX_PATH}:/home/triqui/Documents/TFG/TFG_MS_ROS/ros_ws/install/rover_teleop:/home/triqui/Documents/TFG/TFG_MS_ROS/ros_ws/install/rover_motor_controller:/home/triqui/Documents/TFG/TFG_MS_ROS/ros_ws/install/my_battery_package:/home/triqui/Documents/TFG/TFG_MS_ROS/ros_ws/install/ms_sub:/opt/ros/foxy /usr/bin/cmake --build /home/triqui/Documents/TFG/TFG_MS_ROS/ros_ws/build/rover_msgs -- -j4 -l4
[1.707s] Invoking command in '/home/triqui/Documents/TFG/TFG_MS_ROS/ros_ws/build/rover_msgs': CMAKE_PREFIX_PATH=${CMAKE_PREFIX_PATH}:/home/triqui/Documents/TFG/TFG_MS_ROS/ros_ws/install/rover_teleop:/home/triqui/Documents/TFG/TFG_MS_ROS/ros_ws/install/rover_motor_controller:/home/triqui/Documents/TFG/TFG_MS_ROS/ros_ws/install/my_battery_package:/home/triqui/Documents/TFG/TFG_MS_ROS/ros_ws/install/ms_sub:/opt/ros/foxy /usr/bin/cmake --install /home/triqui/Documents/TFG/TFG_MS_ROS/ros_ws/build/rover_msgs
[1.795s] -- Install configuration: ""
[1.795s] -- Execute custom install script
[1.795s] -- Up-to-date symlink: /home/triqui/Documents/TFG/TFG_MS_ROS/ros_ws/install/rover_msgs/share/ament_index/resource_index/rosidl_interfaces/rover_msgs
[1.795s] -- Up-to-date symlink: /home/triqui/Documents/TFG/TFG_MS_ROS/ros_ws/install/rover_msgs/include/rover_msgs/msg/detail/motors_command__functions.h
[1.796s] -- Up-to-date symlink: /home/triqui/Documents/TFG/TFG_MS_ROS/ros_ws/install/rover_msgs/include/rover_msgs/msg/detail/motors_command__struct.h
[1.796s] -- Up-to-date symlink: /home/triqui/Documents/TFG/TFG_MS_ROS/ros_ws/install/rover_msgs/include/rover_msgs/msg/detail/motors_command__type_support.h
[1.797s] -- Up-to-date symlink: /home/triqui/Documents/TFG/TFG_MS_ROS/ros_ws/install/rover_msgs/include/rover_msgs/msg/motors_command.h
[1.798s] -- Up-to-date symlink: /home/triqui/Documents/TFG/TFG_MS_ROS/ros_ws/install/rover_msgs/include/rover_msgs/msg/rosidl_generator_c__visibility_control.h
[1.798s] -- Up-to-date symlink: /home/triqui/Documents/TFG/TFG_MS_ROS/ros_ws/install/rover_msgs/share/rover_msgs/environment/library_path.sh
[1.798s] -- Up-to-date symlink: /home/triqui/Documents/TFG/TFG_MS_ROS/ros_ws/install/rover_msgs/share/rover_msgs/environment/library_path.dsv
[1.798s] -- Up-to-date symlink: /home/triqui/Documents/TFG/TFG_MS_ROS/ros_ws/install/rover_msgs/include/rover_msgs/msg/detail/motors_command__rosidl_typesupport_fastrtps_c.h
[1.798s] -- Up-to-date symlink: /home/triqui/Documents/TFG/TFG_MS_ROS/ros_ws/install/rover_msgs/include/rover_msgs/msg/rosidl_typesupport_fastrtps_c__visibility_control.h
[1.798s] -- Up-to-date symlink: /home/triqui/Documents/TFG/TFG_MS_ROS/ros_ws/install/rover_msgs/lib/librover_msgs__rosidl_typesupport_fastrtps_c.so
[1.798s] -- Up-to-date symlink: /home/triqui/Documents/TFG/TFG_MS_ROS/ros_ws/install/rover_msgs/include/rover_msgs/msg/detail/motors_command__rosidl_typesupport_fastrtps_cpp.hpp
[1.799s] -- Up-to-date symlink: /home/triqui/Documents/TFG/TFG_MS_ROS/ros_ws/install/rover_msgs/include/rover_msgs/msg/rosidl_typesupport_fastrtps_cpp__visibility_control.h
[1.799s] -- Up-to-date symlink: /home/triqui/Documents/TFG/TFG_MS_ROS/ros_ws/install/rover_msgs/lib/librover_msgs__rosidl_typesupport_fastrtps_cpp.so
[1.799s] -- Up-to-date symlink: /home/triqui/Documents/TFG/TFG_MS_ROS/ros_ws/install/rover_msgs/include/rover_msgs/msg/detail/motors_command__rosidl_typesupport_introspection_c.h
[1.799s] -- Up-to-date symlink: /home/triqui/Documents/TFG/TFG_MS_ROS/ros_ws/install/rover_msgs/include/rover_msgs/msg/rosidl_typesupport_introspection_c__visibility_control.h
[1.799s] -- Up-to-date symlink: /home/triqui/Documents/TFG/TFG_MS_ROS/ros_ws/install/rover_msgs/include/rover_msgs/msg/detail/motors_command__builder.hpp
[1.799s] -- Up-to-date symlink: /home/triqui/Documents/TFG/TFG_MS_ROS/ros_ws/install/rover_msgs/include/rover_msgs/msg/detail/motors_command__struct.hpp
[1.799s] -- Up-to-date symlink: /home/triqui/Documents/TFG/TFG_MS_ROS/ros_ws/install/rover_msgs/include/rover_msgs/msg/detail/motors_command__traits.hpp
[1.799s] -- Up-to-date symlink: /home/triqui/Documents/TFG/TFG_MS_ROS/ros_ws/install/rover_msgs/include/rover_msgs/msg/motors_command.hpp
[1.799s] -- Up-to-date symlink: /home/triqui/Documents/TFG/TFG_MS_ROS/ros_ws/install/rover_msgs/include/rover_msgs/msg/detail/motors_command__rosidl_typesupport_introspection_cpp.hpp
[1.799s] -- Up-to-date symlink: /home/triqui/Documents/TFG/TFG_MS_ROS/ros_ws/install/rover_msgs/share/rover_msgs/environment/pythonpath.sh
[1.799s] -- Up-to-date symlink: /home/triqui/Documents/TFG/TFG_MS_ROS/ros_ws/install/rover_msgs/share/rover_msgs/environment/pythonpath.dsv
[1.800s] -- Up-to-date symlink: /home/triqui/Documents/TFG/TFG_MS_ROS/ros_ws/install/rover_msgs/lib/python3.8/site-packages/rover_msgs/__init__.py
[1.800s] -- Up-to-date symlink: /home/triqui/Documents/TFG/TFG_MS_ROS/ros_ws/install/rover_msgs/lib/python3.8/site-packages/rover_msgs/msg/__init__.py
[1.800s] -- Up-to-date symlink: /home/triqui/Documents/TFG/TFG_MS_ROS/ros_ws/install/rover_msgs/lib/python3.8/site-packages/rover_msgs/msg/_motors_command.py
[1.804s] -- Up-to-date symlink: /home/triqui/Documents/TFG/TFG_MS_ROS/ros_ws/install/rover_msgs/lib/python3.8/site-packages/rover_msgs/rover_msgs_s__rosidl_typesupport_fastrtps_c.cpython-38-x86_64-linux-gnu.so
[1.805s] -- Up-to-date symlink: /home/triqui/Documents/TFG/TFG_MS_ROS/ros_ws/install/rover_msgs/lib/python3.8/site-packages/rover_msgs/rover_msgs_s__rosidl_typesupport_introspection_c.cpython-38-x86_64-linux-gnu.so
[1.805s] -- Up-to-date symlink: /home/triqui/Documents/TFG/TFG_MS_ROS/ros_ws/install/rover_msgs/lib/python3.8/site-packages/rover_msgs/rover_msgs_s__rosidl_typesupport_c.cpython-38-x86_64-linux-gnu.so
[1.806s] -- Up-to-date symlink: /home/triqui/Documents/TFG/TFG_MS_ROS/ros_ws/install/rover_msgs/lib/librover_msgs__python.so
[1.806s] -- Up-to-date symlink: /home/triqui/Documents/TFG/TFG_MS_ROS/ros_ws/install/rover_msgs/share/rover_msgs/msg/MotorsCommand.idl
[1.807s] -- Up-to-date symlink: /home/triqui/Documents/TFG/TFG_MS_ROS/ros_ws/install/rover_msgs/share/rover_msgs/msg/MotorsCommand.msg
[1.808s] -- Up-to-date symlink: /home/triqui/Documents/TFG/TFG_MS_ROS/ros_ws/install/rover_msgs/share/ament_index/resource_index/package_run_dependencies/rover_msgs
[1.808s] -- Up-to-date symlink: /home/triqui/Documents/TFG/TFG_MS_ROS/ros_ws/install/rover_msgs/share/ament_index/resource_index/parent_prefix_path/rover_msgs
[1.808s] -- Up-to-date symlink: /home/triqui/Documents/TFG/TFG_MS_ROS/ros_ws/install/rover_msgs/share/rover_msgs/environment/ament_prefix_path.sh
[1.808s] -- Up-to-date symlink: /home/triqui/Documents/TFG/TFG_MS_ROS/ros_ws/install/rover_msgs/share/rover_msgs/environment/ament_prefix_path.dsv
[1.808s] -- Up-to-date symlink: /home/triqui/Documents/TFG/TFG_MS_ROS/ros_ws/install/rover_msgs/share/rover_msgs/environment/path.sh
[1.808s] -- Up-to-date symlink: /home/triqui/Documents/TFG/TFG_MS_ROS/ros_ws/install/rover_msgs/share/rover_msgs/environment/path.dsv
[1.808s] -- Up-to-date symlink: /home/triqui/Documents/TFG/TFG_MS_ROS/ros_ws/install/rover_msgs/share/rover_msgs/local_setup.bash
[1.808s] -- Up-to-date symlink: /home/triqui/Documents/TFG/TFG_MS_ROS/ros_ws/install/rover_msgs/share/rover_msgs/local_setup.sh
[1.808s] -- Up-to-date symlink: /home/triqui/Documents/TFG/TFG_MS_ROS/ros_ws/install/rover_msgs/share/rover_msgs/local_setup.zsh
[1.809s] -- Up-to-date symlink: /home/triqui/Documents/TFG/TFG_MS_ROS/ros_ws/install/rover_msgs/share/rover_msgs/local_setup.dsv
[1.809s] -- Symlinking: /home/triqui/Documents/TFG/TFG_MS_ROS/ros_ws/install/rover_msgs/share/rover_msgs/package.dsv
[1.809s] -- Up-to-date symlink: /home/triqui/Documents/TFG/TFG_MS_ROS/ros_ws/install/rover_msgs/share/ament_index/resource_index/packages/rover_msgs
[1.809s] -- Up-to-date symlink: /home/triqui/Documents/TFG/TFG_MS_ROS/ros_ws/install/rover_msgs/share/rover_msgs/cmake/rosidl_cmake-extras.cmake
[1.809s] -- Up-to-date symlink: /home/triqui/Documents/TFG/TFG_MS_ROS/ros_ws/install/rover_msgs/share/rover_msgs/cmake/ament_cmake_export_dependencies-extras.cmake
[1.809s] -- Up-to-date symlink: /home/triqui/Documents/TFG/TFG_MS_ROS/ros_ws/install/rover_msgs/share/rover_msgs/cmake/ament_cmake_export_libraries-extras.cmake
[1.809s] -- Up-to-date symlink: /home/triqui/Documents/TFG/TFG_MS_ROS/ros_ws/install/rover_msgs/share/rover_msgs/cmake/ament_cmake_export_targets-extras.cmake
[1.809s] -- Up-to-date symlink: /home/triqui/Documents/TFG/TFG_MS_ROS/ros_ws/install/rover_msgs/share/rover_msgs/cmake/ament_cmake_export_include_directories-extras.cmake
[1.809s] -- Up-to-date symlink: /home/triqui/Documents/TFG/TFG_MS_ROS/ros_ws/install/rover_msgs/share/rover_msgs/cmake/rosidl_cmake_export_typesupport_libraries-extras.cmake
[1.809s] -- Up-to-date symlink: /home/triqui/Documents/TFG/TFG_MS_ROS/ros_ws/install/rover_msgs/share/rover_msgs/cmake/rosidl_cmake_export_typesupport_targets-extras.cmake
[1.809s] -- Up-to-date symlink: /home/triqui/Documents/TFG/TFG_MS_ROS/ros_ws/install/rover_msgs/share/rover_msgs/cmake/rover_msgsConfig.cmake
[1.809s] -- Up-to-date symlink: /home/triqui/Documents/TFG/TFG_MS_ROS/ros_ws/install/rover_msgs/share/rover_msgs/cmake/rover_msgsConfig-version.cmake
[1.809s] -- Up-to-date symlink: /home/triqui/Documents/TFG/TFG_MS_ROS/ros_ws/install/rover_msgs/share/rover_msgs/package.xml
[1.810s] -- Up-to-date: /home/triqui/Documents/TFG/TFG_MS_ROS/ros_ws/install/rover_msgs/lib/librover_msgs__rosidl_generator_c.so
[1.810s] -- Up-to-date: /home/triqui/Documents/TFG/TFG_MS_ROS/ros_ws/install/rover_msgs/lib/librover_msgs__rosidl_typesupport_introspection_c.so
[1.819s] -- Up-to-date: /home/triqui/Documents/TFG/TFG_MS_ROS/ros_ws/install/rover_msgs/lib/librover_msgs__rosidl_typesupport_c.so
[1.820s] -- Up-to-date: /home/triqui/Documents/TFG/TFG_MS_ROS/ros_ws/install/rover_msgs/lib/librover_msgs__rosidl_typesupport_introspection_cpp.so
[1.820s] -- Up-to-date: /home/triqui/Documents/TFG/TFG_MS_ROS/ros_ws/install/rover_msgs/lib/librover_msgs__rosidl_typesupport_cpp.so
[1.866s] -- Up-to-date: /home/triqui/Documents/TFG/TFG_MS_ROS/ros_ws/install/rover_msgs/share/rover_msgs/cmake/rover_msgs__rosidl_generator_cExport.cmake
[1.866s] -- Up-to-date: /home/triqui/Documents/TFG/TFG_MS_ROS/ros_ws/install/rover_msgs/share/rover_msgs/cmake/rover_msgs__rosidl_generator_cExport-noconfig.cmake
[1.866s] -- Up-to-date: /home/triqui/Documents/TFG/TFG_MS_ROS/ros_ws/install/rover_msgs/share/rover_msgs/cmake/rover_msgs__rosidl_typesupport_introspection_cExport.cmake
[1.866s] -- Up-to-date: /home/triqui/Documents/TFG/TFG_MS_ROS/ros_ws/install/rover_msgs/share/rover_msgs/cmake/rover_msgs__rosidl_typesupport_introspection_cExport-noconfig.cmake
[1.866s] -- Up-to-date: /home/triqui/Documents/TFG/TFG_MS_ROS/ros_ws/install/rover_msgs/share/rover_msgs/cmake/rover_msgs__rosidl_typesupport_cExport.cmake
[1.866s] -- Up-to-date: /home/triqui/Documents/TFG/TFG_MS_ROS/ros_ws/install/rover_msgs/share/rover_msgs/cmake/rover_msgs__rosidl_typesupport_cExport-noconfig.cmake
[1.867s] -- Up-to-date: /home/triqui/Documents/TFG/TFG_MS_ROS/ros_ws/install/rover_msgs/share/rover_msgs/cmake/rover_msgs__rosidl_generator_cppExport.cmake
[1.867s] -- Up-to-date: /home/triqui/Documents/TFG/TFG_MS_ROS/ros_ws/install/rover_msgs/share/rover_msgs/cmake/rover_msgs__rosidl_typesupport_introspection_cppExport.cmake
[1.867s] -- Up-to-date: /home/triqui/Documents/TFG/TFG_MS_ROS/ros_ws/install/rover_msgs/share/rover_msgs/cmake/rover_msgs__rosidl_typesupport_introspection_cppExport-noconfig.cmake
[1.867s] -- Up-to-date: /home/triqui/Documents/TFG/TFG_MS_ROS/ros_ws/install/rover_msgs/share/rover_msgs/cmake/rover_msgs__rosidl_typesupport_cppExport.cmake
[1.867s] -- Up-to-date: /home/triqui/Documents/TFG/TFG_MS_ROS/ros_ws/install/rover_msgs/share/rover_msgs/cmake/rover_msgs__rosidl_typesupport_cppExport-noconfig.cmake
[1.917s] Invoked command in '/home/triqui/Documents/TFG/TFG_MS_ROS/ros_ws/build/rover_msgs' returned '0': CMAKE_PREFIX_PATH=${CMAKE_PREFIX_PATH}:/home/triqui/Documents/TFG/TFG_MS_ROS/ros_ws/install/rover_teleop:/home/triqui/Documents/TFG/TFG_MS_ROS/ros_ws/install/rover_motor_controller:/home/triqui/Documents/TFG/TFG_MS_ROS/ros_ws/install/my_battery_package:/home/triqui/Documents/TFG/TFG_MS_ROS/ros_ws/install/ms_sub:/opt/ros/foxy /usr/bin/cmake --install /home/triqui/Documents/TFG/TFG_MS_ROS/ros_ws/build/rover_msgs
