running egg_info
creating ../../build/my_battery_package/my_battery_package.egg-info
writing ../../build/my_battery_package/my_battery_package.egg-info/PKG-INFO
writing dependency_links to ../../build/my_battery_package/my_battery_package.egg-info/dependency_links.txt
writing entry points to ../../build/my_battery_package/my_battery_package.egg-info/entry_points.txt
writing requirements to ../../build/my_battery_package/my_battery_package.egg-info/requires.txt
writing top-level names to ../../build/my_battery_package/my_battery_package.egg-info/top_level.txt
writing manifest file '../../build/my_battery_package/my_battery_package.egg-info/SOURCES.txt'
reading manifest file '../../build/my_battery_package/my_battery_package.egg-info/SOURCES.txt'
writing manifest file '../../build/my_battery_package/my_battery_package.egg-info/SOURCES.txt'
running build
running build_py
creating /home/triqui/Documents/TFG/TFG_MS_ROS/ros_ws/build/my_battery_package/build
creating /home/triqui/Documents/TFG/TFG_MS_ROS/ros_ws/build/my_battery_package/build/lib
creating /home/triqui/Documents/TFG/TFG_MS_ROS/ros_ws/build/my_battery_package/build/lib/my_battery_package
copying my_battery_package/battery_subscriber.py -> /home/triqui/Documents/TFG/TFG_MS_ROS/ros_ws/build/my_battery_package/build/lib/my_battery_package
copying my_battery_package/__init__.py -> /home/triqui/Documents/TFG/TFG_MS_ROS/ros_ws/build/my_battery_package/build/lib/my_battery_package
copying my_battery_package/battery_publisher.py -> /home/triqui/Documents/TFG/TFG_MS_ROS/ros_ws/build/my_battery_package/build/lib/my_battery_package
running install
running install_lib
creating /home/triqui/Documents/TFG/TFG_MS_ROS/ros_ws/install/my_battery_package/lib/python3.8/site-packages/my_battery_package
copying /home/triqui/Documents/TFG/TFG_MS_ROS/ros_ws/build/my_battery_package/build/lib/my_battery_package/battery_subscriber.py -> /home/triqui/Documents/TFG/TFG_MS_ROS/ros_ws/install/my_battery_package/lib/python3.8/site-packages/my_battery_package
copying /home/triqui/Documents/TFG/TFG_MS_ROS/ros_ws/build/my_battery_package/build/lib/my_battery_package/__init__.py -> /home/triqui/Documents/TFG/TFG_MS_ROS/ros_ws/install/my_battery_package/lib/python3.8/site-packages/my_battery_package
copying /home/triqui/Documents/TFG/TFG_MS_ROS/ros_ws/build/my_battery_package/build/lib/my_battery_package/battery_publisher.py -> /home/triqui/Documents/TFG/TFG_MS_ROS/ros_ws/install/my_battery_package/lib/python3.8/site-packages/my_battery_package
byte-compiling /home/triqui/Documents/TFG/TFG_MS_ROS/ros_ws/install/my_battery_package/lib/python3.8/site-packages/my_battery_package/battery_subscriber.py to battery_subscriber.cpython-38.pyc
byte-compiling /home/triqui/Documents/TFG/TFG_MS_ROS/ros_ws/install/my_battery_package/lib/python3.8/site-packages/my_battery_package/__init__.py to __init__.cpython-38.pyc
byte-compiling /home/triqui/Documents/TFG/TFG_MS_ROS/ros_ws/install/my_battery_package/lib/python3.8/site-packages/my_battery_package/battery_publisher.py to battery_publisher.cpython-38.pyc
running install_data
creating /home/triqui/Documents/TFG/TFG_MS_ROS/ros_ws/install/my_battery_package/share/ament_index
creating /home/triqui/Documents/TFG/TFG_MS_ROS/ros_ws/install/my_battery_package/share/ament_index/resource_index
creating /home/triqui/Documents/TFG/TFG_MS_ROS/ros_ws/install/my_battery_package/share/ament_index/resource_index/packages
copying resource/my_battery_package -> /home/triqui/Documents/TFG/TFG_MS_ROS/ros_ws/install/my_battery_package/share/ament_index/resource_index/packages
copying package.xml -> /home/triqui/Documents/TFG/TFG_MS_ROS/ros_ws/install/my_battery_package/share/my_battery_package
running install_egg_info
Copying ../../build/my_battery_package/my_battery_package.egg-info to /home/triqui/Documents/TFG/TFG_MS_ROS/ros_ws/install/my_battery_package/lib/python3.8/site-packages/my_battery_package-0.0.0-py3.8.egg-info
running install_scripts
writing list of installed files to '/home/triqui/Documents/TFG/TFG_MS_ROS/ros_ws/build/my_battery_package/install.log'
