[0.020s] Invoking command in '/home/triqui/Documents/TFG/TFG_MS_ROS/ros_ws/build/turtlebot3_simulations': CMAKE_PREFIX_PATH=/home/triqui/Documents/TFG/TFG_MS_ROS/ros_ws/install/turtlebot3_gazebo:/home/triqui/Documents/TFG/TFG_MS_ROS/ros_ws/install/turtlebot3_fake_node:/home/triqui/Documents/TFG/TFG_MS_ROS/ros_ws/install/turtlebot3_simulations:/home/triqui/Documents/TFG/TFG_MS_ROS/ros_ws/install/pkg_interfaces:/home/triqui/turtlebot3_ws/install/turtlebot3:/home/triqui/turtlebot3_ws/install/turtlebot3_simulations:/home/triqui/turtlebot3_ws/install/turtlebot3_bringup:/home/triqui/turtlebot3_ws/install/turtlebot3_node:/home/triqui/turtlebot3_ws/install/turtlebot3_navigation2:/home/triqui/turtlebot3_ws/install/turtlebot3_fake_node:/home/triqui/turtlebot3_ws/install/turtlebot3_msgs:/home/triqui/turtlebot3_ws/install/turtlebot3_gazebo:/home/triqui/turtlebot3_ws/install/turtlebot3_description:/home/triqui/turtlebot3_ws/install/turtlebot3_cartographer:/home/triqui/turtlebot3_ws/install/dynamixel_sdk_examples:/home/triqui/turtlebot3_ws/install/dynamixel_sdk_custom_interfaces:/home/triqui/turtlebot3_ws/install/dynamixel_sdk:/home/triqui/Documents/TFG/TFG_MS_ROS/ros_ws/install/my_battery_package:/home/triqui/Documents/TFG/TFG_MS_ROS/ros_ws/install/ms_sub:/home/triqui/turtlebot3_ws/install/turtlebot3_teleop:/home/triqui/turtlebot3_ws/install/turtlebot3_example:/opt/ros/foxy /usr/bin/cmake /home/triqui/Documents/TFG/TFG_MS_ROS/ros_ws/src/turtlebot3_simulations/turtlebot3_simulations -DAMENT_CMAKE_SYMLINK_INSTALL=1 -DCMAKE_INSTALL_PREFIX=/home/triqui/Documents/TFG/TFG_MS_ROS/ros_ws/install/turtlebot3_simulations
[0.082s] -- The C compiler identification is GNU 9.4.0
[0.149s] -- The CXX compiler identification is GNU 9.4.0
[0.155s] -- Check for working C compiler: /usr/bin/cc
[0.238s] -- Check for working C compiler: /usr/bin/cc -- works
[0.239s] -- Detecting C compiler ABI info
[0.321s] -- Detecting C compiler ABI info - done
[0.334s] -- Detecting C compile features
[0.334s] -- Detecting C compile features - done
[0.337s] -- Check for working CXX compiler: /usr/bin/c++
[0.432s] -- Check for working CXX compiler: /usr/bin/c++ -- works
[0.433s] -- Detecting CXX compiler ABI info
[0.526s] -- Detecting CXX compiler ABI info - done
[0.539s] -- Detecting CXX compile features
[0.540s] -- Detecting CXX compile features - done
[0.545s] -- Found ament_cmake: 0.9.11 (/opt/ros/foxy/share/ament_cmake/cmake)
[0.590s] -- Found PythonInterp: /usr/bin/python3 (found suitable version "3.8.10", minimum required is "3") 
[0.591s] -- Using PYTHON_EXECUTABLE: /usr/bin/python3
[0.812s] -- Override CMake install command with custom implementation using symlinks instead of copying resources
[0.944s] -- Configuring done
[0.946s] -- Generating done
[0.947s] -- Build files have been written to: /home/triqui/Documents/TFG/TFG_MS_ROS/ros_ws/build/turtlebot3_simulations
[0.951s] Invoked command in '/home/triqui/Documents/TFG/TFG_MS_ROS/ros_ws/build/turtlebot3_simulations' returned '0': CMAKE_PREFIX_PATH=/home/triqui/Documents/TFG/TFG_MS_ROS/ros_ws/install/turtlebot3_gazebo:/home/triqui/Documents/TFG/TFG_MS_ROS/ros_ws/install/turtlebot3_fake_node:/home/triqui/Documents/TFG/TFG_MS_ROS/ros_ws/install/turtlebot3_simulations:/home/triqui/Documents/TFG/TFG_MS_ROS/ros_ws/install/pkg_interfaces:/home/triqui/turtlebot3_ws/install/turtlebot3:/home/triqui/turtlebot3_ws/install/turtlebot3_simulations:/home/triqui/turtlebot3_ws/install/turtlebot3_bringup:/home/triqui/turtlebot3_ws/install/turtlebot3_node:/home/triqui/turtlebot3_ws/install/turtlebot3_navigation2:/home/triqui/turtlebot3_ws/install/turtlebot3_fake_node:/home/triqui/turtlebot3_ws/install/turtlebot3_msgs:/home/triqui/turtlebot3_ws/install/turtlebot3_gazebo:/home/triqui/turtlebot3_ws/install/turtlebot3_description:/home/triqui/turtlebot3_ws/install/turtlebot3_cartographer:/home/triqui/turtlebot3_ws/install/dynamixel_sdk_examples:/home/triqui/turtlebot3_ws/install/dynamixel_sdk_custom_interfaces:/home/triqui/turtlebot3_ws/install/dynamixel_sdk:/home/triqui/Documents/TFG/TFG_MS_ROS/ros_ws/install/my_battery_package:/home/triqui/Documents/TFG/TFG_MS_ROS/ros_ws/install/ms_sub:/home/triqui/turtlebot3_ws/install/turtlebot3_teleop:/home/triqui/turtlebot3_ws/install/turtlebot3_example:/opt/ros/foxy /usr/bin/cmake /home/triqui/Documents/TFG/TFG_MS_ROS/ros_ws/src/turtlebot3_simulations/turtlebot3_simulations -DAMENT_CMAKE_SYMLINK_INSTALL=1 -DCMAKE_INSTALL_PREFIX=/home/triqui/Documents/TFG/TFG_MS_ROS/ros_ws/install/turtlebot3_simulations
[0.954s] Invoking command in '/home/triqui/Documents/TFG/TFG_MS_ROS/ros_ws/build/turtlebot3_simulations': CMAKE_PREFIX_PATH=/home/triqui/Documents/TFG/TFG_MS_ROS/ros_ws/install/turtlebot3_gazebo:/home/triqui/Documents/TFG/TFG_MS_ROS/ros_ws/install/turtlebot3_fake_node:/home/triqui/Documents/TFG/TFG_MS_ROS/ros_ws/install/turtlebot3_simulations:/home/triqui/Documents/TFG/TFG_MS_ROS/ros_ws/install/pkg_interfaces:/home/triqui/turtlebot3_ws/install/turtlebot3:/home/triqui/turtlebot3_ws/install/turtlebot3_simulations:/home/triqui/turtlebot3_ws/install/turtlebot3_bringup:/home/triqui/turtlebot3_ws/install/turtlebot3_node:/home/triqui/turtlebot3_ws/install/turtlebot3_navigation2:/home/triqui/turtlebot3_ws/install/turtlebot3_fake_node:/home/triqui/turtlebot3_ws/install/turtlebot3_msgs:/home/triqui/turtlebot3_ws/install/turtlebot3_gazebo:/home/triqui/turtlebot3_ws/install/turtlebot3_description:/home/triqui/turtlebot3_ws/install/turtlebot3_cartographer:/home/triqui/turtlebot3_ws/install/dynamixel_sdk_examples:/home/triqui/turtlebot3_ws/install/dynamixel_sdk_custom_interfaces:/home/triqui/turtlebot3_ws/install/dynamixel_sdk:/home/triqui/Documents/TFG/TFG_MS_ROS/ros_ws/install/my_battery_package:/home/triqui/Documents/TFG/TFG_MS_ROS/ros_ws/install/ms_sub:/home/triqui/turtlebot3_ws/install/turtlebot3_teleop:/home/triqui/turtlebot3_ws/install/turtlebot3_example:/opt/ros/foxy /usr/bin/cmake --build /home/triqui/Documents/TFG/TFG_MS_ROS/ros_ws/build/turtlebot3_simulations -- -j4 -l4
[1.003s] Invoked command in '/home/triqui/Documents/TFG/TFG_MS_ROS/ros_ws/build/turtlebot3_simulations' returned '0': CMAKE_PREFIX_PATH=/home/triqui/Documents/TFG/TFG_MS_ROS/ros_ws/install/turtlebot3_gazebo:/home/triqui/Documents/TFG/TFG_MS_ROS/ros_ws/install/turtlebot3_fake_node:/home/triqui/Documents/TFG/TFG_MS_ROS/ros_ws/install/turtlebot3_simulations:/home/triqui/Documents/TFG/TFG_MS_ROS/ros_ws/install/pkg_interfaces:/home/triqui/turtlebot3_ws/install/turtlebot3:/home/triqui/turtlebot3_ws/install/turtlebot3_simulations:/home/triqui/turtlebot3_ws/install/turtlebot3_bringup:/home/triqui/turtlebot3_ws/install/turtlebot3_node:/home/triqui/turtlebot3_ws/install/turtlebot3_navigation2:/home/triqui/turtlebot3_ws/install/turtlebot3_fake_node:/home/triqui/turtlebot3_ws/install/turtlebot3_msgs:/home/triqui/turtlebot3_ws/install/turtlebot3_gazebo:/home/triqui/turtlebot3_ws/install/turtlebot3_description:/home/triqui/turtlebot3_ws/install/turtlebot3_cartographer:/home/triqui/turtlebot3_ws/install/dynamixel_sdk_examples:/home/triqui/turtlebot3_ws/install/dynamixel_sdk_custom_interfaces:/home/triqui/turtlebot3_ws/install/dynamixel_sdk:/home/triqui/Documents/TFG/TFG_MS_ROS/ros_ws/install/my_battery_package:/home/triqui/Documents/TFG/TFG_MS_ROS/ros_ws/install/ms_sub:/home/triqui/turtlebot3_ws/install/turtlebot3_teleop:/home/triqui/turtlebot3_ws/install/turtlebot3_example:/opt/ros/foxy /usr/bin/cmake --build /home/triqui/Documents/TFG/TFG_MS_ROS/ros_ws/build/turtlebot3_simulations -- -j4 -l4
[1.033s] Invoking command in '/home/triqui/Documents/TFG/TFG_MS_ROS/ros_ws/build/turtlebot3_simulations': CMAKE_PREFIX_PATH=/home/triqui/Documents/TFG/TFG_MS_ROS/ros_ws/install/turtlebot3_gazebo:/home/triqui/Documents/TFG/TFG_MS_ROS/ros_ws/install/turtlebot3_fake_node:/home/triqui/Documents/TFG/TFG_MS_ROS/ros_ws/install/turtlebot3_simulations:/home/triqui/Documents/TFG/TFG_MS_ROS/ros_ws/install/pkg_interfaces:/home/triqui/turtlebot3_ws/install/turtlebot3:/home/triqui/turtlebot3_ws/install/turtlebot3_simulations:/home/triqui/turtlebot3_ws/install/turtlebot3_bringup:/home/triqui/turtlebot3_ws/install/turtlebot3_node:/home/triqui/turtlebot3_ws/install/turtlebot3_navigation2:/home/triqui/turtlebot3_ws/install/turtlebot3_fake_node:/home/triqui/turtlebot3_ws/install/turtlebot3_msgs:/home/triqui/turtlebot3_ws/install/turtlebot3_gazebo:/home/triqui/turtlebot3_ws/install/turtlebot3_description:/home/triqui/turtlebot3_ws/install/turtlebot3_cartographer:/home/triqui/turtlebot3_ws/install/dynamixel_sdk_examples:/home/triqui/turtlebot3_ws/install/dynamixel_sdk_custom_interfaces:/home/triqui/turtlebot3_ws/install/dynamixel_sdk:/home/triqui/Documents/TFG/TFG_MS_ROS/ros_ws/install/my_battery_package:/home/triqui/Documents/TFG/TFG_MS_ROS/ros_ws/install/ms_sub:/home/triqui/turtlebot3_ws/install/turtlebot3_teleop:/home/triqui/turtlebot3_ws/install/turtlebot3_example:/opt/ros/foxy /usr/bin/cmake --install /home/triqui/Documents/TFG/TFG_MS_ROS/ros_ws/build/turtlebot3_simulations
[1.043s] -- Install configuration: ""
[1.043s] -- Execute custom install script
[1.044s] -- Symlinking: /home/triqui/Documents/TFG/TFG_MS_ROS/ros_ws/install/turtlebot3_simulations/share/ament_index/resource_index/package_run_dependencies/turtlebot3_simulations
[1.055s] -- Symlinking: /home/triqui/Documents/TFG/TFG_MS_ROS/ros_ws/install/turtlebot3_simulations/share/ament_index/resource_index/parent_prefix_path/turtlebot3_simulations
[1.066s] -- Symlinking: /home/triqui/Documents/TFG/TFG_MS_ROS/ros_ws/install/turtlebot3_simulations/share/turtlebot3_simulations/environment/ament_prefix_path.sh
[1.077s] -- Symlinking: /home/triqui/Documents/TFG/TFG_MS_ROS/ros_ws/install/turtlebot3_simulations/share/turtlebot3_simulations/environment/ament_prefix_path.dsv
[1.088s] -- Symlinking: /home/triqui/Documents/TFG/TFG_MS_ROS/ros_ws/install/turtlebot3_simulations/share/turtlebot3_simulations/environment/path.sh
[1.100s] -- Symlinking: /home/triqui/Documents/TFG/TFG_MS_ROS/ros_ws/install/turtlebot3_simulations/share/turtlebot3_simulations/environment/path.dsv
[1.111s] -- Symlinking: /home/triqui/Documents/TFG/TFG_MS_ROS/ros_ws/install/turtlebot3_simulations/share/turtlebot3_simulations/local_setup.bash
[1.122s] -- Symlinking: /home/triqui/Documents/TFG/TFG_MS_ROS/ros_ws/install/turtlebot3_simulations/share/turtlebot3_simulations/local_setup.sh
[1.133s] -- Symlinking: /home/triqui/Documents/TFG/TFG_MS_ROS/ros_ws/install/turtlebot3_simulations/share/turtlebot3_simulations/local_setup.zsh
[1.144s] -- Symlinking: /home/triqui/Documents/TFG/TFG_MS_ROS/ros_ws/install/turtlebot3_simulations/share/turtlebot3_simulations/local_setup.dsv
[1.155s] -- Symlinking: /home/triqui/Documents/TFG/TFG_MS_ROS/ros_ws/install/turtlebot3_simulations/share/turtlebot3_simulations/package.dsv
[1.166s] -- Symlinking: /home/triqui/Documents/TFG/TFG_MS_ROS/ros_ws/install/turtlebot3_simulations/share/ament_index/resource_index/packages/turtlebot3_simulations
[1.177s] -- Symlinking: /home/triqui/Documents/TFG/TFG_MS_ROS/ros_ws/install/turtlebot3_simulations/share/turtlebot3_simulations/cmake/turtlebot3_simulationsConfig.cmake
[1.188s] -- Symlinking: /home/triqui/Documents/TFG/TFG_MS_ROS/ros_ws/install/turtlebot3_simulations/share/turtlebot3_simulations/cmake/turtlebot3_simulationsConfig-version.cmake
[1.199s] -- Symlinking: /home/triqui/Documents/TFG/TFG_MS_ROS/ros_ws/install/turtlebot3_simulations/share/turtlebot3_simulations/package.xml
[1.217s] Invoked command in '/home/triqui/Documents/TFG/TFG_MS_ROS/ros_ws/build/turtlebot3_simulations' returned '0': CMAKE_PREFIX_PATH=/home/triqui/Documents/TFG/TFG_MS_ROS/ros_ws/install/turtlebot3_gazebo:/home/triqui/Documents/TFG/TFG_MS_ROS/ros_ws/install/turtlebot3_fake_node:/home/triqui/Documents/TFG/TFG_MS_ROS/ros_ws/install/turtlebot3_simulations:/home/triqui/Documents/TFG/TFG_MS_ROS/ros_ws/install/pkg_interfaces:/home/triqui/turtlebot3_ws/install/turtlebot3:/home/triqui/turtlebot3_ws/install/turtlebot3_simulations:/home/triqui/turtlebot3_ws/install/turtlebot3_bringup:/home/triqui/turtlebot3_ws/install/turtlebot3_node:/home/triqui/turtlebot3_ws/install/turtlebot3_navigation2:/home/triqui/turtlebot3_ws/install/turtlebot3_fake_node:/home/triqui/turtlebot3_ws/install/turtlebot3_msgs:/home/triqui/turtlebot3_ws/install/turtlebot3_gazebo:/home/triqui/turtlebot3_ws/install/turtlebot3_description:/home/triqui/turtlebot3_ws/install/turtlebot3_cartographer:/home/triqui/turtlebot3_ws/install/dynamixel_sdk_examples:/home/triqui/turtlebot3_ws/install/dynamixel_sdk_custom_interfaces:/home/triqui/turtlebot3_ws/install/dynamixel_sdk:/home/triqui/Documents/TFG/TFG_MS_ROS/ros_ws/install/my_battery_package:/home/triqui/Documents/TFG/TFG_MS_ROS/ros_ws/install/ms_sub:/home/triqui/turtlebot3_ws/install/turtlebot3_teleop:/home/triqui/turtlebot3_ws/install/turtlebot3_example:/opt/ros/foxy /usr/bin/cmake --install /home/triqui/Documents/TFG/TFG_MS_ROS/ros_ws/build/turtlebot3_simulations
