[0.024s] Invoking command in '/home/triqui/Documents/TFG/TFG_MS_ROS/build/pkg_interfaces': CMAKE_PREFIX_PATH=${CMAKE_PREFIX_PATH}:/home/triqui/Documents/TFG/TFG_MS_ROS/install/my_battery_package:/home/triqui/turtlebot3_ws/install/turtlebot3_teleop:/home/triqui/turtlebot3_ws/install/turtlebot3_example:/opt/ros/foxy /usr/bin/cmake --build /home/triqui/Documents/TFG/TFG_MS_ROS/build/pkg_interfaces -- -j4 -l4
[0.086s] [  3%] Built target pkg_interfaces__cpp
[0.086s] [ 12%] Built target pkg_interfaces__rosidl_generator_c
[0.113s] [ 22%] Built target pkg_interfaces__rosidl_typesupport_c
[0.114s] [ 32%] Built target pkg_interfaces__rosidl_typesupport_introspection_cpp
[0.119s] [ 41%] Built target pkg_interfaces__rosidl_typesupport_cpp
[0.119s] [ 51%] Built target pkg_interfaces__rosidl_typesupport_fastrtps_cpp
[0.141s] [ 61%] Built target pkg_interfaces__rosidl_typesupport_introspection_c
[0.151s] [ 70%] Built target pkg_interfaces__rosidl_typesupport_fastrtps_c
[0.174s] [ 70%] Built target pkg_interfaces
[0.200s] [ 74%] Built target pkg_interfaces__py
[0.230s] [ 80%] Built target pkg_interfaces__python
[0.263s] [ 96%] Built target pkg_interfaces__rosidl_typesupport_introspection_c__pyext
[0.263s] [100%] Built target pkg_interfaces__rosidl_typesupport_fastrtps_c__pyext
[0.263s] [ 96%] Built target pkg_interfaces__rosidl_typesupport_c__pyext
[0.277s] Invoked command in '/home/triqui/Documents/TFG/TFG_MS_ROS/build/pkg_interfaces' returned '0': CMAKE_PREFIX_PATH=${CMAKE_PREFIX_PATH}:/home/triqui/Documents/TFG/TFG_MS_ROS/install/my_battery_package:/home/triqui/turtlebot3_ws/install/turtlebot3_teleop:/home/triqui/turtlebot3_ws/install/turtlebot3_example:/opt/ros/foxy /usr/bin/cmake --build /home/triqui/Documents/TFG/TFG_MS_ROS/build/pkg_interfaces -- -j4 -l4
[0.355s] Invoking command in '/home/triqui/Documents/TFG/TFG_MS_ROS/build/pkg_interfaces': CMAKE_PREFIX_PATH=${CMAKE_PREFIX_PATH}:/home/triqui/Documents/TFG/TFG_MS_ROS/install/my_battery_package:/home/triqui/turtlebot3_ws/install/turtlebot3_teleop:/home/triqui/turtlebot3_ws/install/turtlebot3_example:/opt/ros/foxy /usr/bin/cmake --install /home/triqui/Documents/TFG/TFG_MS_ROS/build/pkg_interfaces
[0.365s] -- Install configuration: ""
[0.366s] -- Execute custom install script
[0.366s] -- Up-to-date symlink: /home/triqui/Documents/TFG/TFG_MS_ROS/install/pkg_interfaces/share/ament_index/resource_index/rosidl_interfaces/pkg_interfaces
[0.367s] -- Up-to-date symlink: /home/triqui/Documents/TFG/TFG_MS_ROS/install/pkg_interfaces/include/pkg_interfaces/msg/batterylvl.h
[0.367s] -- Up-to-date symlink: /home/triqui/Documents/TFG/TFG_MS_ROS/install/pkg_interfaces/include/pkg_interfaces/msg/detail/batterylvl__functions.h
[0.367s] -- Up-to-date symlink: /home/triqui/Documents/TFG/TFG_MS_ROS/install/pkg_interfaces/include/pkg_interfaces/msg/detail/batterylvl__struct.h
[0.367s] -- Up-to-date symlink: /home/triqui/Documents/TFG/TFG_MS_ROS/install/pkg_interfaces/include/pkg_interfaces/msg/detail/batterylvl__type_support.h
[0.368s] -- Up-to-date symlink: /home/triqui/Documents/TFG/TFG_MS_ROS/install/pkg_interfaces/include/pkg_interfaces/msg/rosidl_generator_c__visibility_control.h
[0.368s] -- Up-to-date symlink: /home/triqui/Documents/TFG/TFG_MS_ROS/install/pkg_interfaces/share/pkg_interfaces/environment/library_path.sh
[0.368s] -- Up-to-date symlink: /home/triqui/Documents/TFG/TFG_MS_ROS/install/pkg_interfaces/share/pkg_interfaces/environment/library_path.dsv
[0.369s] -- Up-to-date symlink: /home/triqui/Documents/TFG/TFG_MS_ROS/install/pkg_interfaces/include/pkg_interfaces/msg/detail/batterylvl__rosidl_typesupport_fastrtps_c.h
[0.369s] -- Up-to-date symlink: /home/triqui/Documents/TFG/TFG_MS_ROS/install/pkg_interfaces/include/pkg_interfaces/msg/rosidl_typesupport_fastrtps_c__visibility_control.h
[0.370s] -- Up-to-date symlink: /home/triqui/Documents/TFG/TFG_MS_ROS/install/pkg_interfaces/lib/libpkg_interfaces__rosidl_typesupport_fastrtps_c.so
[0.370s] -- Up-to-date symlink: /home/triqui/Documents/TFG/TFG_MS_ROS/install/pkg_interfaces/include/pkg_interfaces/msg/detail/batterylvl__rosidl_typesupport_fastrtps_cpp.hpp
[0.371s] -- Up-to-date symlink: /home/triqui/Documents/TFG/TFG_MS_ROS/install/pkg_interfaces/include/pkg_interfaces/msg/rosidl_typesupport_fastrtps_cpp__visibility_control.h
[0.371s] -- Up-to-date symlink: /home/triqui/Documents/TFG/TFG_MS_ROS/install/pkg_interfaces/lib/libpkg_interfaces__rosidl_typesupport_fastrtps_cpp.so
[0.372s] -- Up-to-date symlink: /home/triqui/Documents/TFG/TFG_MS_ROS/install/pkg_interfaces/include/pkg_interfaces/msg/detail/batterylvl__rosidl_typesupport_introspection_c.h
[0.372s] -- Up-to-date symlink: /home/triqui/Documents/TFG/TFG_MS_ROS/install/pkg_interfaces/include/pkg_interfaces/msg/rosidl_typesupport_introspection_c__visibility_control.h
[0.372s] -- Up-to-date symlink: /home/triqui/Documents/TFG/TFG_MS_ROS/install/pkg_interfaces/include/pkg_interfaces/msg/batterylvl.hpp
[0.373s] -- Up-to-date symlink: /home/triqui/Documents/TFG/TFG_MS_ROS/install/pkg_interfaces/include/pkg_interfaces/msg/detail/batterylvl__builder.hpp
[0.373s] -- Up-to-date symlink: /home/triqui/Documents/TFG/TFG_MS_ROS/install/pkg_interfaces/include/pkg_interfaces/msg/detail/batterylvl__struct.hpp
[0.373s] -- Up-to-date symlink: /home/triqui/Documents/TFG/TFG_MS_ROS/install/pkg_interfaces/include/pkg_interfaces/msg/detail/batterylvl__traits.hpp
[0.374s] -- Up-to-date symlink: /home/triqui/Documents/TFG/TFG_MS_ROS/install/pkg_interfaces/include/pkg_interfaces/msg/detail/batterylvl__rosidl_typesupport_introspection_cpp.hpp
[0.374s] -- Up-to-date symlink: /home/triqui/Documents/TFG/TFG_MS_ROS/install/pkg_interfaces/share/pkg_interfaces/environment/pythonpath.sh
[0.374s] -- Up-to-date symlink: /home/triqui/Documents/TFG/TFG_MS_ROS/install/pkg_interfaces/share/pkg_interfaces/environment/pythonpath.dsv
[0.374s] -- Up-to-date symlink: /home/triqui/Documents/TFG/TFG_MS_ROS/install/pkg_interfaces/lib/python3.8/site-packages/pkg_interfaces/__init__.py
[0.375s] -- Up-to-date symlink: /home/triqui/Documents/TFG/TFG_MS_ROS/install/pkg_interfaces/lib/python3.8/site-packages/pkg_interfaces/msg/__init__.py
[0.375s] -- Up-to-date symlink: /home/triqui/Documents/TFG/TFG_MS_ROS/install/pkg_interfaces/lib/python3.8/site-packages/pkg_interfaces/msg/_batterylvl.py
[0.376s] -- Up-to-date symlink: /home/triqui/Documents/TFG/TFG_MS_ROS/install/pkg_interfaces/lib/python3.8/site-packages/pkg_interfaces/pkg_interfaces_s__rosidl_typesupport_fastrtps_c.cpython-38-x86_64-linux-gnu.so
[0.376s] -- Up-to-date symlink: /home/triqui/Documents/TFG/TFG_MS_ROS/install/pkg_interfaces/lib/python3.8/site-packages/pkg_interfaces/pkg_interfaces_s__rosidl_typesupport_introspection_c.cpython-38-x86_64-linux-gnu.so
[0.377s] -- Up-to-date symlink: /home/triqui/Documents/TFG/TFG_MS_ROS/install/pkg_interfaces/lib/python3.8/site-packages/pkg_interfaces/pkg_interfaces_s__rosidl_typesupport_c.cpython-38-x86_64-linux-gnu.so
[0.377s] -- Up-to-date symlink: /home/triqui/Documents/TFG/TFG_MS_ROS/install/pkg_interfaces/lib/libpkg_interfaces__python.so
[0.378s] -- Up-to-date symlink: /home/triqui/Documents/TFG/TFG_MS_ROS/install/pkg_interfaces/share/pkg_interfaces/msg/Batterylvl.idl
[0.378s] -- Up-to-date symlink: /home/triqui/Documents/TFG/TFG_MS_ROS/install/pkg_interfaces/share/pkg_interfaces/msg/Batterylvl.msg
[0.378s] -- Up-to-date symlink: /home/triqui/Documents/TFG/TFG_MS_ROS/install/pkg_interfaces/share/ament_index/resource_index/package_run_dependencies/pkg_interfaces
[0.379s] -- Up-to-date symlink: /home/triqui/Documents/TFG/TFG_MS_ROS/install/pkg_interfaces/share/ament_index/resource_index/parent_prefix_path/pkg_interfaces
[0.379s] -- Up-to-date symlink: /home/triqui/Documents/TFG/TFG_MS_ROS/install/pkg_interfaces/share/pkg_interfaces/environment/ament_prefix_path.sh
[0.379s] -- Up-to-date symlink: /home/triqui/Documents/TFG/TFG_MS_ROS/install/pkg_interfaces/share/pkg_interfaces/environment/ament_prefix_path.dsv
[0.380s] -- Up-to-date symlink: /home/triqui/Documents/TFG/TFG_MS_ROS/install/pkg_interfaces/share/pkg_interfaces/environment/path.sh
[0.380s] -- Up-to-date symlink: /home/triqui/Documents/TFG/TFG_MS_ROS/install/pkg_interfaces/share/pkg_interfaces/environment/path.dsv
[0.380s] -- Up-to-date symlink: /home/triqui/Documents/TFG/TFG_MS_ROS/install/pkg_interfaces/share/pkg_interfaces/local_setup.bash
[0.381s] -- Up-to-date symlink: /home/triqui/Documents/TFG/TFG_MS_ROS/install/pkg_interfaces/share/pkg_interfaces/local_setup.sh
[0.382s] -- Up-to-date symlink: /home/triqui/Documents/TFG/TFG_MS_ROS/install/pkg_interfaces/share/pkg_interfaces/local_setup.zsh
[0.383s] -- Up-to-date symlink: /home/triqui/Documents/TFG/TFG_MS_ROS/install/pkg_interfaces/share/pkg_interfaces/local_setup.dsv
[0.383s] -- Symlinking: /home/triqui/Documents/TFG/TFG_MS_ROS/install/pkg_interfaces/share/pkg_interfaces/package.dsv
[0.394s] -- Up-to-date symlink: /home/triqui/Documents/TFG/TFG_MS_ROS/install/pkg_interfaces/share/ament_index/resource_index/packages/pkg_interfaces
[0.395s] -- Up-to-date symlink: /home/triqui/Documents/TFG/TFG_MS_ROS/install/pkg_interfaces/share/pkg_interfaces/cmake/rosidl_cmake-extras.cmake
[0.395s] -- Up-to-date symlink: /home/triqui/Documents/TFG/TFG_MS_ROS/install/pkg_interfaces/share/pkg_interfaces/cmake/ament_cmake_export_dependencies-extras.cmake
[0.395s] -- Up-to-date symlink: /home/triqui/Documents/TFG/TFG_MS_ROS/install/pkg_interfaces/share/pkg_interfaces/cmake/ament_cmake_export_libraries-extras.cmake
[0.396s] -- Up-to-date symlink: /home/triqui/Documents/TFG/TFG_MS_ROS/install/pkg_interfaces/share/pkg_interfaces/cmake/ament_cmake_export_targets-extras.cmake
[0.396s] -- Up-to-date symlink: /home/triqui/Documents/TFG/TFG_MS_ROS/install/pkg_interfaces/share/pkg_interfaces/cmake/ament_cmake_export_include_directories-extras.cmake
[0.396s] -- Up-to-date symlink: /home/triqui/Documents/TFG/TFG_MS_ROS/install/pkg_interfaces/share/pkg_interfaces/cmake/rosidl_cmake_export_typesupport_libraries-extras.cmake
[0.397s] -- Up-to-date symlink: /home/triqui/Documents/TFG/TFG_MS_ROS/install/pkg_interfaces/share/pkg_interfaces/cmake/rosidl_cmake_export_typesupport_targets-extras.cmake
[0.397s] -- Up-to-date symlink: /home/triqui/Documents/TFG/TFG_MS_ROS/install/pkg_interfaces/share/pkg_interfaces/cmake/pkg_interfacesConfig.cmake
[0.397s] -- Up-to-date symlink: /home/triqui/Documents/TFG/TFG_MS_ROS/install/pkg_interfaces/share/pkg_interfaces/cmake/pkg_interfacesConfig-version.cmake
[0.398s] -- Up-to-date symlink: /home/triqui/Documents/TFG/TFG_MS_ROS/install/pkg_interfaces/share/pkg_interfaces/package.xml
[0.398s] -- Up-to-date: /home/triqui/Documents/TFG/TFG_MS_ROS/install/pkg_interfaces/lib/libpkg_interfaces__rosidl_generator_c.so
[0.398s] -- Up-to-date: /home/triqui/Documents/TFG/TFG_MS_ROS/install/pkg_interfaces/lib/libpkg_interfaces__rosidl_typesupport_introspection_c.so
[0.399s] -- Up-to-date: /home/triqui/Documents/TFG/TFG_MS_ROS/install/pkg_interfaces/lib/libpkg_interfaces__rosidl_typesupport_c.so
[0.400s] -- Up-to-date: /home/triqui/Documents/TFG/TFG_MS_ROS/install/pkg_interfaces/lib/libpkg_interfaces__rosidl_typesupport_introspection_cpp.so
[0.400s] -- Up-to-date: /home/triqui/Documents/TFG/TFG_MS_ROS/install/pkg_interfaces/lib/libpkg_interfaces__rosidl_typesupport_cpp.so
[0.449s] -- Up-to-date: /home/triqui/Documents/TFG/TFG_MS_ROS/install/pkg_interfaces/share/pkg_interfaces/cmake/pkg_interfaces__rosidl_generator_cExport.cmake
[0.449s] -- Up-to-date: /home/triqui/Documents/TFG/TFG_MS_ROS/install/pkg_interfaces/share/pkg_interfaces/cmake/pkg_interfaces__rosidl_generator_cExport-noconfig.cmake
[0.449s] -- Up-to-date: /home/triqui/Documents/TFG/TFG_MS_ROS/install/pkg_interfaces/share/pkg_interfaces/cmake/pkg_interfaces__rosidl_typesupport_introspection_cExport.cmake
[0.450s] -- Up-to-date: /home/triqui/Documents/TFG/TFG_MS_ROS/install/pkg_interfaces/share/pkg_interfaces/cmake/pkg_interfaces__rosidl_typesupport_introspection_cExport-noconfig.cmake
[0.451s] -- Up-to-date: /home/triqui/Documents/TFG/TFG_MS_ROS/install/pkg_interfaces/share/pkg_interfaces/cmake/pkg_interfaces__rosidl_typesupport_cExport.cmake
[0.451s] -- Up-to-date: /home/triqui/Documents/TFG/TFG_MS_ROS/install/pkg_interfaces/share/pkg_interfaces/cmake/pkg_interfaces__rosidl_typesupport_cExport-noconfig.cmake
[0.451s] -- Up-to-date: /home/triqui/Documents/TFG/TFG_MS_ROS/install/pkg_interfaces/share/pkg_interfaces/cmake/pkg_interfaces__rosidl_generator_cppExport.cmake
[0.451s] -- Up-to-date: /home/triqui/Documents/TFG/TFG_MS_ROS/install/pkg_interfaces/share/pkg_interfaces/cmake/pkg_interfaces__rosidl_typesupport_introspection_cppExport.cmake
[0.451s] -- Up-to-date: /home/triqui/Documents/TFG/TFG_MS_ROS/install/pkg_interfaces/share/pkg_interfaces/cmake/pkg_interfaces__rosidl_typesupport_introspection_cppExport-noconfig.cmake
[0.451s] -- Up-to-date: /home/triqui/Documents/TFG/TFG_MS_ROS/install/pkg_interfaces/share/pkg_interfaces/cmake/pkg_interfaces__rosidl_typesupport_cppExport.cmake
[0.451s] -- Up-to-date: /home/triqui/Documents/TFG/TFG_MS_ROS/install/pkg_interfaces/share/pkg_interfaces/cmake/pkg_interfaces__rosidl_typesupport_cppExport-noconfig.cmake
[0.454s] Invoked command in '/home/triqui/Documents/TFG/TFG_MS_ROS/build/pkg_interfaces' returned '0': CMAKE_PREFIX_PATH=${CMAKE_PREFIX_PATH}:/home/triqui/Documents/TFG/TFG_MS_ROS/install/my_battery_package:/home/triqui/turtlebot3_ws/install/turtlebot3_teleop:/home/triqui/turtlebot3_ws/install/turtlebot3_example:/opt/ros/foxy /usr/bin/cmake --install /home/triqui/Documents/TFG/TFG_MS_ROS/build/pkg_interfaces
