[0.022s] Invoking command in '/home/triqui/Documents/TFG/TFG_MS_ROS/build/pkg_interfaces': CMAKE_PREFIX_PATH=${CMAKE_PREFIX_PATH}:/home/triqui/Documents/TFG/TFG_MS_ROS/install/my_battery_package:/home/triqui/turtlebot3_ws/install/turtlebot3_teleop:/home/triqui/turtlebot3_ws/install/turtlebot3_example:/opt/ros/foxy /usr/bin/cmake --build /home/triqui/Documents/TFG/TFG_MS_ROS/build/pkg_interfaces -- -j4 -l4
[0.095s] [  3%] Built target pkg_interfaces__cpp
[0.101s] [ 12%] Built target pkg_interfaces__rosidl_generator_c
[0.132s] [ 22%] Built target pkg_interfaces__rosidl_typesupport_cpp
[0.137s] [ 32%] Built target pkg_interfaces__rosidl_typesupport_introspection_cpp
[0.141s] [ 41%] Built target pkg_interfaces__rosidl_typesupport_fastrtps_cpp
[0.153s] [ 51%] Built target pkg_interfaces__rosidl_typesupport_c
[0.161s] [ 61%] Built target pkg_interfaces__rosidl_typesupport_introspection_c
[0.183s] [ 70%] Built target pkg_interfaces__rosidl_typesupport_fastrtps_c
[0.211s] [ 70%] Built target pkg_interfaces
[0.238s] [ 74%] Built target pkg_interfaces__py
[0.270s] [ 80%] Built target pkg_interfaces__python
[0.304s] [ 87%] Built target pkg_interfaces__rosidl_typesupport_introspection_c__pyext
[0.307s] [ 93%] Built target pkg_interfaces__rosidl_typesupport_fastrtps_c__pyext
[0.312s] [100%] Built target pkg_interfaces__rosidl_typesupport_c__pyext
[0.326s] Invoked command in '/home/triqui/Documents/TFG/TFG_MS_ROS/build/pkg_interfaces' returned '0': CMAKE_PREFIX_PATH=${CMAKE_PREFIX_PATH}:/home/triqui/Documents/TFG/TFG_MS_ROS/install/my_battery_package:/home/triqui/turtlebot3_ws/install/turtlebot3_teleop:/home/triqui/turtlebot3_ws/install/turtlebot3_example:/opt/ros/foxy /usr/bin/cmake --build /home/triqui/Documents/TFG/TFG_MS_ROS/build/pkg_interfaces -- -j4 -l4
[0.414s] Invoking command in '/home/triqui/Documents/TFG/TFG_MS_ROS/build/pkg_interfaces': CMAKE_PREFIX_PATH=${CMAKE_PREFIX_PATH}:/home/triqui/Documents/TFG/TFG_MS_ROS/install/my_battery_package:/home/triqui/turtlebot3_ws/install/turtlebot3_teleop:/home/triqui/turtlebot3_ws/install/turtlebot3_example:/opt/ros/foxy /usr/bin/cmake --install /home/triqui/Documents/TFG/TFG_MS_ROS/build/pkg_interfaces
[0.425s] -- Install configuration: ""
[0.425s] -- Execute custom install script
[0.426s] -- Up-to-date symlink: /home/triqui/Documents/TFG/TFG_MS_ROS/install/pkg_interfaces/share/ament_index/resource_index/rosidl_interfaces/pkg_interfaces
[0.426s] -- Up-to-date symlink: /home/triqui/Documents/TFG/TFG_MS_ROS/install/pkg_interfaces/include/pkg_interfaces/msg/batterylvl.h
[0.427s] -- Up-to-date symlink: /home/triqui/Documents/TFG/TFG_MS_ROS/install/pkg_interfaces/include/pkg_interfaces/msg/detail/batterylvl__functions.h
[0.427s] -- Up-to-date symlink: /home/triqui/Documents/TFG/TFG_MS_ROS/install/pkg_interfaces/include/pkg_interfaces/msg/detail/batterylvl__struct.h
[0.428s] -- Up-to-date symlink: /home/triqui/Documents/TFG/TFG_MS_ROS/install/pkg_interfaces/include/pkg_interfaces/msg/detail/batterylvl__type_support.h
[0.428s] -- Up-to-date symlink: /home/triqui/Documents/TFG/TFG_MS_ROS/install/pkg_interfaces/include/pkg_interfaces/msg/rosidl_generator_c__visibility_control.h
[0.428s] -- Up-to-date symlink: /home/triqui/Documents/TFG/TFG_MS_ROS/install/pkg_interfaces/share/pkg_interfaces/environment/library_path.sh
[0.428s] -- Up-to-date symlink: /home/triqui/Documents/TFG/TFG_MS_ROS/install/pkg_interfaces/share/pkg_interfaces/environment/library_path.dsv
[0.429s] -- Up-to-date symlink: /home/triqui/Documents/TFG/TFG_MS_ROS/install/pkg_interfaces/include/pkg_interfaces/msg/detail/batterylvl__rosidl_typesupport_fastrtps_c.h
[0.430s] -- Up-to-date symlink: /home/triqui/Documents/TFG/TFG_MS_ROS/install/pkg_interfaces/include/pkg_interfaces/msg/rosidl_typesupport_fastrtps_c__visibility_control.h
[0.430s] -- Up-to-date symlink: /home/triqui/Documents/TFG/TFG_MS_ROS/install/pkg_interfaces/lib/libpkg_interfaces__rosidl_typesupport_fastrtps_c.so
[0.430s] -- Up-to-date symlink: /home/triqui/Documents/TFG/TFG_MS_ROS/install/pkg_interfaces/include/pkg_interfaces/msg/detail/batterylvl__rosidl_typesupport_fastrtps_cpp.hpp
[0.430s] -- Up-to-date symlink: /home/triqui/Documents/TFG/TFG_MS_ROS/install/pkg_interfaces/include/pkg_interfaces/msg/rosidl_typesupport_fastrtps_cpp__visibility_control.h
[0.431s] -- Up-to-date symlink: /home/triqui/Documents/TFG/TFG_MS_ROS/install/pkg_interfaces/lib/libpkg_interfaces__rosidl_typesupport_fastrtps_cpp.so
[0.431s] -- Up-to-date symlink: /home/triqui/Documents/TFG/TFG_MS_ROS/install/pkg_interfaces/include/pkg_interfaces/msg/detail/batterylvl__rosidl_typesupport_introspection_c.h
[0.432s] -- Up-to-date symlink: /home/triqui/Documents/TFG/TFG_MS_ROS/install/pkg_interfaces/include/pkg_interfaces/msg/rosidl_typesupport_introspection_c__visibility_control.h
[0.432s] -- Up-to-date symlink: /home/triqui/Documents/TFG/TFG_MS_ROS/install/pkg_interfaces/include/pkg_interfaces/msg/batterylvl.hpp
[0.432s] -- Up-to-date symlink: /home/triqui/Documents/TFG/TFG_MS_ROS/install/pkg_interfaces/include/pkg_interfaces/msg/detail/batterylvl__builder.hpp
[0.433s] -- Up-to-date symlink: /home/triqui/Documents/TFG/TFG_MS_ROS/install/pkg_interfaces/include/pkg_interfaces/msg/detail/batterylvl__struct.hpp
[0.433s] -- Up-to-date symlink: /home/triqui/Documents/TFG/TFG_MS_ROS/install/pkg_interfaces/include/pkg_interfaces/msg/detail/batterylvl__traits.hpp
[0.433s] -- Up-to-date symlink: /home/triqui/Documents/TFG/TFG_MS_ROS/install/pkg_interfaces/include/pkg_interfaces/msg/detail/batterylvl__rosidl_typesupport_introspection_cpp.hpp
[0.434s] -- Up-to-date symlink: /home/triqui/Documents/TFG/TFG_MS_ROS/install/pkg_interfaces/share/pkg_interfaces/environment/pythonpath.sh
[0.434s] -- Up-to-date symlink: /home/triqui/Documents/TFG/TFG_MS_ROS/install/pkg_interfaces/share/pkg_interfaces/environment/pythonpath.dsv
[0.434s] -- Up-to-date symlink: /home/triqui/Documents/TFG/TFG_MS_ROS/install/pkg_interfaces/lib/python3.8/site-packages/pkg_interfaces/__init__.py
[0.435s] -- Up-to-date symlink: /home/triqui/Documents/TFG/TFG_MS_ROS/install/pkg_interfaces/lib/python3.8/site-packages/pkg_interfaces/msg/__init__.py
[0.435s] -- Up-to-date symlink: /home/triqui/Documents/TFG/TFG_MS_ROS/install/pkg_interfaces/lib/python3.8/site-packages/pkg_interfaces/msg/_batterylvl.py
[0.436s] -- Up-to-date symlink: /home/triqui/Documents/TFG/TFG_MS_ROS/install/pkg_interfaces/lib/python3.8/site-packages/pkg_interfaces/pkg_interfaces_s__rosidl_typesupport_fastrtps_c.cpython-38-x86_64-linux-gnu.so
[0.436s] -- Up-to-date symlink: /home/triqui/Documents/TFG/TFG_MS_ROS/install/pkg_interfaces/lib/python3.8/site-packages/pkg_interfaces/pkg_interfaces_s__rosidl_typesupport_introspection_c.cpython-38-x86_64-linux-gnu.so
[0.437s] -- Up-to-date symlink: /home/triqui/Documents/TFG/TFG_MS_ROS/install/pkg_interfaces/lib/python3.8/site-packages/pkg_interfaces/pkg_interfaces_s__rosidl_typesupport_c.cpython-38-x86_64-linux-gnu.so
[0.437s] -- Up-to-date symlink: /home/triqui/Documents/TFG/TFG_MS_ROS/install/pkg_interfaces/lib/libpkg_interfaces__python.so
[0.438s] -- Up-to-date symlink: /home/triqui/Documents/TFG/TFG_MS_ROS/install/pkg_interfaces/share/pkg_interfaces/msg/Batterylvl.idl
[0.438s] -- Up-to-date symlink: /home/triqui/Documents/TFG/TFG_MS_ROS/install/pkg_interfaces/share/pkg_interfaces/msg/Batterylvl.msg
[0.438s] -- Up-to-date symlink: /home/triqui/Documents/TFG/TFG_MS_ROS/install/pkg_interfaces/share/ament_index/resource_index/package_run_dependencies/pkg_interfaces
[0.439s] -- Up-to-date symlink: /home/triqui/Documents/TFG/TFG_MS_ROS/install/pkg_interfaces/share/ament_index/resource_index/parent_prefix_path/pkg_interfaces
[0.439s] -- Up-to-date symlink: /home/triqui/Documents/TFG/TFG_MS_ROS/install/pkg_interfaces/share/pkg_interfaces/environment/ament_prefix_path.sh
[0.439s] -- Up-to-date symlink: /home/triqui/Documents/TFG/TFG_MS_ROS/install/pkg_interfaces/share/pkg_interfaces/environment/ament_prefix_path.dsv
[0.440s] -- Up-to-date symlink: /home/triqui/Documents/TFG/TFG_MS_ROS/install/pkg_interfaces/share/pkg_interfaces/environment/path.sh
[0.440s] -- Up-to-date symlink: /home/triqui/Documents/TFG/TFG_MS_ROS/install/pkg_interfaces/share/pkg_interfaces/environment/path.dsv
[0.440s] -- Up-to-date symlink: /home/triqui/Documents/TFG/TFG_MS_ROS/install/pkg_interfaces/share/pkg_interfaces/local_setup.bash
[0.440s] -- Up-to-date symlink: /home/triqui/Documents/TFG/TFG_MS_ROS/install/pkg_interfaces/share/pkg_interfaces/local_setup.sh
[0.441s] -- Up-to-date symlink: /home/triqui/Documents/TFG/TFG_MS_ROS/install/pkg_interfaces/share/pkg_interfaces/local_setup.zsh
[0.441s] -- Up-to-date symlink: /home/triqui/Documents/TFG/TFG_MS_ROS/install/pkg_interfaces/share/pkg_interfaces/local_setup.dsv
[0.441s] -- Symlinking: /home/triqui/Documents/TFG/TFG_MS_ROS/install/pkg_interfaces/share/pkg_interfaces/package.dsv
[0.453s] -- Up-to-date symlink: /home/triqui/Documents/TFG/TFG_MS_ROS/install/pkg_interfaces/share/ament_index/resource_index/packages/pkg_interfaces
[0.454s] -- Up-to-date symlink: /home/triqui/Documents/TFG/TFG_MS_ROS/install/pkg_interfaces/share/pkg_interfaces/cmake/rosidl_cmake-extras.cmake
[0.454s] -- Up-to-date symlink: /home/triqui/Documents/TFG/TFG_MS_ROS/install/pkg_interfaces/share/pkg_interfaces/cmake/ament_cmake_export_dependencies-extras.cmake
[0.454s] -- Up-to-date symlink: /home/triqui/Documents/TFG/TFG_MS_ROS/install/pkg_interfaces/share/pkg_interfaces/cmake/ament_cmake_export_libraries-extras.cmake
[0.455s] -- Up-to-date symlink: /home/triqui/Documents/TFG/TFG_MS_ROS/install/pkg_interfaces/share/pkg_interfaces/cmake/ament_cmake_export_targets-extras.cmake
[0.455s] -- Up-to-date symlink: /home/triqui/Documents/TFG/TFG_MS_ROS/install/pkg_interfaces/share/pkg_interfaces/cmake/ament_cmake_export_include_directories-extras.cmake
[0.456s] -- Up-to-date symlink: /home/triqui/Documents/TFG/TFG_MS_ROS/install/pkg_interfaces/share/pkg_interfaces/cmake/rosidl_cmake_export_typesupport_libraries-extras.cmake
[0.456s] -- Up-to-date symlink: /home/triqui/Documents/TFG/TFG_MS_ROS/install/pkg_interfaces/share/pkg_interfaces/cmake/rosidl_cmake_export_typesupport_targets-extras.cmake
[0.456s] -- Up-to-date symlink: /home/triqui/Documents/TFG/TFG_MS_ROS/install/pkg_interfaces/share/pkg_interfaces/cmake/pkg_interfacesConfig.cmake
[0.456s] -- Up-to-date symlink: /home/triqui/Documents/TFG/TFG_MS_ROS/install/pkg_interfaces/share/pkg_interfaces/cmake/pkg_interfacesConfig-version.cmake
[0.457s] -- Up-to-date symlink: /home/triqui/Documents/TFG/TFG_MS_ROS/install/pkg_interfaces/share/pkg_interfaces/package.xml
[0.457s] -- Up-to-date: /home/triqui/Documents/TFG/TFG_MS_ROS/install/pkg_interfaces/lib/libpkg_interfaces__rosidl_generator_c.so
[0.457s] -- Up-to-date: /home/triqui/Documents/TFG/TFG_MS_ROS/install/pkg_interfaces/lib/libpkg_interfaces__rosidl_typesupport_introspection_c.so
[0.458s] -- Up-to-date: /home/triqui/Documents/TFG/TFG_MS_ROS/install/pkg_interfaces/lib/libpkg_interfaces__rosidl_typesupport_c.so
[0.459s] -- Up-to-date: /home/triqui/Documents/TFG/TFG_MS_ROS/install/pkg_interfaces/lib/libpkg_interfaces__rosidl_typesupport_introspection_cpp.so
[0.460s] -- Up-to-date: /home/triqui/Documents/TFG/TFG_MS_ROS/install/pkg_interfaces/lib/libpkg_interfaces__rosidl_typesupport_cpp.so
[0.509s] -- Up-to-date: /home/triqui/Documents/TFG/TFG_MS_ROS/install/pkg_interfaces/share/pkg_interfaces/cmake/pkg_interfaces__rosidl_generator_cExport.cmake
[0.509s] -- Up-to-date: /home/triqui/Documents/TFG/TFG_MS_ROS/install/pkg_interfaces/share/pkg_interfaces/cmake/pkg_interfaces__rosidl_generator_cExport-noconfig.cmake
[0.510s] -- Up-to-date: /home/triqui/Documents/TFG/TFG_MS_ROS/install/pkg_interfaces/share/pkg_interfaces/cmake/pkg_interfaces__rosidl_typesupport_introspection_cExport.cmake
[0.510s] -- Up-to-date: /home/triqui/Documents/TFG/TFG_MS_ROS/install/pkg_interfaces/share/pkg_interfaces/cmake/pkg_interfaces__rosidl_typesupport_introspection_cExport-noconfig.cmake
[0.510s] -- Up-to-date: /home/triqui/Documents/TFG/TFG_MS_ROS/install/pkg_interfaces/share/pkg_interfaces/cmake/pkg_interfaces__rosidl_typesupport_cExport.cmake
[0.510s] -- Up-to-date: /home/triqui/Documents/TFG/TFG_MS_ROS/install/pkg_interfaces/share/pkg_interfaces/cmake/pkg_interfaces__rosidl_typesupport_cExport-noconfig.cmake
[0.510s] -- Up-to-date: /home/triqui/Documents/TFG/TFG_MS_ROS/install/pkg_interfaces/share/pkg_interfaces/cmake/pkg_interfaces__rosidl_generator_cppExport.cmake
[0.510s] -- Up-to-date: /home/triqui/Documents/TFG/TFG_MS_ROS/install/pkg_interfaces/share/pkg_interfaces/cmake/pkg_interfaces__rosidl_typesupport_introspection_cppExport.cmake
[0.510s] -- Up-to-date: /home/triqui/Documents/TFG/TFG_MS_ROS/install/pkg_interfaces/share/pkg_interfaces/cmake/pkg_interfaces__rosidl_typesupport_introspection_cppExport-noconfig.cmake
[0.510s] -- Up-to-date: /home/triqui/Documents/TFG/TFG_MS_ROS/install/pkg_interfaces/share/pkg_interfaces/cmake/pkg_interfaces__rosidl_typesupport_cppExport.cmake
[0.510s] -- Up-to-date: /home/triqui/Documents/TFG/TFG_MS_ROS/install/pkg_interfaces/share/pkg_interfaces/cmake/pkg_interfaces__rosidl_typesupport_cppExport-noconfig.cmake
[0.515s] Invoked command in '/home/triqui/Documents/TFG/TFG_MS_ROS/build/pkg_interfaces' returned '0': CMAKE_PREFIX_PATH=${CMAKE_PREFIX_PATH}:/home/triqui/Documents/TFG/TFG_MS_ROS/install/my_battery_package:/home/triqui/turtlebot3_ws/install/turtlebot3_teleop:/home/triqui/turtlebot3_ws/install/turtlebot3_example:/opt/ros/foxy /usr/bin/cmake --install /home/triqui/Documents/TFG/TFG_MS_ROS/build/pkg_interfaces
