[0.078s] Invoking command in '/home/triqui/Documents/TFG/TFG_MS_ROS/ros_ws/build/turtlebot3_gazebo': CMAKE_PREFIX_PATH=${CMAKE_PREFIX_PATH}:/home/triqui/Documents/TFG/TFG_MS_ROS/ros_ws/install/rover_teleop:/home/triqui/Documents/TFG/TFG_MS_ROS/ros_ws/install/rover_motor_controller:/home/triqui/Documents/TFG/TFG_MS_ROS/ros_ws/install/my_battery_package:/home/triqui/Documents/TFG/TFG_MS_ROS/ros_ws/install/ms_sub:/opt/ros/foxy /usr/bin/cmake --build /home/triqui/Documents/TFG/TFG_MS_ROS/ros_ws/build/turtlebot3_gazebo -- -j4 -l4
[0.266s] [ 25%] Built target obstacles
[0.410s] [ 50%] Built target obstacle2
[0.457s] [ 75%] Built target obstacle1
[0.473s] [100%] Built target turtlebot3_drive
[0.527s] Invoked command in '/home/triqui/Documents/TFG/TFG_MS_ROS/ros_ws/build/turtlebot3_gazebo' returned '0': CMAKE_PREFIX_PATH=${CMAKE_PREFIX_PATH}:/home/triqui/Documents/TFG/TFG_MS_ROS/ros_ws/install/rover_teleop:/home/triqui/Documents/TFG/TFG_MS_ROS/ros_ws/install/rover_motor_controller:/home/triqui/Documents/TFG/TFG_MS_ROS/ros_ws/install/my_battery_package:/home/triqui/Documents/TFG/TFG_MS_ROS/ros_ws/install/ms_sub:/opt/ros/foxy /usr/bin/cmake --build /home/triqui/Documents/TFG/TFG_MS_ROS/ros_ws/build/turtlebot3_gazebo -- -j4 -l4
[0.965s] Invoking command in '/home/triqui/Documents/TFG/TFG_MS_ROS/ros_ws/build/turtlebot3_gazebo': CMAKE_PREFIX_PATH=${CMAKE_PREFIX_PATH}:/home/triqui/Documents/TFG/TFG_MS_ROS/ros_ws/install/rover_teleop:/home/triqui/Documents/TFG/TFG_MS_ROS/ros_ws/install/rover_motor_controller:/home/triqui/Documents/TFG/TFG_MS_ROS/ros_ws/install/my_battery_package:/home/triqui/Documents/TFG/TFG_MS_ROS/ros_ws/install/ms_sub:/opt/ros/foxy /usr/bin/cmake --install /home/triqui/Documents/TFG/TFG_MS_ROS/ros_ws/build/turtlebot3_gazebo
[1.015s] -- Install configuration: ""
[1.015s] -- Execute custom install script
[1.015s] -- Up-to-date symlink: /home/triqui/Documents/TFG/TFG_MS_ROS/ros_ws/install/turtlebot3_gazebo/lib/turtlebot3_gazebo/turtlebot3_drive
[1.015s] -- Up-to-date symlink: /home/triqui/Documents/TFG/TFG_MS_ROS/ros_ws/install/turtlebot3_gazebo/share/turtlebot3_gazebo//launch/empty_world.launch.py
[1.015s] -- Up-to-date symlink: /home/triqui/Documents/TFG/TFG_MS_ROS/ros_ws/install/turtlebot3_gazebo/share/turtlebot3_gazebo//launch/robot_state_publisher.launch.py
[1.015s] -- Up-to-date symlink: /home/triqui/Documents/TFG/TFG_MS_ROS/ros_ws/install/turtlebot3_gazebo/share/turtlebot3_gazebo//launch/turtlebot3_autorace.launch.py
[1.015s] -- Up-to-date symlink: /home/triqui/Documents/TFG/TFG_MS_ROS/ros_ws/install/turtlebot3_gazebo/share/turtlebot3_gazebo//launch/turtlebot3_dqn_stage1.launch.py
[1.015s] -- Up-to-date symlink: /home/triqui/Documents/TFG/TFG_MS_ROS/ros_ws/install/turtlebot3_gazebo/share/turtlebot3_gazebo//launch/turtlebot3_dqn_stage2.launch.py
[1.015s] -- Up-to-date symlink: /home/triqui/Documents/TFG/TFG_MS_ROS/ros_ws/install/turtlebot3_gazebo/share/turtlebot3_gazebo//launch/turtlebot3_dqn_stage3.launch.py
[1.015s] -- Up-to-date symlink: /home/triqui/Documents/TFG/TFG_MS_ROS/ros_ws/install/turtlebot3_gazebo/share/turtlebot3_gazebo//launch/turtlebot3_dqn_stage4.launch.py
[1.015s] -- Up-to-date symlink: /home/triqui/Documents/TFG/TFG_MS_ROS/ros_ws/install/turtlebot3_gazebo/share/turtlebot3_gazebo//launch/turtlebot3_house.launch.py
[1.015s] -- Up-to-date symlink: /home/triqui/Documents/TFG/TFG_MS_ROS/ros_ws/install/turtlebot3_gazebo/share/turtlebot3_gazebo//launch/turtlebot3_world.launch.py
[1.016s] -- Up-to-date symlink: /home/triqui/Documents/TFG/TFG_MS_ROS/ros_ws/install/turtlebot3_gazebo/share/turtlebot3_gazebo//models/turtlebot3_autorace/course/materials/scripts/course.material
[1.016s] -- Up-to-date symlink: /home/triqui/Documents/TFG/TFG_MS_ROS/ros_ws/install/turtlebot3_gazebo/share/turtlebot3_gazebo//models/turtlebot3_autorace/course/materials/textures/course.png
[1.016s] -- Up-to-date symlink: /home/triqui/Documents/TFG/TFG_MS_ROS/ros_ws/install/turtlebot3_gazebo/share/turtlebot3_gazebo//models/turtlebot3_autorace/course/model.config
[1.016s] -- Up-to-date symlink: /home/triqui/Documents/TFG/TFG_MS_ROS/ros_ws/install/turtlebot3_gazebo/share/turtlebot3_gazebo//models/turtlebot3_autorace/course/model.sdf
[1.016s] -- Up-to-date symlink: /home/triqui/Documents/TFG/TFG_MS_ROS/ros_ws/install/turtlebot3_gazebo/share/turtlebot3_gazebo//models/turtlebot3_autorace/ground/model.config
[1.016s] -- Up-to-date symlink: /home/triqui/Documents/TFG/TFG_MS_ROS/ros_ws/install/turtlebot3_gazebo/share/turtlebot3_gazebo//models/turtlebot3_autorace/ground/model.sdf
[1.016s] -- Up-to-date symlink: /home/triqui/Documents/TFG/TFG_MS_ROS/ros_ws/install/turtlebot3_gazebo/share/turtlebot3_gazebo//models/turtlebot3_autorace/lights/model.config
[1.016s] -- Up-to-date symlink: /home/triqui/Documents/TFG/TFG_MS_ROS/ros_ws/install/turtlebot3_gazebo/share/turtlebot3_gazebo//models/turtlebot3_autorace/lights/model.sdf
[1.016s] -- Up-to-date symlink: /home/triqui/Documents/TFG/TFG_MS_ROS/ros_ws/install/turtlebot3_gazebo/share/turtlebot3_gazebo//models/turtlebot3_autorace/model.config
[1.016s] -- Up-to-date symlink: /home/triqui/Documents/TFG/TFG_MS_ROS/ros_ws/install/turtlebot3_gazebo/share/turtlebot3_gazebo//models/turtlebot3_autorace/traffic_bar_down/materials/scripts/traffic_bar.material
[1.016s] -- Up-to-date symlink: /home/triqui/Documents/TFG/TFG_MS_ROS/ros_ws/install/turtlebot3_gazebo/share/turtlebot3_gazebo//models/turtlebot3_autorace/traffic_bar_down/materials/textures/traffic_bar.png
[1.016s] -- Up-to-date symlink: /home/triqui/Documents/TFG/TFG_MS_ROS/ros_ws/install/turtlebot3_gazebo/share/turtlebot3_gazebo//models/turtlebot3_autorace/traffic_bar_down/model.config
[1.016s] -- Up-to-date symlink: /home/triqui/Documents/TFG/TFG_MS_ROS/ros_ws/install/turtlebot3_gazebo/share/turtlebot3_gazebo//models/turtlebot3_autorace/traffic_bar_down/model.sdf
[1.017s] -- Up-to-date symlink: /home/triqui/Documents/TFG/TFG_MS_ROS/ros_ws/install/turtlebot3_gazebo/share/turtlebot3_gazebo//models/turtlebot3_autorace/traffic_bar_up/materials/scripts/traffic_bar.material
[1.025s] -- Up-to-date symlink: /home/triqui/Documents/TFG/TFG_MS_ROS/ros_ws/install/turtlebot3_gazebo/share/turtlebot3_gazebo//models/turtlebot3_autorace/traffic_bar_up/materials/textures/traffic_bar.png
[1.025s] -- Up-to-date symlink: /home/triqui/Documents/TFG/TFG_MS_ROS/ros_ws/install/turtlebot3_gazebo/share/turtlebot3_gazebo//models/turtlebot3_autorace/traffic_bar_up/model.config
[1.025s] -- Up-to-date symlink: /home/triqui/Documents/TFG/TFG_MS_ROS/ros_ws/install/turtlebot3_gazebo/share/turtlebot3_gazebo//models/turtlebot3_autorace/traffic_bar_up/model.sdf
[1.025s] -- Up-to-date symlink: /home/triqui/Documents/TFG/TFG_MS_ROS/ros_ws/install/turtlebot3_gazebo/share/turtlebot3_gazebo//models/turtlebot3_autorace/traffic_light_green/model.config
[1.025s] -- Up-to-date symlink: /home/triqui/Documents/TFG/TFG_MS_ROS/ros_ws/install/turtlebot3_gazebo/share/turtlebot3_gazebo//models/turtlebot3_autorace/traffic_light_green/model.sdf
[1.026s] -- Up-to-date symlink: /home/triqui/Documents/TFG/TFG_MS_ROS/ros_ws/install/turtlebot3_gazebo/share/turtlebot3_gazebo//models/turtlebot3_autorace/traffic_light_red/model.config
[1.026s] -- Up-to-date symlink: /home/triqui/Documents/TFG/TFG_MS_ROS/ros_ws/install/turtlebot3_gazebo/share/turtlebot3_gazebo//models/turtlebot3_autorace/traffic_light_red/model.sdf
[1.026s] -- Up-to-date symlink: /home/triqui/Documents/TFG/TFG_MS_ROS/ros_ws/install/turtlebot3_gazebo/share/turtlebot3_gazebo//models/turtlebot3_autorace/traffic_light_yellow/model.config
[1.026s] -- Up-to-date symlink: /home/triqui/Documents/TFG/TFG_MS_ROS/ros_ws/install/turtlebot3_gazebo/share/turtlebot3_gazebo//models/turtlebot3_autorace/traffic_light_yellow/model.sdf
[1.026s] -- Up-to-date symlink: /home/triqui/Documents/TFG/TFG_MS_ROS/ros_ws/install/turtlebot3_gazebo/share/turtlebot3_gazebo//models/turtlebot3_autorace/traffic_parking/materials/scripts/traffic_parking.material
[1.026s] -- Up-to-date symlink: /home/triqui/Documents/TFG/TFG_MS_ROS/ros_ws/install/turtlebot3_gazebo/share/turtlebot3_gazebo//models/turtlebot3_autorace/traffic_parking/materials/textures/traffic_parking.png
[1.026s] -- Up-to-date symlink: /home/triqui/Documents/TFG/TFG_MS_ROS/ros_ws/install/turtlebot3_gazebo/share/turtlebot3_gazebo//models/turtlebot3_autorace/traffic_parking/model.config
[1.027s] -- Up-to-date symlink: /home/triqui/Documents/TFG/TFG_MS_ROS/ros_ws/install/turtlebot3_gazebo/share/turtlebot3_gazebo//models/turtlebot3_autorace/traffic_parking/model.sdf
[1.027s] -- Up-to-date symlink: /home/triqui/Documents/TFG/TFG_MS_ROS/ros_ws/install/turtlebot3_gazebo/share/turtlebot3_gazebo//models/turtlebot3_autorace/traffic_stop/materials/scripts/traffic_stop.material
[1.027s] -- Up-to-date symlink: /home/triqui/Documents/TFG/TFG_MS_ROS/ros_ws/install/turtlebot3_gazebo/share/turtlebot3_gazebo//models/turtlebot3_autorace/traffic_stop/materials/textures/traffic_stop.png
[1.027s] -- Up-to-date symlink: /home/triqui/Documents/TFG/TFG_MS_ROS/ros_ws/install/turtlebot3_gazebo/share/turtlebot3_gazebo//models/turtlebot3_autorace/traffic_stop/model.config
[1.028s] -- Up-to-date symlink: /home/triqui/Documents/TFG/TFG_MS_ROS/ros_ws/install/turtlebot3_gazebo/share/turtlebot3_gazebo//models/turtlebot3_autorace/traffic_stop/model.sdf
[1.028s] -- Up-to-date symlink: /home/triqui/Documents/TFG/TFG_MS_ROS/ros_ws/install/turtlebot3_gazebo/share/turtlebot3_gazebo//models/turtlebot3_autorace/traffic_tunnel/materials/scripts/tunnel.material
[1.028s] -- Up-to-date symlink: /home/triqui/Documents/TFG/TFG_MS_ROS/ros_ws/install/turtlebot3_gazebo/share/turtlebot3_gazebo//models/turtlebot3_autorace/traffic_tunnel/materials/textures/tunnel.png
[1.028s] -- Up-to-date symlink: /home/triqui/Documents/TFG/TFG_MS_ROS/ros_ws/install/turtlebot3_gazebo/share/turtlebot3_gazebo//models/turtlebot3_autorace/traffic_tunnel/model.config
[1.029s] -- Up-to-date symlink: /home/triqui/Documents/TFG/TFG_MS_ROS/ros_ws/install/turtlebot3_gazebo/share/turtlebot3_gazebo//models/turtlebot3_autorace/traffic_tunnel/model.sdf
[1.029s] -- Up-to-date symlink: /home/triqui/Documents/TFG/TFG_MS_ROS/ros_ws/install/turtlebot3_gazebo/share/turtlebot3_gazebo//models/turtlebot3_autorace/tunnel_obstacles/model.config
[1.037s] -- Up-to-date symlink: /home/triqui/Documents/TFG/TFG_MS_ROS/ros_ws/install/turtlebot3_gazebo/share/turtlebot3_gazebo//models/turtlebot3_autorace/tunnel_obstacles/model.sdf
[1.038s] -- Up-to-date symlink: /home/triqui/Documents/TFG/TFG_MS_ROS/ros_ws/install/turtlebot3_gazebo/share/turtlebot3_gazebo//models/turtlebot3_autorace/tunnel_wall/model.config
[1.038s] -- Up-to-date symlink: /home/triqui/Documents/TFG/TFG_MS_ROS/ros_ws/install/turtlebot3_gazebo/share/turtlebot3_gazebo//models/turtlebot3_autorace/tunnel_wall/model.sdf
[1.038s] -- Up-to-date symlink: /home/triqui/Documents/TFG/TFG_MS_ROS/ros_ws/install/turtlebot3_gazebo/share/turtlebot3_gazebo//models/turtlebot3_burger/meshes/burger_base.dae
[1.038s] -- Up-to-date symlink: /home/triqui/Documents/TFG/TFG_MS_ROS/ros_ws/install/turtlebot3_gazebo/share/turtlebot3_gazebo//models/turtlebot3_burger/meshes/lds.dae
[1.038s] -- Up-to-date symlink: /home/triqui/Documents/TFG/TFG_MS_ROS/ros_ws/install/turtlebot3_gazebo/share/turtlebot3_gazebo//models/turtlebot3_burger/meshes/tire.dae
[1.039s] -- Up-to-date symlink: /home/triqui/Documents/TFG/TFG_MS_ROS/ros_ws/install/turtlebot3_gazebo/share/turtlebot3_gazebo//models/turtlebot3_burger/model-1_4.sdf
[1.039s] -- Up-to-date symlink: /home/triqui/Documents/TFG/TFG_MS_ROS/ros_ws/install/turtlebot3_gazebo/share/turtlebot3_gazebo//models/turtlebot3_burger/model.config
[1.039s] -- Up-to-date symlink: /home/triqui/Documents/TFG/TFG_MS_ROS/ros_ws/install/turtlebot3_gazebo/share/turtlebot3_gazebo//models/turtlebot3_burger/model.sdf
[1.040s] -- Up-to-date symlink: /home/triqui/Documents/TFG/TFG_MS_ROS/ros_ws/install/turtlebot3_gazebo/share/turtlebot3_gazebo//models/turtlebot3_dqn_world/goal_box/model.config
[1.040s] -- Up-to-date symlink: /home/triqui/Documents/TFG/TFG_MS_ROS/ros_ws/install/turtlebot3_gazebo/share/turtlebot3_gazebo//models/turtlebot3_dqn_world/goal_box/model.sdf
[1.041s] -- Up-to-date symlink: /home/triqui/Documents/TFG/TFG_MS_ROS/ros_ws/install/turtlebot3_gazebo/share/turtlebot3_gazebo//models/turtlebot3_dqn_world/inner_walls/model.config
[1.041s] -- Up-to-date symlink: /home/triqui/Documents/TFG/TFG_MS_ROS/ros_ws/install/turtlebot3_gazebo/share/turtlebot3_gazebo//models/turtlebot3_dqn_world/inner_walls/model.sdf
[1.041s] -- Up-to-date symlink: /home/triqui/Documents/TFG/TFG_MS_ROS/ros_ws/install/turtlebot3_gazebo/share/turtlebot3_gazebo//models/turtlebot3_dqn_world/model.config
[1.041s] -- Up-to-date symlink: /home/triqui/Documents/TFG/TFG_MS_ROS/ros_ws/install/turtlebot3_gazebo/share/turtlebot3_gazebo//models/turtlebot3_dqn_world/model.sdf
[1.041s] -- Up-to-date symlink: /home/triqui/Documents/TFG/TFG_MS_ROS/ros_ws/install/turtlebot3_gazebo/share/turtlebot3_gazebo//models/turtlebot3_dqn_world/obstacle1/model.config
[1.042s] -- Up-to-date symlink: /home/triqui/Documents/TFG/TFG_MS_ROS/ros_ws/install/turtlebot3_gazebo/share/turtlebot3_gazebo//models/turtlebot3_dqn_world/obstacle1/model.sdf
[1.042s] -- Up-to-date symlink: /home/triqui/Documents/TFG/TFG_MS_ROS/ros_ws/install/turtlebot3_gazebo/share/turtlebot3_gazebo//models/turtlebot3_dqn_world/obstacle2/model.config
[1.042s] -- Up-to-date symlink: /home/triqui/Documents/TFG/TFG_MS_ROS/ros_ws/install/turtlebot3_gazebo/share/turtlebot3_gazebo//models/turtlebot3_dqn_world/obstacle2/model.sdf
[1.044s] -- Up-to-date symlink: /home/triqui/Documents/TFG/TFG_MS_ROS/ros_ws/install/turtlebot3_gazebo/share/turtlebot3_gazebo//models/turtlebot3_dqn_world/obstacle_plugin/CMakeLists.txt
[1.044s] -- Up-to-date symlink: /home/triqui/Documents/TFG/TFG_MS_ROS/ros_ws/install/turtlebot3_gazebo/share/turtlebot3_gazebo//models/turtlebot3_dqn_world/obstacle_plugin/obstacle1.cc
[1.044s] -- Up-to-date symlink: /home/triqui/Documents/TFG/TFG_MS_ROS/ros_ws/install/turtlebot3_gazebo/share/turtlebot3_gazebo//models/turtlebot3_dqn_world/obstacle_plugin/obstacle2.cc
[1.044s] -- Up-to-date symlink: /home/triqui/Documents/TFG/TFG_MS_ROS/ros_ws/install/turtlebot3_gazebo/share/turtlebot3_gazebo//models/turtlebot3_dqn_world/obstacle_plugin/obstacles.cc
[1.044s] -- Up-to-date symlink: /home/triqui/Documents/TFG/TFG_MS_ROS/ros_ws/install/turtlebot3_gazebo/share/turtlebot3_gazebo//models/turtlebot3_dqn_world/obstacles/model.config
[1.044s] -- Up-to-date symlink: /home/triqui/Documents/TFG/TFG_MS_ROS/ros_ws/install/turtlebot3_gazebo/share/turtlebot3_gazebo//models/turtlebot3_dqn_world/obstacles/model.sdf
[1.044s] -- Up-to-date symlink: /home/triqui/Documents/TFG/TFG_MS_ROS/ros_ws/install/turtlebot3_gazebo/share/turtlebot3_gazebo//models/turtlebot3_house/model.config
[1.044s] -- Up-to-date symlink: /home/triqui/Documents/TFG/TFG_MS_ROS/ros_ws/install/turtlebot3_gazebo/share/turtlebot3_gazebo//models/turtlebot3_house/model.sdf
[1.044s] -- Up-to-date symlink: /home/triqui/Documents/TFG/TFG_MS_ROS/ros_ws/install/turtlebot3_gazebo/share/turtlebot3_gazebo//models/turtlebot3_waffle/meshes/lds.dae
[1.044s] -- Up-to-date symlink: /home/triqui/Documents/TFG/TFG_MS_ROS/ros_ws/install/turtlebot3_gazebo/share/turtlebot3_gazebo//models/turtlebot3_waffle/meshes/r200.dae
[1.044s] -- Up-to-date symlink: /home/triqui/Documents/TFG/TFG_MS_ROS/ros_ws/install/turtlebot3_gazebo/share/turtlebot3_gazebo//models/turtlebot3_waffle/meshes/tire.dae
[1.045s] -- Up-to-date symlink: /home/triqui/Documents/TFG/TFG_MS_ROS/ros_ws/install/turtlebot3_gazebo/share/turtlebot3_gazebo//models/turtlebot3_waffle/meshes/waffle_base.dae
[1.045s] -- Up-to-date symlink: /home/triqui/Documents/TFG/TFG_MS_ROS/ros_ws/install/turtlebot3_gazebo/share/turtlebot3_gazebo//models/turtlebot3_waffle/model-1_4.sdf
[1.045s] -- Up-to-date symlink: /home/triqui/Documents/TFG/TFG_MS_ROS/ros_ws/install/turtlebot3_gazebo/share/turtlebot3_gazebo//models/turtlebot3_waffle/model.config
[1.045s] -- Up-to-date symlink: /home/triqui/Documents/TFG/TFG_MS_ROS/ros_ws/install/turtlebot3_gazebo/share/turtlebot3_gazebo//models/turtlebot3_waffle/model.sdf
[1.045s] -- Up-to-date symlink: /home/triqui/Documents/TFG/TFG_MS_ROS/ros_ws/install/turtlebot3_gazebo/share/turtlebot3_gazebo//models/turtlebot3_waffle_pi/meshes/lds.dae
[1.045s] -- Up-to-date symlink: /home/triqui/Documents/TFG/TFG_MS_ROS/ros_ws/install/turtlebot3_gazebo/share/turtlebot3_gazebo//models/turtlebot3_waffle_pi/meshes/tire.dae
[1.045s] -- Up-to-date symlink: /home/triqui/Documents/TFG/TFG_MS_ROS/ros_ws/install/turtlebot3_gazebo/share/turtlebot3_gazebo//models/turtlebot3_waffle_pi/meshes/waffle_pi_base.dae
[1.045s] -- Up-to-date symlink: /home/triqui/Documents/TFG/TFG_MS_ROS/ros_ws/install/turtlebot3_gazebo/share/turtlebot3_gazebo//models/turtlebot3_waffle_pi/model-1_4_.sdf
[1.045s] -- Up-to-date symlink: /home/triqui/Documents/TFG/TFG_MS_ROS/ros_ws/install/turtlebot3_gazebo/share/turtlebot3_gazebo//models/turtlebot3_waffle_pi/model.config
[1.046s] -- Up-to-date symlink: /home/triqui/Documents/TFG/TFG_MS_ROS/ros_ws/install/turtlebot3_gazebo/share/turtlebot3_gazebo//models/turtlebot3_waffle_pi/model.sdf
[1.046s] -- Up-to-date symlink: /home/triqui/Documents/TFG/TFG_MS_ROS/ros_ws/install/turtlebot3_gazebo/share/turtlebot3_gazebo//models/turtlebot3_world/meshes/hexagon.dae
[1.046s] -- Up-to-date symlink: /home/triqui/Documents/TFG/TFG_MS_ROS/ros_ws/install/turtlebot3_gazebo/share/turtlebot3_gazebo//models/turtlebot3_world/meshes/wall.dae
[1.047s] -- Up-to-date symlink: /home/triqui/Documents/TFG/TFG_MS_ROS/ros_ws/install/turtlebot3_gazebo/share/turtlebot3_gazebo//models/turtlebot3_world/model-1_4.sdf
[1.047s] -- Up-to-date symlink: /home/triqui/Documents/TFG/TFG_MS_ROS/ros_ws/install/turtlebot3_gazebo/share/turtlebot3_gazebo//models/turtlebot3_world/model.config
[1.047s] -- Up-to-date symlink: /home/triqui/Documents/TFG/TFG_MS_ROS/ros_ws/install/turtlebot3_gazebo/share/turtlebot3_gazebo//models/turtlebot3_world/model.sdf
[1.047s] -- Up-to-date symlink: /home/triqui/Documents/TFG/TFG_MS_ROS/ros_ws/install/turtlebot3_gazebo/share/turtlebot3_gazebo//rviz/tb3_gazebo.rviz
[1.047s] -- Up-to-date symlink: /home/triqui/Documents/TFG/TFG_MS_ROS/ros_ws/install/turtlebot3_gazebo/share/turtlebot3_gazebo//worlds/empty_worlds/burger.model
[1.047s] -- Up-to-date symlink: /home/triqui/Documents/TFG/TFG_MS_ROS/ros_ws/install/turtlebot3_gazebo/share/turtlebot3_gazebo//worlds/empty_worlds/waffle.model
[1.047s] -- Up-to-date symlink: /home/triqui/Documents/TFG/TFG_MS_ROS/ros_ws/install/turtlebot3_gazebo/share/turtlebot3_gazebo//worlds/empty_worlds/waffle_pi.model
[1.052s] -- Up-to-date symlink: /home/triqui/Documents/TFG/TFG_MS_ROS/ros_ws/install/turtlebot3_gazebo/share/turtlebot3_gazebo//worlds/turtlebot3_autoraces/burger.model
[1.052s] -- Up-to-date symlink: /home/triqui/Documents/TFG/TFG_MS_ROS/ros_ws/install/turtlebot3_gazebo/share/turtlebot3_gazebo//worlds/turtlebot3_autoraces/waffle.model
[1.052s] -- Up-to-date symlink: /home/triqui/Documents/TFG/TFG_MS_ROS/ros_ws/install/turtlebot3_gazebo/share/turtlebot3_gazebo//worlds/turtlebot3_autoraces/waffle_pi.model
[1.052s] -- Up-to-date symlink: /home/triqui/Documents/TFG/TFG_MS_ROS/ros_ws/install/turtlebot3_gazebo/share/turtlebot3_gazebo//worlds/turtlebot3_dqn_stage1/burger.model
[1.052s] -- Up-to-date symlink: /home/triqui/Documents/TFG/TFG_MS_ROS/ros_ws/install/turtlebot3_gazebo/share/turtlebot3_gazebo//worlds/turtlebot3_dqn_stage1/waffle.model
[1.052s] -- Up-to-date symlink: /home/triqui/Documents/TFG/TFG_MS_ROS/ros_ws/install/turtlebot3_gazebo/share/turtlebot3_gazebo//worlds/turtlebot3_dqn_stage1/waffle_pi.model
[1.052s] -- Up-to-date symlink: /home/triqui/Documents/TFG/TFG_MS_ROS/ros_ws/install/turtlebot3_gazebo/share/turtlebot3_gazebo//worlds/turtlebot3_dqn_stage2/burger.model
[1.052s] -- Up-to-date symlink: /home/triqui/Documents/TFG/TFG_MS_ROS/ros_ws/install/turtlebot3_gazebo/share/turtlebot3_gazebo//worlds/turtlebot3_dqn_stage2/waffle.model
[1.052s] -- Up-to-date symlink: /home/triqui/Documents/TFG/TFG_MS_ROS/ros_ws/install/turtlebot3_gazebo/share/turtlebot3_gazebo//worlds/turtlebot3_dqn_stage2/waffle_pi.model
[1.052s] -- Up-to-date symlink: /home/triqui/Documents/TFG/TFG_MS_ROS/ros_ws/install/turtlebot3_gazebo/share/turtlebot3_gazebo//worlds/turtlebot3_dqn_stage3/burger.model
[1.052s] -- Up-to-date symlink: /home/triqui/Documents/TFG/TFG_MS_ROS/ros_ws/install/turtlebot3_gazebo/share/turtlebot3_gazebo//worlds/turtlebot3_dqn_stage3/waffle.model
[1.052s] -- Up-to-date symlink: /home/triqui/Documents/TFG/TFG_MS_ROS/ros_ws/install/turtlebot3_gazebo/share/turtlebot3_gazebo//worlds/turtlebot3_dqn_stage3/waffle_pi.model
[1.053s] -- Up-to-date symlink: /home/triqui/Documents/TFG/TFG_MS_ROS/ros_ws/install/turtlebot3_gazebo/share/turtlebot3_gazebo//worlds/turtlebot3_dqn_stage4/burger.model
[1.053s] -- Up-to-date symlink: /home/triqui/Documents/TFG/TFG_MS_ROS/ros_ws/install/turtlebot3_gazebo/share/turtlebot3_gazebo//worlds/turtlebot3_dqn_stage4/waffle.model
[1.053s] -- Up-to-date symlink: /home/triqui/Documents/TFG/TFG_MS_ROS/ros_ws/install/turtlebot3_gazebo/share/turtlebot3_gazebo//worlds/turtlebot3_dqn_stage4/waffle_pi.model
[1.053s] -- Up-to-date symlink: /home/triqui/Documents/TFG/TFG_MS_ROS/ros_ws/install/turtlebot3_gazebo/share/turtlebot3_gazebo//worlds/turtlebot3_houses/burger.model
[1.053s] -- Up-to-date symlink: /home/triqui/Documents/TFG/TFG_MS_ROS/ros_ws/install/turtlebot3_gazebo/share/turtlebot3_gazebo//worlds/turtlebot3_houses/waffle.model
[1.053s] -- Up-to-date symlink: /home/triqui/Documents/TFG/TFG_MS_ROS/ros_ws/install/turtlebot3_gazebo/share/turtlebot3_gazebo//worlds/turtlebot3_houses/waffle_pi.model
[1.053s] -- Up-to-date symlink: /home/triqui/Documents/TFG/TFG_MS_ROS/ros_ws/install/turtlebot3_gazebo/share/turtlebot3_gazebo//worlds/turtlebot3_worlds/burger.model
[1.053s] -- Up-to-date symlink: /home/triqui/Documents/TFG/TFG_MS_ROS/ros_ws/install/turtlebot3_gazebo/share/turtlebot3_gazebo//worlds/turtlebot3_worlds/waffle.model
[1.053s] -- Up-to-date symlink: /home/triqui/Documents/TFG/TFG_MS_ROS/ros_ws/install/turtlebot3_gazebo/share/turtlebot3_gazebo//worlds/turtlebot3_worlds/waffle_pi.model
[1.053s] -- Up-to-date symlink: /home/triqui/Documents/TFG/TFG_MS_ROS/ros_ws/install/turtlebot3_gazebo/include//turtlebot3_gazebo/turtlebot3_drive.hpp
[1.053s] -- Up-to-date symlink: /home/triqui/Documents/TFG/TFG_MS_ROS/ros_ws/install/turtlebot3_gazebo/share/ament_index/resource_index/package_run_dependencies/turtlebot3_gazebo
[1.053s] -- Up-to-date symlink: /home/triqui/Documents/TFG/TFG_MS_ROS/ros_ws/install/turtlebot3_gazebo/share/ament_index/resource_index/parent_prefix_path/turtlebot3_gazebo
[1.053s] -- Up-to-date symlink: /home/triqui/Documents/TFG/TFG_MS_ROS/ros_ws/install/turtlebot3_gazebo/share/turtlebot3_gazebo/environment/ament_prefix_path.sh
[1.053s] -- Up-to-date symlink: /home/triqui/Documents/TFG/TFG_MS_ROS/ros_ws/install/turtlebot3_gazebo/share/turtlebot3_gazebo/environment/ament_prefix_path.dsv
[1.054s] -- Up-to-date symlink: /home/triqui/Documents/TFG/TFG_MS_ROS/ros_ws/install/turtlebot3_gazebo/share/turtlebot3_gazebo/environment/path.sh
[1.054s] -- Up-to-date symlink: /home/triqui/Documents/TFG/TFG_MS_ROS/ros_ws/install/turtlebot3_gazebo/share/turtlebot3_gazebo/environment/path.dsv
[1.054s] -- Up-to-date symlink: /home/triqui/Documents/TFG/TFG_MS_ROS/ros_ws/install/turtlebot3_gazebo/share/turtlebot3_gazebo/local_setup.bash
[1.054s] -- Up-to-date symlink: /home/triqui/Documents/TFG/TFG_MS_ROS/ros_ws/install/turtlebot3_gazebo/share/turtlebot3_gazebo/local_setup.sh
[1.055s] -- Up-to-date symlink: /home/triqui/Documents/TFG/TFG_MS_ROS/ros_ws/install/turtlebot3_gazebo/share/turtlebot3_gazebo/local_setup.zsh
[1.055s] -- Up-to-date symlink: /home/triqui/Documents/TFG/TFG_MS_ROS/ros_ws/install/turtlebot3_gazebo/share/turtlebot3_gazebo/local_setup.dsv
[1.055s] -- Symlinking: /home/triqui/Documents/TFG/TFG_MS_ROS/ros_ws/install/turtlebot3_gazebo/share/turtlebot3_gazebo/package.dsv
[1.082s] -- Up-to-date symlink: /home/triqui/Documents/TFG/TFG_MS_ROS/ros_ws/install/turtlebot3_gazebo/share/ament_index/resource_index/packages/turtlebot3_gazebo
[1.082s] -- Up-to-date symlink: /home/triqui/Documents/TFG/TFG_MS_ROS/ros_ws/install/turtlebot3_gazebo/share/turtlebot3_gazebo/cmake/ament_cmake_export_include_directories-extras.cmake
[1.083s] -- Up-to-date symlink: /home/triqui/Documents/TFG/TFG_MS_ROS/ros_ws/install/turtlebot3_gazebo/share/turtlebot3_gazebo/cmake/ament_cmake_export_dependencies-extras.cmake
[1.083s] -- Up-to-date symlink: /home/triqui/Documents/TFG/TFG_MS_ROS/ros_ws/install/turtlebot3_gazebo/share/turtlebot3_gazebo/cmake/turtlebot3_gazeboConfig.cmake
[1.084s] -- Up-to-date symlink: /home/triqui/Documents/TFG/TFG_MS_ROS/ros_ws/install/turtlebot3_gazebo/share/turtlebot3_gazebo/cmake/turtlebot3_gazeboConfig-version.cmake
[1.085s] -- Up-to-date symlink: /home/triqui/Documents/TFG/TFG_MS_ROS/ros_ws/install/turtlebot3_gazebo/share/turtlebot3_gazebo/package.xml
[1.090s] Invoked command in '/home/triqui/Documents/TFG/TFG_MS_ROS/ros_ws/build/turtlebot3_gazebo' returned '0': CMAKE_PREFIX_PATH=${CMAKE_PREFIX_PATH}:/home/triqui/Documents/TFG/TFG_MS_ROS/ros_ws/install/rover_teleop:/home/triqui/Documents/TFG/TFG_MS_ROS/ros_ws/install/rover_motor_controller:/home/triqui/Documents/TFG/TFG_MS_ROS/ros_ws/install/my_battery_package:/home/triqui/Documents/TFG/TFG_MS_ROS/ros_ws/install/ms_sub:/opt/ros/foxy /usr/bin/cmake --install /home/triqui/Documents/TFG/TFG_MS_ROS/ros_ws/build/turtlebot3_gazebo
