-- Install configuration: ""
-- Execute custom install script
-- Up-to-date symlink: /home/triqui/Documents/TFG/TFG_MS_ROS/ros_ws/install/rover_bringup/share/rover_bringup//launch/rover.launch.py
-- Up-to-date symlink: /home/triqui/Documents/TFG/TFG_MS_ROS/ros_ws/install/rover_bringup/share/rover_bringup//launch/ublox.launch.py
-- Up-to-date symlink: /home/triqui/Documents/TFG/TFG_MS_ROS/ros_ws/install/rover_bringup/share/rover_bringup//launch/urg_node.launch.py
-- Up-to-date symlink: /home/triqui/Documents/TFG/TFG_MS_ROS/ros_ws/install/rover_bringup/share/rover_bringup//config/ublox.yaml
-- Up-to-date symlink: /home/triqui/Documents/TFG/TFG_MS_ROS/ros_ws/install/rover_bringup/share/rover_bringup//config/urg_node_serial.yaml
-- Up-to-date symlink: /home/triqui/Documents/TFG/TFG_MS_ROS/ros_ws/install/rover_bringup/share/ament_index/resource_index/package_run_dependencies/rover_bringup
-- Up-to-date symlink: /home/triqui/Documents/TFG/TFG_MS_ROS/ros_ws/install/rover_bringup/share/ament_index/resource_index/parent_prefix_path/rover_bringup
-- Up-to-date symlink: /home/triqui/Documents/TFG/TFG_MS_ROS/ros_ws/install/rover_bringup/share/rover_bringup/environment/ament_prefix_path.sh
-- Up-to-date symlink: /home/triqui/Documents/TFG/TFG_MS_ROS/ros_ws/install/rover_bringup/share/rover_bringup/environment/ament_prefix_path.dsv
-- Up-to-date symlink: /home/triqui/Documents/TFG/TFG_MS_ROS/ros_ws/install/rover_bringup/share/rover_bringup/environment/path.sh
-- Up-to-date symlink: /home/triqui/Documents/TFG/TFG_MS_ROS/ros_ws/install/rover_bringup/share/rover_bringup/environment/path.dsv
-- Up-to-date symlink: /home/triqui/Documents/TFG/TFG_MS_ROS/ros_ws/install/rover_bringup/share/rover_bringup/local_setup.bash
-- Up-to-date symlink: /home/triqui/Documents/TFG/TFG_MS_ROS/ros_ws/install/rover_bringup/share/rover_bringup/local_setup.sh
-- Up-to-date symlink: /home/triqui/Documents/TFG/TFG_MS_ROS/ros_ws/install/rover_bringup/share/rover_bringup/local_setup.zsh
-- Up-to-date symlink: /home/triqui/Documents/TFG/TFG_MS_ROS/ros_ws/install/rover_bringup/share/rover_bringup/local_setup.dsv
-- Symlinking: /home/triqui/Documents/TFG/TFG_MS_ROS/ros_ws/install/rover_bringup/share/rover_bringup/package.dsv
-- Up-to-date symlink: /home/triqui/Documents/TFG/TFG_MS_ROS/ros_ws/install/rover_bringup/share/ament_index/resource_index/packages/rover_bringup
-- Up-to-date symlink: /home/triqui/Documents/TFG/TFG_MS_ROS/ros_ws/install/rover_bringup/share/rover_bringup/cmake/rover_bringupConfig.cmake
-- Up-to-date symlink: /home/triqui/Documents/TFG/TFG_MS_ROS/ros_ws/install/rover_bringup/share/rover_bringup/cmake/rover_bringupConfig-version.cmake
-- Up-to-date symlink: /home/triqui/Documents/TFG/TFG_MS_ROS/ros_ws/install/rover_bringup/share/rover_bringup/package.xml
