[0.026s] Invoking command in '/home/triqui/Documents/TFG/TFG_MS_ROS/ros_ws/build/turtlebot3_gazebo': CMAKE_PREFIX_PATH=${CMAKE_PREFIX_PATH}:/home/triqui/Documents/TFG/TFG_MS_ROS/ros_ws/install/my_battery_package:/home/triqui/Documents/TFG/TFG_MS_ROS/ros_ws/install/ms_sub:/home/triqui/turtlebot3_ws/install/turtlebot3_teleop:/home/triqui/turtlebot3_ws/install/turtlebot3_example:/opt/ros/foxy /usr/bin/cmake /home/triqui/Documents/TFG/TFG_MS_ROS/ros_ws/src/turtlebot3_simulations/turtlebot3_gazebo -DAMENT_CMAKE_SYMLINK_INSTALL=1 -DCMAKE_INSTALL_PREFIX=/home/triqui/Documents/TFG/TFG_MS_ROS/ros_ws/install/turtlebot3_gazebo
[0.109s] -- The C compiler identification is GNU 9.4.0
[0.178s] -- The CXX compiler identification is GNU 9.4.0
[0.184s] -- Check for working C compiler: /usr/bin/cc
[0.277s] -- Check for working C compiler: /usr/bin/cc -- works
[0.279s] -- Detecting C compiler ABI info
[0.451s] -- Detecting C compiler ABI info - done
[0.475s] -- Detecting C compile features
[0.476s] -- Detecting C compile features - done
[0.479s] -- Check for working CXX compiler: /usr/bin/c++
[0.606s] -- Check for working CXX compiler: /usr/bin/c++ -- works
[0.606s] -- Detecting CXX compiler ABI info
[0.710s] -- Detecting CXX compiler ABI info - done
[0.726s] -- Detecting CXX compile features
[0.727s] -- Detecting CXX compile features - done
[0.731s] -- Found ament_cmake: 0.9.11 (/opt/ros/foxy/share/ament_cmake/cmake)
[0.770s] -- Found PythonInterp: /usr/bin/python3 (found suitable version "3.8.10", minimum required is "3") 
[0.771s] -- Using PYTHON_EXECUTABLE: /usr/bin/python3
[1.012s] -- Override CMake install command with custom implementation using symlinks instead of copying resources
[1.071s] -- Found PkgConfig: /usr/bin/pkg-config (found version "0.29.1") 
[1.076s] -- Checking for module 'bullet>=2.82'
[1.097s] --   Found bullet, version 2.88
[1.268s] -- Found ccd: /usr/include (found suitable version "2.0", minimum required is "2.0") 
[1.349s] -- Found fcl: /usr/include (found suitable version "0.5.0", minimum required is "0.3.2") 
[1.433s] -- Found assimp: /usr/include (found version "5.0.0") 
[1.468s] -- Found DART: /usr/include (Required is at least version "6.6") found components: dart 
[1.886s] -- Found Boost: /usr/lib/x86_64-linux-gnu/cmake/Boost-1.71.0/BoostConfig.cmake (found suitable version "1.71.0", minimum required is "1.40.0") found components: thread system filesystem program_options regex iostreams date_time 
[1.917s] -- Found Protobuf: /usr/lib/x86_64-linux-gnu/libprotobuf.so;-lpthread (found version "3.6.1") 
[1.925s] -- Looking for ignition-math6 -- found version 6.13.0
[1.934s] -- Searching for dependencies of ignition-math6
[1.937s] -- Looking for OGRE...
[1.937s] -- OGRE_PREFIX_WATCH changed.
[1.943s] -- Checking for module 'OGRE'
[1.967s] --   Found OGRE, version 1.9.0
[2.021s] -- Found Ogre Ghadamon (1.9.0)
[2.036s] -- Found OGRE: optimized;/usr/lib/x86_64-linux-gnu/libOgreMain.so;debug;/usr/lib/x86_64-linux-gnu/libOgreMain.so
[2.056s] -- Looking for OGRE_Paging...
[2.068s] -- Found OGRE_Paging: optimized;/usr/lib/x86_64-linux-gnu/libOgrePaging.so;debug;/usr/lib/x86_64-linux-gnu/libOgrePaging.so
[2.068s] -- Looking for OGRE_Terrain...
[2.084s] -- Found OGRE_Terrain: optimized;/usr/lib/x86_64-linux-gnu/libOgreTerrain.so;debug;/usr/lib/x86_64-linux-gnu/libOgreTerrain.so
[2.084s] -- Looking for OGRE_Property...
[2.098s] -- Found OGRE_Property: optimized;/usr/lib/x86_64-linux-gnu/libOgreProperty.so;debug;/usr/lib/x86_64-linux-gnu/libOgreProperty.so
[2.098s] -- Looking for OGRE_RTShaderSystem...
[2.113s] -- Found OGRE_RTShaderSystem: optimized;/usr/lib/x86_64-linux-gnu/libOgreRTShaderSystem.so;debug;/usr/lib/x86_64-linux-gnu/libOgreRTShaderSystem.so
[2.113s] -- Looking for OGRE_Volume...
[2.128s] -- Found OGRE_Volume: optimized;/usr/lib/x86_64-linux-gnu/libOgreVolume.so;debug;/usr/lib/x86_64-linux-gnu/libOgreVolume.so
[2.128s] -- Looking for OGRE_Overlay...
[2.143s] -- Found OGRE_Overlay: optimized;/usr/lib/x86_64-linux-gnu/libOgreOverlay.so;debug;/usr/lib/x86_64-linux-gnu/libOgreOverlay.so
[2.502s] -- Looking for ignition-math6 -- found version 6.13.0
[2.506s] -- Looking for ignition-transport8 -- found version 8.3.0
[2.507s] -- Searching for dependencies of ignition-transport8
[2.540s] -- Found Protobuf: /usr/lib/x86_64-linux-gnu/libprotobuf.so;-lpthread (found suitable version "3.6.1", minimum required is "3") 
[2.576s] -- Config-file not installed for ZeroMQ -- checking for pkg-config
[2.586s] -- Checking for module 'libzmq >= 4'
[2.675s] --   Found libzmq , version 4.3.2
[2.895s] -- Found ZeroMQ: TRUE (Required is at least version "4") 
[2.910s] -- Checking for module 'uuid'
[2.959s] --   Found uuid, version 2.34.0
[3.172s] -- Found UUID: TRUE  
[3.177s] -- Looking for ignition-msgs5 -- found version 5.10.0
[3.178s] -- Searching for dependencies of ignition-msgs5
[3.217s] -- Looking for ignition-math6 -- found version 6.13.0
[3.228s] -- Checking for module 'tinyxml2'
[3.254s] --   Found tinyxml2, version 6.2.0
[3.493s] -- Looking for ignition-msgs5 -- found version 5.10.0
[3.500s] -- Looking for ignition-common3 -- found version 3.14.2
[3.501s] -- Searching for dependencies of ignition-common3
[3.501s] -- Looking for dlfcn.h - found
[3.503s] -- Looking for libdl - found
[3.505s] -- Found DL: TRUE  
[3.517s] -- Searching for <ignition-common3> component [graphics]
[3.521s] -- Looking for ignition-common3-graphics -- found version 3.14.2
[3.521s] -- Searching for dependencies of ignition-common3-graphics
[3.522s] -- Looking for ignition-math6 -- found version 6.13.0
[3.527s] -- Looking for ignition-fuel_tools4 -- found version 4.6.0
[3.527s] -- Searching for dependencies of ignition-fuel_tools4
[3.704s] -- Found CURL: /usr/lib/x86_64-linux-gnu/libcurl.so (found version "7.68.0")  
[3.726s] -- Checking for module 'jsoncpp'
[3.769s] --   Found jsoncpp, version 1.7.4
[3.975s] -- Found JSONCPP: TRUE  
[3.987s] -- Checking for module 'libzip'
[4.046s] --   Found libzip, version 1.5.1
[4.123s] -- Found ZIP: TRUE  
[4.123s] -- Looking for ignition-common3 -- found version 3.14.2
[4.124s] -- Looking for ignition-math6 -- found version 6.13.0
[4.124s] -- Looking for ignition-msgs5 -- found version 5.10.0
[4.129s] -- Found gazebo_ros_pkgs: 3.5.3 (/opt/ros/foxy/share/gazebo_ros_pkgs/cmake)
[4.135s] -- Found geometry_msgs: 2.0.5 (/opt/ros/foxy/share/geometry_msgs/cmake)
[4.188s] -- Using all available rosidl_typesupport_c: rosidl_typesupport_fastrtps_c;rosidl_typesupport_introspection_c
[4.203s] -- Found rosidl_adapter: 1.3.0 (/opt/ros/foxy/share/rosidl_adapter/cmake)
[4.341s] -- Found OpenSSL: /usr/lib/x86_64-linux-gnu/libcrypto.so (found version "1.1.1f")  
[4.379s] -- Found FastRTPS: /opt/ros/foxy/include  
[4.504s] -- Using all available rosidl_typesupport_cpp: rosidl_typesupport_fastrtps_cpp;rosidl_typesupport_introspection_cpp
[4.625s] -- Found nav_msgs: 2.0.5 (/opt/ros/foxy/share/nav_msgs/cmake)
[4.728s] -- Found rclcpp: 2.4.2 (/opt/ros/foxy/share/rclcpp/cmake)
[4.810s] -- Found rmw_implementation_cmake: 1.0.4 (/opt/ros/foxy/share/rmw_implementation_cmake/cmake)
[4.813s] -- Using RMW implementation 'rmw_fastrtps_cpp' as default
[4.817s] -- Found Threads: TRUE  
[5.021s] -- Found sensor_msgs: 2.0.5 (/opt/ros/foxy/share/sensor_msgs/cmake)
[5.124s] -- Found tf2: 0.13.14 (/opt/ros/foxy/share/tf2/cmake)
[5.238s] -- Configuring done
[5.297s] -- Generating done
[5.301s] -- Build files have been written to: /home/triqui/Documents/TFG/TFG_MS_ROS/ros_ws/build/turtlebot3_gazebo
[5.316s] Invoked command in '/home/triqui/Documents/TFG/TFG_MS_ROS/ros_ws/build/turtlebot3_gazebo' returned '0': CMAKE_PREFIX_PATH=${CMAKE_PREFIX_PATH}:/home/triqui/Documents/TFG/TFG_MS_ROS/ros_ws/install/my_battery_package:/home/triqui/Documents/TFG/TFG_MS_ROS/ros_ws/install/ms_sub:/home/triqui/turtlebot3_ws/install/turtlebot3_teleop:/home/triqui/turtlebot3_ws/install/turtlebot3_example:/opt/ros/foxy /usr/bin/cmake /home/triqui/Documents/TFG/TFG_MS_ROS/ros_ws/src/turtlebot3_simulations/turtlebot3_gazebo -DAMENT_CMAKE_SYMLINK_INSTALL=1 -DCMAKE_INSTALL_PREFIX=/home/triqui/Documents/TFG/TFG_MS_ROS/ros_ws/install/turtlebot3_gazebo
[5.317s] Invoking command in '/home/triqui/Documents/TFG/TFG_MS_ROS/ros_ws/build/turtlebot3_gazebo': CMAKE_PREFIX_PATH=${CMAKE_PREFIX_PATH}:/home/triqui/Documents/TFG/TFG_MS_ROS/ros_ws/install/my_battery_package:/home/triqui/Documents/TFG/TFG_MS_ROS/ros_ws/install/ms_sub:/home/triqui/turtlebot3_ws/install/turtlebot3_teleop:/home/triqui/turtlebot3_ws/install/turtlebot3_example:/opt/ros/foxy /usr/bin/cmake --build /home/triqui/Documents/TFG/TFG_MS_ROS/ros_ws/build/turtlebot3_gazebo -- -j4 -l4
[5.399s] [35m[1mScanning dependencies of target obstacles[0m
[5.403s] [35m[1mScanning dependencies of target obstacle2[0m
[5.412s] [35m[1mScanning dependencies of target obstacle1[0m
[5.423s] [35m[1mScanning dependencies of target turtlebot3_drive[0m
[5.534s] [ 12%] [32mBuilding CXX object CMakeFiles/turtlebot3_drive.dir/src/turtlebot3_drive.cpp.o[0m
[5.777s] [ 25%] [32mBuilding CXX object CMakeFiles/obstacle1.dir/models/turtlebot3_dqn_world/obstacle_plugin/obstacle1.cc.o[0m
[5.783s] [ 37%] [32mBuilding CXX object CMakeFiles/obstacle2.dir/models/turtlebot3_dqn_world/obstacle_plugin/obstacle2.cc.o[0m
[5.783s] [ 50%] [32mBuilding CXX object CMakeFiles/obstacles.dir/models/turtlebot3_dqn_world/obstacle_plugin/obstacles.cc.o[0m
[19.050s] [ 62%] [32m[1mLinking CXX executable turtlebot3_drive[0m
[19.518s] [ 62%] Built target turtlebot3_drive
[21.840s] [ 75%] [32m[1mLinking CXX shared library libobstacle2.so[0m
[22.212s] [ 75%] Built target obstacle2
[22.319s] [ 87%] [32m[1mLinking CXX shared library libobstacle1.so[0m
[22.533s] [100%] [32m[1mLinking CXX shared library libobstacles.so[0m
[22.648s] [100%] Built target obstacle1
[22.853s] [100%] Built target obstacles
[22.867s] Invoked command in '/home/triqui/Documents/TFG/TFG_MS_ROS/ros_ws/build/turtlebot3_gazebo' returned '0': CMAKE_PREFIX_PATH=${CMAKE_PREFIX_PATH}:/home/triqui/Documents/TFG/TFG_MS_ROS/ros_ws/install/my_battery_package:/home/triqui/Documents/TFG/TFG_MS_ROS/ros_ws/install/ms_sub:/home/triqui/turtlebot3_ws/install/turtlebot3_teleop:/home/triqui/turtlebot3_ws/install/turtlebot3_example:/opt/ros/foxy /usr/bin/cmake --build /home/triqui/Documents/TFG/TFG_MS_ROS/ros_ws/build/turtlebot3_gazebo -- -j4 -l4
[22.910s] Invoking command in '/home/triqui/Documents/TFG/TFG_MS_ROS/ros_ws/build/turtlebot3_gazebo': CMAKE_PREFIX_PATH=${CMAKE_PREFIX_PATH}:/home/triqui/Documents/TFG/TFG_MS_ROS/ros_ws/install/my_battery_package:/home/triqui/Documents/TFG/TFG_MS_ROS/ros_ws/install/ms_sub:/home/triqui/turtlebot3_ws/install/turtlebot3_teleop:/home/triqui/turtlebot3_ws/install/turtlebot3_example:/opt/ros/foxy /usr/bin/cmake --install /home/triqui/Documents/TFG/TFG_MS_ROS/ros_ws/build/turtlebot3_gazebo
[22.920s] -- Install configuration: ""
[22.920s] -- Execute custom install script
[22.921s] -- Symlinking: /home/triqui/Documents/TFG/TFG_MS_ROS/ros_ws/install/turtlebot3_gazebo/lib/turtlebot3_gazebo/turtlebot3_drive
[22.932s] -- Symlinking: /home/triqui/Documents/TFG/TFG_MS_ROS/ros_ws/install/turtlebot3_gazebo/share/turtlebot3_gazebo//launch/empty_world.launch.py
[22.943s] -- Symlinking: /home/triqui/Documents/TFG/TFG_MS_ROS/ros_ws/install/turtlebot3_gazebo/share/turtlebot3_gazebo//launch/robot_state_publisher.launch.py
[22.954s] -- Symlinking: /home/triqui/Documents/TFG/TFG_MS_ROS/ros_ws/install/turtlebot3_gazebo/share/turtlebot3_gazebo//launch/turtlebot3_autorace.launch.py
[22.964s] -- Symlinking: /home/triqui/Documents/TFG/TFG_MS_ROS/ros_ws/install/turtlebot3_gazebo/share/turtlebot3_gazebo//launch/turtlebot3_dqn_stage1.launch.py
[22.975s] -- Symlinking: /home/triqui/Documents/TFG/TFG_MS_ROS/ros_ws/install/turtlebot3_gazebo/share/turtlebot3_gazebo//launch/turtlebot3_dqn_stage2.launch.py
[22.986s] -- Symlinking: /home/triqui/Documents/TFG/TFG_MS_ROS/ros_ws/install/turtlebot3_gazebo/share/turtlebot3_gazebo//launch/turtlebot3_dqn_stage3.launch.py
[22.998s] -- Symlinking: /home/triqui/Documents/TFG/TFG_MS_ROS/ros_ws/install/turtlebot3_gazebo/share/turtlebot3_gazebo//launch/turtlebot3_dqn_stage4.launch.py
[23.009s] -- Symlinking: /home/triqui/Documents/TFG/TFG_MS_ROS/ros_ws/install/turtlebot3_gazebo/share/turtlebot3_gazebo//launch/turtlebot3_house.launch.py
[23.020s] -- Symlinking: /home/triqui/Documents/TFG/TFG_MS_ROS/ros_ws/install/turtlebot3_gazebo/share/turtlebot3_gazebo//launch/turtlebot3_world.launch.py
[23.032s] -- Symlinking: /home/triqui/Documents/TFG/TFG_MS_ROS/ros_ws/install/turtlebot3_gazebo/share/turtlebot3_gazebo//models/turtlebot3_autorace/course/materials/scripts/course.material
[23.042s] -- Symlinking: /home/triqui/Documents/TFG/TFG_MS_ROS/ros_ws/install/turtlebot3_gazebo/share/turtlebot3_gazebo//models/turtlebot3_autorace/course/materials/textures/course.png
[23.053s] -- Symlinking: /home/triqui/Documents/TFG/TFG_MS_ROS/ros_ws/install/turtlebot3_gazebo/share/turtlebot3_gazebo//models/turtlebot3_autorace/course/model.config
[23.063s] -- Symlinking: /home/triqui/Documents/TFG/TFG_MS_ROS/ros_ws/install/turtlebot3_gazebo/share/turtlebot3_gazebo//models/turtlebot3_autorace/course/model.sdf
[23.074s] -- Symlinking: /home/triqui/Documents/TFG/TFG_MS_ROS/ros_ws/install/turtlebot3_gazebo/share/turtlebot3_gazebo//models/turtlebot3_autorace/ground/model.config
[23.085s] -- Symlinking: /home/triqui/Documents/TFG/TFG_MS_ROS/ros_ws/install/turtlebot3_gazebo/share/turtlebot3_gazebo//models/turtlebot3_autorace/ground/model.sdf
[23.096s] -- Symlinking: /home/triqui/Documents/TFG/TFG_MS_ROS/ros_ws/install/turtlebot3_gazebo/share/turtlebot3_gazebo//models/turtlebot3_autorace/lights/model.config
[23.107s] -- Symlinking: /home/triqui/Documents/TFG/TFG_MS_ROS/ros_ws/install/turtlebot3_gazebo/share/turtlebot3_gazebo//models/turtlebot3_autorace/lights/model.sdf
[23.118s] -- Symlinking: /home/triqui/Documents/TFG/TFG_MS_ROS/ros_ws/install/turtlebot3_gazebo/share/turtlebot3_gazebo//models/turtlebot3_autorace/model.config
[23.128s] -- Symlinking: /home/triqui/Documents/TFG/TFG_MS_ROS/ros_ws/install/turtlebot3_gazebo/share/turtlebot3_gazebo//models/turtlebot3_autorace/traffic_bar_down/materials/scripts/traffic_bar.material
[23.139s] -- Symlinking: /home/triqui/Documents/TFG/TFG_MS_ROS/ros_ws/install/turtlebot3_gazebo/share/turtlebot3_gazebo//models/turtlebot3_autorace/traffic_bar_down/materials/textures/traffic_bar.png
[23.150s] -- Symlinking: /home/triqui/Documents/TFG/TFG_MS_ROS/ros_ws/install/turtlebot3_gazebo/share/turtlebot3_gazebo//models/turtlebot3_autorace/traffic_bar_down/model.config
[23.161s] -- Symlinking: /home/triqui/Documents/TFG/TFG_MS_ROS/ros_ws/install/turtlebot3_gazebo/share/turtlebot3_gazebo//models/turtlebot3_autorace/traffic_bar_down/model.sdf
[23.172s] -- Symlinking: /home/triqui/Documents/TFG/TFG_MS_ROS/ros_ws/install/turtlebot3_gazebo/share/turtlebot3_gazebo//models/turtlebot3_autorace/traffic_bar_up/materials/scripts/traffic_bar.material
[23.184s] -- Symlinking: /home/triqui/Documents/TFG/TFG_MS_ROS/ros_ws/install/turtlebot3_gazebo/share/turtlebot3_gazebo//models/turtlebot3_autorace/traffic_bar_up/materials/textures/traffic_bar.png
[23.195s] -- Symlinking: /home/triqui/Documents/TFG/TFG_MS_ROS/ros_ws/install/turtlebot3_gazebo/share/turtlebot3_gazebo//models/turtlebot3_autorace/traffic_bar_up/model.config
[23.206s] -- Symlinking: /home/triqui/Documents/TFG/TFG_MS_ROS/ros_ws/install/turtlebot3_gazebo/share/turtlebot3_gazebo//models/turtlebot3_autorace/traffic_bar_up/model.sdf
[23.216s] -- Symlinking: /home/triqui/Documents/TFG/TFG_MS_ROS/ros_ws/install/turtlebot3_gazebo/share/turtlebot3_gazebo//models/turtlebot3_autorace/traffic_light_green/model.config
[23.227s] -- Symlinking: /home/triqui/Documents/TFG/TFG_MS_ROS/ros_ws/install/turtlebot3_gazebo/share/turtlebot3_gazebo//models/turtlebot3_autorace/traffic_light_green/model.sdf
[23.237s] -- Symlinking: /home/triqui/Documents/TFG/TFG_MS_ROS/ros_ws/install/turtlebot3_gazebo/share/turtlebot3_gazebo//models/turtlebot3_autorace/traffic_light_red/model.config
[23.248s] -- Symlinking: /home/triqui/Documents/TFG/TFG_MS_ROS/ros_ws/install/turtlebot3_gazebo/share/turtlebot3_gazebo//models/turtlebot3_autorace/traffic_light_red/model.sdf
[23.259s] -- Symlinking: /home/triqui/Documents/TFG/TFG_MS_ROS/ros_ws/install/turtlebot3_gazebo/share/turtlebot3_gazebo//models/turtlebot3_autorace/traffic_light_yellow/model.config
[23.269s] -- Symlinking: /home/triqui/Documents/TFG/TFG_MS_ROS/ros_ws/install/turtlebot3_gazebo/share/turtlebot3_gazebo//models/turtlebot3_autorace/traffic_light_yellow/model.sdf
[23.280s] -- Symlinking: /home/triqui/Documents/TFG/TFG_MS_ROS/ros_ws/install/turtlebot3_gazebo/share/turtlebot3_gazebo//models/turtlebot3_autorace/traffic_parking/materials/scripts/traffic_parking.material
[23.291s] -- Symlinking: /home/triqui/Documents/TFG/TFG_MS_ROS/ros_ws/install/turtlebot3_gazebo/share/turtlebot3_gazebo//models/turtlebot3_autorace/traffic_parking/materials/textures/traffic_parking.png
[23.302s] -- Symlinking: /home/triqui/Documents/TFG/TFG_MS_ROS/ros_ws/install/turtlebot3_gazebo/share/turtlebot3_gazebo//models/turtlebot3_autorace/traffic_parking/model.config
[23.313s] -- Symlinking: /home/triqui/Documents/TFG/TFG_MS_ROS/ros_ws/install/turtlebot3_gazebo/share/turtlebot3_gazebo//models/turtlebot3_autorace/traffic_parking/model.sdf
[23.324s] -- Symlinking: /home/triqui/Documents/TFG/TFG_MS_ROS/ros_ws/install/turtlebot3_gazebo/share/turtlebot3_gazebo//models/turtlebot3_autorace/traffic_stop/materials/scripts/traffic_stop.material
[23.334s] -- Symlinking: /home/triqui/Documents/TFG/TFG_MS_ROS/ros_ws/install/turtlebot3_gazebo/share/turtlebot3_gazebo//models/turtlebot3_autorace/traffic_stop/materials/textures/traffic_stop.png
[23.344s] -- Symlinking: /home/triqui/Documents/TFG/TFG_MS_ROS/ros_ws/install/turtlebot3_gazebo/share/turtlebot3_gazebo//models/turtlebot3_autorace/traffic_stop/model.config
[23.354s] -- Symlinking: /home/triqui/Documents/TFG/TFG_MS_ROS/ros_ws/install/turtlebot3_gazebo/share/turtlebot3_gazebo//models/turtlebot3_autorace/traffic_stop/model.sdf
[23.366s] -- Symlinking: /home/triqui/Documents/TFG/TFG_MS_ROS/ros_ws/install/turtlebot3_gazebo/share/turtlebot3_gazebo//models/turtlebot3_autorace/traffic_tunnel/materials/scripts/tunnel.material
[23.377s] -- Symlinking: /home/triqui/Documents/TFG/TFG_MS_ROS/ros_ws/install/turtlebot3_gazebo/share/turtlebot3_gazebo//models/turtlebot3_autorace/traffic_tunnel/materials/textures/tunnel.png
[23.389s] -- Symlinking: /home/triqui/Documents/TFG/TFG_MS_ROS/ros_ws/install/turtlebot3_gazebo/share/turtlebot3_gazebo//models/turtlebot3_autorace/traffic_tunnel/model.config
[23.401s] -- Symlinking: /home/triqui/Documents/TFG/TFG_MS_ROS/ros_ws/install/turtlebot3_gazebo/share/turtlebot3_gazebo//models/turtlebot3_autorace/traffic_tunnel/model.sdf
[23.417s] -- Symlinking: /home/triqui/Documents/TFG/TFG_MS_ROS/ros_ws/install/turtlebot3_gazebo/share/turtlebot3_gazebo//models/turtlebot3_autorace/tunnel_obstacles/model.config
[23.442s] -- Symlinking: /home/triqui/Documents/TFG/TFG_MS_ROS/ros_ws/install/turtlebot3_gazebo/share/turtlebot3_gazebo//models/turtlebot3_autorace/tunnel_obstacles/model.sdf
[23.454s] -- Symlinking: /home/triqui/Documents/TFG/TFG_MS_ROS/ros_ws/install/turtlebot3_gazebo/share/turtlebot3_gazebo//models/turtlebot3_autorace/tunnel_wall/model.config
[23.464s] -- Symlinking: /home/triqui/Documents/TFG/TFG_MS_ROS/ros_ws/install/turtlebot3_gazebo/share/turtlebot3_gazebo//models/turtlebot3_autorace/tunnel_wall/model.sdf
[23.476s] -- Symlinking: /home/triqui/Documents/TFG/TFG_MS_ROS/ros_ws/install/turtlebot3_gazebo/share/turtlebot3_gazebo//models/turtlebot3_burger/meshes/burger_base.dae
[23.486s] -- Symlinking: /home/triqui/Documents/TFG/TFG_MS_ROS/ros_ws/install/turtlebot3_gazebo/share/turtlebot3_gazebo//models/turtlebot3_burger/meshes/lds.dae
[23.498s] -- Symlinking: /home/triqui/Documents/TFG/TFG_MS_ROS/ros_ws/install/turtlebot3_gazebo/share/turtlebot3_gazebo//models/turtlebot3_burger/meshes/tire.dae
[23.509s] -- Symlinking: /home/triqui/Documents/TFG/TFG_MS_ROS/ros_ws/install/turtlebot3_gazebo/share/turtlebot3_gazebo//models/turtlebot3_burger/model-1_4.sdf
[23.519s] -- Symlinking: /home/triqui/Documents/TFG/TFG_MS_ROS/ros_ws/install/turtlebot3_gazebo/share/turtlebot3_gazebo//models/turtlebot3_burger/model.config
[23.530s] -- Symlinking: /home/triqui/Documents/TFG/TFG_MS_ROS/ros_ws/install/turtlebot3_gazebo/share/turtlebot3_gazebo//models/turtlebot3_burger/model.sdf
[23.540s] -- Symlinking: /home/triqui/Documents/TFG/TFG_MS_ROS/ros_ws/install/turtlebot3_gazebo/share/turtlebot3_gazebo//models/turtlebot3_dqn_world/goal_box/model.config
[23.551s] -- Symlinking: /home/triqui/Documents/TFG/TFG_MS_ROS/ros_ws/install/turtlebot3_gazebo/share/turtlebot3_gazebo//models/turtlebot3_dqn_world/goal_box/model.sdf
[23.561s] -- Symlinking: /home/triqui/Documents/TFG/TFG_MS_ROS/ros_ws/install/turtlebot3_gazebo/share/turtlebot3_gazebo//models/turtlebot3_dqn_world/inner_walls/model.config
[23.571s] -- Symlinking: /home/triqui/Documents/TFG/TFG_MS_ROS/ros_ws/install/turtlebot3_gazebo/share/turtlebot3_gazebo//models/turtlebot3_dqn_world/inner_walls/model.sdf
[23.582s] -- Symlinking: /home/triqui/Documents/TFG/TFG_MS_ROS/ros_ws/install/turtlebot3_gazebo/share/turtlebot3_gazebo//models/turtlebot3_dqn_world/model.config
[23.594s] -- Symlinking: /home/triqui/Documents/TFG/TFG_MS_ROS/ros_ws/install/turtlebot3_gazebo/share/turtlebot3_gazebo//models/turtlebot3_dqn_world/model.sdf
[23.605s] -- Symlinking: /home/triqui/Documents/TFG/TFG_MS_ROS/ros_ws/install/turtlebot3_gazebo/share/turtlebot3_gazebo//models/turtlebot3_dqn_world/obstacle1/model.config
[23.615s] -- Symlinking: /home/triqui/Documents/TFG/TFG_MS_ROS/ros_ws/install/turtlebot3_gazebo/share/turtlebot3_gazebo//models/turtlebot3_dqn_world/obstacle1/model.sdf
[23.626s] -- Symlinking: /home/triqui/Documents/TFG/TFG_MS_ROS/ros_ws/install/turtlebot3_gazebo/share/turtlebot3_gazebo//models/turtlebot3_dqn_world/obstacle2/model.config
[23.636s] -- Symlinking: /home/triqui/Documents/TFG/TFG_MS_ROS/ros_ws/install/turtlebot3_gazebo/share/turtlebot3_gazebo//models/turtlebot3_dqn_world/obstacle2/model.sdf
[23.646s] -- Symlinking: /home/triqui/Documents/TFG/TFG_MS_ROS/ros_ws/install/turtlebot3_gazebo/share/turtlebot3_gazebo//models/turtlebot3_dqn_world/obstacle_plugin/CMakeLists.txt
[23.657s] -- Symlinking: /home/triqui/Documents/TFG/TFG_MS_ROS/ros_ws/install/turtlebot3_gazebo/share/turtlebot3_gazebo//models/turtlebot3_dqn_world/obstacle_plugin/obstacle1.cc
[23.668s] -- Symlinking: /home/triqui/Documents/TFG/TFG_MS_ROS/ros_ws/install/turtlebot3_gazebo/share/turtlebot3_gazebo//models/turtlebot3_dqn_world/obstacle_plugin/obstacle2.cc
[23.679s] -- Symlinking: /home/triqui/Documents/TFG/TFG_MS_ROS/ros_ws/install/turtlebot3_gazebo/share/turtlebot3_gazebo//models/turtlebot3_dqn_world/obstacle_plugin/obstacles.cc
[23.690s] -- Symlinking: /home/triqui/Documents/TFG/TFG_MS_ROS/ros_ws/install/turtlebot3_gazebo/share/turtlebot3_gazebo//models/turtlebot3_dqn_world/obstacles/model.config
[23.701s] -- Symlinking: /home/triqui/Documents/TFG/TFG_MS_ROS/ros_ws/install/turtlebot3_gazebo/share/turtlebot3_gazebo//models/turtlebot3_dqn_world/obstacles/model.sdf
[23.712s] -- Symlinking: /home/triqui/Documents/TFG/TFG_MS_ROS/ros_ws/install/turtlebot3_gazebo/share/turtlebot3_gazebo//models/turtlebot3_house/model.config
[23.724s] -- Symlinking: /home/triqui/Documents/TFG/TFG_MS_ROS/ros_ws/install/turtlebot3_gazebo/share/turtlebot3_gazebo//models/turtlebot3_house/model.sdf
[23.734s] -- Symlinking: /home/triqui/Documents/TFG/TFG_MS_ROS/ros_ws/install/turtlebot3_gazebo/share/turtlebot3_gazebo//models/turtlebot3_waffle/meshes/lds.dae
[23.745s] -- Symlinking: /home/triqui/Documents/TFG/TFG_MS_ROS/ros_ws/install/turtlebot3_gazebo/share/turtlebot3_gazebo//models/turtlebot3_waffle/meshes/r200.dae
[23.757s] -- Symlinking: /home/triqui/Documents/TFG/TFG_MS_ROS/ros_ws/install/turtlebot3_gazebo/share/turtlebot3_gazebo//models/turtlebot3_waffle/meshes/tire.dae
[23.768s] -- Symlinking: /home/triqui/Documents/TFG/TFG_MS_ROS/ros_ws/install/turtlebot3_gazebo/share/turtlebot3_gazebo//models/turtlebot3_waffle/meshes/waffle_base.dae
[23.779s] -- Symlinking: /home/triqui/Documents/TFG/TFG_MS_ROS/ros_ws/install/turtlebot3_gazebo/share/turtlebot3_gazebo//models/turtlebot3_waffle/model-1_4.sdf
[23.791s] -- Symlinking: /home/triqui/Documents/TFG/TFG_MS_ROS/ros_ws/install/turtlebot3_gazebo/share/turtlebot3_gazebo//models/turtlebot3_waffle/model.config
[23.802s] -- Symlinking: /home/triqui/Documents/TFG/TFG_MS_ROS/ros_ws/install/turtlebot3_gazebo/share/turtlebot3_gazebo//models/turtlebot3_waffle/model.sdf
[23.813s] -- Symlinking: /home/triqui/Documents/TFG/TFG_MS_ROS/ros_ws/install/turtlebot3_gazebo/share/turtlebot3_gazebo//models/turtlebot3_waffle_pi/meshes/lds.dae
[23.823s] -- Symlinking: /home/triqui/Documents/TFG/TFG_MS_ROS/ros_ws/install/turtlebot3_gazebo/share/turtlebot3_gazebo//models/turtlebot3_waffle_pi/meshes/tire.dae
[23.834s] -- Symlinking: /home/triqui/Documents/TFG/TFG_MS_ROS/ros_ws/install/turtlebot3_gazebo/share/turtlebot3_gazebo//models/turtlebot3_waffle_pi/meshes/waffle_pi_base.dae
[23.845s] -- Symlinking: /home/triqui/Documents/TFG/TFG_MS_ROS/ros_ws/install/turtlebot3_gazebo/share/turtlebot3_gazebo//models/turtlebot3_waffle_pi/model-1_4_.sdf
[23.855s] -- Symlinking: /home/triqui/Documents/TFG/TFG_MS_ROS/ros_ws/install/turtlebot3_gazebo/share/turtlebot3_gazebo//models/turtlebot3_waffle_pi/model.config
[23.866s] -- Symlinking: /home/triqui/Documents/TFG/TFG_MS_ROS/ros_ws/install/turtlebot3_gazebo/share/turtlebot3_gazebo//models/turtlebot3_waffle_pi/model.sdf
[23.878s] -- Symlinking: /home/triqui/Documents/TFG/TFG_MS_ROS/ros_ws/install/turtlebot3_gazebo/share/turtlebot3_gazebo//models/turtlebot3_world/meshes/hexagon.dae
[23.889s] -- Symlinking: /home/triqui/Documents/TFG/TFG_MS_ROS/ros_ws/install/turtlebot3_gazebo/share/turtlebot3_gazebo//models/turtlebot3_world/meshes/wall.dae
[23.901s] -- Symlinking: /home/triqui/Documents/TFG/TFG_MS_ROS/ros_ws/install/turtlebot3_gazebo/share/turtlebot3_gazebo//models/turtlebot3_world/model-1_4.sdf
[23.912s] -- Symlinking: /home/triqui/Documents/TFG/TFG_MS_ROS/ros_ws/install/turtlebot3_gazebo/share/turtlebot3_gazebo//models/turtlebot3_world/model.config
[23.922s] -- Symlinking: /home/triqui/Documents/TFG/TFG_MS_ROS/ros_ws/install/turtlebot3_gazebo/share/turtlebot3_gazebo//models/turtlebot3_world/model.sdf
[23.933s] -- Symlinking: /home/triqui/Documents/TFG/TFG_MS_ROS/ros_ws/install/turtlebot3_gazebo/share/turtlebot3_gazebo//rviz/tb3_gazebo.rviz
[23.944s] -- Symlinking: /home/triqui/Documents/TFG/TFG_MS_ROS/ros_ws/install/turtlebot3_gazebo/share/turtlebot3_gazebo//worlds/empty_worlds/burger.model
[23.955s] -- Symlinking: /home/triqui/Documents/TFG/TFG_MS_ROS/ros_ws/install/turtlebot3_gazebo/share/turtlebot3_gazebo//worlds/empty_worlds/waffle.model
[23.966s] -- Symlinking: /home/triqui/Documents/TFG/TFG_MS_ROS/ros_ws/install/turtlebot3_gazebo/share/turtlebot3_gazebo//worlds/empty_worlds/waffle_pi.model
[23.977s] -- Symlinking: /home/triqui/Documents/TFG/TFG_MS_ROS/ros_ws/install/turtlebot3_gazebo/share/turtlebot3_gazebo//worlds/turtlebot3_autoraces/burger.model
[23.988s] -- Symlinking: /home/triqui/Documents/TFG/TFG_MS_ROS/ros_ws/install/turtlebot3_gazebo/share/turtlebot3_gazebo//worlds/turtlebot3_autoraces/waffle.model
[23.999s] -- Symlinking: /home/triqui/Documents/TFG/TFG_MS_ROS/ros_ws/install/turtlebot3_gazebo/share/turtlebot3_gazebo//worlds/turtlebot3_autoraces/waffle_pi.model
[24.010s] -- Symlinking: /home/triqui/Documents/TFG/TFG_MS_ROS/ros_ws/install/turtlebot3_gazebo/share/turtlebot3_gazebo//worlds/turtlebot3_dqn_stage1/burger.model
[24.021s] -- Symlinking: /home/triqui/Documents/TFG/TFG_MS_ROS/ros_ws/install/turtlebot3_gazebo/share/turtlebot3_gazebo//worlds/turtlebot3_dqn_stage1/waffle.model
[24.035s] -- Symlinking: /home/triqui/Documents/TFG/TFG_MS_ROS/ros_ws/install/turtlebot3_gazebo/share/turtlebot3_gazebo//worlds/turtlebot3_dqn_stage1/waffle_pi.model
[24.046s] -- Symlinking: /home/triqui/Documents/TFG/TFG_MS_ROS/ros_ws/install/turtlebot3_gazebo/share/turtlebot3_gazebo//worlds/turtlebot3_dqn_stage2/burger.model
[24.056s] -- Symlinking: /home/triqui/Documents/TFG/TFG_MS_ROS/ros_ws/install/turtlebot3_gazebo/share/turtlebot3_gazebo//worlds/turtlebot3_dqn_stage2/waffle.model
[24.066s] -- Symlinking: /home/triqui/Documents/TFG/TFG_MS_ROS/ros_ws/install/turtlebot3_gazebo/share/turtlebot3_gazebo//worlds/turtlebot3_dqn_stage2/waffle_pi.model
[24.077s] -- Symlinking: /home/triqui/Documents/TFG/TFG_MS_ROS/ros_ws/install/turtlebot3_gazebo/share/turtlebot3_gazebo//worlds/turtlebot3_dqn_stage3/burger.model
[24.089s] -- Symlinking: /home/triqui/Documents/TFG/TFG_MS_ROS/ros_ws/install/turtlebot3_gazebo/share/turtlebot3_gazebo//worlds/turtlebot3_dqn_stage3/waffle.model
[24.101s] -- Symlinking: /home/triqui/Documents/TFG/TFG_MS_ROS/ros_ws/install/turtlebot3_gazebo/share/turtlebot3_gazebo//worlds/turtlebot3_dqn_stage3/waffle_pi.model
[24.112s] -- Symlinking: /home/triqui/Documents/TFG/TFG_MS_ROS/ros_ws/install/turtlebot3_gazebo/share/turtlebot3_gazebo//worlds/turtlebot3_dqn_stage4/burger.model
[24.123s] -- Symlinking: /home/triqui/Documents/TFG/TFG_MS_ROS/ros_ws/install/turtlebot3_gazebo/share/turtlebot3_gazebo//worlds/turtlebot3_dqn_stage4/waffle.model
[24.133s] -- Symlinking: /home/triqui/Documents/TFG/TFG_MS_ROS/ros_ws/install/turtlebot3_gazebo/share/turtlebot3_gazebo//worlds/turtlebot3_dqn_stage4/waffle_pi.model
[24.143s] -- Symlinking: /home/triqui/Documents/TFG/TFG_MS_ROS/ros_ws/install/turtlebot3_gazebo/share/turtlebot3_gazebo//worlds/turtlebot3_houses/burger.model
[24.153s] -- Symlinking: /home/triqui/Documents/TFG/TFG_MS_ROS/ros_ws/install/turtlebot3_gazebo/share/turtlebot3_gazebo//worlds/turtlebot3_houses/waffle.model
[24.164s] -- Symlinking: /home/triqui/Documents/TFG/TFG_MS_ROS/ros_ws/install/turtlebot3_gazebo/share/turtlebot3_gazebo//worlds/turtlebot3_houses/waffle_pi.model
[24.175s] -- Symlinking: /home/triqui/Documents/TFG/TFG_MS_ROS/ros_ws/install/turtlebot3_gazebo/share/turtlebot3_gazebo//worlds/turtlebot3_worlds/burger.model
[24.186s] -- Symlinking: /home/triqui/Documents/TFG/TFG_MS_ROS/ros_ws/install/turtlebot3_gazebo/share/turtlebot3_gazebo//worlds/turtlebot3_worlds/waffle.model
[24.197s] -- Symlinking: /home/triqui/Documents/TFG/TFG_MS_ROS/ros_ws/install/turtlebot3_gazebo/share/turtlebot3_gazebo//worlds/turtlebot3_worlds/waffle_pi.model
[24.209s] -- Symlinking: /home/triqui/Documents/TFG/TFG_MS_ROS/ros_ws/install/turtlebot3_gazebo/include//turtlebot3_gazebo/turtlebot3_drive.hpp
[24.219s] -- Symlinking: /home/triqui/Documents/TFG/TFG_MS_ROS/ros_ws/install/turtlebot3_gazebo/share/ament_index/resource_index/package_run_dependencies/turtlebot3_gazebo
[24.230s] -- Symlinking: /home/triqui/Documents/TFG/TFG_MS_ROS/ros_ws/install/turtlebot3_gazebo/share/ament_index/resource_index/parent_prefix_path/turtlebot3_gazebo
[24.241s] -- Symlinking: /home/triqui/Documents/TFG/TFG_MS_ROS/ros_ws/install/turtlebot3_gazebo/share/turtlebot3_gazebo/environment/ament_prefix_path.sh
[24.253s] -- Symlinking: /home/triqui/Documents/TFG/TFG_MS_ROS/ros_ws/install/turtlebot3_gazebo/share/turtlebot3_gazebo/environment/ament_prefix_path.dsv
[24.264s] -- Symlinking: /home/triqui/Documents/TFG/TFG_MS_ROS/ros_ws/install/turtlebot3_gazebo/share/turtlebot3_gazebo/environment/path.sh
[24.275s] -- Symlinking: /home/triqui/Documents/TFG/TFG_MS_ROS/ros_ws/install/turtlebot3_gazebo/share/turtlebot3_gazebo/environment/path.dsv
[24.286s] -- Symlinking: /home/triqui/Documents/TFG/TFG_MS_ROS/ros_ws/install/turtlebot3_gazebo/share/turtlebot3_gazebo/local_setup.bash
[24.297s] -- Symlinking: /home/triqui/Documents/TFG/TFG_MS_ROS/ros_ws/install/turtlebot3_gazebo/share/turtlebot3_gazebo/local_setup.sh
[24.308s] -- Symlinking: /home/triqui/Documents/TFG/TFG_MS_ROS/ros_ws/install/turtlebot3_gazebo/share/turtlebot3_gazebo/local_setup.zsh
[24.319s] -- Symlinking: /home/triqui/Documents/TFG/TFG_MS_ROS/ros_ws/install/turtlebot3_gazebo/share/turtlebot3_gazebo/local_setup.dsv
[24.330s] -- Symlinking: /home/triqui/Documents/TFG/TFG_MS_ROS/ros_ws/install/turtlebot3_gazebo/share/turtlebot3_gazebo/package.dsv
[24.342s] -- Symlinking: /home/triqui/Documents/TFG/TFG_MS_ROS/ros_ws/install/turtlebot3_gazebo/share/ament_index/resource_index/packages/turtlebot3_gazebo
[24.353s] -- Symlinking: /home/triqui/Documents/TFG/TFG_MS_ROS/ros_ws/install/turtlebot3_gazebo/share/turtlebot3_gazebo/cmake/ament_cmake_export_include_directories-extras.cmake
[24.365s] -- Symlinking: /home/triqui/Documents/TFG/TFG_MS_ROS/ros_ws/install/turtlebot3_gazebo/share/turtlebot3_gazebo/cmake/ament_cmake_export_dependencies-extras.cmake
[24.376s] -- Symlinking: /home/triqui/Documents/TFG/TFG_MS_ROS/ros_ws/install/turtlebot3_gazebo/share/turtlebot3_gazebo/cmake/turtlebot3_gazeboConfig.cmake
[24.388s] -- Symlinking: /home/triqui/Documents/TFG/TFG_MS_ROS/ros_ws/install/turtlebot3_gazebo/share/turtlebot3_gazebo/cmake/turtlebot3_gazeboConfig-version.cmake
[24.399s] -- Symlinking: /home/triqui/Documents/TFG/TFG_MS_ROS/ros_ws/install/turtlebot3_gazebo/share/turtlebot3_gazebo/package.xml
[24.415s] Invoked command in '/home/triqui/Documents/TFG/TFG_MS_ROS/ros_ws/build/turtlebot3_gazebo' returned '0': CMAKE_PREFIX_PATH=${CMAKE_PREFIX_PATH}:/home/triqui/Documents/TFG/TFG_MS_ROS/ros_ws/install/my_battery_package:/home/triqui/Documents/TFG/TFG_MS_ROS/ros_ws/install/ms_sub:/home/triqui/turtlebot3_ws/install/turtlebot3_teleop:/home/triqui/turtlebot3_ws/install/turtlebot3_example:/opt/ros/foxy /usr/bin/cmake --install /home/triqui/Documents/TFG/TFG_MS_ROS/ros_ws/build/turtlebot3_gazebo
