[0.045s] Invoking command in '/home/triqui/Documents/TFG/TFG_MS_ROS/ros_ws/build/rover_msgs': CMAKE_PREFIX_PATH=/opt/ros/foxy /usr/bin/cmake /home/triqui/Documents/TFG/TFG_MS_ROS/ros_ws/src/ros2_rover/rover_msgs -DCMAKE_INSTALL_PREFIX=/home/triqui/Documents/TFG/TFG_MS_ROS/ros_ws/install/rover_msgs
[0.149s] -- The C compiler identification is GNU 9.4.0
[0.217s] -- The CXX compiler identification is GNU 9.4.0
[0.224s] -- Check for working C compiler: /usr/bin/cc
[0.310s] -- Check for working C compiler: /usr/bin/cc -- works
[0.313s] -- Detecting C compiler ABI info
[0.474s] -- Detecting C compiler ABI info - done
[0.483s] -- Detecting C compile features
[0.483s] -- Detecting C compile features - done
[0.486s] -- Check for working CXX compiler: /usr/bin/c++
[0.599s] -- Check for working CXX compiler: /usr/bin/c++ -- works
[0.600s] -- Detecting CXX compiler ABI info
[0.727s] -- Detecting CXX compiler ABI info - done
[0.749s] -- Detecting CXX compile features
[0.750s] -- Detecting CXX compile features - done
[0.755s] -- Found ament_cmake: 0.9.11 (/opt/ros/foxy/share/ament_cmake/cmake)
[0.784s] -- Found PythonInterp: /usr/bin/python3 (found suitable version "3.8.10", minimum required is "3") 
[0.785s] -- Using PYTHON_EXECUTABLE: /usr/bin/python3
[1.100s] -- Found ament_lint_auto: 0.9.8 (/opt/ros/foxy/share/ament_lint_auto/cmake)
[1.210s] -- Found rosidl_default_generators: 1.0.1 (/opt/ros/foxy/share/rosidl_default_generators/cmake)
[1.214s] -- Using all available rosidl_typesupport_c: rosidl_typesupport_fastrtps_c;rosidl_typesupport_introspection_c
[1.226s] -- Found rosidl_adapter: 1.3.0 (/opt/ros/foxy/share/rosidl_adapter/cmake)
[1.370s] -- Found OpenSSL: /usr/lib/x86_64-linux-gnu/libcrypto.so (found version "1.1.1f")  
[1.408s] -- Found FastRTPS: /opt/ros/foxy/include  
[1.520s] -- Using all available rosidl_typesupport_cpp: rosidl_typesupport_fastrtps_cpp;rosidl_typesupport_introspection_cpp
[1.580s] -- Found PythonInterp: /usr/bin/python3 (found version "3.8.10") 
[1.674s] -- Found ament_cmake_ros: 0.9.2 (/opt/ros/foxy/share/ament_cmake_ros/cmake)
[1.832s] -- Using all available rosidl_typesupport_c: rosidl_typesupport_fastrtps_c;rosidl_typesupport_introspection_c
[1.852s] -- Using all available rosidl_typesupport_cpp: rosidl_typesupport_fastrtps_cpp;rosidl_typesupport_introspection_cpp
[1.893s] -- Found PythonInterp: /usr/bin/python3 (found suitable version "3.8.10", minimum required is "3.5") 
[1.894s] -- Found python_cmake_module: 0.8.1 (/opt/ros/foxy/share/python_cmake_module/cmake)
[1.928s] -- Found PythonLibs: /usr/lib/x86_64-linux-gnu/libpython3.8.so (found suitable version "3.8.10", minimum required is "3.5") 
[1.928s] -- Using PYTHON_EXECUTABLE: /usr/bin/python3
[1.928s] -- Using PYTHON_INCLUDE_DIRS: /usr/include/python3.8
[1.928s] -- Using PYTHON_LIBRARIES: /usr/lib/x86_64-linux-gnu/libpython3.8.so
[1.965s] -- Found PythonExtra: .so  
[2.035s] -- Added test 'copyright' to check source files copyright and LICENSE
[2.038s] -- Added test 'lint_cmake' to check CMake code style
[2.039s] -- Added test 'xmllint' to check XML markup files
[2.049s] -- Configuring done
[2.093s] -- Generating done
[2.096s] -- Build files have been written to: /home/triqui/Documents/TFG/TFG_MS_ROS/ros_ws/build/rover_msgs
[2.106s] Invoked command in '/home/triqui/Documents/TFG/TFG_MS_ROS/ros_ws/build/rover_msgs' returned '0': CMAKE_PREFIX_PATH=/opt/ros/foxy /usr/bin/cmake /home/triqui/Documents/TFG/TFG_MS_ROS/ros_ws/src/ros2_rover/rover_msgs -DCMAKE_INSTALL_PREFIX=/home/triqui/Documents/TFG/TFG_MS_ROS/ros_ws/install/rover_msgs
[2.106s] Invoking command in '/home/triqui/Documents/TFG/TFG_MS_ROS/ros_ws/build/rover_msgs': CMAKE_PREFIX_PATH=/opt/ros/foxy /usr/bin/cmake --build /home/triqui/Documents/TFG/TFG_MS_ROS/ros_ws/build/rover_msgs -- -j4 -l4
[2.168s] [35m[1mScanning dependencies of target rover_msgs__cpp[0m
[2.181s] [  3%] [34m[1mGenerating C code for ROS interfaces[0m
[2.199s] [  6%] [34m[1mGenerating C++ code for ROS interfaces[0m
[2.522s] [35m[1mScanning dependencies of target rover_msgs__rosidl_generator_c[0m
[2.530s] [  6%] Built target rover_msgs__cpp
[2.544s] [  9%] [34m[1mGenerating C++ type support dispatch for ROS interfaces[0m
[2.570s] [ 12%] [34m[1mGenerating C++ type support for eProsima Fast-RTPS[0m
[2.573s] [ 16%] [32mBuilding C object CMakeFiles/rover_msgs__rosidl_generator_c.dir/rosidl_generator_c/rover_msgs/msg/detail/motors_command__functions.c.o[0m
[2.594s] [ 19%] [34m[1mGenerating C++ introspection for ROS interfaces[0m
[2.733s] [ 22%] [32m[1mLinking C shared library librover_msgs__rosidl_generator_c.so[0m
[2.837s] [ 22%] Built target rover_msgs__rosidl_generator_c
[2.872s] [ 25%] [34m[1mGenerating C type support dispatch for ROS interfaces[0m
[3.030s] [35m[1mScanning dependencies of target rover_msgs__rosidl_typesupport_fastrtps_cpp[0m
[3.081s] [ 29%] [32mBuilding CXX object CMakeFiles/rover_msgs__rosidl_typesupport_fastrtps_cpp.dir/rosidl_typesupport_fastrtps_cpp/rover_msgs/msg/detail/dds_fastrtps/motors_command__type_support.cpp.o[0m
[3.084s] [35m[1mScanning dependencies of target rover_msgs__rosidl_typesupport_cpp[0m
[3.126s] [ 32%] [32mBuilding CXX object CMakeFiles/rover_msgs__rosidl_typesupport_cpp.dir/rosidl_typesupport_cpp/rover_msgs/msg/motors_command__type_support.cpp.o[0m
[3.183s] [35m[1mScanning dependencies of target rover_msgs__rosidl_typesupport_introspection_cpp[0m
[3.189s] [35m[1mScanning dependencies of target rover_msgs__rosidl_typesupport_c[0m
[3.228s] [ 35%] [32mBuilding CXX object CMakeFiles/rover_msgs__rosidl_typesupport_c.dir/rosidl_typesupport_c/rover_msgs/msg/motors_command__type_support.cpp.o[0m
[3.233s] [ 38%] [32mBuilding CXX object CMakeFiles/rover_msgs__rosidl_typesupport_introspection_cpp.dir/rosidl_typesupport_introspection_cpp/rover_msgs/msg/detail/motors_command__type_support.cpp.o[0m
[3.364s] [ 41%] [32m[1mLinking CXX shared library librover_msgs__rosidl_typesupport_c.so[0m
[3.577s] [ 41%] Built target rover_msgs__rosidl_typesupport_c
[3.629s] [ 45%] [34m[1mGenerating C introspection for ROS interfaces[0m
[3.818s] [ 48%] [32m[1mLinking CXX shared library librover_msgs__rosidl_typesupport_cpp.so[0m
[3.943s] [ 48%] Built target rover_msgs__rosidl_typesupport_cpp
[3.954s] [ 51%] [32m[1mLinking CXX shared library librover_msgs__rosidl_typesupport_introspection_cpp.so[0m
[4.042s] [ 54%] [32m[1mLinking CXX shared library librover_msgs__rosidl_typesupport_fastrtps_cpp.so[0m
[4.107s] [ 54%] Built target rover_msgs__rosidl_typesupport_introspection_cpp
[4.161s] [35m[1mScanning dependencies of target rover_msgs__rosidl_typesupport_introspection_c[0m
[4.205s] [ 58%] [32mBuilding C object CMakeFiles/rover_msgs__rosidl_typesupport_introspection_c.dir/rosidl_typesupport_introspection_c/rover_msgs/msg/detail/motors_command__type_support.c.o[0m
[4.208s] [ 58%] Built target rover_msgs__rosidl_typesupport_fastrtps_cpp
[4.225s] [ 61%] [34m[1mGenerating C type support for eProsima Fast-RTPS[0m
[4.302s] [ 64%] [32m[1mLinking C shared library librover_msgs__rosidl_typesupport_introspection_c.so[0m
[4.393s] [ 64%] Built target rover_msgs__rosidl_typesupport_introspection_c
[4.527s] [35m[1mScanning dependencies of target rover_msgs__rosidl_typesupport_fastrtps_c[0m
[4.557s] [ 67%] [32mBuilding CXX object CMakeFiles/rover_msgs__rosidl_typesupport_fastrtps_c.dir/rosidl_typesupport_fastrtps_c/rover_msgs/msg/detail/motors_command__type_support_c.cpp.o[0m
[5.026s] [ 70%] [32m[1mLinking CXX shared library librover_msgs__rosidl_typesupport_fastrtps_c.so[0m
[5.287s] [ 70%] Built target rover_msgs__rosidl_typesupport_fastrtps_c
[5.355s] [35m[1mScanning dependencies of target rover_msgs[0m
[5.399s] [ 70%] Built target rover_msgs
[5.439s] [35m[1mScanning dependencies of target rover_msgs__py[0m
[5.475s] [ 74%] [34m[1mGenerating Python code for ROS interfaces[0m
[6.016s] [ 74%] Built target rover_msgs__py
[6.070s] [35m[1mScanning dependencies of target rover_msgs__python[0m
[6.134s] [ 77%] [32mBuilding C object CMakeFiles/rover_msgs__python.dir/rosidl_generator_py/rover_msgs/msg/_motors_command_s.c.o[0m
[6.310s] [ 80%] [32m[1mLinking C shared library rosidl_generator_py/rover_msgs/librover_msgs__python.so[0m
[6.357s] [ 80%] Built target rover_msgs__python
[6.390s] [35m[1mScanning dependencies of target rover_msgs__rosidl_typesupport_fastrtps_c__pyext[0m
[6.406s] [35m[1mScanning dependencies of target rover_msgs__rosidl_typesupport_introspection_c__pyext[0m
[6.408s] [35m[1mScanning dependencies of target rover_msgs__rosidl_typesupport_c__pyext[0m
[6.437s] [ 83%] [32mBuilding C object CMakeFiles/rover_msgs__rosidl_typesupport_fastrtps_c__pyext.dir/rosidl_generator_py/rover_msgs/_rover_msgs_s.ep.rosidl_typesupport_fastrtps_c.c.o[0m
[6.465s] [ 87%] [32mBuilding C object CMakeFiles/rover_msgs__rosidl_typesupport_introspection_c__pyext.dir/rosidl_generator_py/rover_msgs/_rover_msgs_s.ep.rosidl_typesupport_introspection_c.c.o[0m
[6.494s] [ 90%] [32mBuilding C object CMakeFiles/rover_msgs__rosidl_typesupport_c__pyext.dir/rosidl_generator_py/rover_msgs/_rover_msgs_s.ep.rosidl_typesupport_c.c.o[0m
[6.655s] [ 93%] [32m[1mLinking C shared library rosidl_generator_py/rover_msgs/rover_msgs_s__rosidl_typesupport_introspection_c.cpython-38-x86_64-linux-gnu.so[0m
[6.664s] [ 96%] [32m[1mLinking CXX shared library rosidl_generator_py/rover_msgs/rover_msgs_s__rosidl_typesupport_fastrtps_c.cpython-38-x86_64-linux-gnu.so[0m
[6.681s] [100%] [32m[1mLinking C shared library rosidl_generator_py/rover_msgs/rover_msgs_s__rosidl_typesupport_c.cpython-38-x86_64-linux-gnu.so[0m
[6.766s] [100%] Built target rover_msgs__rosidl_typesupport_c__pyext
[6.771s] [100%] Built target rover_msgs__rosidl_typesupport_introspection_c__pyext
[6.831s] [100%] Built target rover_msgs__rosidl_typesupport_fastrtps_c__pyext
[6.867s] Invoked command in '/home/triqui/Documents/TFG/TFG_MS_ROS/ros_ws/build/rover_msgs' returned '0': CMAKE_PREFIX_PATH=/opt/ros/foxy /usr/bin/cmake --build /home/triqui/Documents/TFG/TFG_MS_ROS/ros_ws/build/rover_msgs -- -j4 -l4
[7.167s] Invoking command in '/home/triqui/Documents/TFG/TFG_MS_ROS/ros_ws/build/rover_msgs': CMAKE_PREFIX_PATH=/opt/ros/foxy /usr/bin/cmake --install /home/triqui/Documents/TFG/TFG_MS_ROS/ros_ws/build/rover_msgs
[7.182s] -- Install configuration: ""
[7.183s] -- Installing: /home/triqui/Documents/TFG/TFG_MS_ROS/ros_ws/install/rover_msgs/share/ament_index/resource_index/rosidl_interfaces/rover_msgs
[7.184s] -- Installing: /home/triqui/Documents/TFG/TFG_MS_ROS/ros_ws/install/rover_msgs/include/rover_msgs
[7.185s] -- Installing: /home/triqui/Documents/TFG/TFG_MS_ROS/ros_ws/install/rover_msgs/include/rover_msgs/msg
[7.186s] -- Installing: /home/triqui/Documents/TFG/TFG_MS_ROS/ros_ws/install/rover_msgs/include/rover_msgs/msg/motors_command.h
[7.187s] -- Installing: /home/triqui/Documents/TFG/TFG_MS_ROS/ros_ws/install/rover_msgs/include/rover_msgs/msg/detail
[7.188s] -- Installing: /home/triqui/Documents/TFG/TFG_MS_ROS/ros_ws/install/rover_msgs/include/rover_msgs/msg/detail/motors_command__type_support.h
[7.190s] -- Installing: /home/triqui/Documents/TFG/TFG_MS_ROS/ros_ws/install/rover_msgs/include/rover_msgs/msg/detail/motors_command__functions.c
[7.191s] -- Installing: /home/triqui/Documents/TFG/TFG_MS_ROS/ros_ws/install/rover_msgs/include/rover_msgs/msg/detail/motors_command__struct.h
[7.192s] -- Installing: /home/triqui/Documents/TFG/TFG_MS_ROS/ros_ws/install/rover_msgs/include/rover_msgs/msg/detail/motors_command__functions.h
[7.192s] -- Installing: /home/triqui/Documents/TFG/TFG_MS_ROS/ros_ws/install/rover_msgs/include/rover_msgs/msg/rosidl_generator_c__visibility_control.h
[7.192s] -- Installing: /home/triqui/Documents/TFG/TFG_MS_ROS/ros_ws/install/rover_msgs/share/rover_msgs/environment/library_path.sh
[7.192s] -- Installing: /home/triqui/Documents/TFG/TFG_MS_ROS/ros_ws/install/rover_msgs/share/rover_msgs/environment/library_path.dsv
[7.192s] -- Installing: /home/triqui/Documents/TFG/TFG_MS_ROS/ros_ws/install/rover_msgs/lib/librover_msgs__rosidl_generator_c.so
[7.193s] -- Set runtime path of "/home/triqui/Documents/TFG/TFG_MS_ROS/ros_ws/install/rover_msgs/lib/librover_msgs__rosidl_generator_c.so" to ""
[7.198s] -- Up-to-date: /home/triqui/Documents/TFG/TFG_MS_ROS/ros_ws/install/rover_msgs/include/rover_msgs
[7.198s] -- Up-to-date: /home/triqui/Documents/TFG/TFG_MS_ROS/ros_ws/install/rover_msgs/include/rover_msgs/msg
[7.198s] -- Up-to-date: /home/triqui/Documents/TFG/TFG_MS_ROS/ros_ws/install/rover_msgs/include/rover_msgs/msg/detail
[7.198s] -- Installing: /home/triqui/Documents/TFG/TFG_MS_ROS/ros_ws/install/rover_msgs/include/rover_msgs/msg/detail/motors_command__rosidl_typesupport_fastrtps_c.h
[7.198s] -- Installing: /home/triqui/Documents/TFG/TFG_MS_ROS/ros_ws/install/rover_msgs/include/rover_msgs/msg/rosidl_typesupport_fastrtps_c__visibility_control.h
[7.199s] -- Installing: /home/triqui/Documents/TFG/TFG_MS_ROS/ros_ws/install/rover_msgs/lib/librover_msgs__rosidl_typesupport_fastrtps_c.so
[7.199s] -- Set runtime path of "/home/triqui/Documents/TFG/TFG_MS_ROS/ros_ws/install/rover_msgs/lib/librover_msgs__rosidl_typesupport_fastrtps_c.so" to ""
[7.199s] -- Up-to-date: /home/triqui/Documents/TFG/TFG_MS_ROS/ros_ws/install/rover_msgs/include/rover_msgs
[7.199s] -- Up-to-date: /home/triqui/Documents/TFG/TFG_MS_ROS/ros_ws/install/rover_msgs/include/rover_msgs/msg
[7.199s] -- Installing: /home/triqui/Documents/TFG/TFG_MS_ROS/ros_ws/install/rover_msgs/include/rover_msgs/msg/rosidl_typesupport_fastrtps_cpp__visibility_control.h
[7.199s] -- Up-to-date: /home/triqui/Documents/TFG/TFG_MS_ROS/ros_ws/install/rover_msgs/include/rover_msgs/msg/detail
[7.200s] -- Installing: /home/triqui/Documents/TFG/TFG_MS_ROS/ros_ws/install/rover_msgs/include/rover_msgs/msg/detail/motors_command__rosidl_typesupport_fastrtps_cpp.hpp
[7.200s] -- Installing: /home/triqui/Documents/TFG/TFG_MS_ROS/ros_ws/install/rover_msgs/include/rover_msgs/msg/detail/dds_fastrtps
[7.200s] -- Installing: /home/triqui/Documents/TFG/TFG_MS_ROS/ros_ws/install/rover_msgs/lib/librover_msgs__rosidl_typesupport_fastrtps_cpp.so
[7.207s] -- Set runtime path of "/home/triqui/Documents/TFG/TFG_MS_ROS/ros_ws/install/rover_msgs/lib/librover_msgs__rosidl_typesupport_fastrtps_cpp.so" to ""
[7.207s] -- Up-to-date: /home/triqui/Documents/TFG/TFG_MS_ROS/ros_ws/install/rover_msgs/include/rover_msgs
[7.208s] -- Up-to-date: /home/triqui/Documents/TFG/TFG_MS_ROS/ros_ws/install/rover_msgs/include/rover_msgs/msg
[7.208s] -- Installing: /home/triqui/Documents/TFG/TFG_MS_ROS/ros_ws/install/rover_msgs/include/rover_msgs/msg/rosidl_typesupport_introspection_c__visibility_control.h
[7.208s] -- Up-to-date: /home/triqui/Documents/TFG/TFG_MS_ROS/ros_ws/install/rover_msgs/include/rover_msgs/msg/detail
[7.208s] -- Installing: /home/triqui/Documents/TFG/TFG_MS_ROS/ros_ws/install/rover_msgs/include/rover_msgs/msg/detail/motors_command__rosidl_typesupport_introspection_c.h
[7.208s] -- Installing: /home/triqui/Documents/TFG/TFG_MS_ROS/ros_ws/install/rover_msgs/include/rover_msgs/msg/detail/motors_command__type_support.c
[7.208s] -- Installing: /home/triqui/Documents/TFG/TFG_MS_ROS/ros_ws/install/rover_msgs/lib/librover_msgs__rosidl_typesupport_introspection_c.so
[7.209s] -- Set runtime path of "/home/triqui/Documents/TFG/TFG_MS_ROS/ros_ws/install/rover_msgs/lib/librover_msgs__rosidl_typesupport_introspection_c.so" to ""
[7.209s] -- Installing: /home/triqui/Documents/TFG/TFG_MS_ROS/ros_ws/install/rover_msgs/lib/librover_msgs__rosidl_typesupport_c.so
[7.209s] -- Set runtime path of "/home/triqui/Documents/TFG/TFG_MS_ROS/ros_ws/install/rover_msgs/lib/librover_msgs__rosidl_typesupport_c.so" to ""
[7.209s] -- Up-to-date: /home/triqui/Documents/TFG/TFG_MS_ROS/ros_ws/install/rover_msgs/include/rover_msgs
[7.209s] -- Up-to-date: /home/triqui/Documents/TFG/TFG_MS_ROS/ros_ws/install/rover_msgs/include/rover_msgs/msg
[7.209s] -- Installing: /home/triqui/Documents/TFG/TFG_MS_ROS/ros_ws/install/rover_msgs/include/rover_msgs/msg/motors_command.hpp
[7.210s] -- Up-to-date: /home/triqui/Documents/TFG/TFG_MS_ROS/ros_ws/install/rover_msgs/include/rover_msgs/msg/detail
[7.210s] -- Installing: /home/triqui/Documents/TFG/TFG_MS_ROS/ros_ws/install/rover_msgs/include/rover_msgs/msg/detail/motors_command__traits.hpp
[7.210s] -- Installing: /home/triqui/Documents/TFG/TFG_MS_ROS/ros_ws/install/rover_msgs/include/rover_msgs/msg/detail/motors_command__struct.hpp
[7.210s] -- Installing: /home/triqui/Documents/TFG/TFG_MS_ROS/ros_ws/install/rover_msgs/include/rover_msgs/msg/detail/motors_command__builder.hpp
[7.210s] -- Up-to-date: /home/triqui/Documents/TFG/TFG_MS_ROS/ros_ws/install/rover_msgs/include/rover_msgs
[7.210s] -- Up-to-date: /home/triqui/Documents/TFG/TFG_MS_ROS/ros_ws/install/rover_msgs/include/rover_msgs/msg
[7.210s] -- Up-to-date: /home/triqui/Documents/TFG/TFG_MS_ROS/ros_ws/install/rover_msgs/include/rover_msgs/msg/detail
[7.210s] -- Installing: /home/triqui/Documents/TFG/TFG_MS_ROS/ros_ws/install/rover_msgs/include/rover_msgs/msg/detail/motors_command__type_support.cpp
[7.210s] -- Installing: /home/triqui/Documents/TFG/TFG_MS_ROS/ros_ws/install/rover_msgs/include/rover_msgs/msg/detail/motors_command__rosidl_typesupport_introspection_cpp.hpp
[7.211s] -- Installing: /home/triqui/Documents/TFG/TFG_MS_ROS/ros_ws/install/rover_msgs/lib/librover_msgs__rosidl_typesupport_introspection_cpp.so
[7.214s] -- Set runtime path of "/home/triqui/Documents/TFG/TFG_MS_ROS/ros_ws/install/rover_msgs/lib/librover_msgs__rosidl_typesupport_introspection_cpp.so" to ""
[7.214s] -- Installing: /home/triqui/Documents/TFG/TFG_MS_ROS/ros_ws/install/rover_msgs/lib/librover_msgs__rosidl_typesupport_cpp.so
[7.214s] -- Set runtime path of "/home/triqui/Documents/TFG/TFG_MS_ROS/ros_ws/install/rover_msgs/lib/librover_msgs__rosidl_typesupport_cpp.so" to ""
[7.215s] -- Installing: /home/triqui/Documents/TFG/TFG_MS_ROS/ros_ws/install/rover_msgs/share/rover_msgs/environment/pythonpath.sh
[7.215s] -- Installing: /home/triqui/Documents/TFG/TFG_MS_ROS/ros_ws/install/rover_msgs/share/rover_msgs/environment/pythonpath.dsv
[7.215s] -- Installing: /home/triqui/Documents/TFG/TFG_MS_ROS/ros_ws/install/rover_msgs/lib/python3.8/site-packages/rover_msgs/__init__.py
[7.270s] Compiling '/home/triqui/Documents/TFG/TFG_MS_ROS/ros_ws/install/rover_msgs/lib/python3.8/site-packages/rover_msgs/__init__.py'...
[7.275s] -- Installing: /home/triqui/Documents/TFG/TFG_MS_ROS/ros_ws/install/rover_msgs/lib/python3.8/site-packages/rover_msgs/msg
[7.275s] -- Installing: /home/triqui/Documents/TFG/TFG_MS_ROS/ros_ws/install/rover_msgs/lib/python3.8/site-packages/rover_msgs/msg/_motors_command.py
[7.275s] -- Installing: /home/triqui/Documents/TFG/TFG_MS_ROS/ros_ws/install/rover_msgs/lib/python3.8/site-packages/rover_msgs/msg/__init__.py
[7.276s] -- Installing: /home/triqui/Documents/TFG/TFG_MS_ROS/ros_ws/install/rover_msgs/lib/python3.8/site-packages/rover_msgs/msg/_motors_command_s.c
[7.276s] -- Installing: /home/triqui/Documents/TFG/TFG_MS_ROS/ros_ws/install/rover_msgs/lib/python3.8/site-packages/rover_msgs/rover_msgs_s__rosidl_typesupport_fastrtps_c.cpython-38-x86_64-linux-gnu.so
[7.277s] -- Set runtime path of "/home/triqui/Documents/TFG/TFG_MS_ROS/ros_ws/install/rover_msgs/lib/python3.8/site-packages/rover_msgs/rover_msgs_s__rosidl_typesupport_fastrtps_c.cpython-38-x86_64-linux-gnu.so" to ""
[7.277s] -- Installing: /home/triqui/Documents/TFG/TFG_MS_ROS/ros_ws/install/rover_msgs/lib/python3.8/site-packages/rover_msgs/rover_msgs_s__rosidl_typesupport_introspection_c.cpython-38-x86_64-linux-gnu.so
[7.278s] -- Set runtime path of "/home/triqui/Documents/TFG/TFG_MS_ROS/ros_ws/install/rover_msgs/lib/python3.8/site-packages/rover_msgs/rover_msgs_s__rosidl_typesupport_introspection_c.cpython-38-x86_64-linux-gnu.so" to ""
[7.279s] -- Installing: /home/triqui/Documents/TFG/TFG_MS_ROS/ros_ws/install/rover_msgs/lib/python3.8/site-packages/rover_msgs/rover_msgs_s__rosidl_typesupport_c.cpython-38-x86_64-linux-gnu.so
[7.281s] -- Set runtime path of "/home/triqui/Documents/TFG/TFG_MS_ROS/ros_ws/install/rover_msgs/lib/python3.8/site-packages/rover_msgs/rover_msgs_s__rosidl_typesupport_c.cpython-38-x86_64-linux-gnu.so" to ""
[7.281s] -- Installing: /home/triqui/Documents/TFG/TFG_MS_ROS/ros_ws/install/rover_msgs/lib/librover_msgs__python.so
[7.282s] -- Set runtime path of "/home/triqui/Documents/TFG/TFG_MS_ROS/ros_ws/install/rover_msgs/lib/librover_msgs__python.so" to ""
[7.283s] -- Installing: /home/triqui/Documents/TFG/TFG_MS_ROS/ros_ws/install/rover_msgs/share/rover_msgs/msg/MotorsCommand.idl
[7.283s] -- Installing: /home/triqui/Documents/TFG/TFG_MS_ROS/ros_ws/install/rover_msgs/share/rover_msgs/msg/MotorsCommand.msg
[7.287s] -- Installing: /home/triqui/Documents/TFG/TFG_MS_ROS/ros_ws/install/rover_msgs/share/ament_index/resource_index/package_run_dependencies/rover_msgs
[7.287s] -- Installing: /home/triqui/Documents/TFG/TFG_MS_ROS/ros_ws/install/rover_msgs/share/ament_index/resource_index/parent_prefix_path/rover_msgs
[7.288s] -- Installing: /home/triqui/Documents/TFG/TFG_MS_ROS/ros_ws/install/rover_msgs/share/rover_msgs/environment/ament_prefix_path.sh
[7.288s] -- Installing: /home/triqui/Documents/TFG/TFG_MS_ROS/ros_ws/install/rover_msgs/share/rover_msgs/environment/ament_prefix_path.dsv
[7.288s] -- Installing: /home/triqui/Documents/TFG/TFG_MS_ROS/ros_ws/install/rover_msgs/share/rover_msgs/environment/path.sh
[7.289s] -- Installing: /home/triqui/Documents/TFG/TFG_MS_ROS/ros_ws/install/rover_msgs/share/rover_msgs/environment/path.dsv
[7.289s] -- Installing: /home/triqui/Documents/TFG/TFG_MS_ROS/ros_ws/install/rover_msgs/share/rover_msgs/local_setup.bash
[7.290s] -- Installing: /home/triqui/Documents/TFG/TFG_MS_ROS/ros_ws/install/rover_msgs/share/rover_msgs/local_setup.sh
[7.290s] -- Installing: /home/triqui/Documents/TFG/TFG_MS_ROS/ros_ws/install/rover_msgs/share/rover_msgs/local_setup.zsh
[7.290s] -- Installing: /home/triqui/Documents/TFG/TFG_MS_ROS/ros_ws/install/rover_msgs/share/rover_msgs/local_setup.dsv
[7.291s] -- Installing: /home/triqui/Documents/TFG/TFG_MS_ROS/ros_ws/install/rover_msgs/share/rover_msgs/package.dsv
[7.291s] -- Installing: /home/triqui/Documents/TFG/TFG_MS_ROS/ros_ws/install/rover_msgs/share/ament_index/resource_index/packages/rover_msgs
[7.291s] -- Installing: /home/triqui/Documents/TFG/TFG_MS_ROS/ros_ws/install/rover_msgs/share/rover_msgs/cmake/rover_msgs__rosidl_generator_cExport.cmake
[7.292s] -- Installing: /home/triqui/Documents/TFG/TFG_MS_ROS/ros_ws/install/rover_msgs/share/rover_msgs/cmake/rover_msgs__rosidl_generator_cExport-noconfig.cmake
[7.292s] -- Installing: /home/triqui/Documents/TFG/TFG_MS_ROS/ros_ws/install/rover_msgs/share/rover_msgs/cmake/rover_msgs__rosidl_typesupport_introspection_cExport.cmake
[7.293s] -- Installing: /home/triqui/Documents/TFG/TFG_MS_ROS/ros_ws/install/rover_msgs/share/rover_msgs/cmake/rover_msgs__rosidl_typesupport_introspection_cExport-noconfig.cmake
[7.293s] -- Installing: /home/triqui/Documents/TFG/TFG_MS_ROS/ros_ws/install/rover_msgs/share/rover_msgs/cmake/rover_msgs__rosidl_typesupport_cExport.cmake
[7.293s] -- Installing: /home/triqui/Documents/TFG/TFG_MS_ROS/ros_ws/install/rover_msgs/share/rover_msgs/cmake/rover_msgs__rosidl_typesupport_cExport-noconfig.cmake
[7.294s] -- Installing: /home/triqui/Documents/TFG/TFG_MS_ROS/ros_ws/install/rover_msgs/share/rover_msgs/cmake/rover_msgs__rosidl_generator_cppExport.cmake
[7.294s] -- Installing: /home/triqui/Documents/TFG/TFG_MS_ROS/ros_ws/install/rover_msgs/share/rover_msgs/cmake/rover_msgs__rosidl_typesupport_introspection_cppExport.cmake
[7.295s] -- Installing: /home/triqui/Documents/TFG/TFG_MS_ROS/ros_ws/install/rover_msgs/share/rover_msgs/cmake/rover_msgs__rosidl_typesupport_introspection_cppExport-noconfig.cmake
[7.295s] -- Installing: /home/triqui/Documents/TFG/TFG_MS_ROS/ros_ws/install/rover_msgs/share/rover_msgs/cmake/rover_msgs__rosidl_typesupport_cppExport.cmake
[7.295s] -- Installing: /home/triqui/Documents/TFG/TFG_MS_ROS/ros_ws/install/rover_msgs/share/rover_msgs/cmake/rover_msgs__rosidl_typesupport_cppExport-noconfig.cmake
[7.296s] -- Installing: /home/triqui/Documents/TFG/TFG_MS_ROS/ros_ws/install/rover_msgs/share/rover_msgs/cmake/rosidl_cmake-extras.cmake
[7.296s] -- Installing: /home/triqui/Documents/TFG/TFG_MS_ROS/ros_ws/install/rover_msgs/share/rover_msgs/cmake/ament_cmake_export_dependencies-extras.cmake
[7.296s] -- Installing: /home/triqui/Documents/TFG/TFG_MS_ROS/ros_ws/install/rover_msgs/share/rover_msgs/cmake/ament_cmake_export_libraries-extras.cmake
[7.297s] -- Installing: /home/triqui/Documents/TFG/TFG_MS_ROS/ros_ws/install/rover_msgs/share/rover_msgs/cmake/ament_cmake_export_targets-extras.cmake
[7.297s] -- Installing: /home/triqui/Documents/TFG/TFG_MS_ROS/ros_ws/install/rover_msgs/share/rover_msgs/cmake/ament_cmake_export_include_directories-extras.cmake
[7.298s] -- Installing: /home/triqui/Documents/TFG/TFG_MS_ROS/ros_ws/install/rover_msgs/share/rover_msgs/cmake/rosidl_cmake_export_typesupport_libraries-extras.cmake
[7.298s] -- Installing: /home/triqui/Documents/TFG/TFG_MS_ROS/ros_ws/install/rover_msgs/share/rover_msgs/cmake/rosidl_cmake_export_typesupport_targets-extras.cmake
[7.298s] -- Installing: /home/triqui/Documents/TFG/TFG_MS_ROS/ros_ws/install/rover_msgs/share/rover_msgs/cmake/rover_msgsConfig.cmake
[7.299s] -- Installing: /home/triqui/Documents/TFG/TFG_MS_ROS/ros_ws/install/rover_msgs/share/rover_msgs/cmake/rover_msgsConfig-version.cmake
[7.299s] -- Installing: /home/triqui/Documents/TFG/TFG_MS_ROS/ros_ws/install/rover_msgs/share/rover_msgs/package.xml
[7.312s] Invoked command in '/home/triqui/Documents/TFG/TFG_MS_ROS/ros_ws/build/rover_msgs' returned '0': CMAKE_PREFIX_PATH=/opt/ros/foxy /usr/bin/cmake --install /home/triqui/Documents/TFG/TFG_MS_ROS/ros_ws/build/rover_msgs
