running develop
running egg_info
creating ms_sub.egg-info
writing ms_sub.egg-info/PKG-INFO
writing dependency_links to ms_sub.egg-info/dependency_links.txt
writing entry points to ms_sub.egg-info/entry_points.txt
writing requirements to ms_sub.egg-info/requires.txt
writing top-level names to ms_sub.egg-info/top_level.txt
writing manifest file 'ms_sub.egg-info/SOURCES.txt'
reading manifest file 'ms_sub.egg-info/SOURCES.txt'
writing manifest file 'ms_sub.egg-info/SOURCES.txt'
running build_ext
Creating /home/triqui/Documents/TFG/TFG_MS_ROS/ros_ws/install/ms_sub/lib/python3.8/site-packages/site.py
Creating /home/triqui/Documents/TFG/TFG_MS_ROS/ros_ws/install/ms_sub/lib/python3.8/site-packages/ms-sub.egg-link (link to .)
Installing battery_publisher script to /home/triqui/Documents/TFG/TFG_MS_ROS/ros_ws/install/ms_sub/lib/ms_sub
Installing battery_subscriber script to /home/triqui/Documents/TFG/TFG_MS_ROS/ros_ws/install/ms_sub/lib/ms_sub
Installing odm_subscriber script to /home/triqui/Documents/TFG/TFG_MS_ROS/ros_ws/install/ms_sub/lib/ms_sub

Installed /home/triqui/Documents/TFG/TFG_MS_ROS/ros_ws/build/ms_sub
running install_data
creating /home/triqui/Documents/TFG/TFG_MS_ROS/ros_ws/install/ms_sub/share/ament_index
creating /home/triqui/Documents/TFG/TFG_MS_ROS/ros_ws/install/ms_sub/share/ament_index/resource_index
creating /home/triqui/Documents/TFG/TFG_MS_ROS/ros_ws/install/ms_sub/share/ament_index/resource_index/packages
copying resource/ms_sub -> /home/triqui/Documents/TFG/TFG_MS_ROS/ros_ws/install/ms_sub/share/ament_index/resource_index/packages
copying package.xml -> /home/triqui/Documents/TFG/TFG_MS_ROS/ros_ws/install/ms_sub/share/ms_sub
