[2.250s] Invoking command in '/home/triqui/Documents/TFG/TFG_MS_ROS/ros_ws/build/ms_sub': CMAKE_PREFIX_PATH=/home/triqui/Documents/TFG/TFG_MS_ROS/ros_ws/install/pkg_interfaces:/home/triqui/Documents/TFG/TFG_MS_ROS/ros_ws/install/turtlebot3_simulations:/home/triqui/Documents/TFG/TFG_MS_ROS/ros_ws/install/turtlebot3_gazebo:/home/triqui/Documents/TFG/TFG_MS_ROS/ros_ws/install/turtlebot3_fake_node:/home/triqui/turtlebot3_ws/install/turtlebot3:/home/triqui/turtlebot3_ws/install/turtlebot3_simulations:/home/triqui/turtlebot3_ws/install/turtlebot3_bringup:/home/triqui/turtlebot3_ws/install/turtlebot3_node:/home/triqui/turtlebot3_ws/install/turtlebot3_navigation2:/home/triqui/turtlebot3_ws/install/turtlebot3_fake_node:/home/triqui/turtlebot3_ws/install/turtlebot3_msgs:/home/triqui/turtlebot3_ws/install/turtlebot3_gazebo:/home/triqui/turtlebot3_ws/install/turtlebot3_description:/home/triqui/turtlebot3_ws/install/turtlebot3_cartographer:/home/triqui/turtlebot3_ws/install/dynamixel_sdk_examples:/home/triqui/turtlebot3_ws/install/dynamixel_sdk_custom_interfaces:/home/triqui/turtlebot3_ws/install/dynamixel_sdk PYTHONPATH=/home/triqui/Documents/TFG/TFG_MS_ROS/ros_ws/build/ms_sub/prefix_override:/home/triqui/Documents/TFG/TFG_MS_ROS/ros_ws/install/ms_sub/lib/python3.8/site-packages:/home/triqui/Documents/TFG/TFG_MS_ROS/ros_ws/install/pkg_interfaces/lib/python3.8/site-packages:/home/triqui/Documents/TFG/TFG_MS_ROS/ros_ws/install/my_battery_package/lib/python3.8/site-packages:/home/triqui/Documents/TFG/TFG_MS_ROS/ros_ws/install/ms_sub/lib/python3.8/site-packages:/home/triqui/turtlebot3_ws/build/turtlebot3_teleop:/home/triqui/turtlebot3_ws/install/turtlebot3_teleop/lib/python3.8/site-packages:/home/triqui/turtlebot3_ws/build/turtlebot3_example:/home/triqui/turtlebot3_ws/install/turtlebot3_example/lib/python3.8/site-packages:/home/triqui/turtlebot3_ws/install/turtlebot3_msgs/lib/python3.8/site-packages:/home/triqui/turtlebot3_ws/install/dynamixel_sdk_custom_interfaces/lib/python3.8/site-packages:/opt/ros/foxy/lib/python3.8/site-packages /usr/bin/python3 setup.py develop --editable --build-directory /home/triqui/Documents/TFG/TFG_MS_ROS/ros_ws/build/ms_sub/build --no-deps install_data
[2.943s] running develop
[3.399s] running egg_info
[3.399s] creating ms_sub.egg-info
[3.411s] writing ms_sub.egg-info/PKG-INFO
[3.412s] writing dependency_links to ms_sub.egg-info/dependency_links.txt
[3.412s] writing entry points to ms_sub.egg-info/entry_points.txt
[3.412s] writing requirements to ms_sub.egg-info/requires.txt
[3.412s] writing top-level names to ms_sub.egg-info/top_level.txt
[3.413s] writing manifest file 'ms_sub.egg-info/SOURCES.txt'
[3.504s] reading manifest file 'ms_sub.egg-info/SOURCES.txt'
[3.505s] writing manifest file 'ms_sub.egg-info/SOURCES.txt'
[3.627s] running build_ext
[3.628s] Creating /home/triqui/Documents/TFG/TFG_MS_ROS/ros_ws/install/ms_sub/lib/python3.8/site-packages/site.py
[3.643s] Creating /home/triqui/Documents/TFG/TFG_MS_ROS/ros_ws/install/ms_sub/lib/python3.8/site-packages/ms-sub.egg-link (link to .)
[3.644s] Installing battery_publisher script to /home/triqui/Documents/TFG/TFG_MS_ROS/ros_ws/install/ms_sub/lib/ms_sub
[3.645s] Installing battery_subscriber script to /home/triqui/Documents/TFG/TFG_MS_ROS/ros_ws/install/ms_sub/lib/ms_sub
[3.646s] Installing odm_subscriber script to /home/triqui/Documents/TFG/TFG_MS_ROS/ros_ws/install/ms_sub/lib/ms_sub
[3.646s] 
[3.647s] Installed /home/triqui/Documents/TFG/TFG_MS_ROS/ros_ws/build/ms_sub
[3.647s] running install_data
[3.647s] creating /home/triqui/Documents/TFG/TFG_MS_ROS/ros_ws/install/ms_sub/share/ament_index
[3.647s] creating /home/triqui/Documents/TFG/TFG_MS_ROS/ros_ws/install/ms_sub/share/ament_index/resource_index
[3.648s] creating /home/triqui/Documents/TFG/TFG_MS_ROS/ros_ws/install/ms_sub/share/ament_index/resource_index/packages
[3.648s] copying resource/ms_sub -> /home/triqui/Documents/TFG/TFG_MS_ROS/ros_ws/install/ms_sub/share/ament_index/resource_index/packages
[3.648s] copying package.xml -> /home/triqui/Documents/TFG/TFG_MS_ROS/ros_ws/install/ms_sub/share/ms_sub
[3.725s] Invoked command in '/home/triqui/Documents/TFG/TFG_MS_ROS/ros_ws/build/ms_sub' returned '0': CMAKE_PREFIX_PATH=/home/triqui/Documents/TFG/TFG_MS_ROS/ros_ws/install/pkg_interfaces:/home/triqui/Documents/TFG/TFG_MS_ROS/ros_ws/install/turtlebot3_simulations:/home/triqui/Documents/TFG/TFG_MS_ROS/ros_ws/install/turtlebot3_gazebo:/home/triqui/Documents/TFG/TFG_MS_ROS/ros_ws/install/turtlebot3_fake_node:/home/triqui/turtlebot3_ws/install/turtlebot3:/home/triqui/turtlebot3_ws/install/turtlebot3_simulations:/home/triqui/turtlebot3_ws/install/turtlebot3_bringup:/home/triqui/turtlebot3_ws/install/turtlebot3_node:/home/triqui/turtlebot3_ws/install/turtlebot3_navigation2:/home/triqui/turtlebot3_ws/install/turtlebot3_fake_node:/home/triqui/turtlebot3_ws/install/turtlebot3_msgs:/home/triqui/turtlebot3_ws/install/turtlebot3_gazebo:/home/triqui/turtlebot3_ws/install/turtlebot3_description:/home/triqui/turtlebot3_ws/install/turtlebot3_cartographer:/home/triqui/turtlebot3_ws/install/dynamixel_sdk_examples:/home/triqui/turtlebot3_ws/install/dynamixel_sdk_custom_interfaces:/home/triqui/turtlebot3_ws/install/dynamixel_sdk PYTHONPATH=/home/triqui/Documents/TFG/TFG_MS_ROS/ros_ws/build/ms_sub/prefix_override:/home/triqui/Documents/TFG/TFG_MS_ROS/ros_ws/install/ms_sub/lib/python3.8/site-packages:/home/triqui/Documents/TFG/TFG_MS_ROS/ros_ws/install/pkg_interfaces/lib/python3.8/site-packages:/home/triqui/Documents/TFG/TFG_MS_ROS/ros_ws/install/my_battery_package/lib/python3.8/site-packages:/home/triqui/Documents/TFG/TFG_MS_ROS/ros_ws/install/ms_sub/lib/python3.8/site-packages:/home/triqui/turtlebot3_ws/build/turtlebot3_teleop:/home/triqui/turtlebot3_ws/install/turtlebot3_teleop/lib/python3.8/site-packages:/home/triqui/turtlebot3_ws/build/turtlebot3_example:/home/triqui/turtlebot3_ws/install/turtlebot3_example/lib/python3.8/site-packages:/home/triqui/turtlebot3_ws/install/turtlebot3_msgs/lib/python3.8/site-packages:/home/triqui/turtlebot3_ws/install/dynamixel_sdk_custom_interfaces/lib/python3.8/site-packages:/opt/ros/foxy/lib/python3.8/site-packages /usr/bin/python3 setup.py develop --editable --build-directory /home/triqui/Documents/TFG/TFG_MS_ROS/ros_ws/build/ms_sub/build --no-deps install_data
