[0.022s] Invoking command in '/home/triqui/Documents/TFG/TFG_MS_ROS/ros_ws/build/rover_bringup': AMENT_PREFIX_PATH=/home/triqui/Documents/TFG/TFG_MS_ROS/ros_ws/install/rover_motor_controller_cpp:/home/triqui/Documents/TFG/TFG_MS_ROS/ros_ws/install/rover_msgs:${AMENT_PREFIX_PATH} CMAKE_PREFIX_PATH=/home/triqui/Documents/TFG/TFG_MS_ROS/ros_ws/install/rover_motor_controller_cpp:/home/triqui/Documents/TFG/TFG_MS_ROS/ros_ws/install/rover_msgs:/opt/ros/foxy LD_LIBRARY_PATH=/home/triqui/Documents/TFG/TFG_MS_ROS/ros_ws/install/rover_msgs/lib:${LD_LIBRARY_PATH} PYTHONPATH=/home/triqui/Documents/TFG/TFG_MS_ROS/ros_ws/install/rover_msgs/lib/python3.8/site-packages:${PYTHONPATH} /usr/bin/cmake /home/triqui/Documents/TFG/TFG_MS_ROS/ros_ws/src/ros2_rover/rover_bringup -DCMAKE_INSTALL_PREFIX=/home/triqui/Documents/TFG/TFG_MS_ROS/ros_ws/install/rover_bringup
[0.100s] -- The C compiler identification is GNU 9.4.0
[0.171s] -- The CXX compiler identification is GNU 9.4.0
[0.176s] -- Check for working C compiler: /usr/bin/cc
[0.266s] -- Check for working C compiler: /usr/bin/cc -- works
[0.267s] -- Detecting C compiler ABI info
[0.372s] -- Detecting C compiler ABI info - done
[0.385s] -- Detecting C compile features
[0.385s] -- Detecting C compile features - done
[0.388s] -- Check for working CXX compiler: /usr/bin/c++
[0.491s] -- Check for working CXX compiler: /usr/bin/c++ -- works
[0.492s] -- Detecting CXX compiler ABI info
[0.638s] -- Detecting CXX compiler ABI info - done
[0.660s] -- Detecting CXX compile features
[0.660s] -- Detecting CXX compile features - done
[0.663s] -- Found ament_cmake: 0.9.11 (/opt/ros/foxy/share/ament_cmake/cmake)
[0.699s] -- Found PythonInterp: /usr/bin/python3 (found suitable version "3.8.10", minimum required is "3") 
[0.699s] -- Using PYTHON_EXECUTABLE: /usr/bin/python3
[0.959s] -- Found rover_motor_controller_cpp: 0.0.0 (/home/triqui/Documents/TFG/TFG_MS_ROS/ros_ws/install/rover_motor_controller_cpp/share/rover_motor_controller_cpp/cmake)
[0.963s] -- Found joy_linux: 3.0.1 (/opt/ros/foxy/share/joy_linux/cmake)
[0.966s] -- Found teleop_twist_joy: 2.4.3 (/opt/ros/foxy/share/teleop_twist_joy/cmake)
[0.972s] -- Found urg_node: 1.0.3 (/opt/ros/foxy/share/urg_node/cmake)
[1.013s] -- Using all available rosidl_typesupport_c: rosidl_typesupport_fastrtps_c;rosidl_typesupport_introspection_c
[1.023s] -- Found rosidl_adapter: 1.3.0 (/opt/ros/foxy/share/rosidl_adapter/cmake)
[1.131s] -- Found OpenSSL: /usr/lib/x86_64-linux-gnu/libcrypto.so (found version "1.1.1f")  
[1.169s] -- Found FastRTPS: /opt/ros/foxy/include  
[1.266s] -- Using all available rosidl_typesupport_cpp: rosidl_typesupport_fastrtps_cpp;rosidl_typesupport_introspection_cpp
[1.496s] -- Found rmw_implementation_cmake: 1.0.4 (/opt/ros/foxy/share/rmw_implementation_cmake/cmake)
[1.498s] -- Using RMW implementation 'rmw_fastrtps_cpp' as default
[1.499s] -- Looking for pthread.h
[1.621s] -- Looking for pthread.h - found
[1.621s] -- Performing Test CMAKE_HAVE_LIBC_PTHREAD
[1.728s] -- Performing Test CMAKE_HAVE_LIBC_PTHREAD - Failed
[1.728s] -- Looking for pthread_create in pthreads
[1.797s] -- Looking for pthread_create in pthreads - not found
[1.797s] -- Looking for pthread_create in pthread
[1.881s] -- Looking for pthread_create in pthread - found
[1.883s] -- Found Threads: TRUE  
[2.324s] -- Found ament_lint_auto: 0.9.8 (/opt/ros/foxy/share/ament_lint_auto/cmake)
[2.424s] -- Added test 'copyright' to check source files copyright and LICENSE
[2.426s] -- Added test 'flake8' to check Python code syntax and style conventions
[2.427s] -- Added test 'lint_cmake' to check CMake code style
[2.428s] -- Added test 'pep257' to check Python code against some of the style conventions in PEP 257
[2.429s] -- Added test 'xmllint' to check XML markup files
[2.433s] -- Configuring done
[2.436s] -- Generating done
[2.438s] -- Build files have been written to: /home/triqui/Documents/TFG/TFG_MS_ROS/ros_ws/build/rover_bringup
[2.452s] Invoked command in '/home/triqui/Documents/TFG/TFG_MS_ROS/ros_ws/build/rover_bringup' returned '0': AMENT_PREFIX_PATH=/home/triqui/Documents/TFG/TFG_MS_ROS/ros_ws/install/rover_motor_controller_cpp:/home/triqui/Documents/TFG/TFG_MS_ROS/ros_ws/install/rover_msgs:${AMENT_PREFIX_PATH} CMAKE_PREFIX_PATH=/home/triqui/Documents/TFG/TFG_MS_ROS/ros_ws/install/rover_motor_controller_cpp:/home/triqui/Documents/TFG/TFG_MS_ROS/ros_ws/install/rover_msgs:/opt/ros/foxy LD_LIBRARY_PATH=/home/triqui/Documents/TFG/TFG_MS_ROS/ros_ws/install/rover_msgs/lib:${LD_LIBRARY_PATH} PYTHONPATH=/home/triqui/Documents/TFG/TFG_MS_ROS/ros_ws/install/rover_msgs/lib/python3.8/site-packages:${PYTHONPATH} /usr/bin/cmake /home/triqui/Documents/TFG/TFG_MS_ROS/ros_ws/src/ros2_rover/rover_bringup -DCMAKE_INSTALL_PREFIX=/home/triqui/Documents/TFG/TFG_MS_ROS/ros_ws/install/rover_bringup
[2.455s] Invoking command in '/home/triqui/Documents/TFG/TFG_MS_ROS/ros_ws/build/rover_bringup': AMENT_PREFIX_PATH=/home/triqui/Documents/TFG/TFG_MS_ROS/ros_ws/install/rover_motor_controller_cpp:/home/triqui/Documents/TFG/TFG_MS_ROS/ros_ws/install/rover_msgs:${AMENT_PREFIX_PATH} CMAKE_PREFIX_PATH=/home/triqui/Documents/TFG/TFG_MS_ROS/ros_ws/install/rover_motor_controller_cpp:/home/triqui/Documents/TFG/TFG_MS_ROS/ros_ws/install/rover_msgs:/opt/ros/foxy LD_LIBRARY_PATH=/home/triqui/Documents/TFG/TFG_MS_ROS/ros_ws/install/rover_msgs/lib:${LD_LIBRARY_PATH} PYTHONPATH=/home/triqui/Documents/TFG/TFG_MS_ROS/ros_ws/install/rover_msgs/lib/python3.8/site-packages:${PYTHONPATH} /usr/bin/cmake --build /home/triqui/Documents/TFG/TFG_MS_ROS/ros_ws/build/rover_bringup -- -j4 -l4
[2.504s] Invoked command in '/home/triqui/Documents/TFG/TFG_MS_ROS/ros_ws/build/rover_bringup' returned '0': AMENT_PREFIX_PATH=/home/triqui/Documents/TFG/TFG_MS_ROS/ros_ws/install/rover_motor_controller_cpp:/home/triqui/Documents/TFG/TFG_MS_ROS/ros_ws/install/rover_msgs:${AMENT_PREFIX_PATH} CMAKE_PREFIX_PATH=/home/triqui/Documents/TFG/TFG_MS_ROS/ros_ws/install/rover_motor_controller_cpp:/home/triqui/Documents/TFG/TFG_MS_ROS/ros_ws/install/rover_msgs:/opt/ros/foxy LD_LIBRARY_PATH=/home/triqui/Documents/TFG/TFG_MS_ROS/ros_ws/install/rover_msgs/lib:${LD_LIBRARY_PATH} PYTHONPATH=/home/triqui/Documents/TFG/TFG_MS_ROS/ros_ws/install/rover_msgs/lib/python3.8/site-packages:${PYTHONPATH} /usr/bin/cmake --build /home/triqui/Documents/TFG/TFG_MS_ROS/ros_ws/build/rover_bringup -- -j4 -l4
[2.533s] Invoking command in '/home/triqui/Documents/TFG/TFG_MS_ROS/ros_ws/build/rover_bringup': AMENT_PREFIX_PATH=/home/triqui/Documents/TFG/TFG_MS_ROS/ros_ws/install/rover_motor_controller_cpp:/home/triqui/Documents/TFG/TFG_MS_ROS/ros_ws/install/rover_msgs:${AMENT_PREFIX_PATH} CMAKE_PREFIX_PATH=/home/triqui/Documents/TFG/TFG_MS_ROS/ros_ws/install/rover_motor_controller_cpp:/home/triqui/Documents/TFG/TFG_MS_ROS/ros_ws/install/rover_msgs:/opt/ros/foxy LD_LIBRARY_PATH=/home/triqui/Documents/TFG/TFG_MS_ROS/ros_ws/install/rover_msgs/lib:${LD_LIBRARY_PATH} PYTHONPATH=/home/triqui/Documents/TFG/TFG_MS_ROS/ros_ws/install/rover_msgs/lib/python3.8/site-packages:${PYTHONPATH} /usr/bin/cmake --install /home/triqui/Documents/TFG/TFG_MS_ROS/ros_ws/build/rover_bringup
[2.546s] -- Install configuration: ""
[2.546s] -- Installing: /home/triqui/Documents/TFG/TFG_MS_ROS/ros_ws/install/rover_bringup/share/rover_bringup//launch
[2.546s] -- Installing: /home/triqui/Documents/TFG/TFG_MS_ROS/ros_ws/install/rover_bringup/share/rover_bringup//launch/rover.launch.py
[2.547s] -- Installing: /home/triqui/Documents/TFG/TFG_MS_ROS/ros_ws/install/rover_bringup/share/rover_bringup//launch/ublox.launch.py
[2.547s] -- Installing: /home/triqui/Documents/TFG/TFG_MS_ROS/ros_ws/install/rover_bringup/share/rover_bringup//launch/urg_node.launch.py
[2.547s] -- Installing: /home/triqui/Documents/TFG/TFG_MS_ROS/ros_ws/install/rover_bringup/share/rover_bringup//config
[2.548s] -- Installing: /home/triqui/Documents/TFG/TFG_MS_ROS/ros_ws/install/rover_bringup/share/rover_bringup//config/urg_node_serial.yaml
[2.548s] -- Installing: /home/triqui/Documents/TFG/TFG_MS_ROS/ros_ws/install/rover_bringup/share/rover_bringup//config/ublox.yaml
[2.548s] -- Installing: /home/triqui/Documents/TFG/TFG_MS_ROS/ros_ws/install/rover_bringup/share/ament_index/resource_index/package_run_dependencies/rover_bringup
[2.549s] -- Installing: /home/triqui/Documents/TFG/TFG_MS_ROS/ros_ws/install/rover_bringup/share/ament_index/resource_index/parent_prefix_path/rover_bringup
[2.549s] -- Installing: /home/triqui/Documents/TFG/TFG_MS_ROS/ros_ws/install/rover_bringup/share/rover_bringup/environment/ament_prefix_path.sh
[2.550s] -- Installing: /home/triqui/Documents/TFG/TFG_MS_ROS/ros_ws/install/rover_bringup/share/rover_bringup/environment/ament_prefix_path.dsv
[2.550s] -- Installing: /home/triqui/Documents/TFG/TFG_MS_ROS/ros_ws/install/rover_bringup/share/rover_bringup/environment/path.sh
[2.550s] -- Installing: /home/triqui/Documents/TFG/TFG_MS_ROS/ros_ws/install/rover_bringup/share/rover_bringup/environment/path.dsv
[2.551s] -- Installing: /home/triqui/Documents/TFG/TFG_MS_ROS/ros_ws/install/rover_bringup/share/rover_bringup/local_setup.bash
[2.551s] -- Installing: /home/triqui/Documents/TFG/TFG_MS_ROS/ros_ws/install/rover_bringup/share/rover_bringup/local_setup.sh
[2.551s] -- Installing: /home/triqui/Documents/TFG/TFG_MS_ROS/ros_ws/install/rover_bringup/share/rover_bringup/local_setup.zsh
[2.551s] -- Installing: /home/triqui/Documents/TFG/TFG_MS_ROS/ros_ws/install/rover_bringup/share/rover_bringup/local_setup.dsv
[2.551s] -- Installing: /home/triqui/Documents/TFG/TFG_MS_ROS/ros_ws/install/rover_bringup/share/rover_bringup/package.dsv
[2.551s] -- Installing: /home/triqui/Documents/TFG/TFG_MS_ROS/ros_ws/install/rover_bringup/share/ament_index/resource_index/packages/rover_bringup
[2.552s] -- Installing: /home/triqui/Documents/TFG/TFG_MS_ROS/ros_ws/install/rover_bringup/share/rover_bringup/cmake/rover_bringupConfig.cmake
[2.552s] -- Installing: /home/triqui/Documents/TFG/TFG_MS_ROS/ros_ws/install/rover_bringup/share/rover_bringup/cmake/rover_bringupConfig-version.cmake
[2.552s] -- Installing: /home/triqui/Documents/TFG/TFG_MS_ROS/ros_ws/install/rover_bringup/share/rover_bringup/package.xml
[2.561s] Invoked command in '/home/triqui/Documents/TFG/TFG_MS_ROS/ros_ws/build/rover_bringup' returned '0': AMENT_PREFIX_PATH=/home/triqui/Documents/TFG/TFG_MS_ROS/ros_ws/install/rover_motor_controller_cpp:/home/triqui/Documents/TFG/TFG_MS_ROS/ros_ws/install/rover_msgs:${AMENT_PREFIX_PATH} CMAKE_PREFIX_PATH=/home/triqui/Documents/TFG/TFG_MS_ROS/ros_ws/install/rover_motor_controller_cpp:/home/triqui/Documents/TFG/TFG_MS_ROS/ros_ws/install/rover_msgs:/opt/ros/foxy LD_LIBRARY_PATH=/home/triqui/Documents/TFG/TFG_MS_ROS/ros_ws/install/rover_msgs/lib:${LD_LIBRARY_PATH} PYTHONPATH=/home/triqui/Documents/TFG/TFG_MS_ROS/ros_ws/install/rover_msgs/lib/python3.8/site-packages:${PYTHONPATH} /usr/bin/cmake --install /home/triqui/Documents/TFG/TFG_MS_ROS/ros_ws/build/rover_bringup
