running develop
Removing /home/triqui/Documents/TFG/TFG_MS_ROS/ros_ws/install/ms_sub/lib/python3.8/site-packages/ms-sub.egg-link (link to .)
running egg_info
writing ../../build/ms_sub/ms_sub.egg-info/PKG-INFO
writing dependency_links to ../../build/ms_sub/ms_sub.egg-info/dependency_links.txt
writing entry points to ../../build/ms_sub/ms_sub.egg-info/entry_points.txt
writing requirements to ../../build/ms_sub/ms_sub.egg-info/requires.txt
writing top-level names to ../../build/ms_sub/ms_sub.egg-info/top_level.txt
reading manifest file '../../build/ms_sub/ms_sub.egg-info/SOURCES.txt'
writing manifest file '../../build/ms_sub/ms_sub.egg-info/SOURCES.txt'
running build
running build_py
copying ms_sub/odom_suscriber.py -> /home/triqui/Documents/TFG/TFG_MS_ROS/ros_ws/build/ms_sub/build/lib/ms_sub
running install
running install_lib
creating /home/triqui/Documents/TFG/TFG_MS_ROS/ros_ws/install/ms_sub/lib/python3.8/site-packages/ms_sub
copying /home/triqui/Documents/TFG/TFG_MS_ROS/ros_ws/build/ms_sub/build/lib/ms_sub/battery_publisher.py -> /home/triqui/Documents/TFG/TFG_MS_ROS/ros_ws/install/ms_sub/lib/python3.8/site-packages/ms_sub
copying /home/triqui/Documents/TFG/TFG_MS_ROS/ros_ws/build/ms_sub/build/lib/ms_sub/__init__.py -> /home/triqui/Documents/TFG/TFG_MS_ROS/ros_ws/install/ms_sub/lib/python3.8/site-packages/ms_sub
copying /home/triqui/Documents/TFG/TFG_MS_ROS/ros_ws/build/ms_sub/build/lib/ms_sub/odom_suscriber.py -> /home/triqui/Documents/TFG/TFG_MS_ROS/ros_ws/install/ms_sub/lib/python3.8/site-packages/ms_sub
copying /home/triqui/Documents/TFG/TFG_MS_ROS/ros_ws/build/ms_sub/build/lib/ms_sub/battery_subscriber.py -> /home/triqui/Documents/TFG/TFG_MS_ROS/ros_ws/install/ms_sub/lib/python3.8/site-packages/ms_sub
byte-compiling /home/triqui/Documents/TFG/TFG_MS_ROS/ros_ws/install/ms_sub/lib/python3.8/site-packages/ms_sub/battery_publisher.py to battery_publisher.cpython-38.pyc
byte-compiling /home/triqui/Documents/TFG/TFG_MS_ROS/ros_ws/install/ms_sub/lib/python3.8/site-packages/ms_sub/__init__.py to __init__.cpython-38.pyc
byte-compiling /home/triqui/Documents/TFG/TFG_MS_ROS/ros_ws/install/ms_sub/lib/python3.8/site-packages/ms_sub/odom_suscriber.py to odom_suscriber.cpython-38.pyc
byte-compiling /home/triqui/Documents/TFG/TFG_MS_ROS/ros_ws/install/ms_sub/lib/python3.8/site-packages/ms_sub/battery_subscriber.py to battery_subscriber.cpython-38.pyc
running install_data
running install_egg_info
Copying ../../build/ms_sub/ms_sub.egg-info to /home/triqui/Documents/TFG/TFG_MS_ROS/ros_ws/install/ms_sub/lib/python3.8/site-packages/ms_sub-0.0.0-py3.8.egg-info
running install_scripts
Installing battery_publisher script to /home/triqui/Documents/TFG/TFG_MS_ROS/ros_ws/install/ms_sub/lib/ms_sub
Installing battery_subscriber script to /home/triqui/Documents/TFG/TFG_MS_ROS/ros_ws/install/ms_sub/lib/ms_sub
Installing odom_suscriber script to /home/triqui/Documents/TFG/TFG_MS_ROS/ros_ws/install/ms_sub/lib/ms_sub
writing list of installed files to '/home/triqui/Documents/TFG/TFG_MS_ROS/ros_ws/build/ms_sub/install.log'
