[1.086s] Invoking command in '/home/triqui/Documents/TFG/TFG_MS_ROS/ros_ws/build/ms_sub': CMAKE_PREFIX_PATH=/home/triqui/Documents/TFG/TFG_MS_ROS/ros_ws/install/pkg_interfaces:/home/triqui/Documents/TFG/TFG_MS_ROS/ros_ws/install/turtlebot3_simulations:/home/triqui/Documents/TFG/TFG_MS_ROS/ros_ws/install/turtlebot3_gazebo:/home/triqui/Documents/TFG/TFG_MS_ROS/ros_ws/install/turtlebot3_fake_node PYTHONPATH=/home/triqui/Documents/TFG/TFG_MS_ROS/ros_ws/build/ms_sub/prefix_override:/home/triqui/Documents/TFG/TFG_MS_ROS/ros_ws/install/ms_sub/lib/python3.8/site-packages:/home/triqui/Documents/TFG/TFG_MS_ROS/ros_ws/install/pkg_interfaces/lib/python3.8/site-packages:/home/triqui/Documents/TFG/TFG_MS_ROS/ros_ws/build/my_battery_package:/home/triqui/Documents/TFG/TFG_MS_ROS/ros_ws/install/my_battery_package/lib/python3.8/site-packages:/home/triqui/Documents/TFG/TFG_MS_ROS/ros_ws/build/ms_sub:/home/triqui/Documents/TFG/TFG_MS_ROS/ros_ws/install/ms_sub/lib/python3.8/site-packages:/opt/ros/foxy/lib/python3.8/site-packages /usr/bin/python3 setup.py develop --uninstall --editable --build-directory /home/triqui/Documents/TFG/TFG_MS_ROS/ros_ws/build/ms_sub/build
[1.354s] running develop
[1.529s] Removing /home/triqui/Documents/TFG/TFG_MS_ROS/ros_ws/install/ms_sub/lib/python3.8/site-packages/ms-sub.egg-link (link to .)
[1.553s] Invoked command in '/home/triqui/Documents/TFG/TFG_MS_ROS/ros_ws/build/ms_sub' returned '0': CMAKE_PREFIX_PATH=/home/triqui/Documents/TFG/TFG_MS_ROS/ros_ws/install/pkg_interfaces:/home/triqui/Documents/TFG/TFG_MS_ROS/ros_ws/install/turtlebot3_simulations:/home/triqui/Documents/TFG/TFG_MS_ROS/ros_ws/install/turtlebot3_gazebo:/home/triqui/Documents/TFG/TFG_MS_ROS/ros_ws/install/turtlebot3_fake_node PYTHONPATH=/home/triqui/Documents/TFG/TFG_MS_ROS/ros_ws/build/ms_sub/prefix_override:/home/triqui/Documents/TFG/TFG_MS_ROS/ros_ws/install/ms_sub/lib/python3.8/site-packages:/home/triqui/Documents/TFG/TFG_MS_ROS/ros_ws/install/pkg_interfaces/lib/python3.8/site-packages:/home/triqui/Documents/TFG/TFG_MS_ROS/ros_ws/build/my_battery_package:/home/triqui/Documents/TFG/TFG_MS_ROS/ros_ws/install/my_battery_package/lib/python3.8/site-packages:/home/triqui/Documents/TFG/TFG_MS_ROS/ros_ws/build/ms_sub:/home/triqui/Documents/TFG/TFG_MS_ROS/ros_ws/install/ms_sub/lib/python3.8/site-packages:/opt/ros/foxy/lib/python3.8/site-packages /usr/bin/python3 setup.py develop --uninstall --editable --build-directory /home/triqui/Documents/TFG/TFG_MS_ROS/ros_ws/build/ms_sub/build
[1.556s] Invoking command in '/home/triqui/Documents/TFG/TFG_MS_ROS/ros_ws/src/ms_sub': CMAKE_PREFIX_PATH=/home/triqui/Documents/TFG/TFG_MS_ROS/ros_ws/install/pkg_interfaces:/home/triqui/Documents/TFG/TFG_MS_ROS/ros_ws/install/turtlebot3_simulations:/home/triqui/Documents/TFG/TFG_MS_ROS/ros_ws/install/turtlebot3_gazebo:/home/triqui/Documents/TFG/TFG_MS_ROS/ros_ws/install/turtlebot3_fake_node PYTHONPATH=/home/triqui/Documents/TFG/TFG_MS_ROS/ros_ws/build/ms_sub/prefix_override:/home/triqui/Documents/TFG/TFG_MS_ROS/ros_ws/install/ms_sub/lib/python3.8/site-packages:/home/triqui/Documents/TFG/TFG_MS_ROS/ros_ws/install/pkg_interfaces/lib/python3.8/site-packages:/home/triqui/Documents/TFG/TFG_MS_ROS/ros_ws/build/my_battery_package:/home/triqui/Documents/TFG/TFG_MS_ROS/ros_ws/install/my_battery_package/lib/python3.8/site-packages:/home/triqui/Documents/TFG/TFG_MS_ROS/ros_ws/build/ms_sub:/home/triqui/Documents/TFG/TFG_MS_ROS/ros_ws/install/ms_sub/lib/python3.8/site-packages:/opt/ros/foxy/lib/python3.8/site-packages /usr/bin/python3 setup.py egg_info --egg-base ../../build/ms_sub build --build-base /home/triqui/Documents/TFG/TFG_MS_ROS/ros_ws/build/ms_sub/build install --record /home/triqui/Documents/TFG/TFG_MS_ROS/ros_ws/build/ms_sub/install.log --install-scripts $base/lib/ms_sub --single-version-externally-managed
[1.809s] running egg_info
[1.809s] writing ../../build/ms_sub/ms_sub.egg-info/PKG-INFO
[1.809s] writing dependency_links to ../../build/ms_sub/ms_sub.egg-info/dependency_links.txt
[1.810s] writing entry points to ../../build/ms_sub/ms_sub.egg-info/entry_points.txt
[1.810s] writing requirements to ../../build/ms_sub/ms_sub.egg-info/requires.txt
[1.810s] writing top-level names to ../../build/ms_sub/ms_sub.egg-info/top_level.txt
[1.851s] reading manifest file '../../build/ms_sub/ms_sub.egg-info/SOURCES.txt'
[1.865s] writing manifest file '../../build/ms_sub/ms_sub.egg-info/SOURCES.txt'
[1.865s] running build
[1.865s] running build_py
[1.865s] copying ms_sub/odom_suscriber.py -> /home/triqui/Documents/TFG/TFG_MS_ROS/ros_ws/build/ms_sub/build/lib/ms_sub
[1.866s] running install
[1.867s] running install_lib
[1.868s] creating /home/triqui/Documents/TFG/TFG_MS_ROS/ros_ws/install/ms_sub/lib/python3.8/site-packages/ms_sub
[1.868s] copying /home/triqui/Documents/TFG/TFG_MS_ROS/ros_ws/build/ms_sub/build/lib/ms_sub/battery_publisher.py -> /home/triqui/Documents/TFG/TFG_MS_ROS/ros_ws/install/ms_sub/lib/python3.8/site-packages/ms_sub
[1.868s] copying /home/triqui/Documents/TFG/TFG_MS_ROS/ros_ws/build/ms_sub/build/lib/ms_sub/__init__.py -> /home/triqui/Documents/TFG/TFG_MS_ROS/ros_ws/install/ms_sub/lib/python3.8/site-packages/ms_sub
[1.868s] copying /home/triqui/Documents/TFG/TFG_MS_ROS/ros_ws/build/ms_sub/build/lib/ms_sub/odom_suscriber.py -> /home/triqui/Documents/TFG/TFG_MS_ROS/ros_ws/install/ms_sub/lib/python3.8/site-packages/ms_sub
[1.868s] copying /home/triqui/Documents/TFG/TFG_MS_ROS/ros_ws/build/ms_sub/build/lib/ms_sub/battery_subscriber.py -> /home/triqui/Documents/TFG/TFG_MS_ROS/ros_ws/install/ms_sub/lib/python3.8/site-packages/ms_sub
[1.869s] byte-compiling /home/triqui/Documents/TFG/TFG_MS_ROS/ros_ws/install/ms_sub/lib/python3.8/site-packages/ms_sub/battery_publisher.py to battery_publisher.cpython-38.pyc
[1.870s] byte-compiling /home/triqui/Documents/TFG/TFG_MS_ROS/ros_ws/install/ms_sub/lib/python3.8/site-packages/ms_sub/__init__.py to __init__.cpython-38.pyc
[1.870s] byte-compiling /home/triqui/Documents/TFG/TFG_MS_ROS/ros_ws/install/ms_sub/lib/python3.8/site-packages/ms_sub/odom_suscriber.py to odom_suscriber.cpython-38.pyc
[1.871s] byte-compiling /home/triqui/Documents/TFG/TFG_MS_ROS/ros_ws/install/ms_sub/lib/python3.8/site-packages/ms_sub/battery_subscriber.py to battery_subscriber.cpython-38.pyc
[1.872s] running install_data
[1.872s] running install_egg_info
[1.874s] Copying ../../build/ms_sub/ms_sub.egg-info to /home/triqui/Documents/TFG/TFG_MS_ROS/ros_ws/install/ms_sub/lib/python3.8/site-packages/ms_sub-0.0.0-py3.8.egg-info
[1.875s] running install_scripts
[1.896s] Installing battery_publisher script to /home/triqui/Documents/TFG/TFG_MS_ROS/ros_ws/install/ms_sub/lib/ms_sub
[1.897s] Installing battery_subscriber script to /home/triqui/Documents/TFG/TFG_MS_ROS/ros_ws/install/ms_sub/lib/ms_sub
[1.897s] Installing odom_suscriber script to /home/triqui/Documents/TFG/TFG_MS_ROS/ros_ws/install/ms_sub/lib/ms_sub
[1.898s] writing list of installed files to '/home/triqui/Documents/TFG/TFG_MS_ROS/ros_ws/build/ms_sub/install.log'
[1.940s] Invoked command in '/home/triqui/Documents/TFG/TFG_MS_ROS/ros_ws/src/ms_sub' returned '0': CMAKE_PREFIX_PATH=/home/triqui/Documents/TFG/TFG_MS_ROS/ros_ws/install/pkg_interfaces:/home/triqui/Documents/TFG/TFG_MS_ROS/ros_ws/install/turtlebot3_simulations:/home/triqui/Documents/TFG/TFG_MS_ROS/ros_ws/install/turtlebot3_gazebo:/home/triqui/Documents/TFG/TFG_MS_ROS/ros_ws/install/turtlebot3_fake_node PYTHONPATH=/home/triqui/Documents/TFG/TFG_MS_ROS/ros_ws/build/ms_sub/prefix_override:/home/triqui/Documents/TFG/TFG_MS_ROS/ros_ws/install/ms_sub/lib/python3.8/site-packages:/home/triqui/Documents/TFG/TFG_MS_ROS/ros_ws/install/pkg_interfaces/lib/python3.8/site-packages:/home/triqui/Documents/TFG/TFG_MS_ROS/ros_ws/build/my_battery_package:/home/triqui/Documents/TFG/TFG_MS_ROS/ros_ws/install/my_battery_package/lib/python3.8/site-packages:/home/triqui/Documents/TFG/TFG_MS_ROS/ros_ws/build/ms_sub:/home/triqui/Documents/TFG/TFG_MS_ROS/ros_ws/install/ms_sub/lib/python3.8/site-packages:/opt/ros/foxy/lib/python3.8/site-packages /usr/bin/python3 setup.py egg_info --egg-base ../../build/ms_sub build --build-base /home/triqui/Documents/TFG/TFG_MS_ROS/ros_ws/build/ms_sub/build install --record /home/triqui/Documents/TFG/TFG_MS_ROS/ros_ws/build/ms_sub/install.log --install-scripts $base/lib/ms_sub --single-version-externally-managed
