[0.059s] Invoking command in '/home/triqui/Documents/TFG/TFG_MS_ROS/ros_ws/build/rover_description': CMAKE_PREFIX_PATH=${CMAKE_PREFIX_PATH}:/home/triqui/Documents/TFG/TFG_MS_ROS/ros_ws/install/rover_teleop:/home/triqui/Documents/TFG/TFG_MS_ROS/ros_ws/install/rover_motor_controller:/home/triqui/Documents/TFG/TFG_MS_ROS/ros_ws/install/my_battery_package:/home/triqui/Documents/TFG/TFG_MS_ROS/ros_ws/install/ms_sub:/opt/ros/foxy /usr/bin/cmake --build /home/triqui/Documents/TFG/TFG_MS_ROS/ros_ws/build/rover_description -- -j4 -l4
[0.210s] Invoked command in '/home/triqui/Documents/TFG/TFG_MS_ROS/ros_ws/build/rover_description' returned '0': CMAKE_PREFIX_PATH=${CMAKE_PREFIX_PATH}:/home/triqui/Documents/TFG/TFG_MS_ROS/ros_ws/install/rover_teleop:/home/triqui/Documents/TFG/TFG_MS_ROS/ros_ws/install/rover_motor_controller:/home/triqui/Documents/TFG/TFG_MS_ROS/ros_ws/install/my_battery_package:/home/triqui/Documents/TFG/TFG_MS_ROS/ros_ws/install/ms_sub:/opt/ros/foxy /usr/bin/cmake --build /home/triqui/Documents/TFG/TFG_MS_ROS/ros_ws/build/rover_description -- -j4 -l4
[0.344s] Invoking command in '/home/triqui/Documents/TFG/TFG_MS_ROS/ros_ws/build/rover_description': CMAKE_PREFIX_PATH=${CMAKE_PREFIX_PATH}:/home/triqui/Documents/TFG/TFG_MS_ROS/ros_ws/install/rover_teleop:/home/triqui/Documents/TFG/TFG_MS_ROS/ros_ws/install/rover_motor_controller:/home/triqui/Documents/TFG/TFG_MS_ROS/ros_ws/install/my_battery_package:/home/triqui/Documents/TFG/TFG_MS_ROS/ros_ws/install/ms_sub:/opt/ros/foxy /usr/bin/cmake --install /home/triqui/Documents/TFG/TFG_MS_ROS/ros_ws/build/rover_description
[0.370s] -- Install configuration: ""
[0.373s] -- Execute custom install script
[0.376s] -- Up-to-date symlink: /home/triqui/Documents/TFG/TFG_MS_ROS/ros_ws/install/rover_description/share/rover_description/config/control.yaml
[0.378s] -- Up-to-date symlink: /home/triqui/Documents/TFG/TFG_MS_ROS/ros_ws/install/rover_description/share/rover_description/launch/robot_state_publisher.launch.py
[0.380s] -- Up-to-date symlink: /home/triqui/Documents/TFG/TFG_MS_ROS/ros_ws/install/rover_description/share/rover_description/meshes/bases/back_left_steering_asm.stl
[0.381s] -- Up-to-date symlink: /home/triqui/Documents/TFG/TFG_MS_ROS/ros_ws/install/rover_description/share/rover_description/meshes/bases/back_right_steering_asm.stl
[0.382s] -- Up-to-date symlink: /home/triqui/Documents/TFG/TFG_MS_ROS/ros_ws/install/rover_description/share/rover_description/meshes/bases/body_box.stl
[0.383s] -- Up-to-date symlink: /home/triqui/Documents/TFG/TFG_MS_ROS/ros_ws/install/rover_description/share/rover_description/meshes/bases/differential.stl
[0.383s] -- Up-to-date symlink: /home/triqui/Documents/TFG/TFG_MS_ROS/ros_ws/install/rover_description/share/rover_description/meshes/bases/front_left_steering_asm.stl
[0.384s] -- Up-to-date symlink: /home/triqui/Documents/TFG/TFG_MS_ROS/ros_ws/install/rover_description/share/rover_description/meshes/bases/front_right_steering_asm.stl
[0.385s] -- Up-to-date symlink: /home/triqui/Documents/TFG/TFG_MS_ROS/ros_ws/install/rover_description/share/rover_description/meshes/bases/left_bogie_asm.stl
[0.385s] -- Up-to-date symlink: /home/triqui/Documents/TFG/TFG_MS_ROS/ros_ws/install/rover_description/share/rover_description/meshes/bases/left_rocker_asm.stl
[0.386s] -- Up-to-date symlink: /home/triqui/Documents/TFG/TFG_MS_ROS/ros_ws/install/rover_description/share/rover_description/meshes/bases/right_bogie_asm.stl
[0.389s] -- Up-to-date symlink: /home/triqui/Documents/TFG/TFG_MS_ROS/ros_ws/install/rover_description/share/rover_description/meshes/bases/right_rocker_asm.stl
[0.389s] -- Up-to-date symlink: /home/triqui/Documents/TFG/TFG_MS_ROS/ros_ws/install/rover_description/share/rover_description/meshes/bases/turnbuckle.stl
[0.389s] -- Up-to-date symlink: /home/triqui/Documents/TFG/TFG_MS_ROS/ros_ws/install/rover_description/share/rover_description/meshes/sensors/asus_xtion/asus_xtion_pro_live.dae
[0.391s] -- Up-to-date symlink: /home/triqui/Documents/TFG/TFG_MS_ROS/ros_ws/install/rover_description/share/rover_description/meshes/sensors/asus_xtion/asus_xtion_pro_live.png
[0.391s] -- Up-to-date symlink: /home/triqui/Documents/TFG/TFG_MS_ROS/ros_ws/install/rover_description/share/rover_description/meshes/sensors/hokuyo/hokuyo.png
[0.391s] -- Up-to-date symlink: /home/triqui/Documents/TFG/TFG_MS_ROS/ros_ws/install/rover_description/share/rover_description/meshes/sensors/hokuyo/hokuyo3d.dae
[0.392s] -- Up-to-date symlink: /home/triqui/Documents/TFG/TFG_MS_ROS/ros_ws/install/rover_description/share/rover_description/meshes/sensors/hokuyo/hokuyo3d.jpg
[0.392s] -- Up-to-date symlink: /home/triqui/Documents/TFG/TFG_MS_ROS/ros_ws/install/rover_description/share/rover_description/meshes/sensors/hokuyo/hokuyo3d.stl
[0.393s] -- Up-to-date symlink: /home/triqui/Documents/TFG/TFG_MS_ROS/ros_ws/install/rover_description/share/rover_description/meshes/sensors/hokuyo/hokuyo_urg_04lx.dae
[0.393s] -- Up-to-date symlink: /home/triqui/Documents/TFG/TFG_MS_ROS/ros_ws/install/rover_description/share/rover_description/meshes/sensors/hokuyo/hokuyo_urg_04lx.stl
[0.394s] -- Up-to-date symlink: /home/triqui/Documents/TFG/TFG_MS_ROS/ros_ws/install/rover_description/share/rover_description/meshes/sensors/hokuyo/hokuyo_ust_10lx.dae
[0.394s] -- Up-to-date symlink: /home/triqui/Documents/TFG/TFG_MS_ROS/ros_ws/install/rover_description/share/rover_description/meshes/sensors/hokuyo/hokuyo_ust_20lx.dae
[0.395s] -- Up-to-date symlink: /home/triqui/Documents/TFG/TFG_MS_ROS/ros_ws/install/rover_description/share/rover_description/meshes/sensors/hokuyo/hokuyo_utm_30lx.dae
[0.395s] -- Up-to-date symlink: /home/triqui/Documents/TFG/TFG_MS_ROS/ros_ws/install/rover_description/share/rover_description/meshes/sensors/hokuyo/hokuyo_utm_30lx.stl
[0.396s] -- Up-to-date symlink: /home/triqui/Documents/TFG/TFG_MS_ROS/ros_ws/install/rover_description/share/rover_description/meshes/wheels/wheel.stl
[0.396s] -- Up-to-date symlink: /home/triqui/Documents/TFG/TFG_MS_ROS/ros_ws/install/rover_description/share/rover_description/meshes/wheels/wheel_asm.stl
[0.397s] -- Up-to-date symlink: /home/triqui/Documents/TFG/TFG_MS_ROS/ros_ws/install/rover_description/share/rover_description/urdf/bases/body.urdf.xacro
[0.397s] -- Up-to-date symlink: /home/triqui/Documents/TFG/TFG_MS_ROS/ros_ws/install/rover_description/share/rover_description/urdf/bases/bogie.urdf.xacro
[0.397s] -- Up-to-date symlink: /home/triqui/Documents/TFG/TFG_MS_ROS/ros_ws/install/rover_description/share/rover_description/urdf/bases/differential.urdf.xacro
[0.398s] -- Up-to-date symlink: /home/triqui/Documents/TFG/TFG_MS_ROS/ros_ws/install/rover_description/share/rover_description/urdf/bases/rocker.urdf.xacro
[0.398s] -- Up-to-date symlink: /home/triqui/Documents/TFG/TFG_MS_ROS/ros_ws/install/rover_description/share/rover_description/urdf/bases/turnbuckle.urdf.xacro
[0.398s] -- Up-to-date symlink: /home/triqui/Documents/TFG/TFG_MS_ROS/ros_ws/install/rover_description/share/rover_description/urdf/inertials.xacro
[0.399s] -- Up-to-date symlink: /home/triqui/Documents/TFG/TFG_MS_ROS/ros_ws/install/rover_description/share/rover_description/urdf/materials.xacro
[0.399s] -- Up-to-date symlink: /home/triqui/Documents/TFG/TFG_MS_ROS/ros_ws/install/rover_description/share/rover_description/urdf/sensors/all_sensors.urdf.xacro
[0.399s] -- Up-to-date symlink: /home/triqui/Documents/TFG/TFG_MS_ROS/ros_ws/install/rover_description/share/rover_description/urdf/sensors/asus_xtion.urdf.xacro
[0.400s] -- Up-to-date symlink: /home/triqui/Documents/TFG/TFG_MS_ROS/ros_ws/install/rover_description/share/rover_description/urdf/sensors/hokuyo.urdf.xacro
[0.400s] -- Up-to-date symlink: /home/triqui/Documents/TFG/TFG_MS_ROS/ros_ws/install/rover_description/share/rover_description/urdf/sensors/imu.urdf.xacro
[0.400s] -- Up-to-date symlink: /home/triqui/Documents/TFG/TFG_MS_ROS/ros_ws/install/rover_description/share/rover_description/urdf/wheels/corner.urdf.xacro
[0.400s] -- Up-to-date symlink: /home/triqui/Documents/TFG/TFG_MS_ROS/ros_ws/install/rover_description/share/rover_description/urdf/wheels/wheel.urdf.xacro
[0.401s] -- Up-to-date symlink: /home/triqui/Documents/TFG/TFG_MS_ROS/ros_ws/install/rover_description/share/rover_description/robots/rover.urdf.xacro
[0.402s] -- Up-to-date symlink: /home/triqui/Documents/TFG/TFG_MS_ROS/ros_ws/install/rover_description/share/ament_index/resource_index/package_run_dependencies/rover_description
[0.402s] -- Up-to-date symlink: /home/triqui/Documents/TFG/TFG_MS_ROS/ros_ws/install/rover_description/share/ament_index/resource_index/parent_prefix_path/rover_description
[0.403s] -- Up-to-date symlink: /home/triqui/Documents/TFG/TFG_MS_ROS/ros_ws/install/rover_description/share/rover_description/environment/ament_prefix_path.sh
[0.403s] -- Up-to-date symlink: /home/triqui/Documents/TFG/TFG_MS_ROS/ros_ws/install/rover_description/share/rover_description/environment/ament_prefix_path.dsv
[0.404s] -- Up-to-date symlink: /home/triqui/Documents/TFG/TFG_MS_ROS/ros_ws/install/rover_description/share/rover_description/environment/path.sh
[0.404s] -- Up-to-date symlink: /home/triqui/Documents/TFG/TFG_MS_ROS/ros_ws/install/rover_description/share/rover_description/environment/path.dsv
[0.407s] -- Up-to-date symlink: /home/triqui/Documents/TFG/TFG_MS_ROS/ros_ws/install/rover_description/share/rover_description/local_setup.bash
[0.407s] -- Up-to-date symlink: /home/triqui/Documents/TFG/TFG_MS_ROS/ros_ws/install/rover_description/share/rover_description/local_setup.sh
[0.408s] -- Up-to-date symlink: /home/triqui/Documents/TFG/TFG_MS_ROS/ros_ws/install/rover_description/share/rover_description/local_setup.zsh
[0.409s] -- Up-to-date symlink: /home/triqui/Documents/TFG/TFG_MS_ROS/ros_ws/install/rover_description/share/rover_description/local_setup.dsv
[0.409s] -- Symlinking: /home/triqui/Documents/TFG/TFG_MS_ROS/ros_ws/install/rover_description/share/rover_description/package.dsv
[0.428s] -- Up-to-date symlink: /home/triqui/Documents/TFG/TFG_MS_ROS/ros_ws/install/rover_description/share/ament_index/resource_index/packages/rover_description
[0.429s] -- Up-to-date symlink: /home/triqui/Documents/TFG/TFG_MS_ROS/ros_ws/install/rover_description/share/rover_description/cmake/rover_descriptionConfig.cmake
[0.429s] -- Up-to-date symlink: /home/triqui/Documents/TFG/TFG_MS_ROS/ros_ws/install/rover_description/share/rover_description/cmake/rover_descriptionConfig-version.cmake
[0.429s] -- Up-to-date symlink: /home/triqui/Documents/TFG/TFG_MS_ROS/ros_ws/install/rover_description/share/rover_description/package.xml
[0.434s] Invoked command in '/home/triqui/Documents/TFG/TFG_MS_ROS/ros_ws/build/rover_description' returned '0': CMAKE_PREFIX_PATH=${CMAKE_PREFIX_PATH}:/home/triqui/Documents/TFG/TFG_MS_ROS/ros_ws/install/rover_teleop:/home/triqui/Documents/TFG/TFG_MS_ROS/ros_ws/install/rover_motor_controller:/home/triqui/Documents/TFG/TFG_MS_ROS/ros_ws/install/my_battery_package:/home/triqui/Documents/TFG/TFG_MS_ROS/ros_ws/install/ms_sub:/opt/ros/foxy /usr/bin/cmake --install /home/triqui/Documents/TFG/TFG_MS_ROS/ros_ws/build/rover_description
