-- The C compiler identification is GNU 9.4.0
-- The CXX compiler identification is GNU 9.4.0
-- Check for working C compiler: /usr/bin/cc
-- Check for working C compiler: /usr/bin/cc -- works
-- Detecting C compiler ABI info
-- Detecting C compiler ABI info - done
-- Detecting C compile features
-- Detecting C compile features - done
-- Check for working CXX compiler: /usr/bin/c++
-- Check for working CXX compiler: /usr/bin/c++ -- works
-- Detecting CXX compiler ABI info
-- Detecting CXX compiler ABI info - done
-- Detecting CXX compile features
-- Detecting CXX compile features - done
-- Found ament_cmake: 0.9.11 (/opt/ros/foxy/share/ament_cmake/cmake)
-- Found PythonInterp: /usr/bin/python3 (found suitable version "3.8.10", minimum required is "3") 
-- Using PYTHON_EXECUTABLE: /usr/bin/python3
-- Found rtabmap_ros: 0.21.1 (/opt/ros/foxy/share/rtabmap_ros/cmake)
-- Found robot_localization: 3.1.2 (/opt/ros/foxy/share/robot_localization/cmake)
-- Using all available rosidl_typesupport_c: rosidl_typesupport_fastrtps_c;rosidl_typesupport_introspection_c
-- Found rosidl_adapter: 1.3.0 (/opt/ros/foxy/share/rosidl_adapter/cmake)
-- Found OpenSSL: /usr/lib/x86_64-linux-gnu/libcrypto.so (found version "1.1.1f")  
-- Found FastRTPS: /opt/ros/foxy/include  
-- Using all available rosidl_typesupport_cpp: rosidl_typesupport_fastrtps_cpp;rosidl_typesupport_introspection_cpp
-- Found ament_lint_auto: 0.9.8 (/opt/ros/foxy/share/ament_lint_auto/cmake)
-- Added test 'copyright' to check source files copyright and LICENSE
-- Added test 'flake8' to check Python code syntax and style conventions
-- Added test 'lint_cmake' to check CMake code style
-- Added test 'pep257' to check Python code against some of the style conventions in PEP 257
-- Added test 'xmllint' to check XML markup files
-- Configuring done
-- Generating done
-- Build files have been written to: /home/triqui/Documents/TFG/TFG_MS_ROS/ros_ws/build/rover_localization
-- Install configuration: ""
-- Installing: /home/triqui/Documents/TFG/TFG_MS_ROS/ros_ws/install/rover_localization/share/rover_localization//launch
-- Installing: /home/triqui/Documents/TFG/TFG_MS_ROS/ros_ws/install/rover_localization/share/rover_localization//launch/localization.launch.py
-- Installing: /home/triqui/Documents/TFG/TFG_MS_ROS/ros_ws/install/rover_localization/share/rover_localization//launch/ekf.launch.py
-- Installing: /home/triqui/Documents/TFG/TFG_MS_ROS/ros_ws/install/rover_localization/share/rover_localization//launch/rgbd_odometry.launch.py
-- Installing: /home/triqui/Documents/TFG/TFG_MS_ROS/ros_ws/install/rover_localization/share/rover_localization//launch/rtabmap.launch.py
-- Installing: /home/triqui/Documents/TFG/TFG_MS_ROS/ros_ws/install/rover_localization/share/rover_localization//config
-- Installing: /home/triqui/Documents/TFG/TFG_MS_ROS/ros_ws/install/rover_localization/share/rover_localization//config/ekf.yaml
-- Installing: /home/triqui/Documents/TFG/TFG_MS_ROS/ros_ws/install/rover_localization/share/ament_index/resource_index/package_run_dependencies/rover_localization
-- Installing: /home/triqui/Documents/TFG/TFG_MS_ROS/ros_ws/install/rover_localization/share/ament_index/resource_index/parent_prefix_path/rover_localization
-- Installing: /home/triqui/Documents/TFG/TFG_MS_ROS/ros_ws/install/rover_localization/share/rover_localization/environment/ament_prefix_path.sh
-- Installing: /home/triqui/Documents/TFG/TFG_MS_ROS/ros_ws/install/rover_localization/share/rover_localization/environment/ament_prefix_path.dsv
-- Installing: /home/triqui/Documents/TFG/TFG_MS_ROS/ros_ws/install/rover_localization/share/rover_localization/environment/path.sh
-- Installing: /home/triqui/Documents/TFG/TFG_MS_ROS/ros_ws/install/rover_localization/share/rover_localization/environment/path.dsv
-- Installing: /home/triqui/Documents/TFG/TFG_MS_ROS/ros_ws/install/rover_localization/share/rover_localization/local_setup.bash
-- Installing: /home/triqui/Documents/TFG/TFG_MS_ROS/ros_ws/install/rover_localization/share/rover_localization/local_setup.sh
-- Installing: /home/triqui/Documents/TFG/TFG_MS_ROS/ros_ws/install/rover_localization/share/rover_localization/local_setup.zsh
-- Installing: /home/triqui/Documents/TFG/TFG_MS_ROS/ros_ws/install/rover_localization/share/rover_localization/local_setup.dsv
-- Installing: /home/triqui/Documents/TFG/TFG_MS_ROS/ros_ws/install/rover_localization/share/rover_localization/package.dsv
-- Installing: /home/triqui/Documents/TFG/TFG_MS_ROS/ros_ws/install/rover_localization/share/ament_index/resource_index/packages/rover_localization
-- Installing: /home/triqui/Documents/TFG/TFG_MS_ROS/ros_ws/install/rover_localization/share/rover_localization/cmake/rover_localizationConfig.cmake
-- Installing: /home/triqui/Documents/TFG/TFG_MS_ROS/ros_ws/install/rover_localization/share/rover_localization/cmake/rover_localizationConfig-version.cmake
-- Installing: /home/triqui/Documents/TFG/TFG_MS_ROS/ros_ws/install/rover_localization/share/rover_localization/package.xml
