-- The C compiler identification is GNU 9.4.0
-- The CXX compiler identification is GNU 9.4.0
-- Check for working C compiler: /usr/bin/cc
-- Check for working C compiler: /usr/bin/cc -- works
-- Detecting C compiler ABI info
-- Detecting C compiler ABI info - done
-- Detecting C compile features
-- Detecting C compile features - done
-- Check for working CXX compiler: /usr/bin/c++
-- Check for working CXX compiler: /usr/bin/c++ -- works
-- Detecting CXX compiler ABI info
-- Detecting CXX compiler ABI info - done
-- Detecting CXX compile features
-- Detecting CXX compile features - done
-- Found ament_cmake: 0.9.11 (/opt/ros/foxy/share/ament_cmake/cmake)
-- Found PythonInterp: /usr/bin/python3 (found suitable version "3.8.10", minimum required is "3") 
-- Using PYTHON_EXECUTABLE: /usr/bin/python3
-- Found PkgConfig: /usr/bin/pkg-config (found version "0.29.1") 
-- Checking for module 'bullet>=2.82'
--   Found bullet, version 2.88
-- Found ccd: /usr/include (found suitable version "2.0", minimum required is "2.0") 
-- Found fcl: /usr/include (found suitable version "0.5.0", minimum required is "0.3.2") 
-- Found assimp: /usr/include (found version "5.0.0") 
-- Found DART: /usr/include (Required is at least version "6.6") found components: dart 
-- Found Boost: /usr/lib/x86_64-linux-gnu/cmake/Boost-1.71.0/BoostConfig.cmake (found suitable version "1.71.0", minimum required is "1.40.0") found components: thread system filesystem program_options regex iostreams date_time 
-- Found Protobuf: /usr/lib/x86_64-linux-gnu/libprotobuf.so;-lpthread (found version "3.6.1") 
-- Looking for ignition-math6 -- found version 6.13.0
-- Searching for dependencies of ignition-math6
-- Looking for OGRE...
-- OGRE_PREFIX_WATCH changed.
-- Checking for module 'OGRE'
--   Found OGRE, version 1.9.0
-- Found Ogre Ghadamon (1.9.0)
-- Found OGRE: optimized;/usr/lib/x86_64-linux-gnu/libOgreMain.so;debug;/usr/lib/x86_64-linux-gnu/libOgreMain.so
-- Looking for OGRE_Paging...
-- Found OGRE_Paging: optimized;/usr/lib/x86_64-linux-gnu/libOgrePaging.so;debug;/usr/lib/x86_64-linux-gnu/libOgrePaging.so
-- Looking for OGRE_Terrain...
-- Found OGRE_Terrain: optimized;/usr/lib/x86_64-linux-gnu/libOgreTerrain.so;debug;/usr/lib/x86_64-linux-gnu/libOgreTerrain.so
-- Looking for OGRE_Property...
-- Found OGRE_Property: optimized;/usr/lib/x86_64-linux-gnu/libOgreProperty.so;debug;/usr/lib/x86_64-linux-gnu/libOgreProperty.so
-- Looking for OGRE_RTShaderSystem...
-- Found OGRE_RTShaderSystem: optimized;/usr/lib/x86_64-linux-gnu/libOgreRTShaderSystem.so;debug;/usr/lib/x86_64-linux-gnu/libOgreRTShaderSystem.so
-- Looking for OGRE_Volume...
-- Found OGRE_Volume: optimized;/usr/lib/x86_64-linux-gnu/libOgreVolume.so;debug;/usr/lib/x86_64-linux-gnu/libOgreVolume.so
-- Looking for OGRE_Overlay...
-- Found OGRE_Overlay: optimized;/usr/lib/x86_64-linux-gnu/libOgreOverlay.so;debug;/usr/lib/x86_64-linux-gnu/libOgreOverlay.so
-- Looking for ignition-math6 -- found version 6.13.0
-- Looking for ignition-transport8 -- found version 8.3.0
-- Searching for dependencies of ignition-transport8
-- Found Protobuf: /usr/lib/x86_64-linux-gnu/libprotobuf.so;-lpthread (found suitable version "3.6.1", minimum required is "3") 
-- Config-file not installed for ZeroMQ -- checking for pkg-config
-- Checking for module 'libzmq >= 4'
--   Found libzmq , version 4.3.2
-- Found ZeroMQ: TRUE (Required is at least version "4") 
-- Checking for module 'uuid'
--   Found uuid, version 2.34.0
-- Found UUID: TRUE  
-- Looking for ignition-msgs5 -- found version 5.10.0
-- Searching for dependencies of ignition-msgs5
-- Looking for ignition-math6 -- found version 6.13.0
-- Checking for module 'tinyxml2'
--   Found tinyxml2, version 6.2.0
-- Looking for ignition-msgs5 -- found version 5.10.0
-- Looking for ignition-common3 -- found version 3.14.2
-- Searching for dependencies of ignition-common3
-- Looking for dlfcn.h - found
-- Looking for libdl - found
-- Found DL: TRUE  
-- Searching for <ignition-common3> component [graphics]
-- Looking for ignition-common3-graphics -- found version 3.14.2
-- Searching for dependencies of ignition-common3-graphics
-- Looking for ignition-math6 -- found version 6.13.0
-- Looking for ignition-fuel_tools4 -- found version 4.6.0
-- Searching for dependencies of ignition-fuel_tools4
-- Found CURL: /usr/lib/x86_64-linux-gnu/libcurl.so (found version "7.68.0")  
-- Checking for module 'jsoncpp'
--   Found jsoncpp, version 1.7.4
-- Found JSONCPP: TRUE  
-- Checking for module 'libzip'
--   Found libzip, version 1.5.1
-- Found ZIP: TRUE  
-- Looking for ignition-common3 -- found version 3.14.2
-- Looking for ignition-math6 -- found version 6.13.0
-- Looking for ignition-msgs5 -- found version 5.10.0
-- Found gazebo_ros: 3.5.3 (/opt/ros/foxy/share/gazebo_ros/cmake)
-- Using all available rosidl_typesupport_c: rosidl_typesupport_fastrtps_c;rosidl_typesupport_introspection_c
-- Found rosidl_adapter: 1.3.0 (/opt/ros/foxy/share/rosidl_adapter/cmake)
-- Found OpenSSL: /usr/lib/x86_64-linux-gnu/libcrypto.so (found version "1.1.1f")  
-- Found FastRTPS: /opt/ros/foxy/include  
-- Using all available rosidl_typesupport_cpp: rosidl_typesupport_fastrtps_cpp;rosidl_typesupport_introspection_cpp
-- Found rmw_implementation_cmake: 1.0.4 (/opt/ros/foxy/share/rmw_implementation_cmake/cmake)
-- Using RMW implementation 'rmw_fastrtps_cpp' as default
-- Found Threads: TRUE  
-- Gazebo version: 11.11
-- Found controller_manager: 0.11.0 (/opt/ros/foxy/share/controller_manager/cmake)
-- Found rviz2: 8.2.8 (/opt/ros/foxy/share/rviz2/cmake)
-- Found rover_description: 0.0.0 (/home/triqui/Documents/TFG/TFG_MS_ROS/ros_ws/install/rover_description/share/rover_description/cmake)
-- Found rover_msgs: 0.0.0 (/home/triqui/Documents/TFG/TFG_MS_ROS/ros_ws/install/rover_msgs/share/rover_msgs/cmake)
-- Found rover_motor_controller_cpp: 0.0.0 (/home/triqui/Documents/TFG/TFG_MS_ROS/ros_ws/install/rover_motor_controller_cpp/share/rover_motor_controller_cpp/cmake)
-- Configuring done
-- Generating done
-- Build files have been written to: /home/triqui/Documents/TFG/TFG_MS_ROS/ros_ws/build/rover_gazebo
[35m[1mScanning dependencies of target motors_command_parser_node[0m
[ 50%] [32mBuilding CXX object CMakeFiles/motors_command_parser_node.dir/src/motors_command_parser_node.cpp.o[0m
[100%] [32m[1mLinking CXX executable motors_command_parser_node[0m
[100%] Built target motors_command_parser_node
-- Install configuration: ""
-- Installing: /home/triqui/Documents/TFG/TFG_MS_ROS/ros_ws/install/rover_gazebo/lib/rover_gazebo/motors_command_parser_node
-- Set runtime path of "/home/triqui/Documents/TFG/TFG_MS_ROS/ros_ws/install/rover_gazebo/lib/rover_gazebo/motors_command_parser_node" to ""
-- Installing: /home/triqui/Documents/TFG/TFG_MS_ROS/ros_ws/install/rover_gazebo/share/rover_gazebo/launch
-- Installing: /home/triqui/Documents/TFG/TFG_MS_ROS/ros_ws/install/rover_gazebo/share/rover_gazebo/launch/include
-- Installing: /home/triqui/Documents/TFG/TFG_MS_ROS/ros_ws/install/rover_gazebo/share/rover_gazebo/launch/include/cmd_vel.launch.py
-- Installing: /home/triqui/Documents/TFG/TFG_MS_ROS/ros_ws/install/rover_gazebo/share/rover_gazebo/launch/include/spawn.launch.py
-- Installing: /home/triqui/Documents/TFG/TFG_MS_ROS/ros_ws/install/rover_gazebo/share/rover_gazebo/launch/mars.launch.py
-- Installing: /home/triqui/Documents/TFG/TFG_MS_ROS/ros_ws/install/rover_gazebo/share/rover_gazebo/launch/moon.launch.py
-- Installing: /home/triqui/Documents/TFG/TFG_MS_ROS/ros_ws/install/rover_gazebo/share/rover_gazebo/launch/gazebo.launch.py
-- Installing: /home/triqui/Documents/TFG/TFG_MS_ROS/ros_ws/install/rover_gazebo/share/rover_gazebo/launch/forest.launch.py
-- Installing: /home/triqui/Documents/TFG/TFG_MS_ROS/ros_ws/install/rover_gazebo/share/rover_gazebo/launch/curiosity.launch.py
-- Installing: /home/triqui/Documents/TFG/TFG_MS_ROS/ros_ws/install/rover_gazebo/share/rover_gazebo/worlds
-- Installing: /home/triqui/Documents/TFG/TFG_MS_ROS/ros_ws/install/rover_gazebo/share/rover_gazebo/worlds/forest.world
-- Installing: /home/triqui/Documents/TFG/TFG_MS_ROS/ros_ws/install/rover_gazebo/share/rover_gazebo/worlds/empty.world
-- Installing: /home/triqui/Documents/TFG/TFG_MS_ROS/ros_ws/install/rover_gazebo/share/rover_gazebo/worlds/mars.world
-- Installing: /home/triqui/Documents/TFG/TFG_MS_ROS/ros_ws/install/rover_gazebo/share/rover_gazebo/worlds/moon.world
-- Installing: /home/triqui/Documents/TFG/TFG_MS_ROS/ros_ws/install/rover_gazebo/share/rover_gazebo/worlds/curiosity.world
-- Installing: /home/triqui/Documents/TFG/TFG_MS_ROS/ros_ws/install/rover_gazebo/share/rover_gazebo/models
-- Installing: /home/triqui/Documents/TFG/TFG_MS_ROS/ros_ws/install/rover_gazebo/share/rover_gazebo/models/crater
-- Installing: /home/triqui/Documents/TFG/TFG_MS_ROS/ros_ws/install/rover_gazebo/share/rover_gazebo/models/crater/meshes
-- Installing: /home/triqui/Documents/TFG/TFG_MS_ROS/ros_ws/install/rover_gazebo/share/rover_gazebo/models/crater/meshes/crater4k.stl
-- Installing: /home/triqui/Documents/TFG/TFG_MS_ROS/ros_ws/install/rover_gazebo/share/rover_gazebo/models/crater/meshes/crater_martian_red.dae
-- Installing: /home/triqui/Documents/TFG/TFG_MS_ROS/ros_ws/install/rover_gazebo/share/rover_gazebo/models/crater/model.sdf
-- Installing: /home/triqui/Documents/TFG/TFG_MS_ROS/ros_ws/install/rover_gazebo/share/rover_gazebo/models/crater/model.config
-- Installing: /home/triqui/Documents/TFG/TFG_MS_ROS/ros_ws/install/rover_gazebo/share/rover_gazebo/models/curiosity_path
-- Installing: /home/triqui/Documents/TFG/TFG_MS_ROS/ros_ws/install/rover_gazebo/share/rover_gazebo/models/curiosity_path/meshes
-- Installing: /home/triqui/Documents/TFG/TFG_MS_ROS/ros_ws/install/rover_gazebo/share/rover_gazebo/models/curiosity_path/meshes/mars_texture_lq.jpg
-- Installing: /home/triqui/Documents/TFG/TFG_MS_ROS/ros_ws/install/rover_gazebo/share/rover_gazebo/models/curiosity_path/meshes/curiosity_path25k.dae
-- Installing: /home/triqui/Documents/TFG/TFG_MS_ROS/ros_ws/install/rover_gazebo/share/rover_gazebo/models/curiosity_path/meshes/curiosity_path25k.stl
-- Installing: /home/triqui/Documents/TFG/TFG_MS_ROS/ros_ws/install/rover_gazebo/share/rover_gazebo/models/curiosity_path/model.sdf
-- Installing: /home/triqui/Documents/TFG/TFG_MS_ROS/ros_ws/install/rover_gazebo/share/rover_gazebo/models/curiosity_path/model.config
-- Installing: /home/triqui/Documents/TFG/TFG_MS_ROS/ros_ws/install/rover_gazebo/share/rover_gazebo/models/rock9
-- Installing: /home/triqui/Documents/TFG/TFG_MS_ROS/ros_ws/install/rover_gazebo/share/rover_gazebo/models/rock9/meshes
-- Installing: /home/triqui/Documents/TFG/TFG_MS_ROS/ros_ws/install/rover_gazebo/share/rover_gazebo/models/rock9/meshes/rock9.dae
-- Installing: /home/triqui/Documents/TFG/TFG_MS_ROS/ros_ws/install/rover_gazebo/share/rover_gazebo/models/rock9/meshes/texture.jpg
-- Installing: /home/triqui/Documents/TFG/TFG_MS_ROS/ros_ws/install/rover_gazebo/share/rover_gazebo/models/rock9/meshes/rock9.stl
-- Installing: /home/triqui/Documents/TFG/TFG_MS_ROS/ros_ws/install/rover_gazebo/share/rover_gazebo/models/rock9/model.sdf
-- Installing: /home/triqui/Documents/TFG/TFG_MS_ROS/ros_ws/install/rover_gazebo/share/rover_gazebo/models/rock9/model.config
-- Installing: /home/triqui/Documents/TFG/TFG_MS_ROS/ros_ws/install/rover_gazebo/share/rover_gazebo/models/rockformation
-- Installing: /home/triqui/Documents/TFG/TFG_MS_ROS/ros_ws/install/rover_gazebo/share/rover_gazebo/models/rockformation/meshes
-- Installing: /home/triqui/Documents/TFG/TFG_MS_ROS/ros_ws/install/rover_gazebo/share/rover_gazebo/models/rockformation/meshes/SMALL_RED_BaseColor.png
-- Installing: /home/triqui/Documents/TFG/TFG_MS_ROS/ros_ws/install/rover_gazebo/share/rover_gazebo/models/rockformation/meshes/rockformation.dae
-- Installing: /home/triqui/Documents/TFG/TFG_MS_ROS/ros_ws/install/rover_gazebo/share/rover_gazebo/models/rockformation/model.sdf
-- Installing: /home/triqui/Documents/TFG/TFG_MS_ROS/ros_ws/install/rover_gazebo/share/rover_gazebo/models/rockformation/model.config
-- Installing: /home/triqui/Documents/TFG/TFG_MS_ROS/ros_ws/install/rover_gazebo/share/rover_gazebo/models/moon
-- Installing: /home/triqui/Documents/TFG/TFG_MS_ROS/ros_ws/install/rover_gazebo/share/rover_gazebo/models/moon/model.sdf
-- Installing: /home/triqui/Documents/TFG/TFG_MS_ROS/ros_ws/install/rover_gazebo/share/rover_gazebo/models/moon/model.config
-- Installing: /home/triqui/Documents/TFG/TFG_MS_ROS/ros_ws/install/rover_gazebo/share/rover_gazebo/models/moon/materials
-- Installing: /home/triqui/Documents/TFG/TFG_MS_ROS/ros_ws/install/rover_gazebo/share/rover_gazebo/models/moon/materials/textures
-- Installing: /home/triqui/Documents/TFG/TFG_MS_ROS/ros_ws/install/rover_gazebo/share/rover_gazebo/models/moon/materials/textures/moon.png
-- Installing: /home/triqui/Documents/TFG/TFG_MS_ROS/ros_ws/install/rover_gazebo/share/rover_gazebo/models/moon/materials/textures/ground_1.jpg
-- Installing: /home/triqui/Documents/TFG/TFG_MS_ROS/ros_ws/install/rover_gazebo/share/rover_gazebo/models/moon/materials/textures/moon.xcf
-- Installing: /home/triqui/Documents/TFG/TFG_MS_ROS/ros_ws/install/rover_gazebo/share/rover_gazebo/models/moon/materials/textures/ground.jpg
-- Installing: /home/triqui/Documents/TFG/TFG_MS_ROS/ros_ws/install/rover_gazebo/share/rover_gazebo/models/moon/materials/textures/ground_normal.jpg
-- Installing: /home/triqui/Documents/TFG/TFG_MS_ROS/ros_ws/install/rover_gazebo/share/rover_gazebo/models/jaggedrock
-- Installing: /home/triqui/Documents/TFG/TFG_MS_ROS/ros_ws/install/rover_gazebo/share/rover_gazebo/models/jaggedrock/meshes
-- Installing: /home/triqui/Documents/TFG/TFG_MS_ROS/ros_ws/install/rover_gazebo/share/rover_gazebo/models/jaggedrock/meshes/jaggedrock_texture.dae
-- Installing: /home/triqui/Documents/TFG/TFG_MS_ROS/ros_ws/install/rover_gazebo/share/rover_gazebo/models/jaggedrock/meshes/basecolor.jpg
-- Installing: /home/triqui/Documents/TFG/TFG_MS_ROS/ros_ws/install/rover_gazebo/share/rover_gazebo/models/jaggedrock/meshes/bumpy.jpg
-- Installing: /home/triqui/Documents/TFG/TFG_MS_ROS/ros_ws/install/rover_gazebo/share/rover_gazebo/models/jaggedrock/model.sdf
-- Installing: /home/triqui/Documents/TFG/TFG_MS_ROS/ros_ws/install/rover_gazebo/share/rover_gazebo/models/jaggedrock/model.config
-- Installing: /home/triqui/Documents/TFG/TFG_MS_ROS/ros_ws/install/rover_gazebo/share/rover_gazebo/models/mars_terrain
-- Installing: /home/triqui/Documents/TFG/TFG_MS_ROS/ros_ws/install/rover_gazebo/share/rover_gazebo/models/mars_terrain/meshes
-- Installing: /home/triqui/Documents/TFG/TFG_MS_ROS/ros_ws/install/rover_gazebo/share/rover_gazebo/models/mars_terrain/meshes/reddish-sand.jpg
-- Installing: /home/triqui/Documents/TFG/TFG_MS_ROS/ros_ws/install/rover_gazebo/share/rover_gazebo/models/mars_terrain/meshes/mars_texture_lq.jpg
-- Installing: /home/triqui/Documents/TFG/TFG_MS_ROS/ros_ws/install/rover_gazebo/share/rover_gazebo/models/mars_terrain/meshes/terrain.dae
-- Installing: /home/triqui/Documents/TFG/TFG_MS_ROS/ros_ws/install/rover_gazebo/share/rover_gazebo/models/mars_terrain/meshes/mars_texture.jpg
-- Installing: /home/triqui/Documents/TFG/TFG_MS_ROS/ros_ws/install/rover_gazebo/share/rover_gazebo/models/mars_terrain/meshes/terrain_textured.dae
-- Installing: /home/triqui/Documents/TFG/TFG_MS_ROS/ros_ws/install/rover_gazebo/share/rover_gazebo/models/mars_terrain/meshes/terrain.stl
-- Installing: /home/triqui/Documents/TFG/TFG_MS_ROS/ros_ws/install/rover_gazebo/share/rover_gazebo/models/mars_terrain/model.sdf
-- Installing: /home/triqui/Documents/TFG/TFG_MS_ROS/ros_ws/install/rover_gazebo/share/rover_gazebo/models/mars_terrain/model.config
-- Installing: /home/triqui/Documents/TFG/TFG_MS_ROS/ros_ws/install/rover_gazebo/share/rover_gazebo/models/terrain
-- Installing: /home/triqui/Documents/TFG/TFG_MS_ROS/ros_ws/install/rover_gazebo/share/rover_gazebo/models/terrain/model.sdf
-- Installing: /home/triqui/Documents/TFG/TFG_MS_ROS/ros_ws/install/rover_gazebo/share/rover_gazebo/models/terrain/model.config
-- Installing: /home/triqui/Documents/TFG/TFG_MS_ROS/ros_ws/install/rover_gazebo/share/rover_gazebo/models/terrain/materials
-- Installing: /home/triqui/Documents/TFG/TFG_MS_ROS/ros_ws/install/rover_gazebo/share/rover_gazebo/models/terrain/materials/textures
-- Installing: /home/triqui/Documents/TFG/TFG_MS_ROS/ros_ws/install/rover_gazebo/share/rover_gazebo/models/terrain/materials/textures/terrain.png
-- Installing: /home/triqui/Documents/TFG/TFG_MS_ROS/ros_ws/install/rover_gazebo/share/rover_gazebo/models/terrain/materials/textures/terrain.xcf
-- Installing: /home/triqui/Documents/TFG/TFG_MS_ROS/ros_ws/install/rover_gazebo/share/rover_gazebo/rviz
-- Installing: /home/triqui/Documents/TFG/TFG_MS_ROS/ros_ws/install/rover_gazebo/share/rover_gazebo/rviz/default.rviz
-- Installing: /home/triqui/Documents/TFG/TFG_MS_ROS/ros_ws/install/rover_gazebo/share/ament_index/resource_index/package_run_dependencies/rover_gazebo
-- Installing: /home/triqui/Documents/TFG/TFG_MS_ROS/ros_ws/install/rover_gazebo/share/ament_index/resource_index/parent_prefix_path/rover_gazebo
-- Installing: /home/triqui/Documents/TFG/TFG_MS_ROS/ros_ws/install/rover_gazebo/share/rover_gazebo/environment/ament_prefix_path.sh
-- Installing: /home/triqui/Documents/TFG/TFG_MS_ROS/ros_ws/install/rover_gazebo/share/rover_gazebo/environment/ament_prefix_path.dsv
-- Installing: /home/triqui/Documents/TFG/TFG_MS_ROS/ros_ws/install/rover_gazebo/share/rover_gazebo/environment/path.sh
-- Installing: /home/triqui/Documents/TFG/TFG_MS_ROS/ros_ws/install/rover_gazebo/share/rover_gazebo/environment/path.dsv
-- Installing: /home/triqui/Documents/TFG/TFG_MS_ROS/ros_ws/install/rover_gazebo/share/rover_gazebo/local_setup.bash
-- Installing: /home/triqui/Documents/TFG/TFG_MS_ROS/ros_ws/install/rover_gazebo/share/rover_gazebo/local_setup.sh
-- Installing: /home/triqui/Documents/TFG/TFG_MS_ROS/ros_ws/install/rover_gazebo/share/rover_gazebo/local_setup.zsh
-- Installing: /home/triqui/Documents/TFG/TFG_MS_ROS/ros_ws/install/rover_gazebo/share/rover_gazebo/local_setup.dsv
-- Installing: /home/triqui/Documents/TFG/TFG_MS_ROS/ros_ws/install/rover_gazebo/share/rover_gazebo/package.dsv
-- Installing: /home/triqui/Documents/TFG/TFG_MS_ROS/ros_ws/install/rover_gazebo/share/ament_index/resource_index/packages/rover_gazebo
-- Installing: /home/triqui/Documents/TFG/TFG_MS_ROS/ros_ws/install/rover_gazebo/share/rover_gazebo/cmake/rover_gazeboConfig.cmake
-- Installing: /home/triqui/Documents/TFG/TFG_MS_ROS/ros_ws/install/rover_gazebo/share/rover_gazebo/cmake/rover_gazeboConfig-version.cmake
-- Installing: /home/triqui/Documents/TFG/TFG_MS_ROS/ros_ws/install/rover_gazebo/share/rover_gazebo/package.xml
