-- The C compiler identification is GNU 9.4.0
-- The CXX compiler identification is GNU 9.4.0
-- Check for working C compiler: /usr/bin/cc
-- Check for working C compiler: /usr/bin/cc -- works
-- Detecting C compiler ABI info
-- Detecting C compiler ABI info - done
-- Detecting C compile features
-- Detecting C compile features - done
-- Check for working CXX compiler: /usr/bin/c++
-- Check for working CXX compiler: /usr/bin/c++ -- works
-- Detecting CXX compiler ABI info
-- Detecting CXX compiler ABI info - done
-- Detecting CXX compile features
-- Detecting CXX compile features - done
-- Found ament_cmake: 0.9.11 (/opt/ros/foxy/share/ament_cmake/cmake)
-- Found PythonInterp: /usr/bin/python3 (found suitable version "3.8.10", minimum required is "3") 
-- Using PYTHON_EXECUTABLE: /usr/bin/python3
-- Override CMake install command with custom implementation using symlinks instead of copying resources
-- Found rosidl_default_generators: 1.0.1 (/opt/ros/foxy/share/rosidl_default_generators/cmake)
-- Using all available rosidl_typesupport_c: rosidl_typesupport_fastrtps_c;rosidl_typesupport_introspection_c
-- Found rosidl_adapter: 1.3.0 (/opt/ros/foxy/share/rosidl_adapter/cmake)
-- Found OpenSSL: /usr/lib/x86_64-linux-gnu/libcrypto.so (found version "1.1.1f")  
-- Found FastRTPS: /opt/ros/foxy/include  
-- Using all available rosidl_typesupport_cpp: rosidl_typesupport_fastrtps_cpp;rosidl_typesupport_introspection_cpp
-- Found PythonInterp: /usr/bin/python3 (found version "3.8.10") 
CMake Error at /opt/ros/foxy/share/rosidl_adapter/cmake/rosidl_adapt_interfaces.cmake:60 (message):
  execute_process(/usr/bin/python3 -m rosidl_adapter --package-name
  pkg_interfaces --arguments-file
  /home/triqui/Documents/TFG/TFG_MS_ROS/ros_ws/build/pkg_interfaces/rosidl_adapter__arguments__pkg_interfaces.json
  --output-dir
  /home/triqui/Documents/TFG/TFG_MS_ROS/ros_ws/build/pkg_interfaces/rosidl_adapter/pkg_interfaces
  --output-file
  /home/triqui/Documents/TFG/TFG_MS_ROS/ros_ws/build/pkg_interfaces/rosidl_adapter/pkg_interfaces.idls)
  returned error code 1:

  /usr/lib/python3/dist-packages/requests/__init__.py:89:
  RequestsDependencyWarning: urllib3 (2.0.2) or chardet (3.0.4) doesn't match
  a supported version!

    warnings.warn("urllib3 ({}) or chardet ({}) doesn't match a supported "

  Traceback (most recent call last):

    File "/usr/lib/python3.8/runpy.py", line 194, in _run_module_as_main
      return _run_code(code, main_globals, None,
    File "/usr/lib/python3.8/runpy.py", line 87, in _run_code
      exec(code, run_globals)
    File "/opt/ros/foxy/lib/python3.8/site-packages/rosidl_adapter/__main__.py", line 19, in <module>
      sys.exit(main())
    File "/opt/ros/foxy/lib/python3.8/site-packages/rosidl_adapter/main.py", line 53, in main
      abs_idl_file = convert_to_idl(
    File "/opt/ros/foxy/lib/python3.8/site-packages/rosidl_adapter/__init__.py", line 19, in convert_to_idl
      return convert_msg_to_idl(
    File "/opt/ros/foxy/lib/python3.8/site-packages/rosidl_adapter/msg/__init__.py", line 28, in convert_msg_to_idl
      msg = parse_message_string(package_name, input_file.stem, content)
    File "/opt/ros/foxy/lib/python3.8/site-packages/rosidl_adapter/parser.py", line 540, in parse_message_string
      msg = MessageSpecification(pkg_name, msg_name, fields, constants)
    File "/opt/ros/foxy/lib/python3.8/site-packages/rosidl_adapter/parser.py", line 387, in __init__
      self.base_type = BaseType(
    File "/opt/ros/foxy/lib/python3.8/site-packages/rosidl_adapter/parser.py", line 204, in __init__
      raise InvalidResourceName(

  rosidl_adapter.parser.InvalidResourceName: 'battery_lvl' is an invalid
  message name.  It should have the pattern '^[A-Z][A-Za-z0-9]*$'

Call Stack (most recent call first):
  /opt/ros/foxy/share/rosidl_cmake/cmake/rosidl_generate_interfaces.cmake:130 (rosidl_adapt_interfaces)
  CMakeLists.txt:22 (rosidl_generate_interfaces)


-- Configuring incomplete, errors occurred!
See also "/home/triqui/Documents/TFG/TFG_MS_ROS/ros_ws/build/pkg_interfaces/CMakeFiles/CMakeOutput.log".
