[0.281s] Invoking command in '/home/triqui/Documents/TFG/TFG_MS_ROS/ros_ws/build/pkg_interfaces': CMAKE_PREFIX_PATH=${CMAKE_PREFIX_PATH}:/home/triqui/Documents/TFG/TFG_MS_ROS/ros_ws/install/my_battery_package:/home/triqui/turtlebot3_ws/install/turtlebot3_teleop:/home/triqui/turtlebot3_ws/install/turtlebot3_example:/opt/ros/foxy /usr/bin/cmake /home/triqui/Documents/TFG/TFG_MS_ROS/ros_ws/src/pkg_interfaces -DAMENT_CMAKE_SYMLINK_INSTALL=1 -DCMAKE_INSTALL_PREFIX=/home/triqui/Documents/TFG/TFG_MS_ROS/ros_ws/install/pkg_interfaces
[0.405s] -- The C compiler identification is GNU 9.4.0
[0.642s] -- The CXX compiler identification is GNU 9.4.0
[0.664s] -- Check for working C compiler: /usr/bin/cc
[0.910s] -- Check for working C compiler: /usr/bin/cc -- works
[0.911s] -- Detecting C compiler ABI info
[0.988s] -- Detecting C compiler ABI info - done
[1.001s] -- Detecting C compile features
[1.001s] -- Detecting C compile features - done
[1.004s] -- Check for working CXX compiler: /usr/bin/c++
[1.094s] -- Check for working CXX compiler: /usr/bin/c++ -- works
[1.095s] -- Detecting CXX compiler ABI info
[1.187s] -- Detecting CXX compiler ABI info - done
[1.200s] -- Detecting CXX compile features
[1.201s] -- Detecting CXX compile features - done
[1.205s] -- Found ament_cmake: 0.9.11 (/opt/ros/foxy/share/ament_cmake/cmake)
[1.243s] -- Found PythonInterp: /usr/bin/python3 (found suitable version "3.8.10", minimum required is "3") 
[1.243s] -- Using PYTHON_EXECUTABLE: /usr/bin/python3
[1.656s] -- Override CMake install command with custom implementation using symlinks instead of copying resources
[1.851s] -- Found rosidl_default_generators: 1.0.1 (/opt/ros/foxy/share/rosidl_default_generators/cmake)
[1.882s] -- Using all available rosidl_typesupport_c: rosidl_typesupport_fastrtps_c;rosidl_typesupport_introspection_c
[1.932s] -- Found rosidl_adapter: 1.3.0 (/opt/ros/foxy/share/rosidl_adapter/cmake)
[2.258s] -- Found OpenSSL: /usr/lib/x86_64-linux-gnu/libcrypto.so (found version "1.1.1f")  
[2.299s] -- Found FastRTPS: /opt/ros/foxy/include  
[2.398s] -- Using all available rosidl_typesupport_cpp: rosidl_typesupport_fastrtps_cpp;rosidl_typesupport_introspection_cpp
[2.462s] -- Found PythonInterp: /usr/bin/python3 (found version "3.8.10") 
[2.635s] CMake Error at /opt/ros/foxy/share/rosidl_adapter/cmake/rosidl_adapt_interfaces.cmake:60 (message):
[2.635s]   execute_process(/usr/bin/python3 -m rosidl_adapter --package-name
[2.635s]   pkg_interfaces --arguments-file
[2.635s]   /home/triqui/Documents/TFG/TFG_MS_ROS/ros_ws/build/pkg_interfaces/rosidl_adapter__arguments__pkg_interfaces.json
[2.635s]   --output-dir
[2.635s]   /home/triqui/Documents/TFG/TFG_MS_ROS/ros_ws/build/pkg_interfaces/rosidl_adapter/pkg_interfaces
[2.635s]   --output-file
[2.635s]   /home/triqui/Documents/TFG/TFG_MS_ROS/ros_ws/build/pkg_interfaces/rosidl_adapter/pkg_interfaces.idls)
[2.635s]   returned error code 1:
[2.635s] 
[2.635s]   /usr/lib/python3/dist-packages/requests/__init__.py:89:
[2.636s]   RequestsDependencyWarning: urllib3 (2.0.2) or chardet (3.0.4) doesn't match
[2.636s]   a supported version!
[2.636s] 
[2.636s]     warnings.warn("urllib3 ({}) or chardet ({}) doesn't match a supported "
[2.636s] 
[2.636s]   Traceback (most recent call last):
[2.636s] 
[2.636s]     File "/usr/lib/python3.8/runpy.py", line 194, in _run_module_as_main
[2.636s]       return _run_code(code, main_globals, None,
[2.636s]     File "/usr/lib/python3.8/runpy.py", line 87, in _run_code
[2.636s]       exec(code, run_globals)
[2.636s]     File "/opt/ros/foxy/lib/python3.8/site-packages/rosidl_adapter/__main__.py", line 19, in <module>
[2.636s]       sys.exit(main())
[2.636s]     File "/opt/ros/foxy/lib/python3.8/site-packages/rosidl_adapter/main.py", line 53, in main
[2.636s]       abs_idl_file = convert_to_idl(
[2.637s]     File "/opt/ros/foxy/lib/python3.8/site-packages/rosidl_adapter/__init__.py", line 19, in convert_to_idl
[2.637s]       return convert_msg_to_idl(
[2.637s]     File "/opt/ros/foxy/lib/python3.8/site-packages/rosidl_adapter/msg/__init__.py", line 28, in convert_msg_to_idl
[2.637s]       msg = parse_message_string(package_name, input_file.stem, content)
[2.637s]     File "/opt/ros/foxy/lib/python3.8/site-packages/rosidl_adapter/parser.py", line 540, in parse_message_string
[2.637s]       msg = MessageSpecification(pkg_name, msg_name, fields, constants)
[2.637s]     File "/opt/ros/foxy/lib/python3.8/site-packages/rosidl_adapter/parser.py", line 387, in __init__
[2.637s]       self.base_type = BaseType(
[2.637s]     File "/opt/ros/foxy/lib/python3.8/site-packages/rosidl_adapter/parser.py", line 204, in __init__
[2.637s]       raise InvalidResourceName(
[2.637s] 
[2.637s]   rosidl_adapter.parser.InvalidResourceName: 'battery_lvl' is an invalid
[2.638s]   message name.  It should have the pattern '^[A-Z][A-Za-z0-9]*$'
[2.638s] 
[2.638s] Call Stack (most recent call first):
[2.638s]   /opt/ros/foxy/share/rosidl_cmake/cmake/rosidl_generate_interfaces.cmake:130 (rosidl_adapt_interfaces)
[2.638s]   CMakeLists.txt:22 (rosidl_generate_interfaces)
[2.638s] 
[2.638s] 
[2.638s] -- Configuring incomplete, errors occurred!
[2.638s] See also "/home/triqui/Documents/TFG/TFG_MS_ROS/ros_ws/build/pkg_interfaces/CMakeFiles/CMakeOutput.log".
[2.645s] Invoked command in '/home/triqui/Documents/TFG/TFG_MS_ROS/ros_ws/build/pkg_interfaces' returned '1': CMAKE_PREFIX_PATH=${CMAKE_PREFIX_PATH}:/home/triqui/Documents/TFG/TFG_MS_ROS/ros_ws/install/my_battery_package:/home/triqui/turtlebot3_ws/install/turtlebot3_teleop:/home/triqui/turtlebot3_ws/install/turtlebot3_example:/opt/ros/foxy /usr/bin/cmake /home/triqui/Documents/TFG/TFG_MS_ROS/ros_ws/src/pkg_interfaces -DAMENT_CMAKE_SYMLINK_INSTALL=1 -DCMAKE_INSTALL_PREFIX=/home/triqui/Documents/TFG/TFG_MS_ROS/ros_ws/install/pkg_interfaces
