[0.023s] Invoking command in '/home/triqui/Documents/TFG/TFG_MS_ROS/build/pkg_interfaces': CMAKE_PREFIX_PATH=${CMAKE_PREFIX_PATH}:/home/triqui/turtlebot3_ws/install/turtlebot3_teleop:/home/triqui/turtlebot3_ws/install/turtlebot3_example:/opt/ros/foxy /usr/bin/cmake /home/triqui/Documents/TFG/TFG_MS_ROS/ros_ws/src/pkg_interfaces -DAMENT_CMAKE_SYMLINK_INSTALL=1 -DCMAKE_INSTALL_PREFIX=/home/triqui/Documents/TFG/TFG_MS_ROS/install/pkg_interfaces
[0.133s] -- The C compiler identification is GNU 9.4.0
[0.196s] -- The CXX compiler identification is GNU 9.4.0
[0.203s] -- Check for working C compiler: /usr/bin/cc
[0.280s] -- Check for working C compiler: /usr/bin/cc -- works
[0.281s] -- Detecting C compiler ABI info
[0.359s] -- Detecting C compiler ABI info - done
[0.372s] -- Detecting C compile features
[0.372s] -- Detecting C compile features - done
[0.376s] -- Check for working CXX compiler: /usr/bin/c++
[0.473s] -- Check for working CXX compiler: /usr/bin/c++ -- works
[0.474s] -- Detecting CXX compiler ABI info
[0.565s] -- Detecting CXX compiler ABI info - done
[0.578s] -- Detecting CXX compile features
[0.578s] -- Detecting CXX compile features - done
[0.583s] -- Found ament_cmake: 0.9.11 (/opt/ros/foxy/share/ament_cmake/cmake)
[0.622s] -- Found PythonInterp: /usr/bin/python3 (found suitable version "3.8.10", minimum required is "3") 
[0.622s] -- Using PYTHON_EXECUTABLE: /usr/bin/python3
[0.830s] -- Override CMake install command with custom implementation using symlinks instead of copying resources
[0.880s] -- Found rosidl_default_generators: 1.0.1 (/opt/ros/foxy/share/rosidl_default_generators/cmake)
[0.887s] -- Using all available rosidl_typesupport_c: rosidl_typesupport_fastrtps_c;rosidl_typesupport_introspection_c
[0.899s] -- Found rosidl_adapter: 1.3.0 (/opt/ros/foxy/share/rosidl_adapter/cmake)
[1.040s] -- Found OpenSSL: /usr/lib/x86_64-linux-gnu/libcrypto.so (found version "1.1.1f")  
[1.075s] -- Found FastRTPS: /opt/ros/foxy/include  
[1.182s] -- Using all available rosidl_typesupport_cpp: rosidl_typesupport_fastrtps_cpp;rosidl_typesupport_introspection_cpp
[1.266s] -- Found PythonInterp: /usr/bin/python3 (found version "3.8.10") 
[1.404s] -- Found ament_cmake_ros: 0.9.2 (/opt/ros/foxy/share/ament_cmake_ros/cmake)
[1.539s] -- Using all available rosidl_typesupport_c: rosidl_typesupport_fastrtps_c;rosidl_typesupport_introspection_c
[1.549s] -- Using all available rosidl_typesupport_cpp: rosidl_typesupport_fastrtps_cpp;rosidl_typesupport_introspection_cpp
[1.582s] -- Found PythonInterp: /usr/bin/python3 (found suitable version "3.8.10", minimum required is "3.5") 
[1.585s] -- Found python_cmake_module: 0.8.1 (/opt/ros/foxy/share/python_cmake_module/cmake)
[1.624s] -- Found PythonLibs: /usr/lib/x86_64-linux-gnu/libpython3.8.so (found suitable version "3.8.10", minimum required is "3.5") 
[1.624s] -- Using PYTHON_EXECUTABLE: /usr/bin/python3
[1.625s] -- Using PYTHON_INCLUDE_DIRS: /usr/include/python3.8
[1.625s] -- Using PYTHON_LIBRARIES: /usr/lib/x86_64-linux-gnu/libpython3.8.so
[1.656s] -- Found PythonExtra: .so  
[1.713s] -- Found ament_lint_auto: 0.9.8 (/opt/ros/foxy/share/ament_lint_auto/cmake)
[1.756s] -- Added test 'copyright' to check source files copyright and LICENSE
[1.758s] -- Added test 'lint_cmake' to check CMake code style
[1.760s] -- Added test 'xmllint' to check XML markup files
[1.768s] -- Configuring done
[1.803s] -- Generating done
[1.807s] -- Build files have been written to: /home/triqui/Documents/TFG/TFG_MS_ROS/build/pkg_interfaces
[1.814s] Invoked command in '/home/triqui/Documents/TFG/TFG_MS_ROS/build/pkg_interfaces' returned '0': CMAKE_PREFIX_PATH=${CMAKE_PREFIX_PATH}:/home/triqui/turtlebot3_ws/install/turtlebot3_teleop:/home/triqui/turtlebot3_ws/install/turtlebot3_example:/opt/ros/foxy /usr/bin/cmake /home/triqui/Documents/TFG/TFG_MS_ROS/ros_ws/src/pkg_interfaces -DAMENT_CMAKE_SYMLINK_INSTALL=1 -DCMAKE_INSTALL_PREFIX=/home/triqui/Documents/TFG/TFG_MS_ROS/install/pkg_interfaces
[1.817s] Invoking command in '/home/triqui/Documents/TFG/TFG_MS_ROS/build/pkg_interfaces': CMAKE_PREFIX_PATH=${CMAKE_PREFIX_PATH}:/home/triqui/turtlebot3_ws/install/turtlebot3_teleop:/home/triqui/turtlebot3_ws/install/turtlebot3_example:/opt/ros/foxy /usr/bin/cmake --build /home/triqui/Documents/TFG/TFG_MS_ROS/build/pkg_interfaces -- -j4 -l4
[1.864s] [35m[1mScanning dependencies of target pkg_interfaces__cpp[0m
[1.865s] [  3%] [34m[1mGenerating C code for ROS interfaces[0m
[1.878s] [  6%] [34m[1mGenerating C++ code for ROS interfaces[0m
[2.135s] [35m[1mScanning dependencies of target pkg_interfaces__rosidl_generator_c[0m
[2.138s] [  6%] Built target pkg_interfaces__cpp
[2.150s] [ 12%] [34m[1mGenerating C++ introspection for ROS interfaces[0m
[2.150s] [ 12%] [32mBuilding C object CMakeFiles/pkg_interfaces__rosidl_generator_c.dir/rosidl_generator_c/pkg_interfaces/msg/detail/batterylvl__functions.c.o[0m
[2.150s] [ 16%] [34m[1mGenerating C++ type support dispatch for ROS interfaces[0m
[2.152s] [ 19%] [34m[1mGenerating C++ type support for eProsima Fast-RTPS[0m
[2.204s] [ 22%] [32m[1mLinking C shared library libpkg_interfaces__rosidl_generator_c.so[0m
[2.246s] [ 22%] Built target pkg_interfaces__rosidl_generator_c
[2.258s] [ 25%] [34m[1mGenerating C type support dispatch for ROS interfaces[0m
[2.366s] [35m[1mScanning dependencies of target pkg_interfaces__rosidl_typesupport_cpp[0m
[2.381s] [ 29%] [32mBuilding CXX object CMakeFiles/pkg_interfaces__rosidl_typesupport_cpp.dir/rosidl_typesupport_cpp/pkg_interfaces/msg/batterylvl__type_support.cpp.o[0m
[2.400s] [35m[1mScanning dependencies of target pkg_interfaces__rosidl_typesupport_introspection_cpp[0m
[2.423s] [35m[1mScanning dependencies of target pkg_interfaces__rosidl_typesupport_fastrtps_cpp[0m
[2.427s] [ 32%] [32mBuilding CXX object CMakeFiles/pkg_interfaces__rosidl_typesupport_introspection_cpp.dir/rosidl_typesupport_introspection_cpp/pkg_interfaces/msg/detail/batterylvl__type_support.cpp.o[0m
[2.454s] [ 35%] [32mBuilding CXX object CMakeFiles/pkg_interfaces__rosidl_typesupport_fastrtps_cpp.dir/rosidl_typesupport_fastrtps_cpp/pkg_interfaces/msg/detail/dds_fastrtps/batterylvl__type_support.cpp.o[0m
[2.478s] [35m[1mScanning dependencies of target pkg_interfaces__rosidl_typesupport_c[0m
[2.502s] [ 38%] [32mBuilding CXX object CMakeFiles/pkg_interfaces__rosidl_typesupport_c.dir/rosidl_typesupport_c/pkg_interfaces/msg/batterylvl__type_support.cpp.o[0m
[2.539s] [ 41%] [32m[1mLinking CXX shared library libpkg_interfaces__rosidl_typesupport_c.so[0m
[2.587s] [ 41%] Built target pkg_interfaces__rosidl_typesupport_c
[2.600s] [ 45%] [34m[1mGenerating C introspection for ROS interfaces[0m
[2.739s] [ 48%] [32m[1mLinking CXX shared library libpkg_interfaces__rosidl_typesupport_cpp.so[0m
[2.777s] [ 51%] [32m[1mLinking CXX shared library libpkg_interfaces__rosidl_typesupport_introspection_cpp.so[0m
[2.793s] [ 51%] Built target pkg_interfaces__rosidl_typesupport_cpp
[2.832s] [ 51%] Built target pkg_interfaces__rosidl_typesupport_introspection_cpp
[2.879s] [35m[1mScanning dependencies of target pkg_interfaces__rosidl_typesupport_introspection_c[0m
[2.898s] [ 54%] [32mBuilding C object CMakeFiles/pkg_interfaces__rosidl_typesupport_introspection_c.dir/rosidl_typesupport_introspection_c/pkg_interfaces/msg/detail/batterylvl__type_support.c.o[0m
[2.932s] [ 58%] [32m[1mLinking CXX shared library libpkg_interfaces__rosidl_typesupport_fastrtps_cpp.so[0m
[2.940s] [ 61%] [32m[1mLinking C shared library libpkg_interfaces__rosidl_typesupport_introspection_c.so[0m
[2.977s] [ 61%] Built target pkg_interfaces__rosidl_typesupport_introspection_c
[3.040s] [ 61%] Built target pkg_interfaces__rosidl_typesupport_fastrtps_cpp
[3.052s] [ 64%] [34m[1mGenerating C type support for eProsima Fast-RTPS[0m
[3.281s] [35m[1mScanning dependencies of target pkg_interfaces__rosidl_typesupport_fastrtps_c[0m
[3.297s] [ 67%] [32mBuilding CXX object CMakeFiles/pkg_interfaces__rosidl_typesupport_fastrtps_c.dir/rosidl_typesupport_fastrtps_c/pkg_interfaces/msg/detail/batterylvl__type_support_c.cpp.o[0m
[3.668s] [ 70%] [32m[1mLinking CXX shared library libpkg_interfaces__rosidl_typesupport_fastrtps_c.so[0m
[3.770s] [ 70%] Built target pkg_interfaces__rosidl_typesupport_fastrtps_c
[3.783s] [35m[1mScanning dependencies of target pkg_interfaces[0m
[3.796s] [ 70%] Built target pkg_interfaces
[3.809s] [35m[1mScanning dependencies of target pkg_interfaces__py[0m
[3.822s] [ 74%] [34m[1mGenerating Python code for ROS interfaces[0m
[4.182s] [ 74%] Built target pkg_interfaces__py
[4.195s] [35m[1mScanning dependencies of target pkg_interfaces__python[0m
[4.218s] [ 77%] [32mBuilding C object CMakeFiles/pkg_interfaces__python.dir/rosidl_generator_py/pkg_interfaces/msg/_batterylvl_s.c.o[0m
[4.309s] [ 80%] [32m[1mLinking C shared library rosidl_generator_py/pkg_interfaces/libpkg_interfaces__python.so[0m
[4.355s] [ 80%] Built target pkg_interfaces__python
[4.367s] [35m[1mScanning dependencies of target pkg_interfaces__rosidl_typesupport_fastrtps_c__pyext[0m
[4.367s] [35m[1mScanning dependencies of target pkg_interfaces__rosidl_typesupport_introspection_c__pyext[0m
[4.367s] [35m[1mScanning dependencies of target pkg_interfaces__rosidl_typesupport_c__pyext[0m
[4.392s] [ 90%] [32mBuilding C object CMakeFiles/pkg_interfaces__rosidl_typesupport_fastrtps_c__pyext.dir/rosidl_generator_py/pkg_interfaces/_pkg_interfaces_s.ep.rosidl_typesupport_fastrtps_c.c.o[0m
[4.392s] [ 90%] [32mBuilding C object CMakeFiles/pkg_interfaces__rosidl_typesupport_c__pyext.dir/rosidl_generator_py/pkg_interfaces/_pkg_interfaces_s.ep.rosidl_typesupport_c.c.o[0m
[4.392s] [ 90%] [32mBuilding C object CMakeFiles/pkg_interfaces__rosidl_typesupport_introspection_c__pyext.dir/rosidl_generator_py/pkg_interfaces/_pkg_interfaces_s.ep.rosidl_typesupport_introspection_c.c.o[0m
[4.480s] [ 93%] [32m[1mLinking C shared library rosidl_generator_py/pkg_interfaces/pkg_interfaces_s__rosidl_typesupport_c.cpython-38-x86_64-linux-gnu.so[0m
[4.486s] [ 96%] [32m[1mLinking CXX shared library rosidl_generator_py/pkg_interfaces/pkg_interfaces_s__rosidl_typesupport_fastrtps_c.cpython-38-x86_64-linux-gnu.so[0m
[4.494s] [100%] [32m[1mLinking C shared library rosidl_generator_py/pkg_interfaces/pkg_interfaces_s__rosidl_typesupport_introspection_c.cpython-38-x86_64-linux-gnu.so[0m
[4.525s] [100%] Built target pkg_interfaces__rosidl_typesupport_c__pyext
[4.554s] [100%] Built target pkg_interfaces__rosidl_typesupport_introspection_c__pyext
[4.570s] [100%] Built target pkg_interfaces__rosidl_typesupport_fastrtps_c__pyext
[4.584s] Invoked command in '/home/triqui/Documents/TFG/TFG_MS_ROS/build/pkg_interfaces' returned '0': CMAKE_PREFIX_PATH=${CMAKE_PREFIX_PATH}:/home/triqui/turtlebot3_ws/install/turtlebot3_teleop:/home/triqui/turtlebot3_ws/install/turtlebot3_example:/opt/ros/foxy /usr/bin/cmake --build /home/triqui/Documents/TFG/TFG_MS_ROS/build/pkg_interfaces -- -j4 -l4
[4.662s] Invoking command in '/home/triqui/Documents/TFG/TFG_MS_ROS/build/pkg_interfaces': CMAKE_PREFIX_PATH=${CMAKE_PREFIX_PATH}:/home/triqui/turtlebot3_ws/install/turtlebot3_teleop:/home/triqui/turtlebot3_ws/install/turtlebot3_example:/opt/ros/foxy /usr/bin/cmake --install /home/triqui/Documents/TFG/TFG_MS_ROS/build/pkg_interfaces
[4.672s] -- Install configuration: ""
[4.673s] -- Execute custom install script
[4.673s] -- Symlinking: /home/triqui/Documents/TFG/TFG_MS_ROS/install/pkg_interfaces/share/ament_index/resource_index/rosidl_interfaces/pkg_interfaces
[4.685s] -- Symlinking: /home/triqui/Documents/TFG/TFG_MS_ROS/install/pkg_interfaces/include/pkg_interfaces/msg/batterylvl.h
[4.696s] -- Symlinking: /home/triqui/Documents/TFG/TFG_MS_ROS/install/pkg_interfaces/include/pkg_interfaces/msg/detail/batterylvl__functions.h
[4.707s] -- Symlinking: /home/triqui/Documents/TFG/TFG_MS_ROS/install/pkg_interfaces/include/pkg_interfaces/msg/detail/batterylvl__struct.h
[4.718s] -- Symlinking: /home/triqui/Documents/TFG/TFG_MS_ROS/install/pkg_interfaces/include/pkg_interfaces/msg/detail/batterylvl__type_support.h
[4.729s] -- Symlinking: /home/triqui/Documents/TFG/TFG_MS_ROS/install/pkg_interfaces/include/pkg_interfaces/msg/rosidl_generator_c__visibility_control.h
[4.740s] -- Symlinking: /home/triqui/Documents/TFG/TFG_MS_ROS/install/pkg_interfaces/share/pkg_interfaces/environment/library_path.sh
[4.750s] -- Symlinking: /home/triqui/Documents/TFG/TFG_MS_ROS/install/pkg_interfaces/share/pkg_interfaces/environment/library_path.dsv
[4.761s] -- Symlinking: /home/triqui/Documents/TFG/TFG_MS_ROS/install/pkg_interfaces/include/pkg_interfaces/msg/detail/batterylvl__rosidl_typesupport_fastrtps_c.h
[4.772s] -- Symlinking: /home/triqui/Documents/TFG/TFG_MS_ROS/install/pkg_interfaces/include/pkg_interfaces/msg/rosidl_typesupport_fastrtps_c__visibility_control.h
[4.782s] -- Symlinking: /home/triqui/Documents/TFG/TFG_MS_ROS/install/pkg_interfaces/lib/libpkg_interfaces__rosidl_typesupport_fastrtps_c.so
[4.793s] -- Symlinking: /home/triqui/Documents/TFG/TFG_MS_ROS/install/pkg_interfaces/include/pkg_interfaces/msg/detail/batterylvl__rosidl_typesupport_fastrtps_cpp.hpp
[4.804s] -- Symlinking: /home/triqui/Documents/TFG/TFG_MS_ROS/install/pkg_interfaces/include/pkg_interfaces/msg/rosidl_typesupport_fastrtps_cpp__visibility_control.h
[4.816s] -- Symlinking: /home/triqui/Documents/TFG/TFG_MS_ROS/install/pkg_interfaces/lib/libpkg_interfaces__rosidl_typesupport_fastrtps_cpp.so
[4.827s] -- Symlinking: /home/triqui/Documents/TFG/TFG_MS_ROS/install/pkg_interfaces/include/pkg_interfaces/msg/detail/batterylvl__rosidl_typesupport_introspection_c.h
[4.838s] -- Symlinking: /home/triqui/Documents/TFG/TFG_MS_ROS/install/pkg_interfaces/include/pkg_interfaces/msg/rosidl_typesupport_introspection_c__visibility_control.h
[4.849s] -- Symlinking: /home/triqui/Documents/TFG/TFG_MS_ROS/install/pkg_interfaces/include/pkg_interfaces/msg/batterylvl.hpp
[4.860s] -- Symlinking: /home/triqui/Documents/TFG/TFG_MS_ROS/install/pkg_interfaces/include/pkg_interfaces/msg/detail/batterylvl__builder.hpp
[4.870s] -- Symlinking: /home/triqui/Documents/TFG/TFG_MS_ROS/install/pkg_interfaces/include/pkg_interfaces/msg/detail/batterylvl__struct.hpp
[4.881s] -- Symlinking: /home/triqui/Documents/TFG/TFG_MS_ROS/install/pkg_interfaces/include/pkg_interfaces/msg/detail/batterylvl__traits.hpp
[4.891s] -- Symlinking: /home/triqui/Documents/TFG/TFG_MS_ROS/install/pkg_interfaces/include/pkg_interfaces/msg/detail/batterylvl__rosidl_typesupport_introspection_cpp.hpp
[4.902s] -- Symlinking: /home/triqui/Documents/TFG/TFG_MS_ROS/install/pkg_interfaces/share/pkg_interfaces/environment/pythonpath.sh
[4.913s] -- Symlinking: /home/triqui/Documents/TFG/TFG_MS_ROS/install/pkg_interfaces/share/pkg_interfaces/environment/pythonpath.dsv
[4.924s] -- Symlinking: /home/triqui/Documents/TFG/TFG_MS_ROS/install/pkg_interfaces/lib/python3.8/site-packages/pkg_interfaces/__init__.py
[4.935s] -- Symlinking: /home/triqui/Documents/TFG/TFG_MS_ROS/install/pkg_interfaces/lib/python3.8/site-packages/pkg_interfaces/msg/__init__.py
[4.946s] -- Symlinking: /home/triqui/Documents/TFG/TFG_MS_ROS/install/pkg_interfaces/lib/python3.8/site-packages/pkg_interfaces/msg/_batterylvl.py
[4.958s] -- Symlinking: /home/triqui/Documents/TFG/TFG_MS_ROS/install/pkg_interfaces/lib/python3.8/site-packages/pkg_interfaces/pkg_interfaces_s__rosidl_typesupport_fastrtps_c.cpython-38-x86_64-linux-gnu.so
[4.969s] -- Symlinking: /home/triqui/Documents/TFG/TFG_MS_ROS/install/pkg_interfaces/lib/python3.8/site-packages/pkg_interfaces/pkg_interfaces_s__rosidl_typesupport_introspection_c.cpython-38-x86_64-linux-gnu.so
[4.980s] -- Symlinking: /home/triqui/Documents/TFG/TFG_MS_ROS/install/pkg_interfaces/lib/python3.8/site-packages/pkg_interfaces/pkg_interfaces_s__rosidl_typesupport_c.cpython-38-x86_64-linux-gnu.so
[4.991s] -- Symlinking: /home/triqui/Documents/TFG/TFG_MS_ROS/install/pkg_interfaces/lib/libpkg_interfaces__python.so
[5.003s] -- Symlinking: /home/triqui/Documents/TFG/TFG_MS_ROS/install/pkg_interfaces/share/pkg_interfaces/msg/Batterylvl.idl
[5.015s] -- Symlinking: /home/triqui/Documents/TFG/TFG_MS_ROS/install/pkg_interfaces/share/pkg_interfaces/msg/Batterylvl.msg
[5.026s] -- Symlinking: /home/triqui/Documents/TFG/TFG_MS_ROS/install/pkg_interfaces/share/ament_index/resource_index/package_run_dependencies/pkg_interfaces
[5.037s] -- Symlinking: /home/triqui/Documents/TFG/TFG_MS_ROS/install/pkg_interfaces/share/ament_index/resource_index/parent_prefix_path/pkg_interfaces
[5.048s] -- Symlinking: /home/triqui/Documents/TFG/TFG_MS_ROS/install/pkg_interfaces/share/pkg_interfaces/environment/ament_prefix_path.sh
[5.058s] -- Symlinking: /home/triqui/Documents/TFG/TFG_MS_ROS/install/pkg_interfaces/share/pkg_interfaces/environment/ament_prefix_path.dsv
[5.068s] -- Symlinking: /home/triqui/Documents/TFG/TFG_MS_ROS/install/pkg_interfaces/share/pkg_interfaces/environment/path.sh
[5.080s] -- Symlinking: /home/triqui/Documents/TFG/TFG_MS_ROS/install/pkg_interfaces/share/pkg_interfaces/environment/path.dsv
[5.091s] -- Symlinking: /home/triqui/Documents/TFG/TFG_MS_ROS/install/pkg_interfaces/share/pkg_interfaces/local_setup.bash
[5.101s] -- Symlinking: /home/triqui/Documents/TFG/TFG_MS_ROS/install/pkg_interfaces/share/pkg_interfaces/local_setup.sh
[5.112s] -- Symlinking: /home/triqui/Documents/TFG/TFG_MS_ROS/install/pkg_interfaces/share/pkg_interfaces/local_setup.zsh
[5.123s] -- Symlinking: /home/triqui/Documents/TFG/TFG_MS_ROS/install/pkg_interfaces/share/pkg_interfaces/local_setup.dsv
[5.134s] -- Symlinking: /home/triqui/Documents/TFG/TFG_MS_ROS/install/pkg_interfaces/share/pkg_interfaces/package.dsv
[5.145s] -- Symlinking: /home/triqui/Documents/TFG/TFG_MS_ROS/install/pkg_interfaces/share/ament_index/resource_index/packages/pkg_interfaces
[5.157s] -- Symlinking: /home/triqui/Documents/TFG/TFG_MS_ROS/install/pkg_interfaces/share/pkg_interfaces/cmake/rosidl_cmake-extras.cmake
[5.167s] -- Symlinking: /home/triqui/Documents/TFG/TFG_MS_ROS/install/pkg_interfaces/share/pkg_interfaces/cmake/ament_cmake_export_dependencies-extras.cmake
[5.178s] -- Symlinking: /home/triqui/Documents/TFG/TFG_MS_ROS/install/pkg_interfaces/share/pkg_interfaces/cmake/ament_cmake_export_libraries-extras.cmake
[5.188s] -- Symlinking: /home/triqui/Documents/TFG/TFG_MS_ROS/install/pkg_interfaces/share/pkg_interfaces/cmake/ament_cmake_export_targets-extras.cmake
[5.200s] -- Symlinking: /home/triqui/Documents/TFG/TFG_MS_ROS/install/pkg_interfaces/share/pkg_interfaces/cmake/ament_cmake_export_include_directories-extras.cmake
[5.211s] -- Symlinking: /home/triqui/Documents/TFG/TFG_MS_ROS/install/pkg_interfaces/share/pkg_interfaces/cmake/rosidl_cmake_export_typesupport_libraries-extras.cmake
[5.222s] -- Symlinking: /home/triqui/Documents/TFG/TFG_MS_ROS/install/pkg_interfaces/share/pkg_interfaces/cmake/rosidl_cmake_export_typesupport_targets-extras.cmake
[5.233s] -- Symlinking: /home/triqui/Documents/TFG/TFG_MS_ROS/install/pkg_interfaces/share/pkg_interfaces/cmake/pkg_interfacesConfig.cmake
[5.244s] -- Symlinking: /home/triqui/Documents/TFG/TFG_MS_ROS/install/pkg_interfaces/share/pkg_interfaces/cmake/pkg_interfacesConfig-version.cmake
[5.254s] -- Symlinking: /home/triqui/Documents/TFG/TFG_MS_ROS/install/pkg_interfaces/share/pkg_interfaces/package.xml
[5.265s] -- Installing: /home/triqui/Documents/TFG/TFG_MS_ROS/install/pkg_interfaces/lib/libpkg_interfaces__rosidl_generator_c.so
[5.265s] -- Set runtime path of "/home/triqui/Documents/TFG/TFG_MS_ROS/install/pkg_interfaces/lib/libpkg_interfaces__rosidl_generator_c.so" to ""
[5.266s] -- Installing: /home/triqui/Documents/TFG/TFG_MS_ROS/install/pkg_interfaces/lib/libpkg_interfaces__rosidl_typesupport_introspection_c.so
[5.266s] -- Set runtime path of "/home/triqui/Documents/TFG/TFG_MS_ROS/install/pkg_interfaces/lib/libpkg_interfaces__rosidl_typesupport_introspection_c.so" to ""
[5.266s] -- Installing: /home/triqui/Documents/TFG/TFG_MS_ROS/install/pkg_interfaces/lib/libpkg_interfaces__rosidl_typesupport_c.so
[5.267s] -- Set runtime path of "/home/triqui/Documents/TFG/TFG_MS_ROS/install/pkg_interfaces/lib/libpkg_interfaces__rosidl_typesupport_c.so" to ""
[5.267s] -- Installing: /home/triqui/Documents/TFG/TFG_MS_ROS/install/pkg_interfaces/lib/libpkg_interfaces__rosidl_typesupport_introspection_cpp.so
[5.267s] -- Set runtime path of "/home/triqui/Documents/TFG/TFG_MS_ROS/install/pkg_interfaces/lib/libpkg_interfaces__rosidl_typesupport_introspection_cpp.so" to ""
[5.267s] -- Installing: /home/triqui/Documents/TFG/TFG_MS_ROS/install/pkg_interfaces/lib/libpkg_interfaces__rosidl_typesupport_cpp.so
[5.268s] -- Set runtime path of "/home/triqui/Documents/TFG/TFG_MS_ROS/install/pkg_interfaces/lib/libpkg_interfaces__rosidl_typesupport_cpp.so" to ""
[5.304s] Compiling '/home/triqui/Documents/TFG/TFG_MS_ROS/install/pkg_interfaces/lib/python3.8/site-packages/pkg_interfaces/__init__.py'...
[5.309s] -- Installing: /home/triqui/Documents/TFG/TFG_MS_ROS/install/pkg_interfaces/share/pkg_interfaces/cmake/pkg_interfaces__rosidl_generator_cExport.cmake
[5.309s] -- Installing: /home/triqui/Documents/TFG/TFG_MS_ROS/install/pkg_interfaces/share/pkg_interfaces/cmake/pkg_interfaces__rosidl_generator_cExport-noconfig.cmake
[5.309s] -- Installing: /home/triqui/Documents/TFG/TFG_MS_ROS/install/pkg_interfaces/share/pkg_interfaces/cmake/pkg_interfaces__rosidl_typesupport_introspection_cExport.cmake
[5.309s] -- Installing: /home/triqui/Documents/TFG/TFG_MS_ROS/install/pkg_interfaces/share/pkg_interfaces/cmake/pkg_interfaces__rosidl_typesupport_introspection_cExport-noconfig.cmake
[5.310s] -- Installing: /home/triqui/Documents/TFG/TFG_MS_ROS/install/pkg_interfaces/share/pkg_interfaces/cmake/pkg_interfaces__rosidl_typesupport_cExport.cmake
[5.310s] -- Installing: /home/triqui/Documents/TFG/TFG_MS_ROS/install/pkg_interfaces/share/pkg_interfaces/cmake/pkg_interfaces__rosidl_typesupport_cExport-noconfig.cmake
[5.310s] -- Installing: /home/triqui/Documents/TFG/TFG_MS_ROS/install/pkg_interfaces/share/pkg_interfaces/cmake/pkg_interfaces__rosidl_generator_cppExport.cmake
[5.310s] -- Installing: /home/triqui/Documents/TFG/TFG_MS_ROS/install/pkg_interfaces/share/pkg_interfaces/cmake/pkg_interfaces__rosidl_typesupport_introspection_cppExport.cmake
[5.310s] -- Installing: /home/triqui/Documents/TFG/TFG_MS_ROS/install/pkg_interfaces/share/pkg_interfaces/cmake/pkg_interfaces__rosidl_typesupport_introspection_cppExport-noconfig.cmake
[5.311s] -- Installing: /home/triqui/Documents/TFG/TFG_MS_ROS/install/pkg_interfaces/share/pkg_interfaces/cmake/pkg_interfaces__rosidl_typesupport_cppExport.cmake
[5.311s] -- Installing: /home/triqui/Documents/TFG/TFG_MS_ROS/install/pkg_interfaces/share/pkg_interfaces/cmake/pkg_interfaces__rosidl_typesupport_cppExport-noconfig.cmake
[5.315s] Invoked command in '/home/triqui/Documents/TFG/TFG_MS_ROS/build/pkg_interfaces' returned '0': CMAKE_PREFIX_PATH=${CMAKE_PREFIX_PATH}:/home/triqui/turtlebot3_ws/install/turtlebot3_teleop:/home/triqui/turtlebot3_ws/install/turtlebot3_example:/opt/ros/foxy /usr/bin/cmake --install /home/triqui/Documents/TFG/TFG_MS_ROS/build/pkg_interfaces
