running develop
running egg_info
creating my_battery_package.egg-info
writing my_battery_package.egg-info/PKG-INFO
writing dependency_links to my_battery_package.egg-info/dependency_links.txt
writing entry points to my_battery_package.egg-info/entry_points.txt
writing requirements to my_battery_package.egg-info/requires.txt
writing top-level names to my_battery_package.egg-info/top_level.txt
writing manifest file 'my_battery_package.egg-info/SOURCES.txt'
reading manifest file 'my_battery_package.egg-info/SOURCES.txt'
writing manifest file 'my_battery_package.egg-info/SOURCES.txt'
running build_ext
Creating /home/triqui/Documents/TFG/TFG_MS_ROS/ros_ws/install/my_battery_package/lib/python3.8/site-packages/site.py
Creating /home/triqui/Documents/TFG/TFG_MS_ROS/ros_ws/install/my_battery_package/lib/python3.8/site-packages/my-battery-package.egg-link (link to .)
Installing battery_publisher script to /home/triqui/Documents/TFG/TFG_MS_ROS/ros_ws/install/my_battery_package/lib/my_battery_package
Installing battery_subscriber script to /home/triqui/Documents/TFG/TFG_MS_ROS/ros_ws/install/my_battery_package/lib/my_battery_package

Installed /home/triqui/Documents/TFG/TFG_MS_ROS/ros_ws/build/my_battery_package
running install_data
creating /home/triqui/Documents/TFG/TFG_MS_ROS/ros_ws/install/my_battery_package/share/ament_index
creating /home/triqui/Documents/TFG/TFG_MS_ROS/ros_ws/install/my_battery_package/share/ament_index/resource_index
creating /home/triqui/Documents/TFG/TFG_MS_ROS/ros_ws/install/my_battery_package/share/ament_index/resource_index/packages
copying resource/my_battery_package -> /home/triqui/Documents/TFG/TFG_MS_ROS/ros_ws/install/my_battery_package/share/ament_index/resource_index/packages
copying package.xml -> /home/triqui/Documents/TFG/TFG_MS_ROS/ros_ws/install/my_battery_package/share/my_battery_package
