[2.115s] Invoking command in '/home/triqui/Documents/TFG/TFG_MS_ROS/ros_ws/build/my_battery_package': CMAKE_PREFIX_PATH=/home/triqui/Documents/TFG/TFG_MS_ROS/ros_ws/install/pkg_interfaces:/home/triqui/Documents/TFG/TFG_MS_ROS/ros_ws/install/turtlebot3_simulations:/home/triqui/Documents/TFG/TFG_MS_ROS/ros_ws/install/turtlebot3_gazebo:/home/triqui/Documents/TFG/TFG_MS_ROS/ros_ws/install/turtlebot3_fake_node:/home/triqui/turtlebot3_ws/install/turtlebot3:/home/triqui/turtlebot3_ws/install/turtlebot3_simulations:/home/triqui/turtlebot3_ws/install/turtlebot3_bringup:/home/triqui/turtlebot3_ws/install/turtlebot3_node:/home/triqui/turtlebot3_ws/install/turtlebot3_navigation2:/home/triqui/turtlebot3_ws/install/turtlebot3_fake_node:/home/triqui/turtlebot3_ws/install/turtlebot3_msgs:/home/triqui/turtlebot3_ws/install/turtlebot3_gazebo:/home/triqui/turtlebot3_ws/install/turtlebot3_description:/home/triqui/turtlebot3_ws/install/turtlebot3_cartographer:/home/triqui/turtlebot3_ws/install/dynamixel_sdk_examples:/home/triqui/turtlebot3_ws/install/dynamixel_sdk_custom_interfaces:/home/triqui/turtlebot3_ws/install/dynamixel_sdk PYTHONPATH=/home/triqui/Documents/TFG/TFG_MS_ROS/ros_ws/build/my_battery_package/prefix_override:/home/triqui/Documents/TFG/TFG_MS_ROS/ros_ws/install/my_battery_package/lib/python3.8/site-packages:/home/triqui/Documents/TFG/TFG_MS_ROS/ros_ws/install/pkg_interfaces/lib/python3.8/site-packages:/home/triqui/Documents/TFG/TFG_MS_ROS/ros_ws/install/my_battery_package/lib/python3.8/site-packages:/home/triqui/Documents/TFG/TFG_MS_ROS/ros_ws/install/ms_sub/lib/python3.8/site-packages:/home/triqui/turtlebot3_ws/build/turtlebot3_teleop:/home/triqui/turtlebot3_ws/install/turtlebot3_teleop/lib/python3.8/site-packages:/home/triqui/turtlebot3_ws/build/turtlebot3_example:/home/triqui/turtlebot3_ws/install/turtlebot3_example/lib/python3.8/site-packages:/home/triqui/turtlebot3_ws/install/turtlebot3_msgs/lib/python3.8/site-packages:/home/triqui/turtlebot3_ws/install/dynamixel_sdk_custom_interfaces/lib/python3.8/site-packages:/opt/ros/foxy/lib/python3.8/site-packages /usr/bin/python3 setup.py develop --editable --build-directory /home/triqui/Documents/TFG/TFG_MS_ROS/ros_ws/build/my_battery_package/build --no-deps install_data
[2.760s] running develop
[3.200s] running egg_info
[3.200s] creating my_battery_package.egg-info
[3.201s] writing my_battery_package.egg-info/PKG-INFO
[3.203s] writing dependency_links to my_battery_package.egg-info/dependency_links.txt
[3.204s] writing entry points to my_battery_package.egg-info/entry_points.txt
[3.205s] writing requirements to my_battery_package.egg-info/requires.txt
[3.205s] writing top-level names to my_battery_package.egg-info/top_level.txt
[3.219s] writing manifest file 'my_battery_package.egg-info/SOURCES.txt'
[3.287s] reading manifest file 'my_battery_package.egg-info/SOURCES.txt'
[3.288s] writing manifest file 'my_battery_package.egg-info/SOURCES.txt'
[3.411s] running build_ext
[3.412s] Creating /home/triqui/Documents/TFG/TFG_MS_ROS/ros_ws/install/my_battery_package/lib/python3.8/site-packages/site.py
[3.431s] Creating /home/triqui/Documents/TFG/TFG_MS_ROS/ros_ws/install/my_battery_package/lib/python3.8/site-packages/my-battery-package.egg-link (link to .)
[3.433s] Installing battery_publisher script to /home/triqui/Documents/TFG/TFG_MS_ROS/ros_ws/install/my_battery_package/lib/my_battery_package
[3.434s] Installing battery_subscriber script to /home/triqui/Documents/TFG/TFG_MS_ROS/ros_ws/install/my_battery_package/lib/my_battery_package
[3.435s] 
[3.435s] Installed /home/triqui/Documents/TFG/TFG_MS_ROS/ros_ws/build/my_battery_package
[3.435s] running install_data
[3.443s] creating /home/triqui/Documents/TFG/TFG_MS_ROS/ros_ws/install/my_battery_package/share/ament_index
[3.444s] creating /home/triqui/Documents/TFG/TFG_MS_ROS/ros_ws/install/my_battery_package/share/ament_index/resource_index
[3.444s] creating /home/triqui/Documents/TFG/TFG_MS_ROS/ros_ws/install/my_battery_package/share/ament_index/resource_index/packages
[3.444s] copying resource/my_battery_package -> /home/triqui/Documents/TFG/TFG_MS_ROS/ros_ws/install/my_battery_package/share/ament_index/resource_index/packages
[3.444s] copying package.xml -> /home/triqui/Documents/TFG/TFG_MS_ROS/ros_ws/install/my_battery_package/share/my_battery_package
[3.504s] Invoked command in '/home/triqui/Documents/TFG/TFG_MS_ROS/ros_ws/build/my_battery_package' returned '0': CMAKE_PREFIX_PATH=/home/triqui/Documents/TFG/TFG_MS_ROS/ros_ws/install/pkg_interfaces:/home/triqui/Documents/TFG/TFG_MS_ROS/ros_ws/install/turtlebot3_simulations:/home/triqui/Documents/TFG/TFG_MS_ROS/ros_ws/install/turtlebot3_gazebo:/home/triqui/Documents/TFG/TFG_MS_ROS/ros_ws/install/turtlebot3_fake_node:/home/triqui/turtlebot3_ws/install/turtlebot3:/home/triqui/turtlebot3_ws/install/turtlebot3_simulations:/home/triqui/turtlebot3_ws/install/turtlebot3_bringup:/home/triqui/turtlebot3_ws/install/turtlebot3_node:/home/triqui/turtlebot3_ws/install/turtlebot3_navigation2:/home/triqui/turtlebot3_ws/install/turtlebot3_fake_node:/home/triqui/turtlebot3_ws/install/turtlebot3_msgs:/home/triqui/turtlebot3_ws/install/turtlebot3_gazebo:/home/triqui/turtlebot3_ws/install/turtlebot3_description:/home/triqui/turtlebot3_ws/install/turtlebot3_cartographer:/home/triqui/turtlebot3_ws/install/dynamixel_sdk_examples:/home/triqui/turtlebot3_ws/install/dynamixel_sdk_custom_interfaces:/home/triqui/turtlebot3_ws/install/dynamixel_sdk PYTHONPATH=/home/triqui/Documents/TFG/TFG_MS_ROS/ros_ws/build/my_battery_package/prefix_override:/home/triqui/Documents/TFG/TFG_MS_ROS/ros_ws/install/my_battery_package/lib/python3.8/site-packages:/home/triqui/Documents/TFG/TFG_MS_ROS/ros_ws/install/pkg_interfaces/lib/python3.8/site-packages:/home/triqui/Documents/TFG/TFG_MS_ROS/ros_ws/install/my_battery_package/lib/python3.8/site-packages:/home/triqui/Documents/TFG/TFG_MS_ROS/ros_ws/install/ms_sub/lib/python3.8/site-packages:/home/triqui/turtlebot3_ws/build/turtlebot3_teleop:/home/triqui/turtlebot3_ws/install/turtlebot3_teleop/lib/python3.8/site-packages:/home/triqui/turtlebot3_ws/build/turtlebot3_example:/home/triqui/turtlebot3_ws/install/turtlebot3_example/lib/python3.8/site-packages:/home/triqui/turtlebot3_ws/install/turtlebot3_msgs/lib/python3.8/site-packages:/home/triqui/turtlebot3_ws/install/dynamixel_sdk_custom_interfaces/lib/python3.8/site-packages:/opt/ros/foxy/lib/python3.8/site-packages /usr/bin/python3 setup.py develop --editable --build-directory /home/triqui/Documents/TFG/TFG_MS_ROS/ros_ws/build/my_battery_package/build --no-deps install_data
