[0.025s] Invoking command in '/home/triqui/Documents/TFG/TFG_MS_ROS/ros_ws/build/turtlebot3_simulations': CMAKE_PREFIX_PATH=/home/triqui/Documents/TFG/TFG_MS_ROS/ros_ws/install/turtlebot3_gazebo:/home/triqui/Documents/TFG/TFG_MS_ROS/ros_ws/install/turtlebot3_fake_node:/home/triqui/Documents/TFG/TFG_MS_ROS/ros_ws/install/turtlebot3_simulations:/home/triqui/Documents/TFG/TFG_MS_ROS/ros_ws/install/pkg_interfaces:/home/triqui/Documents/TFG/TFG_MS_ROS/ros_ws/install/my_battery_package:/home/triqui/Documents/TFG/TFG_MS_ROS/ros_ws/install/ms_sub:/opt/ros/foxy /usr/bin/cmake /home/triqui/Documents/TFG/TFG_MS_ROS/ros_ws/src/turtlebot3_simulations/turtlebot3_simulations -DCMAKE_INSTALL_PREFIX=/home/triqui/Documents/TFG/TFG_MS_ROS/ros_ws/install/turtlebot3_simulations
[0.055s] -- Found ament_cmake: 0.9.11 (/opt/ros/foxy/share/ament_cmake/cmake)
[0.091s] -- Using PYTHON_EXECUTABLE: /usr/bin/python3
[0.309s] -- Override CMake install command with custom implementation using symlinks instead of copying resources
[0.396s] -- Configuring done
[0.421s] -- Generating done
[0.422s] -- Build files have been written to: /home/triqui/Documents/TFG/TFG_MS_ROS/ros_ws/build/turtlebot3_simulations
[0.427s] Invoked command in '/home/triqui/Documents/TFG/TFG_MS_ROS/ros_ws/build/turtlebot3_simulations' returned '0': CMAKE_PREFIX_PATH=/home/triqui/Documents/TFG/TFG_MS_ROS/ros_ws/install/turtlebot3_gazebo:/home/triqui/Documents/TFG/TFG_MS_ROS/ros_ws/install/turtlebot3_fake_node:/home/triqui/Documents/TFG/TFG_MS_ROS/ros_ws/install/turtlebot3_simulations:/home/triqui/Documents/TFG/TFG_MS_ROS/ros_ws/install/pkg_interfaces:/home/triqui/Documents/TFG/TFG_MS_ROS/ros_ws/install/my_battery_package:/home/triqui/Documents/TFG/TFG_MS_ROS/ros_ws/install/ms_sub:/opt/ros/foxy /usr/bin/cmake /home/triqui/Documents/TFG/TFG_MS_ROS/ros_ws/src/turtlebot3_simulations/turtlebot3_simulations -DCMAKE_INSTALL_PREFIX=/home/triqui/Documents/TFG/TFG_MS_ROS/ros_ws/install/turtlebot3_simulations
[0.428s] Invoking command in '/home/triqui/Documents/TFG/TFG_MS_ROS/ros_ws/build/turtlebot3_simulations': CMAKE_PREFIX_PATH=/home/triqui/Documents/TFG/TFG_MS_ROS/ros_ws/install/turtlebot3_gazebo:/home/triqui/Documents/TFG/TFG_MS_ROS/ros_ws/install/turtlebot3_fake_node:/home/triqui/Documents/TFG/TFG_MS_ROS/ros_ws/install/turtlebot3_simulations:/home/triqui/Documents/TFG/TFG_MS_ROS/ros_ws/install/pkg_interfaces:/home/triqui/Documents/TFG/TFG_MS_ROS/ros_ws/install/my_battery_package:/home/triqui/Documents/TFG/TFG_MS_ROS/ros_ws/install/ms_sub:/opt/ros/foxy /usr/bin/cmake --build /home/triqui/Documents/TFG/TFG_MS_ROS/ros_ws/build/turtlebot3_simulations -- -j4 -l4
[0.481s] Invoked command in '/home/triqui/Documents/TFG/TFG_MS_ROS/ros_ws/build/turtlebot3_simulations' returned '0': CMAKE_PREFIX_PATH=/home/triqui/Documents/TFG/TFG_MS_ROS/ros_ws/install/turtlebot3_gazebo:/home/triqui/Documents/TFG/TFG_MS_ROS/ros_ws/install/turtlebot3_fake_node:/home/triqui/Documents/TFG/TFG_MS_ROS/ros_ws/install/turtlebot3_simulations:/home/triqui/Documents/TFG/TFG_MS_ROS/ros_ws/install/pkg_interfaces:/home/triqui/Documents/TFG/TFG_MS_ROS/ros_ws/install/my_battery_package:/home/triqui/Documents/TFG/TFG_MS_ROS/ros_ws/install/ms_sub:/opt/ros/foxy /usr/bin/cmake --build /home/triqui/Documents/TFG/TFG_MS_ROS/ros_ws/build/turtlebot3_simulations -- -j4 -l4
[0.523s] Invoking command in '/home/triqui/Documents/TFG/TFG_MS_ROS/ros_ws/build/turtlebot3_simulations': CMAKE_PREFIX_PATH=/home/triqui/Documents/TFG/TFG_MS_ROS/ros_ws/install/turtlebot3_gazebo:/home/triqui/Documents/TFG/TFG_MS_ROS/ros_ws/install/turtlebot3_fake_node:/home/triqui/Documents/TFG/TFG_MS_ROS/ros_ws/install/turtlebot3_simulations:/home/triqui/Documents/TFG/TFG_MS_ROS/ros_ws/install/pkg_interfaces:/home/triqui/Documents/TFG/TFG_MS_ROS/ros_ws/install/my_battery_package:/home/triqui/Documents/TFG/TFG_MS_ROS/ros_ws/install/ms_sub:/opt/ros/foxy /usr/bin/cmake --install /home/triqui/Documents/TFG/TFG_MS_ROS/ros_ws/build/turtlebot3_simulations
[0.534s] -- Install configuration: ""
[0.534s] -- Execute custom install script
[0.534s] -- Up-to-date symlink: /home/triqui/Documents/TFG/TFG_MS_ROS/ros_ws/install/turtlebot3_simulations/share/ament_index/resource_index/package_run_dependencies/turtlebot3_simulations
[0.535s] -- Up-to-date symlink: /home/triqui/Documents/TFG/TFG_MS_ROS/ros_ws/install/turtlebot3_simulations/share/ament_index/resource_index/parent_prefix_path/turtlebot3_simulations
[0.535s] -- Up-to-date symlink: /home/triqui/Documents/TFG/TFG_MS_ROS/ros_ws/install/turtlebot3_simulations/share/turtlebot3_simulations/environment/ament_prefix_path.sh
[0.535s] -- Up-to-date symlink: /home/triqui/Documents/TFG/TFG_MS_ROS/ros_ws/install/turtlebot3_simulations/share/turtlebot3_simulations/environment/ament_prefix_path.dsv
[0.536s] -- Up-to-date symlink: /home/triqui/Documents/TFG/TFG_MS_ROS/ros_ws/install/turtlebot3_simulations/share/turtlebot3_simulations/environment/path.sh
[0.536s] -- Up-to-date symlink: /home/triqui/Documents/TFG/TFG_MS_ROS/ros_ws/install/turtlebot3_simulations/share/turtlebot3_simulations/environment/path.dsv
[0.536s] -- Up-to-date symlink: /home/triqui/Documents/TFG/TFG_MS_ROS/ros_ws/install/turtlebot3_simulations/share/turtlebot3_simulations/local_setup.bash
[0.537s] -- Up-to-date symlink: /home/triqui/Documents/TFG/TFG_MS_ROS/ros_ws/install/turtlebot3_simulations/share/turtlebot3_simulations/local_setup.sh
[0.537s] -- Up-to-date symlink: /home/triqui/Documents/TFG/TFG_MS_ROS/ros_ws/install/turtlebot3_simulations/share/turtlebot3_simulations/local_setup.zsh
[0.537s] -- Up-to-date symlink: /home/triqui/Documents/TFG/TFG_MS_ROS/ros_ws/install/turtlebot3_simulations/share/turtlebot3_simulations/local_setup.dsv
[0.538s] -- Symlinking: /home/triqui/Documents/TFG/TFG_MS_ROS/ros_ws/install/turtlebot3_simulations/share/turtlebot3_simulations/package.dsv
[0.554s] -- Up-to-date symlink: /home/triqui/Documents/TFG/TFG_MS_ROS/ros_ws/install/turtlebot3_simulations/share/ament_index/resource_index/packages/turtlebot3_simulations
[0.554s] -- Up-to-date symlink: /home/triqui/Documents/TFG/TFG_MS_ROS/ros_ws/install/turtlebot3_simulations/share/turtlebot3_simulations/cmake/turtlebot3_simulationsConfig.cmake
[0.555s] -- Up-to-date symlink: /home/triqui/Documents/TFG/TFG_MS_ROS/ros_ws/install/turtlebot3_simulations/share/turtlebot3_simulations/cmake/turtlebot3_simulationsConfig-version.cmake
[0.555s] -- Up-to-date symlink: /home/triqui/Documents/TFG/TFG_MS_ROS/ros_ws/install/turtlebot3_simulations/share/turtlebot3_simulations/package.xml
[0.563s] Invoked command in '/home/triqui/Documents/TFG/TFG_MS_ROS/ros_ws/build/turtlebot3_simulations' returned '0': CMAKE_PREFIX_PATH=/home/triqui/Documents/TFG/TFG_MS_ROS/ros_ws/install/turtlebot3_gazebo:/home/triqui/Documents/TFG/TFG_MS_ROS/ros_ws/install/turtlebot3_fake_node:/home/triqui/Documents/TFG/TFG_MS_ROS/ros_ws/install/turtlebot3_simulations:/home/triqui/Documents/TFG/TFG_MS_ROS/ros_ws/install/pkg_interfaces:/home/triqui/Documents/TFG/TFG_MS_ROS/ros_ws/install/my_battery_package:/home/triqui/Documents/TFG/TFG_MS_ROS/ros_ws/install/ms_sub:/opt/ros/foxy /usr/bin/cmake --install /home/triqui/Documents/TFG/TFG_MS_ROS/ros_ws/build/turtlebot3_simulations
