[0.029s] Invoking command in '/home/triqui/Documents/TFG/TFG_MS_ROS/ros_ws/build/rover_navigation': CMAKE_PREFIX_PATH=${CMAKE_PREFIX_PATH}:/home/triqui/Documents/TFG/TFG_MS_ROS/ros_ws/install/rover_teleop:/home/triqui/Documents/TFG/TFG_MS_ROS/ros_ws/install/rover_motor_controller:/home/triqui/Documents/TFG/TFG_MS_ROS/ros_ws/install/my_battery_package:/home/triqui/Documents/TFG/TFG_MS_ROS/ros_ws/install/ms_sub:/opt/ros/foxy /usr/bin/cmake --build /home/triqui/Documents/TFG/TFG_MS_ROS/ros_ws/build/rover_navigation -- -j4 -l4
[0.111s] Invoked command in '/home/triqui/Documents/TFG/TFG_MS_ROS/ros_ws/build/rover_navigation' returned '0': CMAKE_PREFIX_PATH=${CMAKE_PREFIX_PATH}:/home/triqui/Documents/TFG/TFG_MS_ROS/ros_ws/install/rover_teleop:/home/triqui/Documents/TFG/TFG_MS_ROS/ros_ws/install/rover_motor_controller:/home/triqui/Documents/TFG/TFG_MS_ROS/ros_ws/install/my_battery_package:/home/triqui/Documents/TFG/TFG_MS_ROS/ros_ws/install/ms_sub:/opt/ros/foxy /usr/bin/cmake --build /home/triqui/Documents/TFG/TFG_MS_ROS/ros_ws/build/rover_navigation -- -j4 -l4
[0.313s] Invoking command in '/home/triqui/Documents/TFG/TFG_MS_ROS/ros_ws/build/rover_navigation': CMAKE_PREFIX_PATH=${CMAKE_PREFIX_PATH}:/home/triqui/Documents/TFG/TFG_MS_ROS/ros_ws/install/rover_teleop:/home/triqui/Documents/TFG/TFG_MS_ROS/ros_ws/install/rover_motor_controller:/home/triqui/Documents/TFG/TFG_MS_ROS/ros_ws/install/my_battery_package:/home/triqui/Documents/TFG/TFG_MS_ROS/ros_ws/install/ms_sub:/opt/ros/foxy /usr/bin/cmake --install /home/triqui/Documents/TFG/TFG_MS_ROS/ros_ws/build/rover_navigation
[0.336s] -- Install configuration: ""
[0.340s] -- Execute custom install script
[0.342s] -- Up-to-date symlink: /home/triqui/Documents/TFG/TFG_MS_ROS/ros_ws/install/rover_navigation/share/rover_navigation/launch/bringup.launch.py
[0.343s] -- Up-to-date symlink: /home/triqui/Documents/TFG/TFG_MS_ROS/ros_ws/install/rover_navigation/share/rover_navigation/launch/navigation.launch.py
[0.346s] -- Up-to-date symlink: /home/triqui/Documents/TFG/TFG_MS_ROS/ros_ws/install/rover_navigation/share/rover_navigation/params/nav2.yaml
[0.353s] -- Up-to-date symlink: /home/triqui/Documents/TFG/TFG_MS_ROS/ros_ws/install/rover_navigation/share/ament_index/resource_index/package_run_dependencies/rover_navigation
[0.364s] -- Up-to-date symlink: /home/triqui/Documents/TFG/TFG_MS_ROS/ros_ws/install/rover_navigation/share/ament_index/resource_index/parent_prefix_path/rover_navigation
[0.366s] -- Up-to-date symlink: /home/triqui/Documents/TFG/TFG_MS_ROS/ros_ws/install/rover_navigation/share/rover_navigation/environment/ament_prefix_path.sh
[0.366s] -- Up-to-date symlink: /home/triqui/Documents/TFG/TFG_MS_ROS/ros_ws/install/rover_navigation/share/rover_navigation/environment/ament_prefix_path.dsv
[0.368s] -- Up-to-date symlink: /home/triqui/Documents/TFG/TFG_MS_ROS/ros_ws/install/rover_navigation/share/rover_navigation/environment/path.sh
[0.374s] -- Up-to-date symlink: /home/triqui/Documents/TFG/TFG_MS_ROS/ros_ws/install/rover_navigation/share/rover_navigation/environment/path.dsv
[0.375s] -- Up-to-date symlink: /home/triqui/Documents/TFG/TFG_MS_ROS/ros_ws/install/rover_navigation/share/rover_navigation/local_setup.bash
[0.376s] -- Up-to-date symlink: /home/triqui/Documents/TFG/TFG_MS_ROS/ros_ws/install/rover_navigation/share/rover_navigation/local_setup.sh
[0.379s] -- Up-to-date symlink: /home/triqui/Documents/TFG/TFG_MS_ROS/ros_ws/install/rover_navigation/share/rover_navigation/local_setup.zsh
[0.380s] -- Up-to-date symlink: /home/triqui/Documents/TFG/TFG_MS_ROS/ros_ws/install/rover_navigation/share/rover_navigation/local_setup.dsv
[0.381s] -- Symlinking: /home/triqui/Documents/TFG/TFG_MS_ROS/ros_ws/install/rover_navigation/share/rover_navigation/package.dsv
[0.401s] -- Up-to-date symlink: /home/triqui/Documents/TFG/TFG_MS_ROS/ros_ws/install/rover_navigation/share/ament_index/resource_index/packages/rover_navigation
[0.401s] -- Up-to-date symlink: /home/triqui/Documents/TFG/TFG_MS_ROS/ros_ws/install/rover_navigation/share/rover_navigation/cmake/rover_navigationConfig.cmake
[0.405s] -- Up-to-date symlink: /home/triqui/Documents/TFG/TFG_MS_ROS/ros_ws/install/rover_navigation/share/rover_navigation/cmake/rover_navigationConfig-version.cmake
[0.405s] -- Up-to-date symlink: /home/triqui/Documents/TFG/TFG_MS_ROS/ros_ws/install/rover_navigation/share/rover_navigation/package.xml
[0.901s] Invoked command in '/home/triqui/Documents/TFG/TFG_MS_ROS/ros_ws/build/rover_navigation' returned '0': CMAKE_PREFIX_PATH=${CMAKE_PREFIX_PATH}:/home/triqui/Documents/TFG/TFG_MS_ROS/ros_ws/install/rover_teleop:/home/triqui/Documents/TFG/TFG_MS_ROS/ros_ws/install/rover_motor_controller:/home/triqui/Documents/TFG/TFG_MS_ROS/ros_ws/install/my_battery_package:/home/triqui/Documents/TFG/TFG_MS_ROS/ros_ws/install/ms_sub:/opt/ros/foxy /usr/bin/cmake --install /home/triqui/Documents/TFG/TFG_MS_ROS/ros_ws/build/rover_navigation
