[0.337s] DEBUG:colcon:Command line arguments: ['/usr/bin/colcon', 'build', '--symlink-install']
[0.337s] DEBUG:colcon:Parsed command line arguments: Namespace(allow_overriding=[], ament_cmake_args=None, base_paths=['.'], build_base='build', catkin_cmake_args=None, catkin_skip_building_tests=False, cmake_args=None, cmake_clean_cache=False, cmake_clean_first=False, cmake_force_configure=False, cmake_target=None, cmake_target_skip_unavailable=False, continue_on_error=False, event_handlers=None, executor='parallel', ignore_user_meta=False, install_base='install', log_base=None, log_level=None, main=<bound method BuildVerb.main of <colcon_core.verb.build.BuildVerb object at 0x7f0f0f9fc880>>, merge_install=False, metas=['./colcon.meta'], packages_above=None, packages_above_and_dependencies=None, packages_above_depth=None, packages_end=None, packages_ignore=None, packages_ignore_regex=None, packages_select=None, packages_select_build_failed=False, packages_select_by_dep=None, packages_select_regex=None, packages_select_test_failures=False, packages_skip=None, packages_skip_build_finished=False, packages_skip_by_dep=None, packages_skip_regex=None, packages_skip_test_passed=False, packages_skip_up_to=None, packages_start=None, packages_up_to=None, packages_up_to_regex=None, parallel_workers=4, paths=None, symlink_install=True, test_result_base=None, verb_extension=<colcon_core.verb.build.BuildVerb object at 0x7f0f0f9fc880>, verb_name='build', verb_parser=<colcon_defaults.argument_parser.defaults.DefaultArgumentsDecorator object at 0x7f0f0f9fcdf0>)
[0.364s] Level 1:colcon.colcon_core.package_discovery:discover_packages(colcon_meta) check parameters
[0.364s] Level 1:colcon.colcon_core.package_discovery:discover_packages(recursive) check parameters
[0.364s] Level 1:colcon.colcon_core.package_discovery:discover_packages(ignore) check parameters
[0.364s] Level 1:colcon.colcon_core.package_discovery:discover_packages(path) check parameters
[0.364s] Level 1:colcon.colcon_core.package_discovery:discover_packages(colcon_meta) discover
[0.364s] Level 1:colcon.colcon_core.package_discovery:discover_packages(recursive) discover
[0.364s] INFO:colcon.colcon_core.package_discovery:Crawling recursively for packages in '/home/triqui/Documents/TFG/TFG_MS_ROS'
[0.365s] Level 1:colcon.colcon_core.package_identification:_identify(.) by extensions ['ignore', 'ignore_ament_install']
[0.365s] Level 1:colcon.colcon_core.package_identification:_identify(.) by extension 'ignore'
[0.365s] Level 1:colcon.colcon_core.package_identification:_identify(.) by extension 'ignore_ament_install'
[0.365s] Level 1:colcon.colcon_core.package_identification:_identify(.) by extensions ['colcon_pkg']
[0.365s] Level 1:colcon.colcon_core.package_identification:_identify(.) by extension 'colcon_pkg'
[0.365s] Level 1:colcon.colcon_core.package_identification:_identify(.) by extensions ['colcon_meta']
[0.365s] Level 1:colcon.colcon_core.package_identification:_identify(.) by extension 'colcon_meta'
[0.365s] Level 1:colcon.colcon_core.package_identification:_identify(.) by extensions ['ros']
[0.365s] Level 1:colcon.colcon_core.package_identification:_identify(.) by extension 'ros'
[0.384s] Level 1:colcon.colcon_core.package_identification:_identify(.) by extensions ['cmake', 'python']
[0.384s] Level 1:colcon.colcon_core.package_identification:_identify(.) by extension 'cmake'
[0.384s] Level 1:colcon.colcon_core.package_identification:_identify(.) by extension 'python'
[0.385s] Level 1:colcon.colcon_core.package_identification:_identify(.) by extensions ['python_setup_py']
[0.385s] Level 1:colcon.colcon_core.package_identification:_identify(.) by extension 'python_setup_py'
[0.385s] Level 1:colcon.colcon_core.package_identification:_identify(MS_ROS_V0.1) by extensions ['ignore', 'ignore_ament_install']
[0.385s] Level 1:colcon.colcon_core.package_identification:_identify(MS_ROS_V0.1) by extension 'ignore'
[0.385s] Level 1:colcon.colcon_core.package_identification:_identify(MS_ROS_V0.1) by extension 'ignore_ament_install'
[0.385s] Level 1:colcon.colcon_core.package_identification:_identify(MS_ROS_V0.1) by extensions ['colcon_pkg']
[0.385s] Level 1:colcon.colcon_core.package_identification:_identify(MS_ROS_V0.1) by extension 'colcon_pkg'
[0.385s] Level 1:colcon.colcon_core.package_identification:_identify(MS_ROS_V0.1) by extensions ['colcon_meta']
[0.385s] Level 1:colcon.colcon_core.package_identification:_identify(MS_ROS_V0.1) by extension 'colcon_meta'
[0.385s] Level 1:colcon.colcon_core.package_identification:_identify(MS_ROS_V0.1) by extensions ['ros']
[0.385s] Level 1:colcon.colcon_core.package_identification:_identify(MS_ROS_V0.1) by extension 'ros'
[0.385s] Level 1:colcon.colcon_core.package_identification:_identify(MS_ROS_V0.1) by extensions ['cmake', 'python']
[0.385s] Level 1:colcon.colcon_core.package_identification:_identify(MS_ROS_V0.1) by extension 'cmake'
[0.385s] Level 1:colcon.colcon_core.package_identification:_identify(MS_ROS_V0.1) by extension 'python'
[0.385s] Level 1:colcon.colcon_core.package_identification:_identify(MS_ROS_V0.1) by extensions ['python_setup_py']
[0.385s] Level 1:colcon.colcon_core.package_identification:_identify(MS_ROS_V0.1) by extension 'python_setup_py'
[0.386s] Level 1:colcon.colcon_core.package_identification:_identify(MS_ROS_V0.1/api) by extensions ['ignore', 'ignore_ament_install']
[0.386s] Level 1:colcon.colcon_core.package_identification:_identify(MS_ROS_V0.1/api) by extension 'ignore'
[0.386s] Level 1:colcon.colcon_core.package_identification:_identify(MS_ROS_V0.1/api) by extension 'ignore_ament_install'
[0.386s] Level 1:colcon.colcon_core.package_identification:_identify(MS_ROS_V0.1/api) by extensions ['colcon_pkg']
[0.386s] Level 1:colcon.colcon_core.package_identification:_identify(MS_ROS_V0.1/api) by extension 'colcon_pkg'
[0.386s] Level 1:colcon.colcon_core.package_identification:_identify(MS_ROS_V0.1/api) by extensions ['colcon_meta']
[0.386s] Level 1:colcon.colcon_core.package_identification:_identify(MS_ROS_V0.1/api) by extension 'colcon_meta'
[0.386s] Level 1:colcon.colcon_core.package_identification:_identify(MS_ROS_V0.1/api) by extensions ['ros']
[0.386s] Level 1:colcon.colcon_core.package_identification:_identify(MS_ROS_V0.1/api) by extension 'ros'
[0.386s] Level 1:colcon.colcon_core.package_identification:_identify(MS_ROS_V0.1/api) by extensions ['cmake', 'python']
[0.386s] Level 1:colcon.colcon_core.package_identification:_identify(MS_ROS_V0.1/api) by extension 'cmake'
[0.386s] Level 1:colcon.colcon_core.package_identification:_identify(MS_ROS_V0.1/api) by extension 'python'
[0.386s] Level 1:colcon.colcon_core.package_identification:_identify(MS_ROS_V0.1/api) by extensions ['python_setup_py']
[0.386s] Level 1:colcon.colcon_core.package_identification:_identify(MS_ROS_V0.1/api) by extension 'python_setup_py'
[0.387s] Level 1:colcon.colcon_core.package_identification:_identify(build) by extensions ['ignore', 'ignore_ament_install']
[0.387s] Level 1:colcon.colcon_core.package_identification:_identify(build) by extension 'ignore'
[0.387s] Level 1:colcon.colcon_core.package_identification:_identify(build) ignored
[0.387s] Level 1:colcon.colcon_core.package_identification:_identify(install) by extensions ['ignore', 'ignore_ament_install']
[0.387s] Level 1:colcon.colcon_core.package_identification:_identify(install) by extension 'ignore'
[0.387s] Level 1:colcon.colcon_core.package_identification:_identify(install) ignored
[0.387s] Level 1:colcon.colcon_core.package_identification:_identify(log) by extensions ['ignore', 'ignore_ament_install']
[0.387s] Level 1:colcon.colcon_core.package_identification:_identify(log) by extension 'ignore'
[0.387s] Level 1:colcon.colcon_core.package_identification:_identify(log) ignored
[0.388s] Level 1:colcon.colcon_core.package_identification:_identify(ros_ws) by extensions ['ignore', 'ignore_ament_install']
[0.388s] Level 1:colcon.colcon_core.package_identification:_identify(ros_ws) by extension 'ignore'
[0.388s] Level 1:colcon.colcon_core.package_identification:_identify(ros_ws) by extension 'ignore_ament_install'
[0.388s] Level 1:colcon.colcon_core.package_identification:_identify(ros_ws) by extensions ['colcon_pkg']
[0.388s] Level 1:colcon.colcon_core.package_identification:_identify(ros_ws) by extension 'colcon_pkg'
[0.388s] Level 1:colcon.colcon_core.package_identification:_identify(ros_ws) by extensions ['colcon_meta']
[0.388s] Level 1:colcon.colcon_core.package_identification:_identify(ros_ws) by extension 'colcon_meta'
[0.388s] Level 1:colcon.colcon_core.package_identification:_identify(ros_ws) by extensions ['ros']
[0.388s] Level 1:colcon.colcon_core.package_identification:_identify(ros_ws) by extension 'ros'
[0.388s] Level 1:colcon.colcon_core.package_identification:_identify(ros_ws) by extensions ['cmake', 'python']
[0.388s] Level 1:colcon.colcon_core.package_identification:_identify(ros_ws) by extension 'cmake'
[0.388s] Level 1:colcon.colcon_core.package_identification:_identify(ros_ws) by extension 'python'
[0.388s] Level 1:colcon.colcon_core.package_identification:_identify(ros_ws) by extensions ['python_setup_py']
[0.388s] Level 1:colcon.colcon_core.package_identification:_identify(ros_ws) by extension 'python_setup_py'
[0.388s] Level 1:colcon.colcon_core.package_identification:_identify(ros_ws/build) by extensions ['ignore', 'ignore_ament_install']
[0.389s] Level 1:colcon.colcon_core.package_identification:_identify(ros_ws/build) by extension 'ignore'
[0.389s] Level 1:colcon.colcon_core.package_identification:_identify(ros_ws/build) ignored
[0.389s] Level 1:colcon.colcon_core.package_identification:_identify(ros_ws/install) by extensions ['ignore', 'ignore_ament_install']
[0.389s] Level 1:colcon.colcon_core.package_identification:_identify(ros_ws/install) by extension 'ignore'
[0.389s] Level 1:colcon.colcon_core.package_identification:_identify(ros_ws/install) ignored
[0.389s] Level 1:colcon.colcon_core.package_identification:_identify(ros_ws/log) by extensions ['ignore', 'ignore_ament_install']
[0.389s] Level 1:colcon.colcon_core.package_identification:_identify(ros_ws/log) by extension 'ignore'
[0.389s] Level 1:colcon.colcon_core.package_identification:_identify(ros_ws/log) ignored
[0.389s] Level 1:colcon.colcon_core.package_identification:_identify(ros_ws/src) by extensions ['ignore', 'ignore_ament_install']
[0.389s] Level 1:colcon.colcon_core.package_identification:_identify(ros_ws/src) by extension 'ignore'
[0.389s] Level 1:colcon.colcon_core.package_identification:_identify(ros_ws/src) by extension 'ignore_ament_install'
[0.389s] Level 1:colcon.colcon_core.package_identification:_identify(ros_ws/src) by extensions ['colcon_pkg']
[0.390s] Level 1:colcon.colcon_core.package_identification:_identify(ros_ws/src) by extension 'colcon_pkg'
[0.390s] Level 1:colcon.colcon_core.package_identification:_identify(ros_ws/src) by extensions ['colcon_meta']
[0.390s] Level 1:colcon.colcon_core.package_identification:_identify(ros_ws/src) by extension 'colcon_meta'
[0.390s] Level 1:colcon.colcon_core.package_identification:_identify(ros_ws/src) by extensions ['ros']
[0.390s] Level 1:colcon.colcon_core.package_identification:_identify(ros_ws/src) by extension 'ros'
[0.390s] Level 1:colcon.colcon_core.package_identification:_identify(ros_ws/src) by extensions ['cmake', 'python']
[0.390s] Level 1:colcon.colcon_core.package_identification:_identify(ros_ws/src) by extension 'cmake'
[0.390s] Level 1:colcon.colcon_core.package_identification:_identify(ros_ws/src) by extension 'python'
[0.390s] Level 1:colcon.colcon_core.package_identification:_identify(ros_ws/src) by extensions ['python_setup_py']
[0.390s] Level 1:colcon.colcon_core.package_identification:_identify(ros_ws/src) by extension 'python_setup_py'
[0.390s] Level 1:colcon.colcon_core.package_identification:_identify(ros_ws/src/my_battery_package) by extensions ['ignore', 'ignore_ament_install']
[0.390s] Level 1:colcon.colcon_core.package_identification:_identify(ros_ws/src/my_battery_package) by extension 'ignore'
[0.390s] Level 1:colcon.colcon_core.package_identification:_identify(ros_ws/src/my_battery_package) by extension 'ignore_ament_install'
[0.390s] Level 1:colcon.colcon_core.package_identification:_identify(ros_ws/src/my_battery_package) by extensions ['colcon_pkg']
[0.390s] Level 1:colcon.colcon_core.package_identification:_identify(ros_ws/src/my_battery_package) by extension 'colcon_pkg'
[0.390s] Level 1:colcon.colcon_core.package_identification:_identify(ros_ws/src/my_battery_package) by extensions ['colcon_meta']
[0.390s] Level 1:colcon.colcon_core.package_identification:_identify(ros_ws/src/my_battery_package) by extension 'colcon_meta'
[0.391s] Level 1:colcon.colcon_core.package_identification:_identify(ros_ws/src/my_battery_package) by extensions ['ros']
[0.391s] Level 1:colcon.colcon_core.package_identification:_identify(ros_ws/src/my_battery_package) by extension 'ros'
[0.393s] DEBUG:colcon.colcon_core.package_identification:Package 'ros_ws/src/my_battery_package' with type 'ros.ament_python' and name 'my_battery_package'
[0.393s] Level 1:colcon.colcon_core.package_identification:_identify(ros_ws/src/pkg_interfaces) by extensions ['ignore', 'ignore_ament_install']
[0.393s] Level 1:colcon.colcon_core.package_identification:_identify(ros_ws/src/pkg_interfaces) by extension 'ignore'
[0.394s] Level 1:colcon.colcon_core.package_identification:_identify(ros_ws/src/pkg_interfaces) by extension 'ignore_ament_install'
[0.394s] Level 1:colcon.colcon_core.package_identification:_identify(ros_ws/src/pkg_interfaces) by extensions ['colcon_pkg']
[0.394s] Level 1:colcon.colcon_core.package_identification:_identify(ros_ws/src/pkg_interfaces) by extension 'colcon_pkg'
[0.394s] Level 1:colcon.colcon_core.package_identification:_identify(ros_ws/src/pkg_interfaces) by extensions ['colcon_meta']
[0.394s] Level 1:colcon.colcon_core.package_identification:_identify(ros_ws/src/pkg_interfaces) by extension 'colcon_meta'
[0.394s] Level 1:colcon.colcon_core.package_identification:_identify(ros_ws/src/pkg_interfaces) by extensions ['ros']
[0.394s] Level 1:colcon.colcon_core.package_identification:_identify(ros_ws/src/pkg_interfaces) by extension 'ros'
[0.394s] DEBUG:colcon.colcon_core.package_identification:Package 'ros_ws/src/pkg_interfaces' with type 'ros.ament_cmake' and name 'pkg_interfaces'
[0.394s] Level 1:colcon.colcon_core.package_discovery:discover_packages(recursive) using defaults
[0.394s] Level 1:colcon.colcon_core.package_discovery:discover_packages(ignore) discover
[0.395s] Level 1:colcon.colcon_core.package_discovery:discover_packages(ignore) using defaults
[0.395s] Level 1:colcon.colcon_core.package_discovery:discover_packages(path) discover
[0.395s] Level 1:colcon.colcon_core.package_discovery:discover_packages(path) using defaults
[0.416s] Level 1:colcon.colcon_core.package_discovery:discover_packages(prefix_path) check parameters
[0.416s] Level 1:colcon.colcon_core.package_discovery:discover_packages(prefix_path) discover
[0.420s] DEBUG:colcon.colcon_installed_package_information.package_discovery:Found 2 installed packages in /home/triqui/Documents/TFG/TFG_MS_ROS/install
[0.422s] DEBUG:colcon.colcon_installed_package_information.package_discovery:Found 15 installed packages in /home/triqui/turtlebot3_ws/install
[0.424s] DEBUG:colcon.colcon_installed_package_information.package_discovery:Found 377 installed packages in /opt/ros/foxy
[0.427s] Level 1:colcon.colcon_core.package_discovery:discover_packages(prefix_path) using defaults
[0.516s] Level 5:colcon.colcon_core.verb:set package 'pkg_interfaces' build argument 'cmake_args' from command line to 'None'
[0.516s] Level 5:colcon.colcon_core.verb:set package 'pkg_interfaces' build argument 'cmake_target' from command line to 'None'
[0.516s] Level 5:colcon.colcon_core.verb:set package 'pkg_interfaces' build argument 'cmake_target_skip_unavailable' from command line to 'False'
[0.516s] Level 5:colcon.colcon_core.verb:set package 'pkg_interfaces' build argument 'cmake_clean_cache' from command line to 'False'
[0.517s] Level 5:colcon.colcon_core.verb:set package 'pkg_interfaces' build argument 'cmake_clean_first' from command line to 'False'
[0.517s] Level 5:colcon.colcon_core.verb:set package 'pkg_interfaces' build argument 'cmake_force_configure' from command line to 'False'
[0.517s] Level 5:colcon.colcon_core.verb:set package 'pkg_interfaces' build argument 'ament_cmake_args' from command line to 'None'
[0.517s] Level 5:colcon.colcon_core.verb:set package 'pkg_interfaces' build argument 'catkin_cmake_args' from command line to 'None'
[0.517s] Level 5:colcon.colcon_core.verb:set package 'pkg_interfaces' build argument 'catkin_skip_building_tests' from command line to 'False'
[0.517s] DEBUG:colcon.colcon_core.verb:Building package 'pkg_interfaces' with the following arguments: {'ament_cmake_args': None, 'build_base': '/home/triqui/Documents/TFG/TFG_MS_ROS/build/pkg_interfaces', 'catkin_cmake_args': None, 'catkin_skip_building_tests': False, 'cmake_args': None, 'cmake_clean_cache': False, 'cmake_clean_first': False, 'cmake_force_configure': False, 'cmake_target': None, 'cmake_target_skip_unavailable': False, 'install_base': '/home/triqui/Documents/TFG/TFG_MS_ROS/install/pkg_interfaces', 'merge_install': False, 'path': '/home/triqui/Documents/TFG/TFG_MS_ROS/ros_ws/src/pkg_interfaces', 'symlink_install': True, 'test_result_base': None}
[0.518s] Level 5:colcon.colcon_core.verb:set package 'my_battery_package' build argument 'cmake_args' from command line to 'None'
[0.518s] Level 5:colcon.colcon_core.verb:set package 'my_battery_package' build argument 'cmake_target' from command line to 'None'
[0.518s] Level 5:colcon.colcon_core.verb:set package 'my_battery_package' build argument 'cmake_target_skip_unavailable' from command line to 'False'
[0.518s] Level 5:colcon.colcon_core.verb:set package 'my_battery_package' build argument 'cmake_clean_cache' from command line to 'False'
[0.518s] Level 5:colcon.colcon_core.verb:set package 'my_battery_package' build argument 'cmake_clean_first' from command line to 'False'
[0.518s] Level 5:colcon.colcon_core.verb:set package 'my_battery_package' build argument 'cmake_force_configure' from command line to 'False'
[0.518s] Level 5:colcon.colcon_core.verb:set package 'my_battery_package' build argument 'ament_cmake_args' from command line to 'None'
[0.518s] Level 5:colcon.colcon_core.verb:set package 'my_battery_package' build argument 'catkin_cmake_args' from command line to 'None'
[0.518s] Level 5:colcon.colcon_core.verb:set package 'my_battery_package' build argument 'catkin_skip_building_tests' from command line to 'False'
[0.518s] DEBUG:colcon.colcon_core.verb:Building package 'my_battery_package' with the following arguments: {'ament_cmake_args': None, 'build_base': '/home/triqui/Documents/TFG/TFG_MS_ROS/build/my_battery_package', 'catkin_cmake_args': None, 'catkin_skip_building_tests': False, 'cmake_args': None, 'cmake_clean_cache': False, 'cmake_clean_first': False, 'cmake_force_configure': False, 'cmake_target': None, 'cmake_target_skip_unavailable': False, 'install_base': '/home/triqui/Documents/TFG/TFG_MS_ROS/install/my_battery_package', 'merge_install': False, 'path': '/home/triqui/Documents/TFG/TFG_MS_ROS/ros_ws/src/my_battery_package', 'symlink_install': True, 'test_result_base': None}
[0.519s] INFO:colcon.colcon_core.executor:Executing jobs using 'parallel' executor
[0.523s] DEBUG:colcon.colcon_parallel_executor.executor.parallel:run_until_complete
[0.524s] INFO:colcon.colcon_ros.task.ament_cmake.build:Building ROS package in '/home/triqui/Documents/TFG/TFG_MS_ROS/ros_ws/src/pkg_interfaces' with build type 'ament_cmake'
[0.524s] INFO:colcon.colcon_cmake.task.cmake.build:Building CMake package in '/home/triqui/Documents/TFG/TFG_MS_ROS/ros_ws/src/pkg_interfaces'
[0.529s] INFO:colcon.colcon_core.plugin_system:Skipping extension 'colcon_core.shell.bat': Not used on non-Windows systems
[0.530s] INFO:colcon.colcon_core.shell:Skip shell extension 'powershell' for command environment: Not usable outside of PowerShell
[0.530s] DEBUG:colcon.colcon_core.shell:Skip shell extension 'dsv' for command environment
[0.548s] DEBUG:colcon.colcon_core.event_handler.log_command:Invoking command in '/home/triqui/Documents/TFG/TFG_MS_ROS/build/pkg_interfaces': CMAKE_PREFIX_PATH=${CMAKE_PREFIX_PATH}:/home/triqui/Documents/TFG/TFG_MS_ROS/install/my_battery_package:/home/triqui/turtlebot3_ws/install/turtlebot3_teleop:/home/triqui/turtlebot3_ws/install/turtlebot3_example:/opt/ros/foxy /usr/bin/cmake --build /home/triqui/Documents/TFG/TFG_MS_ROS/build/pkg_interfaces -- -j4 -l4
[0.799s] DEBUG:colcon.colcon_core.event_handler.log_command:Invoked command in '/home/triqui/Documents/TFG/TFG_MS_ROS/build/pkg_interfaces' returned '0': CMAKE_PREFIX_PATH=${CMAKE_PREFIX_PATH}:/home/triqui/Documents/TFG/TFG_MS_ROS/install/my_battery_package:/home/triqui/turtlebot3_ws/install/turtlebot3_teleop:/home/triqui/turtlebot3_ws/install/turtlebot3_example:/opt/ros/foxy /usr/bin/cmake --build /home/triqui/Documents/TFG/TFG_MS_ROS/build/pkg_interfaces -- -j4 -l4
[0.878s] DEBUG:colcon.colcon_core.event_handler.log_command:Invoking command in '/home/triqui/Documents/TFG/TFG_MS_ROS/build/pkg_interfaces': CMAKE_PREFIX_PATH=${CMAKE_PREFIX_PATH}:/home/triqui/Documents/TFG/TFG_MS_ROS/install/my_battery_package:/home/triqui/turtlebot3_ws/install/turtlebot3_teleop:/home/triqui/turtlebot3_ws/install/turtlebot3_example:/opt/ros/foxy /usr/bin/cmake --install /home/triqui/Documents/TFG/TFG_MS_ROS/build/pkg_interfaces
[0.972s] Level 1:colcon.colcon_core.environment:create_environment_scripts_only(pkg_interfaces)
[0.973s] DEBUG:colcon.colcon_core.event_handler.log_command:Invoked command in '/home/triqui/Documents/TFG/TFG_MS_ROS/build/pkg_interfaces' returned '0': CMAKE_PREFIX_PATH=${CMAKE_PREFIX_PATH}:/home/triqui/Documents/TFG/TFG_MS_ROS/install/my_battery_package:/home/triqui/turtlebot3_ws/install/turtlebot3_teleop:/home/triqui/turtlebot3_ws/install/turtlebot3_example:/opt/ros/foxy /usr/bin/cmake --install /home/triqui/Documents/TFG/TFG_MS_ROS/build/pkg_interfaces
[0.979s] Level 1:colcon.colcon_core.environment:checking '/home/triqui/Documents/TFG/TFG_MS_ROS/install/pkg_interfaces' for CMake module files
[0.980s] Level 1:colcon.colcon_core.environment:checking '/home/triqui/Documents/TFG/TFG_MS_ROS/install/pkg_interfaces' for CMake config files
[0.980s] Level 1:colcon.colcon_core.shell:create_environment_hook('pkg_interfaces', 'cmake_prefix_path')
[0.982s] INFO:colcon.colcon_core.shell:Creating environment hook '/home/triqui/Documents/TFG/TFG_MS_ROS/install/pkg_interfaces/share/pkg_interfaces/hook/cmake_prefix_path.ps1'
[0.983s] INFO:colcon.colcon_core.shell:Creating environment descriptor '/home/triqui/Documents/TFG/TFG_MS_ROS/install/pkg_interfaces/share/pkg_interfaces/hook/cmake_prefix_path.dsv'
[0.983s] INFO:colcon.colcon_core.shell:Creating environment hook '/home/triqui/Documents/TFG/TFG_MS_ROS/install/pkg_interfaces/share/pkg_interfaces/hook/cmake_prefix_path.sh'
[0.984s] Level 1:colcon.colcon_core.environment:checking '/home/triqui/Documents/TFG/TFG_MS_ROS/install/pkg_interfaces/lib'
[0.984s] Level 1:colcon.colcon_core.shell:create_environment_hook('pkg_interfaces', 'ld_library_path_lib')
[0.986s] INFO:colcon.colcon_core.shell:Creating environment hook '/home/triqui/Documents/TFG/TFG_MS_ROS/install/pkg_interfaces/share/pkg_interfaces/hook/ld_library_path_lib.ps1'
[0.986s] INFO:colcon.colcon_core.shell:Creating environment descriptor '/home/triqui/Documents/TFG/TFG_MS_ROS/install/pkg_interfaces/share/pkg_interfaces/hook/ld_library_path_lib.dsv'
[0.986s] INFO:colcon.colcon_core.shell:Creating environment hook '/home/triqui/Documents/TFG/TFG_MS_ROS/install/pkg_interfaces/share/pkg_interfaces/hook/ld_library_path_lib.sh'
[0.987s] Level 1:colcon.colcon_core.environment:checking '/home/triqui/Documents/TFG/TFG_MS_ROS/install/pkg_interfaces/bin'
[0.987s] Level 1:colcon.colcon_core.environment:checking '/home/triqui/Documents/TFG/TFG_MS_ROS/install/pkg_interfaces/lib/pkgconfig/pkg_interfaces.pc'
[0.987s] Level 1:colcon.colcon_core.environment:checking '/home/triqui/Documents/TFG/TFG_MS_ROS/install/pkg_interfaces/lib/python3.8/site-packages'
[0.987s] Level 1:colcon.colcon_core.shell:create_environment_hook('pkg_interfaces', 'pythonpath')
[0.989s] INFO:colcon.colcon_core.shell:Creating environment hook '/home/triqui/Documents/TFG/TFG_MS_ROS/install/pkg_interfaces/share/pkg_interfaces/hook/pythonpath.ps1'
[0.989s] INFO:colcon.colcon_core.shell:Creating environment descriptor '/home/triqui/Documents/TFG/TFG_MS_ROS/install/pkg_interfaces/share/pkg_interfaces/hook/pythonpath.dsv'
[0.990s] INFO:colcon.colcon_core.shell:Creating environment hook '/home/triqui/Documents/TFG/TFG_MS_ROS/install/pkg_interfaces/share/pkg_interfaces/hook/pythonpath.sh'
[0.990s] Level 1:colcon.colcon_core.environment:checking '/home/triqui/Documents/TFG/TFG_MS_ROS/install/pkg_interfaces/bin'
[0.992s] INFO:colcon.colcon_core.shell:Creating package script '/home/triqui/Documents/TFG/TFG_MS_ROS/install/pkg_interfaces/share/pkg_interfaces/package.ps1'
[0.993s] INFO:colcon.colcon_core.shell:Creating package descriptor '/home/triqui/Documents/TFG/TFG_MS_ROS/install/pkg_interfaces/share/pkg_interfaces/package.dsv'
[0.993s] INFO:colcon.colcon_core.shell:Creating package script '/home/triqui/Documents/TFG/TFG_MS_ROS/install/pkg_interfaces/share/pkg_interfaces/package.sh'
[0.994s] INFO:colcon.colcon_core.shell:Creating package script '/home/triqui/Documents/TFG/TFG_MS_ROS/install/pkg_interfaces/share/pkg_interfaces/package.bash'
[0.995s] INFO:colcon.colcon_core.shell:Creating package script '/home/triqui/Documents/TFG/TFG_MS_ROS/install/pkg_interfaces/share/pkg_interfaces/package.zsh'
[0.995s] Level 1:colcon.colcon_core.environment:create_file_with_runtime_dependencies(/home/triqui/Documents/TFG/TFG_MS_ROS/install/pkg_interfaces/share/colcon-core/packages/pkg_interfaces)
[1.062s] Level 1:colcon.colcon_core.environment:create_environment_scripts_only(pkg_interfaces)
[1.064s] Level 1:colcon.colcon_core.environment:checking '/home/triqui/Documents/TFG/TFG_MS_ROS/install/pkg_interfaces' for CMake module files
[1.065s] Level 1:colcon.colcon_core.environment:checking '/home/triqui/Documents/TFG/TFG_MS_ROS/install/pkg_interfaces' for CMake config files
[1.066s] Level 1:colcon.colcon_core.shell:create_environment_hook('pkg_interfaces', 'cmake_prefix_path')
[1.067s] INFO:colcon.colcon_core.shell:Creating environment hook '/home/triqui/Documents/TFG/TFG_MS_ROS/install/pkg_interfaces/share/pkg_interfaces/hook/cmake_prefix_path.ps1'
[1.068s] INFO:colcon.colcon_core.shell:Creating environment descriptor '/home/triqui/Documents/TFG/TFG_MS_ROS/install/pkg_interfaces/share/pkg_interfaces/hook/cmake_prefix_path.dsv'
[1.068s] INFO:colcon.colcon_core.shell:Creating environment hook '/home/triqui/Documents/TFG/TFG_MS_ROS/install/pkg_interfaces/share/pkg_interfaces/hook/cmake_prefix_path.sh'
[1.069s] Level 1:colcon.colcon_core.environment:checking '/home/triqui/Documents/TFG/TFG_MS_ROS/install/pkg_interfaces/lib'
[1.069s] Level 1:colcon.colcon_core.shell:create_environment_hook('pkg_interfaces', 'ld_library_path_lib')
[1.070s] INFO:colcon.colcon_core.shell:Creating environment hook '/home/triqui/Documents/TFG/TFG_MS_ROS/install/pkg_interfaces/share/pkg_interfaces/hook/ld_library_path_lib.ps1'
[1.071s] INFO:colcon.colcon_core.shell:Creating environment descriptor '/home/triqui/Documents/TFG/TFG_MS_ROS/install/pkg_interfaces/share/pkg_interfaces/hook/ld_library_path_lib.dsv'
[1.071s] INFO:colcon.colcon_core.shell:Creating environment hook '/home/triqui/Documents/TFG/TFG_MS_ROS/install/pkg_interfaces/share/pkg_interfaces/hook/ld_library_path_lib.sh'
[1.071s] Level 1:colcon.colcon_core.environment:checking '/home/triqui/Documents/TFG/TFG_MS_ROS/install/pkg_interfaces/bin'
[1.071s] Level 1:colcon.colcon_core.environment:checking '/home/triqui/Documents/TFG/TFG_MS_ROS/install/pkg_interfaces/lib/pkgconfig/pkg_interfaces.pc'
[1.072s] Level 1:colcon.colcon_core.environment:checking '/home/triqui/Documents/TFG/TFG_MS_ROS/install/pkg_interfaces/lib/python3.8/site-packages'
[1.072s] Level 1:colcon.colcon_core.shell:create_environment_hook('pkg_interfaces', 'pythonpath')
[1.073s] INFO:colcon.colcon_core.shell:Creating environment hook '/home/triqui/Documents/TFG/TFG_MS_ROS/install/pkg_interfaces/share/pkg_interfaces/hook/pythonpath.ps1'
[1.074s] INFO:colcon.colcon_core.shell:Creating environment descriptor '/home/triqui/Documents/TFG/TFG_MS_ROS/install/pkg_interfaces/share/pkg_interfaces/hook/pythonpath.dsv'
[1.074s] INFO:colcon.colcon_core.shell:Creating environment hook '/home/triqui/Documents/TFG/TFG_MS_ROS/install/pkg_interfaces/share/pkg_interfaces/hook/pythonpath.sh'
[1.075s] Level 1:colcon.colcon_core.environment:checking '/home/triqui/Documents/TFG/TFG_MS_ROS/install/pkg_interfaces/bin'
[1.076s] INFO:colcon.colcon_core.shell:Creating package script '/home/triqui/Documents/TFG/TFG_MS_ROS/install/pkg_interfaces/share/pkg_interfaces/package.ps1'
[1.077s] INFO:colcon.colcon_core.shell:Creating package descriptor '/home/triqui/Documents/TFG/TFG_MS_ROS/install/pkg_interfaces/share/pkg_interfaces/package.dsv'
[1.077s] INFO:colcon.colcon_core.shell:Creating package script '/home/triqui/Documents/TFG/TFG_MS_ROS/install/pkg_interfaces/share/pkg_interfaces/package.sh'
[1.078s] INFO:colcon.colcon_core.shell:Creating package script '/home/triqui/Documents/TFG/TFG_MS_ROS/install/pkg_interfaces/share/pkg_interfaces/package.bash'
[1.078s] INFO:colcon.colcon_core.shell:Creating package script '/home/triqui/Documents/TFG/TFG_MS_ROS/install/pkg_interfaces/share/pkg_interfaces/package.zsh'
[1.079s] Level 1:colcon.colcon_core.environment:create_file_with_runtime_dependencies(/home/triqui/Documents/TFG/TFG_MS_ROS/install/pkg_interfaces/share/colcon-core/packages/pkg_interfaces)
[1.079s] INFO:colcon.colcon_ros.task.ament_python.build:Building ROS package in '/home/triqui/Documents/TFG/TFG_MS_ROS/ros_ws/src/my_battery_package' with build type 'ament_python'
[1.080s] Level 1:colcon.colcon_core.shell:create_environment_hook('my_battery_package', 'ament_prefix_path')
[1.082s] INFO:colcon.colcon_core.shell:Creating environment hook '/home/triqui/Documents/TFG/TFG_MS_ROS/install/my_battery_package/share/my_battery_package/hook/ament_prefix_path.ps1'
[1.082s] INFO:colcon.colcon_core.shell:Creating environment descriptor '/home/triqui/Documents/TFG/TFG_MS_ROS/install/my_battery_package/share/my_battery_package/hook/ament_prefix_path.dsv'
[1.083s] INFO:colcon.colcon_core.shell:Creating environment hook '/home/triqui/Documents/TFG/TFG_MS_ROS/install/my_battery_package/share/my_battery_package/hook/ament_prefix_path.sh'
[1.085s] INFO:colcon.colcon_core.shell:Skip shell extension 'powershell' for command environment: Not usable outside of PowerShell
[1.085s] DEBUG:colcon.colcon_core.shell:Skip shell extension 'dsv' for command environment
[1.360s] INFO:colcon.colcon_core.task.python.build:Building Python package in '/home/triqui/Documents/TFG/TFG_MS_ROS/ros_ws/src/my_battery_package'
[1.362s] INFO:colcon.colcon_core.shell:Skip shell extension 'powershell' for command environment: Not usable outside of PowerShell
[1.362s] DEBUG:colcon.colcon_core.shell:Skip shell extension 'dsv' for command environment
[1.797s] DEBUG:colcon.colcon_core.event_handler.log_command:Invoking command in '/home/triqui/Documents/TFG/TFG_MS_ROS/build/my_battery_package': PYTHONPATH=/home/triqui/Documents/TFG/TFG_MS_ROS/build/my_battery_package/prefix_override:/home/triqui/Documents/TFG/TFG_MS_ROS/install/my_battery_package/lib/python3.8/site-packages:/home/triqui/Documents/TFG/TFG_MS_ROS/install/pkg_interfaces/lib/python3.8/site-packages:/home/triqui/Documents/TFG/TFG_MS_ROS/build/my_battery_package:/home/triqui/Documents/TFG/TFG_MS_ROS/install/my_battery_package/lib/python3.8/site-packages:/home/triqui/turtlebot3_ws/build/turtlebot3_teleop:/home/triqui/turtlebot3_ws/install/turtlebot3_teleop/lib/python3.8/site-packages:/home/triqui/turtlebot3_ws/build/turtlebot3_example:/home/triqui/turtlebot3_ws/install/turtlebot3_example/lib/python3.8/site-packages:/home/triqui/turtlebot3_ws/install/turtlebot3_msgs/lib/python3.8/site-packages:/home/triqui/turtlebot3_ws/install/dynamixel_sdk_custom_interfaces/lib/python3.8/site-packages:/opt/ros/foxy/lib/python3.8/site-packages /usr/bin/python3 setup.py develop --editable --build-directory /home/triqui/Documents/TFG/TFG_MS_ROS/build/my_battery_package/build --no-deps install_data
[2.330s] Level 1:colcon.colcon_core.shell:create_environment_hook('my_battery_package', 'pythonpath_develop')
[2.332s] INFO:colcon.colcon_core.shell:Creating environment hook '/home/triqui/Documents/TFG/TFG_MS_ROS/build/my_battery_package/share/my_battery_package/hook/pythonpath_develop.ps1'
[2.333s] INFO:colcon.colcon_core.shell:Creating environment descriptor '/home/triqui/Documents/TFG/TFG_MS_ROS/build/my_battery_package/share/my_battery_package/hook/pythonpath_develop.dsv'
[2.333s] INFO:colcon.colcon_core.shell:Creating environment hook '/home/triqui/Documents/TFG/TFG_MS_ROS/build/my_battery_package/share/my_battery_package/hook/pythonpath_develop.sh'
[2.336s] Level 1:colcon.colcon_core.environment:checking '/home/triqui/Documents/TFG/TFG_MS_ROS/install/my_battery_package' for CMake module files
[2.336s] Level 1:colcon.colcon_core.environment:checking '/home/triqui/Documents/TFG/TFG_MS_ROS/install/my_battery_package' for CMake config files
[2.337s] Level 1:colcon.colcon_core.environment:checking '/home/triqui/Documents/TFG/TFG_MS_ROS/install/my_battery_package/lib'
[2.337s] Level 1:colcon.colcon_core.environment:checking '/home/triqui/Documents/TFG/TFG_MS_ROS/install/my_battery_package/bin'
[2.337s] Level 1:colcon.colcon_core.environment:checking '/home/triqui/Documents/TFG/TFG_MS_ROS/install/my_battery_package/lib/pkgconfig/my_battery_package.pc'
[2.337s] Level 1:colcon.colcon_core.environment:checking '/home/triqui/Documents/TFG/TFG_MS_ROS/install/my_battery_package/lib/python3.8/site-packages'
[2.337s] Level 1:colcon.colcon_core.shell:create_environment_hook('my_battery_package', 'pythonpath')
[2.339s] INFO:colcon.colcon_core.shell:Creating environment hook '/home/triqui/Documents/TFG/TFG_MS_ROS/install/my_battery_package/share/my_battery_package/hook/pythonpath.ps1'
[2.339s] INFO:colcon.colcon_core.shell:Creating environment descriptor '/home/triqui/Documents/TFG/TFG_MS_ROS/install/my_battery_package/share/my_battery_package/hook/pythonpath.dsv'
[2.340s] INFO:colcon.colcon_core.shell:Creating environment hook '/home/triqui/Documents/TFG/TFG_MS_ROS/install/my_battery_package/share/my_battery_package/hook/pythonpath.sh'
[2.340s] DEBUG:colcon.colcon_core.event_handler.log_command:Invoked command in '/home/triqui/Documents/TFG/TFG_MS_ROS/build/my_battery_package' returned '0': PYTHONPATH=/home/triqui/Documents/TFG/TFG_MS_ROS/build/my_battery_package/prefix_override:/home/triqui/Documents/TFG/TFG_MS_ROS/install/my_battery_package/lib/python3.8/site-packages:/home/triqui/Documents/TFG/TFG_MS_ROS/install/pkg_interfaces/lib/python3.8/site-packages:/home/triqui/Documents/TFG/TFG_MS_ROS/build/my_battery_package:/home/triqui/Documents/TFG/TFG_MS_ROS/install/my_battery_package/lib/python3.8/site-packages:/home/triqui/turtlebot3_ws/build/turtlebot3_teleop:/home/triqui/turtlebot3_ws/install/turtlebot3_teleop/lib/python3.8/site-packages:/home/triqui/turtlebot3_ws/build/turtlebot3_example:/home/triqui/turtlebot3_ws/install/turtlebot3_example/lib/python3.8/site-packages:/home/triqui/turtlebot3_ws/install/turtlebot3_msgs/lib/python3.8/site-packages:/home/triqui/turtlebot3_ws/install/dynamixel_sdk_custom_interfaces/lib/python3.8/site-packages:/opt/ros/foxy/lib/python3.8/site-packages /usr/bin/python3 setup.py develop --editable --build-directory /home/triqui/Documents/TFG/TFG_MS_ROS/build/my_battery_package/build --no-deps install_data
[2.345s] Level 1:colcon.colcon_core.environment:checking '/home/triqui/Documents/TFG/TFG_MS_ROS/install/my_battery_package/bin'
[2.345s] Level 1:colcon.colcon_core.environment:create_environment_scripts_only(my_battery_package)
[2.347s] INFO:colcon.colcon_core.shell:Creating package script '/home/triqui/Documents/TFG/TFG_MS_ROS/install/my_battery_package/share/my_battery_package/package.ps1'
[2.347s] INFO:colcon.colcon_core.shell:Creating package descriptor '/home/triqui/Documents/TFG/TFG_MS_ROS/install/my_battery_package/share/my_battery_package/package.dsv'
[2.348s] INFO:colcon.colcon_core.shell:Creating package script '/home/triqui/Documents/TFG/TFG_MS_ROS/install/my_battery_package/share/my_battery_package/package.sh'
[2.348s] INFO:colcon.colcon_core.shell:Creating package script '/home/triqui/Documents/TFG/TFG_MS_ROS/install/my_battery_package/share/my_battery_package/package.bash'
[2.348s] INFO:colcon.colcon_core.shell:Creating package script '/home/triqui/Documents/TFG/TFG_MS_ROS/install/my_battery_package/share/my_battery_package/package.zsh'
[2.349s] Level 1:colcon.colcon_core.environment:create_file_with_runtime_dependencies(/home/triqui/Documents/TFG/TFG_MS_ROS/install/my_battery_package/share/colcon-core/packages/my_battery_package)
[2.352s] DEBUG:colcon.colcon_parallel_executor.executor.parallel:closing loop
[2.354s] DEBUG:colcon.colcon_parallel_executor.executor.parallel:loop closed
[2.354s] DEBUG:colcon.colcon_parallel_executor.executor.parallel:run_until_complete finished with '0'
[2.354s] DEBUG:colcon.colcon_core.event_reactor:joining thread
[2.361s] INFO:colcon.colcon_core.plugin_system:Skipping extension 'colcon_notification.desktop_notification.terminal_notifier': Not used on non-Darwin systems
[2.361s] INFO:colcon.colcon_core.plugin_system:Skipping extension 'colcon_notification.desktop_notification.win32': Not used on non-Windows systems
[2.361s] INFO:colcon.colcon_notification.desktop_notification:Sending desktop notification using 'notify2'
[2.381s] DEBUG:colcon.colcon_core.event_reactor:joined thread
[2.383s] INFO:colcon.colcon_core.shell:Creating prefix script '/home/triqui/Documents/TFG/TFG_MS_ROS/install/local_setup.ps1'
[2.384s] INFO:colcon.colcon_core.shell:Creating prefix util module '/home/triqui/Documents/TFG/TFG_MS_ROS/install/_local_setup_util_ps1.py'
[2.385s] INFO:colcon.colcon_core.shell:Creating prefix chain script '/home/triqui/Documents/TFG/TFG_MS_ROS/install/setup.ps1'
[2.387s] INFO:colcon.colcon_core.shell:Creating prefix script '/home/triqui/Documents/TFG/TFG_MS_ROS/install/local_setup.sh'
[2.388s] INFO:colcon.colcon_core.shell:Creating prefix util module '/home/triqui/Documents/TFG/TFG_MS_ROS/install/_local_setup_util_sh.py'
[2.389s] INFO:colcon.colcon_core.shell:Creating prefix chain script '/home/triqui/Documents/TFG/TFG_MS_ROS/install/setup.sh'
[2.391s] INFO:colcon.colcon_core.shell:Creating prefix script '/home/triqui/Documents/TFG/TFG_MS_ROS/install/local_setup.bash'
[2.392s] INFO:colcon.colcon_core.shell:Creating prefix chain script '/home/triqui/Documents/TFG/TFG_MS_ROS/install/setup.bash'
[2.394s] INFO:colcon.colcon_core.shell:Creating prefix script '/home/triqui/Documents/TFG/TFG_MS_ROS/install/local_setup.zsh'
[2.395s] INFO:colcon.colcon_core.shell:Creating prefix chain script '/home/triqui/Documents/TFG/TFG_MS_ROS/install/setup.zsh'
