[0.086s] Invoking command in '/home/triqui/Documents/TFG/TFG_MS_ROS/ros_ws/build/rover_gazebo': CMAKE_PREFIX_PATH=/home/triqui/Documents/TFG/TFG_MS_ROS/ros_ws/install/rover_motor_controller_cpp:/home/triqui/Documents/TFG/TFG_MS_ROS/ros_ws/install/rover_msgs:/home/triqui/Documents/TFG/TFG_MS_ROS/ros_ws/install/rover_description:/home/triqui/Documents/TFG/TFG_MS_ROS/ros_ws/install/turtlebot3_simulations:/home/triqui/Documents/TFG/TFG_MS_ROS/ros_ws/install/turtlebot3_gazebo:/home/triqui/Documents/TFG/TFG_MS_ROS/ros_ws/install/turtlebot3_fake_node:/home/triqui/Documents/TFG/TFG_MS_ROS/ros_ws/install/rover_navigation:/home/triqui/Documents/TFG/TFG_MS_ROS/ros_ws/install/rover_gazebo:/home/triqui/Documents/TFG/TFG_MS_ROS/ros_ws/install/rover_bringup:/home/triqui/Documents/TFG/TFG_MS_ROS/ros_ws/install/rover_localization:/home/triqui/Documents/TFG/TFG_MS_ROS/ros_ws/install/pkg_interfaces:/home/triqui/Documents/TFG/TFG_MS_ROS/ros_ws/install/rover_teleop:/home/triqui/Documents/TFG/TFG_MS_ROS/ros_ws/install/rover_motor_controller:/home/triqui/Documents/TFG/TFG_MS_ROS/ros_ws/install/my_battery_package:/home/triqui/Documents/TFG/TFG_MS_ROS/ros_ws/install/ms_sub:/opt/ros/foxy PYTHONPATH=/home/triqui/Documents/TFG/TFG_MS_ROS/ros_ws/install/rover_msgs/lib/python3.8/site-packages:/home/triqui/Documents/TFG/TFG_MS_ROS/ros_ws/build/rover_teleop:/home/triqui/Documents/TFG/TFG_MS_ROS/ros_ws/build/rover_motor_controller:/home/triqui/Documents/TFG/TFG_MS_ROS/ros_ws/build/my_battery_package:/home/triqui/Documents/TFG/TFG_MS_ROS/ros_ws/build/ms_sub:/home/triqui/Documents/TFG/TFG_MS_ROS/ros_ws/install/rover_teleop/lib/python3.8/site-packages:/home/triqui/Documents/TFG/TFG_MS_ROS/ros_ws/install/rover_motor_controller/lib/python3.8/site-packages:/home/triqui/Documents/TFG/TFG_MS_ROS/ros_ws/install/my_battery_package/lib/python3.8/site-packages:/home/triqui/Documents/TFG/TFG_MS_ROS/ros_ws/install/ms_sub/lib/python3.8/site-packages:/home/triqui/Documents/TFG/TFG_MS_ROS/ros_ws/install/pkg_interfaces/lib/python3.8/site-packages:/opt/ros/foxy/lib/python3.8/site-packages /usr/bin/cmake --build /home/triqui/Documents/TFG/TFG_MS_ROS/ros_ws/build/rover_gazebo -- -j4 -l4
[0.328s] [100%] Built target motors_command_parser_node
[0.358s] Invoked command in '/home/triqui/Documents/TFG/TFG_MS_ROS/ros_ws/build/rover_gazebo' returned '0': CMAKE_PREFIX_PATH=/home/triqui/Documents/TFG/TFG_MS_ROS/ros_ws/install/rover_motor_controller_cpp:/home/triqui/Documents/TFG/TFG_MS_ROS/ros_ws/install/rover_msgs:/home/triqui/Documents/TFG/TFG_MS_ROS/ros_ws/install/rover_description:/home/triqui/Documents/TFG/TFG_MS_ROS/ros_ws/install/turtlebot3_simulations:/home/triqui/Documents/TFG/TFG_MS_ROS/ros_ws/install/turtlebot3_gazebo:/home/triqui/Documents/TFG/TFG_MS_ROS/ros_ws/install/turtlebot3_fake_node:/home/triqui/Documents/TFG/TFG_MS_ROS/ros_ws/install/rover_navigation:/home/triqui/Documents/TFG/TFG_MS_ROS/ros_ws/install/rover_gazebo:/home/triqui/Documents/TFG/TFG_MS_ROS/ros_ws/install/rover_bringup:/home/triqui/Documents/TFG/TFG_MS_ROS/ros_ws/install/rover_localization:/home/triqui/Documents/TFG/TFG_MS_ROS/ros_ws/install/pkg_interfaces:/home/triqui/Documents/TFG/TFG_MS_ROS/ros_ws/install/rover_teleop:/home/triqui/Documents/TFG/TFG_MS_ROS/ros_ws/install/rover_motor_controller:/home/triqui/Documents/TFG/TFG_MS_ROS/ros_ws/install/my_battery_package:/home/triqui/Documents/TFG/TFG_MS_ROS/ros_ws/install/ms_sub:/opt/ros/foxy PYTHONPATH=/home/triqui/Documents/TFG/TFG_MS_ROS/ros_ws/install/rover_msgs/lib/python3.8/site-packages:/home/triqui/Documents/TFG/TFG_MS_ROS/ros_ws/build/rover_teleop:/home/triqui/Documents/TFG/TFG_MS_ROS/ros_ws/build/rover_motor_controller:/home/triqui/Documents/TFG/TFG_MS_ROS/ros_ws/build/my_battery_package:/home/triqui/Documents/TFG/TFG_MS_ROS/ros_ws/build/ms_sub:/home/triqui/Documents/TFG/TFG_MS_ROS/ros_ws/install/rover_teleop/lib/python3.8/site-packages:/home/triqui/Documents/TFG/TFG_MS_ROS/ros_ws/install/rover_motor_controller/lib/python3.8/site-packages:/home/triqui/Documents/TFG/TFG_MS_ROS/ros_ws/install/my_battery_package/lib/python3.8/site-packages:/home/triqui/Documents/TFG/TFG_MS_ROS/ros_ws/install/ms_sub/lib/python3.8/site-packages:/home/triqui/Documents/TFG/TFG_MS_ROS/ros_ws/install/pkg_interfaces/lib/python3.8/site-packages:/opt/ros/foxy/lib/python3.8/site-packages /usr/bin/cmake --build /home/triqui/Documents/TFG/TFG_MS_ROS/ros_ws/build/rover_gazebo -- -j4 -l4
[0.464s] Invoking command in '/home/triqui/Documents/TFG/TFG_MS_ROS/ros_ws/build/rover_gazebo': CMAKE_PREFIX_PATH=/home/triqui/Documents/TFG/TFG_MS_ROS/ros_ws/install/rover_motor_controller_cpp:/home/triqui/Documents/TFG/TFG_MS_ROS/ros_ws/install/rover_msgs:/home/triqui/Documents/TFG/TFG_MS_ROS/ros_ws/install/rover_description:/home/triqui/Documents/TFG/TFG_MS_ROS/ros_ws/install/turtlebot3_simulations:/home/triqui/Documents/TFG/TFG_MS_ROS/ros_ws/install/turtlebot3_gazebo:/home/triqui/Documents/TFG/TFG_MS_ROS/ros_ws/install/turtlebot3_fake_node:/home/triqui/Documents/TFG/TFG_MS_ROS/ros_ws/install/rover_navigation:/home/triqui/Documents/TFG/TFG_MS_ROS/ros_ws/install/rover_gazebo:/home/triqui/Documents/TFG/TFG_MS_ROS/ros_ws/install/rover_bringup:/home/triqui/Documents/TFG/TFG_MS_ROS/ros_ws/install/rover_localization:/home/triqui/Documents/TFG/TFG_MS_ROS/ros_ws/install/pkg_interfaces:/home/triqui/Documents/TFG/TFG_MS_ROS/ros_ws/install/rover_teleop:/home/triqui/Documents/TFG/TFG_MS_ROS/ros_ws/install/rover_motor_controller:/home/triqui/Documents/TFG/TFG_MS_ROS/ros_ws/install/my_battery_package:/home/triqui/Documents/TFG/TFG_MS_ROS/ros_ws/install/ms_sub:/opt/ros/foxy PYTHONPATH=/home/triqui/Documents/TFG/TFG_MS_ROS/ros_ws/install/rover_msgs/lib/python3.8/site-packages:/home/triqui/Documents/TFG/TFG_MS_ROS/ros_ws/build/rover_teleop:/home/triqui/Documents/TFG/TFG_MS_ROS/ros_ws/build/rover_motor_controller:/home/triqui/Documents/TFG/TFG_MS_ROS/ros_ws/build/my_battery_package:/home/triqui/Documents/TFG/TFG_MS_ROS/ros_ws/build/ms_sub:/home/triqui/Documents/TFG/TFG_MS_ROS/ros_ws/install/rover_teleop/lib/python3.8/site-packages:/home/triqui/Documents/TFG/TFG_MS_ROS/ros_ws/install/rover_motor_controller/lib/python3.8/site-packages:/home/triqui/Documents/TFG/TFG_MS_ROS/ros_ws/install/my_battery_package/lib/python3.8/site-packages:/home/triqui/Documents/TFG/TFG_MS_ROS/ros_ws/install/ms_sub/lib/python3.8/site-packages:/home/triqui/Documents/TFG/TFG_MS_ROS/ros_ws/install/pkg_interfaces/lib/python3.8/site-packages:/opt/ros/foxy/lib/python3.8/site-packages /usr/bin/cmake --install /home/triqui/Documents/TFG/TFG_MS_ROS/ros_ws/build/rover_gazebo
[0.480s] -- Install configuration: ""
[0.480s] -- Execute custom install script
[0.481s] -- Up-to-date symlink: /home/triqui/Documents/TFG/TFG_MS_ROS/ros_ws/install/rover_gazebo/lib/rover_gazebo/motors_command_parser_node
[0.483s] -- Up-to-date symlink: /home/triqui/Documents/TFG/TFG_MS_ROS/ros_ws/install/rover_gazebo/share/rover_gazebo/launch/curiosity.launch.py
[0.484s] -- Up-to-date symlink: /home/triqui/Documents/TFG/TFG_MS_ROS/ros_ws/install/rover_gazebo/share/rover_gazebo/launch/forest.launch.py
[0.485s] -- Up-to-date symlink: /home/triqui/Documents/TFG/TFG_MS_ROS/ros_ws/install/rover_gazebo/share/rover_gazebo/launch/gazebo.launch.py
[0.486s] -- Up-to-date symlink: /home/triqui/Documents/TFG/TFG_MS_ROS/ros_ws/install/rover_gazebo/share/rover_gazebo/launch/include/cmd_vel.launch.py
[0.487s] -- Up-to-date symlink: /home/triqui/Documents/TFG/TFG_MS_ROS/ros_ws/install/rover_gazebo/share/rover_gazebo/launch/include/spawn.launch.py
[0.488s] -- Up-to-date symlink: /home/triqui/Documents/TFG/TFG_MS_ROS/ros_ws/install/rover_gazebo/share/rover_gazebo/launch/mars.launch.py
[0.489s] -- Up-to-date symlink: /home/triqui/Documents/TFG/TFG_MS_ROS/ros_ws/install/rover_gazebo/share/rover_gazebo/launch/moon.launch.py
[0.491s] -- Up-to-date symlink: /home/triqui/Documents/TFG/TFG_MS_ROS/ros_ws/install/rover_gazebo/share/rover_gazebo/worlds/curiosity.world
[0.491s] -- Up-to-date symlink: /home/triqui/Documents/TFG/TFG_MS_ROS/ros_ws/install/rover_gazebo/share/rover_gazebo/worlds/empty.world
[0.492s] -- Up-to-date symlink: /home/triqui/Documents/TFG/TFG_MS_ROS/ros_ws/install/rover_gazebo/share/rover_gazebo/worlds/forest.world
[0.493s] -- Up-to-date symlink: /home/triqui/Documents/TFG/TFG_MS_ROS/ros_ws/install/rover_gazebo/share/rover_gazebo/worlds/mars.world
[0.494s] -- Up-to-date symlink: /home/triqui/Documents/TFG/TFG_MS_ROS/ros_ws/install/rover_gazebo/share/rover_gazebo/worlds/moon.world
[0.497s] -- Up-to-date symlink: /home/triqui/Documents/TFG/TFG_MS_ROS/ros_ws/install/rover_gazebo/share/rover_gazebo/models/crater/meshes/crater4k.stl
[0.497s] -- Up-to-date symlink: /home/triqui/Documents/TFG/TFG_MS_ROS/ros_ws/install/rover_gazebo/share/rover_gazebo/models/crater/meshes/crater_martian_red.dae
[0.498s] -- Up-to-date symlink: /home/triqui/Documents/TFG/TFG_MS_ROS/ros_ws/install/rover_gazebo/share/rover_gazebo/models/crater/model.config
[0.499s] -- Up-to-date symlink: /home/triqui/Documents/TFG/TFG_MS_ROS/ros_ws/install/rover_gazebo/share/rover_gazebo/models/crater/model.sdf
[0.500s] -- Up-to-date symlink: /home/triqui/Documents/TFG/TFG_MS_ROS/ros_ws/install/rover_gazebo/share/rover_gazebo/models/curiosity_path/meshes/curiosity_path25k.dae
[0.501s] -- Up-to-date symlink: /home/triqui/Documents/TFG/TFG_MS_ROS/ros_ws/install/rover_gazebo/share/rover_gazebo/models/curiosity_path/meshes/curiosity_path25k.stl
[0.502s] -- Up-to-date symlink: /home/triqui/Documents/TFG/TFG_MS_ROS/ros_ws/install/rover_gazebo/share/rover_gazebo/models/curiosity_path/meshes/mars_texture_lq.jpg
[0.503s] -- Up-to-date symlink: /home/triqui/Documents/TFG/TFG_MS_ROS/ros_ws/install/rover_gazebo/share/rover_gazebo/models/curiosity_path/model.config
[0.504s] -- Up-to-date symlink: /home/triqui/Documents/TFG/TFG_MS_ROS/ros_ws/install/rover_gazebo/share/rover_gazebo/models/curiosity_path/model.sdf
[0.505s] -- Up-to-date symlink: /home/triqui/Documents/TFG/TFG_MS_ROS/ros_ws/install/rover_gazebo/share/rover_gazebo/models/jaggedrock/meshes/basecolor.jpg
[0.506s] -- Up-to-date symlink: /home/triqui/Documents/TFG/TFG_MS_ROS/ros_ws/install/rover_gazebo/share/rover_gazebo/models/jaggedrock/meshes/bumpy.jpg
[0.507s] -- Up-to-date symlink: /home/triqui/Documents/TFG/TFG_MS_ROS/ros_ws/install/rover_gazebo/share/rover_gazebo/models/jaggedrock/meshes/jaggedrock_texture.dae
[0.511s] -- Up-to-date symlink: /home/triqui/Documents/TFG/TFG_MS_ROS/ros_ws/install/rover_gazebo/share/rover_gazebo/models/jaggedrock/model.config
[0.512s] -- Up-to-date symlink: /home/triqui/Documents/TFG/TFG_MS_ROS/ros_ws/install/rover_gazebo/share/rover_gazebo/models/jaggedrock/model.sdf
[0.512s] -- Up-to-date symlink: /home/triqui/Documents/TFG/TFG_MS_ROS/ros_ws/install/rover_gazebo/share/rover_gazebo/models/mars_terrain/meshes/mars_texture.jpg
[0.512s] -- Up-to-date symlink: /home/triqui/Documents/TFG/TFG_MS_ROS/ros_ws/install/rover_gazebo/share/rover_gazebo/models/mars_terrain/meshes/mars_texture_lq.jpg
[0.513s] -- Up-to-date symlink: /home/triqui/Documents/TFG/TFG_MS_ROS/ros_ws/install/rover_gazebo/share/rover_gazebo/models/mars_terrain/meshes/reddish-sand.jpg
[0.514s] -- Up-to-date symlink: /home/triqui/Documents/TFG/TFG_MS_ROS/ros_ws/install/rover_gazebo/share/rover_gazebo/models/mars_terrain/meshes/terrain.dae
[0.514s] -- Up-to-date symlink: /home/triqui/Documents/TFG/TFG_MS_ROS/ros_ws/install/rover_gazebo/share/rover_gazebo/models/mars_terrain/meshes/terrain.stl
[0.514s] -- Up-to-date symlink: /home/triqui/Documents/TFG/TFG_MS_ROS/ros_ws/install/rover_gazebo/share/rover_gazebo/models/mars_terrain/meshes/terrain_textured.dae
[0.514s] -- Up-to-date symlink: /home/triqui/Documents/TFG/TFG_MS_ROS/ros_ws/install/rover_gazebo/share/rover_gazebo/models/mars_terrain/model.config
[0.514s] -- Up-to-date symlink: /home/triqui/Documents/TFG/TFG_MS_ROS/ros_ws/install/rover_gazebo/share/rover_gazebo/models/mars_terrain/model.sdf
[0.514s] -- Up-to-date symlink: /home/triqui/Documents/TFG/TFG_MS_ROS/ros_ws/install/rover_gazebo/share/rover_gazebo/models/moon/materials/textures/ground.jpg
[0.515s] -- Up-to-date symlink: /home/triqui/Documents/TFG/TFG_MS_ROS/ros_ws/install/rover_gazebo/share/rover_gazebo/models/moon/materials/textures/ground_1.jpg
[0.517s] -- Up-to-date symlink: /home/triqui/Documents/TFG/TFG_MS_ROS/ros_ws/install/rover_gazebo/share/rover_gazebo/models/moon/materials/textures/ground_normal.jpg
[0.517s] -- Up-to-date symlink: /home/triqui/Documents/TFG/TFG_MS_ROS/ros_ws/install/rover_gazebo/share/rover_gazebo/models/moon/materials/textures/moon.png
[0.517s] -- Up-to-date symlink: /home/triqui/Documents/TFG/TFG_MS_ROS/ros_ws/install/rover_gazebo/share/rover_gazebo/models/moon/materials/textures/moon.xcf
[0.518s] -- Up-to-date symlink: /home/triqui/Documents/TFG/TFG_MS_ROS/ros_ws/install/rover_gazebo/share/rover_gazebo/models/moon/model.config
[0.519s] -- Up-to-date symlink: /home/triqui/Documents/TFG/TFG_MS_ROS/ros_ws/install/rover_gazebo/share/rover_gazebo/models/moon/model.sdf
[0.519s] -- Up-to-date symlink: /home/triqui/Documents/TFG/TFG_MS_ROS/ros_ws/install/rover_gazebo/share/rover_gazebo/models/rock9/meshes/rock9.dae
[0.519s] -- Up-to-date symlink: /home/triqui/Documents/TFG/TFG_MS_ROS/ros_ws/install/rover_gazebo/share/rover_gazebo/models/rock9/meshes/rock9.stl
[0.519s] -- Up-to-date symlink: /home/triqui/Documents/TFG/TFG_MS_ROS/ros_ws/install/rover_gazebo/share/rover_gazebo/models/rock9/meshes/texture.jpg
[0.519s] -- Up-to-date symlink: /home/triqui/Documents/TFG/TFG_MS_ROS/ros_ws/install/rover_gazebo/share/rover_gazebo/models/rock9/model.config
[0.519s] -- Up-to-date symlink: /home/triqui/Documents/TFG/TFG_MS_ROS/ros_ws/install/rover_gazebo/share/rover_gazebo/models/rock9/model.sdf
[0.519s] -- Up-to-date symlink: /home/triqui/Documents/TFG/TFG_MS_ROS/ros_ws/install/rover_gazebo/share/rover_gazebo/models/rockformation/meshes/SMALL_RED_BaseColor.png
[0.519s] -- Up-to-date symlink: /home/triqui/Documents/TFG/TFG_MS_ROS/ros_ws/install/rover_gazebo/share/rover_gazebo/models/rockformation/meshes/rockformation.dae
[0.519s] -- Up-to-date symlink: /home/triqui/Documents/TFG/TFG_MS_ROS/ros_ws/install/rover_gazebo/share/rover_gazebo/models/rockformation/model.config
[0.519s] -- Up-to-date symlink: /home/triqui/Documents/TFG/TFG_MS_ROS/ros_ws/install/rover_gazebo/share/rover_gazebo/models/rockformation/model.sdf
[0.519s] -- Up-to-date symlink: /home/triqui/Documents/TFG/TFG_MS_ROS/ros_ws/install/rover_gazebo/share/rover_gazebo/models/terrain/materials/textures/terrain.png
[0.519s] -- Up-to-date symlink: /home/triqui/Documents/TFG/TFG_MS_ROS/ros_ws/install/rover_gazebo/share/rover_gazebo/models/terrain/materials/textures/terrain.xcf
[0.519s] -- Up-to-date symlink: /home/triqui/Documents/TFG/TFG_MS_ROS/ros_ws/install/rover_gazebo/share/rover_gazebo/models/terrain/model.config
[0.523s] -- Up-to-date symlink: /home/triqui/Documents/TFG/TFG_MS_ROS/ros_ws/install/rover_gazebo/share/rover_gazebo/models/terrain/model.sdf
[0.523s] -- Up-to-date symlink: /home/triqui/Documents/TFG/TFG_MS_ROS/ros_ws/install/rover_gazebo/share/rover_gazebo/rviz/default.rviz
[0.523s] -- Up-to-date symlink: /home/triqui/Documents/TFG/TFG_MS_ROS/ros_ws/install/rover_gazebo/share/ament_index/resource_index/package_run_dependencies/rover_gazebo
[0.523s] -- Up-to-date symlink: /home/triqui/Documents/TFG/TFG_MS_ROS/ros_ws/install/rover_gazebo/share/ament_index/resource_index/parent_prefix_path/rover_gazebo
[0.523s] -- Up-to-date symlink: /home/triqui/Documents/TFG/TFG_MS_ROS/ros_ws/install/rover_gazebo/share/rover_gazebo/environment/ament_prefix_path.sh
[0.523s] -- Up-to-date symlink: /home/triqui/Documents/TFG/TFG_MS_ROS/ros_ws/install/rover_gazebo/share/rover_gazebo/environment/ament_prefix_path.dsv
[0.523s] -- Up-to-date symlink: /home/triqui/Documents/TFG/TFG_MS_ROS/ros_ws/install/rover_gazebo/share/rover_gazebo/environment/path.sh
[0.523s] -- Up-to-date symlink: /home/triqui/Documents/TFG/TFG_MS_ROS/ros_ws/install/rover_gazebo/share/rover_gazebo/environment/path.dsv
[0.523s] -- Up-to-date symlink: /home/triqui/Documents/TFG/TFG_MS_ROS/ros_ws/install/rover_gazebo/share/rover_gazebo/local_setup.bash
[0.523s] -- Up-to-date symlink: /home/triqui/Documents/TFG/TFG_MS_ROS/ros_ws/install/rover_gazebo/share/rover_gazebo/local_setup.sh
[0.526s] -- Up-to-date symlink: /home/triqui/Documents/TFG/TFG_MS_ROS/ros_ws/install/rover_gazebo/share/rover_gazebo/local_setup.zsh
[0.526s] -- Up-to-date symlink: /home/triqui/Documents/TFG/TFG_MS_ROS/ros_ws/install/rover_gazebo/share/rover_gazebo/local_setup.dsv
[0.526s] -- Symlinking: /home/triqui/Documents/TFG/TFG_MS_ROS/ros_ws/install/rover_gazebo/share/rover_gazebo/package.dsv
[0.539s] -- Up-to-date symlink: /home/triqui/Documents/TFG/TFG_MS_ROS/ros_ws/install/rover_gazebo/share/ament_index/resource_index/packages/rover_gazebo
[0.539s] -- Up-to-date symlink: /home/triqui/Documents/TFG/TFG_MS_ROS/ros_ws/install/rover_gazebo/share/rover_gazebo/cmake/rover_gazeboConfig.cmake
[0.539s] -- Up-to-date symlink: /home/triqui/Documents/TFG/TFG_MS_ROS/ros_ws/install/rover_gazebo/share/rover_gazebo/cmake/rover_gazeboConfig-version.cmake
[0.540s] -- Up-to-date symlink: /home/triqui/Documents/TFG/TFG_MS_ROS/ros_ws/install/rover_gazebo/share/rover_gazebo/package.xml
[0.545s] Invoked command in '/home/triqui/Documents/TFG/TFG_MS_ROS/ros_ws/build/rover_gazebo' returned '0': CMAKE_PREFIX_PATH=/home/triqui/Documents/TFG/TFG_MS_ROS/ros_ws/install/rover_motor_controller_cpp:/home/triqui/Documents/TFG/TFG_MS_ROS/ros_ws/install/rover_msgs:/home/triqui/Documents/TFG/TFG_MS_ROS/ros_ws/install/rover_description:/home/triqui/Documents/TFG/TFG_MS_ROS/ros_ws/install/turtlebot3_simulations:/home/triqui/Documents/TFG/TFG_MS_ROS/ros_ws/install/turtlebot3_gazebo:/home/triqui/Documents/TFG/TFG_MS_ROS/ros_ws/install/turtlebot3_fake_node:/home/triqui/Documents/TFG/TFG_MS_ROS/ros_ws/install/rover_navigation:/home/triqui/Documents/TFG/TFG_MS_ROS/ros_ws/install/rover_gazebo:/home/triqui/Documents/TFG/TFG_MS_ROS/ros_ws/install/rover_bringup:/home/triqui/Documents/TFG/TFG_MS_ROS/ros_ws/install/rover_localization:/home/triqui/Documents/TFG/TFG_MS_ROS/ros_ws/install/pkg_interfaces:/home/triqui/Documents/TFG/TFG_MS_ROS/ros_ws/install/rover_teleop:/home/triqui/Documents/TFG/TFG_MS_ROS/ros_ws/install/rover_motor_controller:/home/triqui/Documents/TFG/TFG_MS_ROS/ros_ws/install/my_battery_package:/home/triqui/Documents/TFG/TFG_MS_ROS/ros_ws/install/ms_sub:/opt/ros/foxy PYTHONPATH=/home/triqui/Documents/TFG/TFG_MS_ROS/ros_ws/install/rover_msgs/lib/python3.8/site-packages:/home/triqui/Documents/TFG/TFG_MS_ROS/ros_ws/build/rover_teleop:/home/triqui/Documents/TFG/TFG_MS_ROS/ros_ws/build/rover_motor_controller:/home/triqui/Documents/TFG/TFG_MS_ROS/ros_ws/build/my_battery_package:/home/triqui/Documents/TFG/TFG_MS_ROS/ros_ws/build/ms_sub:/home/triqui/Documents/TFG/TFG_MS_ROS/ros_ws/install/rover_teleop/lib/python3.8/site-packages:/home/triqui/Documents/TFG/TFG_MS_ROS/ros_ws/install/rover_motor_controller/lib/python3.8/site-packages:/home/triqui/Documents/TFG/TFG_MS_ROS/ros_ws/install/my_battery_package/lib/python3.8/site-packages:/home/triqui/Documents/TFG/TFG_MS_ROS/ros_ws/install/ms_sub/lib/python3.8/site-packages:/home/triqui/Documents/TFG/TFG_MS_ROS/ros_ws/install/pkg_interfaces/lib/python3.8/site-packages:/opt/ros/foxy/lib/python3.8/site-packages /usr/bin/cmake --install /home/triqui/Documents/TFG/TFG_MS_ROS/ros_ws/build/rover_gazebo
