[2.089s] Invoking command in '/home/triqui/Documents/TFG/TFG_MS_ROS/ros_ws/src/ms_sub': AMENT_PREFIX_PATH=/home/triqui/Documents/TFG/TFG_MS_ROS/ros_ws/install/pkg_interfaces:${AMENT_PREFIX_PATH} CMAKE_PREFIX_PATH=/home/triqui/Documents/TFG/TFG_MS_ROS/ros_ws/install/pkg_interfaces LD_LIBRARY_PATH=/home/triqui/Documents/TFG/TFG_MS_ROS/ros_ws/install/pkg_interfaces/lib:${LD_LIBRARY_PATH} PYTHONPATH=/home/triqui/Documents/TFG/TFG_MS_ROS/ros_ws/build/ms_sub/prefix_override:/home/triqui/Documents/TFG/TFG_MS_ROS/ros_ws/install/ms_sub/lib/python3.8/site-packages:/home/triqui/Documents/TFG/TFG_MS_ROS/ros_ws/install/pkg_interfaces/lib/python3.8/site-packages:${PYTHONPATH} /usr/bin/python3 setup.py egg_info --egg-base ../../build/ms_sub build --build-base /home/triqui/Documents/TFG/TFG_MS_ROS/ros_ws/build/ms_sub/build install --record /home/triqui/Documents/TFG/TFG_MS_ROS/ros_ws/build/ms_sub/install.log --install-scripts $base/lib/ms_sub --single-version-externally-managed
[2.485s] running egg_info
[2.491s] creating ../../build/ms_sub/ms_sub.egg-info
[2.491s] writing ../../build/ms_sub/ms_sub.egg-info/PKG-INFO
[2.491s] writing dependency_links to ../../build/ms_sub/ms_sub.egg-info/dependency_links.txt
[2.491s] writing entry points to ../../build/ms_sub/ms_sub.egg-info/entry_points.txt
[2.492s] writing requirements to ../../build/ms_sub/ms_sub.egg-info/requires.txt
[2.492s] writing top-level names to ../../build/ms_sub/ms_sub.egg-info/top_level.txt
[2.499s] writing manifest file '../../build/ms_sub/ms_sub.egg-info/SOURCES.txt'
[2.731s] reading manifest file '../../build/ms_sub/ms_sub.egg-info/SOURCES.txt'
[2.732s] writing manifest file '../../build/ms_sub/ms_sub.egg-info/SOURCES.txt'
[2.732s] running build
[2.732s] running build_py
[2.732s] creating /home/triqui/Documents/TFG/TFG_MS_ROS/ros_ws/build/ms_sub/build
[2.732s] creating /home/triqui/Documents/TFG/TFG_MS_ROS/ros_ws/build/ms_sub/build/lib
[2.732s] creating /home/triqui/Documents/TFG/TFG_MS_ROS/ros_ws/build/ms_sub/build/lib/ms_sub
[2.732s] copying ms_sub/battery_publisher.py -> /home/triqui/Documents/TFG/TFG_MS_ROS/ros_ws/build/ms_sub/build/lib/ms_sub
[2.766s] copying ms_sub/__init__.py -> /home/triqui/Documents/TFG/TFG_MS_ROS/ros_ws/build/ms_sub/build/lib/ms_sub
[2.767s] copying ms_sub/odom_suscriber.py -> /home/triqui/Documents/TFG/TFG_MS_ROS/ros_ws/build/ms_sub/build/lib/ms_sub
[2.767s] copying ms_sub/battery_subscriber.py -> /home/triqui/Documents/TFG/TFG_MS_ROS/ros_ws/build/ms_sub/build/lib/ms_sub
[2.767s] running install
[2.769s] running install_lib
[2.769s] creating /home/triqui/Documents/TFG/TFG_MS_ROS/ros_ws/install/ms_sub/lib/python3.8/site-packages/ms_sub
[2.769s] copying /home/triqui/Documents/TFG/TFG_MS_ROS/ros_ws/build/ms_sub/build/lib/ms_sub/battery_publisher.py -> /home/triqui/Documents/TFG/TFG_MS_ROS/ros_ws/install/ms_sub/lib/python3.8/site-packages/ms_sub
[2.770s] copying /home/triqui/Documents/TFG/TFG_MS_ROS/ros_ws/build/ms_sub/build/lib/ms_sub/__init__.py -> /home/triqui/Documents/TFG/TFG_MS_ROS/ros_ws/install/ms_sub/lib/python3.8/site-packages/ms_sub
[2.770s] copying /home/triqui/Documents/TFG/TFG_MS_ROS/ros_ws/build/ms_sub/build/lib/ms_sub/odom_suscriber.py -> /home/triqui/Documents/TFG/TFG_MS_ROS/ros_ws/install/ms_sub/lib/python3.8/site-packages/ms_sub
[2.770s] copying /home/triqui/Documents/TFG/TFG_MS_ROS/ros_ws/build/ms_sub/build/lib/ms_sub/battery_subscriber.py -> /home/triqui/Documents/TFG/TFG_MS_ROS/ros_ws/install/ms_sub/lib/python3.8/site-packages/ms_sub
[2.770s] byte-compiling /home/triqui/Documents/TFG/TFG_MS_ROS/ros_ws/install/ms_sub/lib/python3.8/site-packages/ms_sub/battery_publisher.py to battery_publisher.cpython-38.pyc
[2.772s] byte-compiling /home/triqui/Documents/TFG/TFG_MS_ROS/ros_ws/install/ms_sub/lib/python3.8/site-packages/ms_sub/__init__.py to __init__.cpython-38.pyc
[2.772s] byte-compiling /home/triqui/Documents/TFG/TFG_MS_ROS/ros_ws/install/ms_sub/lib/python3.8/site-packages/ms_sub/odom_suscriber.py to odom_suscriber.cpython-38.pyc
[2.773s] byte-compiling /home/triqui/Documents/TFG/TFG_MS_ROS/ros_ws/install/ms_sub/lib/python3.8/site-packages/ms_sub/battery_subscriber.py to battery_subscriber.cpython-38.pyc
[2.773s] running install_data
[2.774s] creating /home/triqui/Documents/TFG/TFG_MS_ROS/ros_ws/install/ms_sub/share/ament_index
[2.774s] creating /home/triqui/Documents/TFG/TFG_MS_ROS/ros_ws/install/ms_sub/share/ament_index/resource_index
[2.774s] creating /home/triqui/Documents/TFG/TFG_MS_ROS/ros_ws/install/ms_sub/share/ament_index/resource_index/packages
[2.774s] copying resource/ms_sub -> /home/triqui/Documents/TFG/TFG_MS_ROS/ros_ws/install/ms_sub/share/ament_index/resource_index/packages
[2.774s] copying package.xml -> /home/triqui/Documents/TFG/TFG_MS_ROS/ros_ws/install/ms_sub/share/ms_sub
[2.774s] running install_egg_info
[2.776s] Copying ../../build/ms_sub/ms_sub.egg-info to /home/triqui/Documents/TFG/TFG_MS_ROS/ros_ws/install/ms_sub/lib/python3.8/site-packages/ms_sub-0.0.0-py3.8.egg-info
[2.777s] running install_scripts
[2.808s] Installing battery_publisher script to /home/triqui/Documents/TFG/TFG_MS_ROS/ros_ws/install/ms_sub/lib/ms_sub
[2.809s] Installing battery_subscriber script to /home/triqui/Documents/TFG/TFG_MS_ROS/ros_ws/install/ms_sub/lib/ms_sub
[2.809s] Installing odom_suscriber script to /home/triqui/Documents/TFG/TFG_MS_ROS/ros_ws/install/ms_sub/lib/ms_sub
[2.809s] writing list of installed files to '/home/triqui/Documents/TFG/TFG_MS_ROS/ros_ws/build/ms_sub/install.log'
[2.871s] Invoked command in '/home/triqui/Documents/TFG/TFG_MS_ROS/ros_ws/src/ms_sub' returned '0': AMENT_PREFIX_PATH=/home/triqui/Documents/TFG/TFG_MS_ROS/ros_ws/install/pkg_interfaces:${AMENT_PREFIX_PATH} CMAKE_PREFIX_PATH=/home/triqui/Documents/TFG/TFG_MS_ROS/ros_ws/install/pkg_interfaces LD_LIBRARY_PATH=/home/triqui/Documents/TFG/TFG_MS_ROS/ros_ws/install/pkg_interfaces/lib:${LD_LIBRARY_PATH} PYTHONPATH=/home/triqui/Documents/TFG/TFG_MS_ROS/ros_ws/build/ms_sub/prefix_override:/home/triqui/Documents/TFG/TFG_MS_ROS/ros_ws/install/ms_sub/lib/python3.8/site-packages:/home/triqui/Documents/TFG/TFG_MS_ROS/ros_ws/install/pkg_interfaces/lib/python3.8/site-packages:${PYTHONPATH} /usr/bin/python3 setup.py egg_info --egg-base ../../build/ms_sub build --build-base /home/triqui/Documents/TFG/TFG_MS_ROS/ros_ws/build/ms_sub/build install --record /home/triqui/Documents/TFG/TFG_MS_ROS/ros_ws/build/ms_sub/install.log --install-scripts $base/lib/ms_sub --single-version-externally-managed
