[1.505s] Invoking command in '/home/triqui/Documents/TFG/TFG_MS_ROS/ros_ws/src/ros2_rover/rover_teleop': PYTHONPATH=/home/triqui/Documents/TFG/TFG_MS_ROS/ros_ws/build/rover_teleop/prefix_override:/home/triqui/Documents/TFG/TFG_MS_ROS/ros_ws/install/rover_teleop/lib/python3.8/site-packages:${PYTHONPATH} /usr/bin/python3 setup.py egg_info --egg-base ../../../build/rover_teleop build --build-base /home/triqui/Documents/TFG/TFG_MS_ROS/ros_ws/build/rover_teleop/build install --record /home/triqui/Documents/TFG/TFG_MS_ROS/ros_ws/build/rover_teleop/install.log --install-scripts $base/lib/rover_teleop --single-version-externally-managed
[1.849s] running egg_info
[1.850s] creating ../../../build/rover_teleop/rover_teleop.egg-info
[1.850s] writing ../../../build/rover_teleop/rover_teleop.egg-info/PKG-INFO
[1.850s] writing dependency_links to ../../../build/rover_teleop/rover_teleop.egg-info/dependency_links.txt
[1.850s] writing entry points to ../../../build/rover_teleop/rover_teleop.egg-info/entry_points.txt
[1.850s] writing requirements to ../../../build/rover_teleop/rover_teleop.egg-info/requires.txt
[1.850s] writing top-level names to ../../../build/rover_teleop/rover_teleop.egg-info/top_level.txt
[1.854s] writing manifest file '../../../build/rover_teleop/rover_teleop.egg-info/SOURCES.txt'
[1.887s] reading manifest file '../../../build/rover_teleop/rover_teleop.egg-info/SOURCES.txt'
[1.888s] writing manifest file '../../../build/rover_teleop/rover_teleop.egg-info/SOURCES.txt'
[1.888s] running build
[1.888s] running build_py
[1.889s] creating /home/triqui/Documents/TFG/TFG_MS_ROS/ros_ws/build/rover_teleop/build
[1.889s] creating /home/triqui/Documents/TFG/TFG_MS_ROS/ros_ws/build/rover_teleop/build/lib
[1.890s] creating /home/triqui/Documents/TFG/TFG_MS_ROS/ros_ws/build/rover_teleop/build/lib/rover_teleop
[1.890s] copying rover_teleop/__init__.py -> /home/triqui/Documents/TFG/TFG_MS_ROS/ros_ws/build/rover_teleop/build/lib/rover_teleop
[1.890s] copying rover_teleop/teleop_keyboard_node.py -> /home/triqui/Documents/TFG/TFG_MS_ROS/ros_ws/build/rover_teleop/build/lib/rover_teleop
[1.890s] running install
[1.890s] running install_lib
[1.890s] creating /home/triqui/Documents/TFG/TFG_MS_ROS/ros_ws/install/rover_teleop/lib/python3.8/site-packages/rover_teleop
[1.891s] copying /home/triqui/Documents/TFG/TFG_MS_ROS/ros_ws/build/rover_teleop/build/lib/rover_teleop/__init__.py -> /home/triqui/Documents/TFG/TFG_MS_ROS/ros_ws/install/rover_teleop/lib/python3.8/site-packages/rover_teleop
[1.891s] copying /home/triqui/Documents/TFG/TFG_MS_ROS/ros_ws/build/rover_teleop/build/lib/rover_teleop/teleop_keyboard_node.py -> /home/triqui/Documents/TFG/TFG_MS_ROS/ros_ws/install/rover_teleop/lib/python3.8/site-packages/rover_teleop
[1.891s] byte-compiling /home/triqui/Documents/TFG/TFG_MS_ROS/ros_ws/install/rover_teleop/lib/python3.8/site-packages/rover_teleop/__init__.py to __init__.cpython-38.pyc
[1.893s] byte-compiling /home/triqui/Documents/TFG/TFG_MS_ROS/ros_ws/install/rover_teleop/lib/python3.8/site-packages/rover_teleop/teleop_keyboard_node.py to teleop_keyboard_node.cpython-38.pyc
[1.894s] running install_data
[1.894s] creating /home/triqui/Documents/TFG/TFG_MS_ROS/ros_ws/install/rover_teleop/share/ament_index
[1.895s] creating /home/triqui/Documents/TFG/TFG_MS_ROS/ros_ws/install/rover_teleop/share/ament_index/resource_index
[1.895s] creating /home/triqui/Documents/TFG/TFG_MS_ROS/ros_ws/install/rover_teleop/share/ament_index/resource_index/packages
[1.895s] copying resource/rover_teleop -> /home/triqui/Documents/TFG/TFG_MS_ROS/ros_ws/install/rover_teleop/share/ament_index/resource_index/packages
[1.895s] copying package.xml -> /home/triqui/Documents/TFG/TFG_MS_ROS/ros_ws/install/rover_teleop/share/rover_teleop
[1.895s] creating /home/triqui/Documents/TFG/TFG_MS_ROS/ros_ws/install/rover_teleop/share/rover_teleop/launch
[1.895s] copying launch/joy_teleop.launch.py -> /home/triqui/Documents/TFG/TFG_MS_ROS/ros_ws/install/rover_teleop/share/rover_teleop/launch/
[1.895s] creating /home/triqui/Documents/TFG/TFG_MS_ROS/ros_ws/install/rover_teleop/share/rover_teleop/config
[1.895s] copying config/ps3.yaml -> /home/triqui/Documents/TFG/TFG_MS_ROS/ros_ws/install/rover_teleop/share/rover_teleop/config/
[1.896s] running install_egg_info
[1.897s] Copying ../../../build/rover_teleop/rover_teleop.egg-info to /home/triqui/Documents/TFG/TFG_MS_ROS/ros_ws/install/rover_teleop/lib/python3.8/site-packages/rover_teleop-0.0.0-py3.8.egg-info
[1.898s] running install_scripts
[1.918s] Installing teleop_keyboard_node script to /home/triqui/Documents/TFG/TFG_MS_ROS/ros_ws/install/rover_teleop/lib/rover_teleop
[1.918s] writing list of installed files to '/home/triqui/Documents/TFG/TFG_MS_ROS/ros_ws/build/rover_teleop/install.log'
[1.968s] Invoked command in '/home/triqui/Documents/TFG/TFG_MS_ROS/ros_ws/src/ros2_rover/rover_teleop' returned '0': PYTHONPATH=/home/triqui/Documents/TFG/TFG_MS_ROS/ros_ws/build/rover_teleop/prefix_override:/home/triqui/Documents/TFG/TFG_MS_ROS/ros_ws/install/rover_teleop/lib/python3.8/site-packages:${PYTHONPATH} /usr/bin/python3 setup.py egg_info --egg-base ../../../build/rover_teleop build --build-base /home/triqui/Documents/TFG/TFG_MS_ROS/ros_ws/build/rover_teleop/build install --record /home/triqui/Documents/TFG/TFG_MS_ROS/ros_ws/build/rover_teleop/install.log --install-scripts $base/lib/rover_teleop --single-version-externally-managed
