[0.037s] Invoking command in '/home/triqui/Documents/TFG/TFG_MS_ROS/ros_ws/build/pkg_interfaces': CMAKE_PREFIX_PATH=${CMAKE_PREFIX_PATH}:/home/triqui/turtlebot3_ws/install/turtlebot3_teleop:/home/triqui/turtlebot3_ws/install/turtlebot3_example:/opt/ros/foxy /usr/bin/cmake /home/triqui/Documents/TFG/TFG_MS_ROS/ros_ws/src/pkg_interfaces -DAMENT_CMAKE_SYMLINK_INSTALL=1 -DCMAKE_INSTALL_PREFIX=/home/triqui/Documents/TFG/TFG_MS_ROS/ros_ws/install/pkg_interfaces
[0.090s] -- Found ament_cmake: 0.9.11 (/opt/ros/foxy/share/ament_cmake/cmake)
[0.136s] -- Found PythonInterp: /usr/bin/python3 (found suitable version "3.8.10", minimum required is "3") 
[0.137s] -- Using PYTHON_EXECUTABLE: /usr/bin/python3
[0.373s] -- Override CMake install command with custom implementation using symlinks instead of copying resources
[0.395s] -- Found rosidl_default_generators: 1.0.1 (/opt/ros/foxy/share/rosidl_default_generators/cmake)
[0.401s] -- Using all available rosidl_typesupport_c: rosidl_typesupport_fastrtps_c;rosidl_typesupport_introspection_c
[0.408s] -- Found rosidl_adapter: 1.3.0 (/opt/ros/foxy/share/rosidl_adapter/cmake)
[0.632s] -- Using all available rosidl_typesupport_cpp: rosidl_typesupport_fastrtps_cpp;rosidl_typesupport_introspection_cpp
[0.702s] -- Found PythonInterp: /usr/bin/python3 (found version "3.8.10") 
[1.031s] CMake Error at /opt/ros/foxy/share/rosidl_adapter/cmake/rosidl_adapt_interfaces.cmake:60 (message):
[1.031s]   execute_process(/usr/bin/python3 -m rosidl_adapter --package-name
[1.031s]   pkg_interfaces --arguments-file
[1.031s]   /home/triqui/Documents/TFG/TFG_MS_ROS/ros_ws/build/pkg_interfaces/rosidl_adapter__arguments__pkg_interfaces.json
[1.031s]   --output-dir
[1.031s]   /home/triqui/Documents/TFG/TFG_MS_ROS/ros_ws/build/pkg_interfaces/rosidl_adapter/pkg_interfaces
[1.031s]   --output-file
[1.031s]   /home/triqui/Documents/TFG/TFG_MS_ROS/ros_ws/build/pkg_interfaces/rosidl_adapter/pkg_interfaces.idls)
[1.031s]   returned error code 1:
[1.032s] 
[1.032s]   /usr/lib/python3/dist-packages/requests/__init__.py:89:
[1.032s]   RequestsDependencyWarning: urllib3 (2.0.2) or chardet (3.0.4) doesn't match
[1.032s]   a supported version!
[1.032s] 
[1.032s]     warnings.warn("urllib3 ({}) or chardet ({}) doesn't match a supported "
[1.032s] 
[1.032s]   Traceback (most recent call last):
[1.032s] 
[1.032s]     File "/usr/lib/python3.8/runpy.py", line 194, in _run_module_as_main
[1.032s]       return _run_code(code, main_globals, None,
[1.032s]     File "/usr/lib/python3.8/runpy.py", line 87, in _run_code
[1.033s]       exec(code, run_globals)
[1.033s]     File "/opt/ros/foxy/lib/python3.8/site-packages/rosidl_adapter/__main__.py", line 19, in <module>
[1.033s]       sys.exit(main())
[1.033s]     File "/opt/ros/foxy/lib/python3.8/site-packages/rosidl_adapter/main.py", line 53, in main
[1.033s]       abs_idl_file = convert_to_idl(
[1.033s]     File "/opt/ros/foxy/lib/python3.8/site-packages/rosidl_adapter/__init__.py", line 19, in convert_to_idl
[1.033s]       return convert_msg_to_idl(
[1.033s]     File "/opt/ros/foxy/lib/python3.8/site-packages/rosidl_adapter/msg/__init__.py", line 28, in convert_msg_to_idl
[1.033s]       msg = parse_message_string(package_name, input_file.stem, content)
[1.033s]     File "/opt/ros/foxy/lib/python3.8/site-packages/rosidl_adapter/parser.py", line 540, in parse_message_string
[1.033s]       msg = MessageSpecification(pkg_name, msg_name, fields, constants)
[1.033s]     File "/opt/ros/foxy/lib/python3.8/site-packages/rosidl_adapter/parser.py", line 387, in __init__
[1.033s]       self.base_type = BaseType(
[1.034s]     File "/opt/ros/foxy/lib/python3.8/site-packages/rosidl_adapter/parser.py", line 204, in __init__
[1.034s]       raise InvalidResourceName(
[1.034s] 
[1.034s]   rosidl_adapter.parser.InvalidResourceName: 'battery_lvl' is an invalid
[1.034s]   message name.  It should have the pattern '^[A-Z][A-Za-z0-9]*$'
[1.034s] 
[1.034s] Call Stack (most recent call first):
[1.034s]   /opt/ros/foxy/share/rosidl_cmake/cmake/rosidl_generate_interfaces.cmake:130 (rosidl_adapt_interfaces)
[1.034s]   CMakeLists.txt:22 (rosidl_generate_interfaces)
[1.034s] 
[1.034s] 
[1.034s] -- Configuring incomplete, errors occurred!
[1.034s] See also "/home/triqui/Documents/TFG/TFG_MS_ROS/ros_ws/build/pkg_interfaces/CMakeFiles/CMakeOutput.log".
[1.043s] Invoked command in '/home/triqui/Documents/TFG/TFG_MS_ROS/ros_ws/build/pkg_interfaces' returned '1': CMAKE_PREFIX_PATH=${CMAKE_PREFIX_PATH}:/home/triqui/turtlebot3_ws/install/turtlebot3_teleop:/home/triqui/turtlebot3_ws/install/turtlebot3_example:/opt/ros/foxy /usr/bin/cmake /home/triqui/Documents/TFG/TFG_MS_ROS/ros_ws/src/pkg_interfaces -DAMENT_CMAKE_SYMLINK_INSTALL=1 -DCMAKE_INSTALL_PREFIX=/home/triqui/Documents/TFG/TFG_MS_ROS/ros_ws/install/pkg_interfaces
