-- Install configuration: ""
-- Execute custom install script
-- Up-to-date symlink: /home/triqui/Documents/TFG/TFG_MS_ROS/ros_ws/install/rover_localization/share/rover_localization//launch/ekf.launch.py
-- Up-to-date symlink: /home/triqui/Documents/TFG/TFG_MS_ROS/ros_ws/install/rover_localization/share/rover_localization//launch/localization.launch.py
-- Up-to-date symlink: /home/triqui/Documents/TFG/TFG_MS_ROS/ros_ws/install/rover_localization/share/rover_localization//launch/rgbd_odometry.launch.py
-- Up-to-date symlink: /home/triqui/Documents/TFG/TFG_MS_ROS/ros_ws/install/rover_localization/share/rover_localization//launch/rtabmap.launch.py
-- Up-to-date symlink: /home/triqui/Documents/TFG/TFG_MS_ROS/ros_ws/install/rover_localization/share/rover_localization//config/ekf.yaml
-- Up-to-date symlink: /home/triqui/Documents/TFG/TFG_MS_ROS/ros_ws/install/rover_localization/share/ament_index/resource_index/package_run_dependencies/rover_localization
-- Up-to-date symlink: /home/triqui/Documents/TFG/TFG_MS_ROS/ros_ws/install/rover_localization/share/ament_index/resource_index/parent_prefix_path/rover_localization
-- Up-to-date symlink: /home/triqui/Documents/TFG/TFG_MS_ROS/ros_ws/install/rover_localization/share/rover_localization/environment/ament_prefix_path.sh
-- Up-to-date symlink: /home/triqui/Documents/TFG/TFG_MS_ROS/ros_ws/install/rover_localization/share/rover_localization/environment/ament_prefix_path.dsv
-- Up-to-date symlink: /home/triqui/Documents/TFG/TFG_MS_ROS/ros_ws/install/rover_localization/share/rover_localization/environment/path.sh
-- Up-to-date symlink: /home/triqui/Documents/TFG/TFG_MS_ROS/ros_ws/install/rover_localization/share/rover_localization/environment/path.dsv
-- Up-to-date symlink: /home/triqui/Documents/TFG/TFG_MS_ROS/ros_ws/install/rover_localization/share/rover_localization/local_setup.bash
-- Up-to-date symlink: /home/triqui/Documents/TFG/TFG_MS_ROS/ros_ws/install/rover_localization/share/rover_localization/local_setup.sh
-- Up-to-date symlink: /home/triqui/Documents/TFG/TFG_MS_ROS/ros_ws/install/rover_localization/share/rover_localization/local_setup.zsh
-- Up-to-date symlink: /home/triqui/Documents/TFG/TFG_MS_ROS/ros_ws/install/rover_localization/share/rover_localization/local_setup.dsv
-- Symlinking: /home/triqui/Documents/TFG/TFG_MS_ROS/ros_ws/install/rover_localization/share/rover_localization/package.dsv
-- Up-to-date symlink: /home/triqui/Documents/TFG/TFG_MS_ROS/ros_ws/install/rover_localization/share/ament_index/resource_index/packages/rover_localization
-- Up-to-date symlink: /home/triqui/Documents/TFG/TFG_MS_ROS/ros_ws/install/rover_localization/share/rover_localization/cmake/rover_localizationConfig.cmake
-- Up-to-date symlink: /home/triqui/Documents/TFG/TFG_MS_ROS/ros_ws/install/rover_localization/share/rover_localization/cmake/rover_localizationConfig-version.cmake
-- Up-to-date symlink: /home/triqui/Documents/TFG/TFG_MS_ROS/ros_ws/install/rover_localization/share/rover_localization/package.xml
