[0.348s] DEBUG:colcon:Command line arguments: ['/usr/bin/colcon', 'build', '--symlink-install']
[0.348s] DEBUG:colcon:Parsed command line arguments: Namespace(allow_overriding=[], ament_cmake_args=None, base_paths=['.'], build_base='build', catkin_cmake_args=None, catkin_skip_building_tests=False, cmake_args=None, cmake_clean_cache=False, cmake_clean_first=False, cmake_force_configure=False, cmake_target=None, cmake_target_skip_unavailable=False, continue_on_error=False, event_handlers=None, executor='parallel', ignore_user_meta=False, install_base='install', log_base=None, log_level=None, main=<bound method BuildVerb.main of <colcon_core.verb.build.BuildVerb object at 0x7f8e636ac7c0>>, merge_install=False, metas=['./colcon.meta'], packages_above=None, packages_above_and_dependencies=None, packages_above_depth=None, packages_end=None, packages_ignore=None, packages_ignore_regex=None, packages_select=None, packages_select_build_failed=False, packages_select_by_dep=None, packages_select_regex=None, packages_select_test_failures=False, packages_skip=None, packages_skip_build_finished=False, packages_skip_by_dep=None, packages_skip_regex=None, packages_skip_test_passed=False, packages_skip_up_to=None, packages_start=None, packages_up_to=None, packages_up_to_regex=None, parallel_workers=4, paths=None, symlink_install=True, test_result_base=None, verb_extension=<colcon_core.verb.build.BuildVerb object at 0x7f8e636ac7c0>, verb_name='build', verb_parser=<colcon_defaults.argument_parser.defaults.DefaultArgumentsDecorator object at 0x7f8e636acd30>)
[0.380s] Level 1:colcon.colcon_core.package_discovery:discover_packages(colcon_meta) check parameters
[0.380s] Level 1:colcon.colcon_core.package_discovery:discover_packages(recursive) check parameters
[0.380s] Level 1:colcon.colcon_core.package_discovery:discover_packages(ignore) check parameters
[0.380s] Level 1:colcon.colcon_core.package_discovery:discover_packages(path) check parameters
[0.380s] Level 1:colcon.colcon_core.package_discovery:discover_packages(colcon_meta) discover
[0.380s] Level 1:colcon.colcon_core.package_discovery:discover_packages(recursive) discover
[0.380s] INFO:colcon.colcon_core.package_discovery:Crawling recursively for packages in '/home/triqui/Documents/TFG/TFG_MS_ROS'
[0.380s] Level 1:colcon.colcon_core.package_identification:_identify(.) by extensions ['ignore', 'ignore_ament_install']
[0.380s] Level 1:colcon.colcon_core.package_identification:_identify(.) by extension 'ignore'
[0.380s] Level 1:colcon.colcon_core.package_identification:_identify(.) by extension 'ignore_ament_install'
[0.381s] Level 1:colcon.colcon_core.package_identification:_identify(.) by extensions ['colcon_pkg']
[0.381s] Level 1:colcon.colcon_core.package_identification:_identify(.) by extension 'colcon_pkg'
[0.381s] Level 1:colcon.colcon_core.package_identification:_identify(.) by extensions ['colcon_meta']
[0.381s] Level 1:colcon.colcon_core.package_identification:_identify(.) by extension 'colcon_meta'
[0.381s] Level 1:colcon.colcon_core.package_identification:_identify(.) by extensions ['ros']
[0.381s] Level 1:colcon.colcon_core.package_identification:_identify(.) by extension 'ros'
[0.400s] Level 1:colcon.colcon_core.package_identification:_identify(.) by extensions ['cmake', 'python']
[0.400s] Level 1:colcon.colcon_core.package_identification:_identify(.) by extension 'cmake'
[0.400s] Level 1:colcon.colcon_core.package_identification:_identify(.) by extension 'python'
[0.400s] Level 1:colcon.colcon_core.package_identification:_identify(.) by extensions ['python_setup_py']
[0.400s] Level 1:colcon.colcon_core.package_identification:_identify(.) by extension 'python_setup_py'
[0.401s] Level 1:colcon.colcon_core.package_identification:_identify(MS_ROS_V0.1) by extensions ['ignore', 'ignore_ament_install']
[0.401s] Level 1:colcon.colcon_core.package_identification:_identify(MS_ROS_V0.1) by extension 'ignore'
[0.401s] Level 1:colcon.colcon_core.package_identification:_identify(MS_ROS_V0.1) by extension 'ignore_ament_install'
[0.401s] Level 1:colcon.colcon_core.package_identification:_identify(MS_ROS_V0.1) by extensions ['colcon_pkg']
[0.401s] Level 1:colcon.colcon_core.package_identification:_identify(MS_ROS_V0.1) by extension 'colcon_pkg'
[0.401s] Level 1:colcon.colcon_core.package_identification:_identify(MS_ROS_V0.1) by extensions ['colcon_meta']
[0.401s] Level 1:colcon.colcon_core.package_identification:_identify(MS_ROS_V0.1) by extension 'colcon_meta'
[0.401s] Level 1:colcon.colcon_core.package_identification:_identify(MS_ROS_V0.1) by extensions ['ros']
[0.401s] Level 1:colcon.colcon_core.package_identification:_identify(MS_ROS_V0.1) by extension 'ros'
[0.401s] Level 1:colcon.colcon_core.package_identification:_identify(MS_ROS_V0.1) by extensions ['cmake', 'python']
[0.401s] Level 1:colcon.colcon_core.package_identification:_identify(MS_ROS_V0.1) by extension 'cmake'
[0.401s] Level 1:colcon.colcon_core.package_identification:_identify(MS_ROS_V0.1) by extension 'python'
[0.401s] Level 1:colcon.colcon_core.package_identification:_identify(MS_ROS_V0.1) by extensions ['python_setup_py']
[0.401s] Level 1:colcon.colcon_core.package_identification:_identify(MS_ROS_V0.1) by extension 'python_setup_py'
[0.401s] Level 1:colcon.colcon_core.package_identification:_identify(MS_ROS_V0.1/api) by extensions ['ignore', 'ignore_ament_install']
[0.402s] Level 1:colcon.colcon_core.package_identification:_identify(MS_ROS_V0.1/api) by extension 'ignore'
[0.402s] Level 1:colcon.colcon_core.package_identification:_identify(MS_ROS_V0.1/api) by extension 'ignore_ament_install'
[0.402s] Level 1:colcon.colcon_core.package_identification:_identify(MS_ROS_V0.1/api) by extensions ['colcon_pkg']
[0.402s] Level 1:colcon.colcon_core.package_identification:_identify(MS_ROS_V0.1/api) by extension 'colcon_pkg'
[0.402s] Level 1:colcon.colcon_core.package_identification:_identify(MS_ROS_V0.1/api) by extensions ['colcon_meta']
[0.402s] Level 1:colcon.colcon_core.package_identification:_identify(MS_ROS_V0.1/api) by extension 'colcon_meta'
[0.402s] Level 1:colcon.colcon_core.package_identification:_identify(MS_ROS_V0.1/api) by extensions ['ros']
[0.402s] Level 1:colcon.colcon_core.package_identification:_identify(MS_ROS_V0.1/api) by extension 'ros'
[0.402s] Level 1:colcon.colcon_core.package_identification:_identify(MS_ROS_V0.1/api) by extensions ['cmake', 'python']
[0.402s] Level 1:colcon.colcon_core.package_identification:_identify(MS_ROS_V0.1/api) by extension 'cmake'
[0.402s] Level 1:colcon.colcon_core.package_identification:_identify(MS_ROS_V0.1/api) by extension 'python'
[0.402s] Level 1:colcon.colcon_core.package_identification:_identify(MS_ROS_V0.1/api) by extensions ['python_setup_py']
[0.402s] Level 1:colcon.colcon_core.package_identification:_identify(MS_ROS_V0.1/api) by extension 'python_setup_py'
[0.402s] Level 1:colcon.colcon_core.package_identification:_identify(build) by extensions ['ignore', 'ignore_ament_install']
[0.403s] Level 1:colcon.colcon_core.package_identification:_identify(build) by extension 'ignore'
[0.403s] Level 1:colcon.colcon_core.package_identification:_identify(build) ignored
[0.403s] Level 1:colcon.colcon_core.package_identification:_identify(install) by extensions ['ignore', 'ignore_ament_install']
[0.403s] Level 1:colcon.colcon_core.package_identification:_identify(install) by extension 'ignore'
[0.403s] Level 1:colcon.colcon_core.package_identification:_identify(install) ignored
[0.403s] Level 1:colcon.colcon_core.package_identification:_identify(log) by extensions ['ignore', 'ignore_ament_install']
[0.403s] Level 1:colcon.colcon_core.package_identification:_identify(log) by extension 'ignore'
[0.403s] Level 1:colcon.colcon_core.package_identification:_identify(log) ignored
[0.403s] Level 1:colcon.colcon_core.package_identification:_identify(ros_ws) by extensions ['ignore', 'ignore_ament_install']
[0.403s] Level 1:colcon.colcon_core.package_identification:_identify(ros_ws) by extension 'ignore'
[0.404s] Level 1:colcon.colcon_core.package_identification:_identify(ros_ws) by extension 'ignore_ament_install'
[0.404s] Level 1:colcon.colcon_core.package_identification:_identify(ros_ws) by extensions ['colcon_pkg']
[0.404s] Level 1:colcon.colcon_core.package_identification:_identify(ros_ws) by extension 'colcon_pkg'
[0.404s] Level 1:colcon.colcon_core.package_identification:_identify(ros_ws) by extensions ['colcon_meta']
[0.404s] Level 1:colcon.colcon_core.package_identification:_identify(ros_ws) by extension 'colcon_meta'
[0.404s] Level 1:colcon.colcon_core.package_identification:_identify(ros_ws) by extensions ['ros']
[0.404s] Level 1:colcon.colcon_core.package_identification:_identify(ros_ws) by extension 'ros'
[0.404s] Level 1:colcon.colcon_core.package_identification:_identify(ros_ws) by extensions ['cmake', 'python']
[0.404s] Level 1:colcon.colcon_core.package_identification:_identify(ros_ws) by extension 'cmake'
[0.404s] Level 1:colcon.colcon_core.package_identification:_identify(ros_ws) by extension 'python'
[0.404s] Level 1:colcon.colcon_core.package_identification:_identify(ros_ws) by extensions ['python_setup_py']
[0.404s] Level 1:colcon.colcon_core.package_identification:_identify(ros_ws) by extension 'python_setup_py'
[0.404s] Level 1:colcon.colcon_core.package_identification:_identify(ros_ws/build) by extensions ['ignore', 'ignore_ament_install']
[0.404s] Level 1:colcon.colcon_core.package_identification:_identify(ros_ws/build) by extension 'ignore'
[0.404s] Level 1:colcon.colcon_core.package_identification:_identify(ros_ws/build) ignored
[0.405s] Level 1:colcon.colcon_core.package_identification:_identify(ros_ws/install) by extensions ['ignore', 'ignore_ament_install']
[0.405s] Level 1:colcon.colcon_core.package_identification:_identify(ros_ws/install) by extension 'ignore'
[0.405s] Level 1:colcon.colcon_core.package_identification:_identify(ros_ws/install) ignored
[0.405s] Level 1:colcon.colcon_core.package_identification:_identify(ros_ws/log) by extensions ['ignore', 'ignore_ament_install']
[0.405s] Level 1:colcon.colcon_core.package_identification:_identify(ros_ws/log) by extension 'ignore'
[0.405s] Level 1:colcon.colcon_core.package_identification:_identify(ros_ws/log) ignored
[0.405s] Level 1:colcon.colcon_core.package_identification:_identify(ros_ws/src) by extensions ['ignore', 'ignore_ament_install']
[0.405s] Level 1:colcon.colcon_core.package_identification:_identify(ros_ws/src) by extension 'ignore'
[0.405s] Level 1:colcon.colcon_core.package_identification:_identify(ros_ws/src) by extension 'ignore_ament_install'
[0.405s] Level 1:colcon.colcon_core.package_identification:_identify(ros_ws/src) by extensions ['colcon_pkg']
[0.405s] Level 1:colcon.colcon_core.package_identification:_identify(ros_ws/src) by extension 'colcon_pkg'
[0.405s] Level 1:colcon.colcon_core.package_identification:_identify(ros_ws/src) by extensions ['colcon_meta']
[0.406s] Level 1:colcon.colcon_core.package_identification:_identify(ros_ws/src) by extension 'colcon_meta'
[0.406s] Level 1:colcon.colcon_core.package_identification:_identify(ros_ws/src) by extensions ['ros']
[0.406s] Level 1:colcon.colcon_core.package_identification:_identify(ros_ws/src) by extension 'ros'
[0.406s] Level 1:colcon.colcon_core.package_identification:_identify(ros_ws/src) by extensions ['cmake', 'python']
[0.406s] Level 1:colcon.colcon_core.package_identification:_identify(ros_ws/src) by extension 'cmake'
[0.406s] Level 1:colcon.colcon_core.package_identification:_identify(ros_ws/src) by extension 'python'
[0.406s] Level 1:colcon.colcon_core.package_identification:_identify(ros_ws/src) by extensions ['python_setup_py']
[0.406s] Level 1:colcon.colcon_core.package_identification:_identify(ros_ws/src) by extension 'python_setup_py'
[0.406s] Level 1:colcon.colcon_core.package_identification:_identify(ros_ws/src/my_battery_package) by extensions ['ignore', 'ignore_ament_install']
[0.406s] Level 1:colcon.colcon_core.package_identification:_identify(ros_ws/src/my_battery_package) by extension 'ignore'
[0.406s] Level 1:colcon.colcon_core.package_identification:_identify(ros_ws/src/my_battery_package) by extension 'ignore_ament_install'
[0.406s] Level 1:colcon.colcon_core.package_identification:_identify(ros_ws/src/my_battery_package) by extensions ['colcon_pkg']
[0.406s] Level 1:colcon.colcon_core.package_identification:_identify(ros_ws/src/my_battery_package) by extension 'colcon_pkg'
[0.406s] Level 1:colcon.colcon_core.package_identification:_identify(ros_ws/src/my_battery_package) by extensions ['colcon_meta']
[0.406s] Level 1:colcon.colcon_core.package_identification:_identify(ros_ws/src/my_battery_package) by extension 'colcon_meta'
[0.406s] Level 1:colcon.colcon_core.package_identification:_identify(ros_ws/src/my_battery_package) by extensions ['ros']
[0.406s] Level 1:colcon.colcon_core.package_identification:_identify(ros_ws/src/my_battery_package) by extension 'ros'
[0.409s] DEBUG:colcon.colcon_core.package_identification:Package 'ros_ws/src/my_battery_package' with type 'ros.ament_python' and name 'my_battery_package'
[0.409s] Level 1:colcon.colcon_core.package_identification:_identify(ros_ws/src/pkg_interfaces) by extensions ['ignore', 'ignore_ament_install']
[0.409s] Level 1:colcon.colcon_core.package_identification:_identify(ros_ws/src/pkg_interfaces) by extension 'ignore'
[0.409s] Level 1:colcon.colcon_core.package_identification:_identify(ros_ws/src/pkg_interfaces) by extension 'ignore_ament_install'
[0.409s] Level 1:colcon.colcon_core.package_identification:_identify(ros_ws/src/pkg_interfaces) by extensions ['colcon_pkg']
[0.410s] Level 1:colcon.colcon_core.package_identification:_identify(ros_ws/src/pkg_interfaces) by extension 'colcon_pkg'
[0.410s] Level 1:colcon.colcon_core.package_identification:_identify(ros_ws/src/pkg_interfaces) by extensions ['colcon_meta']
[0.410s] Level 1:colcon.colcon_core.package_identification:_identify(ros_ws/src/pkg_interfaces) by extension 'colcon_meta'
[0.410s] Level 1:colcon.colcon_core.package_identification:_identify(ros_ws/src/pkg_interfaces) by extensions ['ros']
[0.410s] Level 1:colcon.colcon_core.package_identification:_identify(ros_ws/src/pkg_interfaces) by extension 'ros'
[0.410s] DEBUG:colcon.colcon_core.package_identification:Package 'ros_ws/src/pkg_interfaces' with type 'ros.ament_cmake' and name 'pkg_interfaces'
[0.410s] Level 1:colcon.colcon_core.package_discovery:discover_packages(recursive) using defaults
[0.410s] Level 1:colcon.colcon_core.package_discovery:discover_packages(ignore) discover
[0.410s] Level 1:colcon.colcon_core.package_discovery:discover_packages(ignore) using defaults
[0.410s] Level 1:colcon.colcon_core.package_discovery:discover_packages(path) discover
[0.410s] Level 1:colcon.colcon_core.package_discovery:discover_packages(path) using defaults
[0.433s] Level 1:colcon.colcon_core.package_discovery:discover_packages(prefix_path) check parameters
[0.433s] Level 1:colcon.colcon_core.package_discovery:discover_packages(prefix_path) discover
[0.436s] DEBUG:colcon.colcon_installed_package_information.package_discovery:Found 2 installed packages in /home/triqui/Documents/TFG/TFG_MS_ROS/install
[0.438s] DEBUG:colcon.colcon_installed_package_information.package_discovery:Found 15 installed packages in /home/triqui/turtlebot3_ws/install
[0.440s] DEBUG:colcon.colcon_installed_package_information.package_discovery:Found 377 installed packages in /opt/ros/foxy
[0.443s] Level 1:colcon.colcon_core.package_discovery:discover_packages(prefix_path) using defaults
[0.536s] Level 5:colcon.colcon_core.verb:set package 'pkg_interfaces' build argument 'cmake_args' from command line to 'None'
[0.537s] Level 5:colcon.colcon_core.verb:set package 'pkg_interfaces' build argument 'cmake_target' from command line to 'None'
[0.539s] Level 5:colcon.colcon_core.verb:set package 'pkg_interfaces' build argument 'cmake_target_skip_unavailable' from command line to 'False'
[0.539s] Level 5:colcon.colcon_core.verb:set package 'pkg_interfaces' build argument 'cmake_clean_cache' from command line to 'False'
[0.539s] Level 5:colcon.colcon_core.verb:set package 'pkg_interfaces' build argument 'cmake_clean_first' from command line to 'False'
[0.539s] Level 5:colcon.colcon_core.verb:set package 'pkg_interfaces' build argument 'cmake_force_configure' from command line to 'False'
[0.539s] Level 5:colcon.colcon_core.verb:set package 'pkg_interfaces' build argument 'ament_cmake_args' from command line to 'None'
[0.539s] Level 5:colcon.colcon_core.verb:set package 'pkg_interfaces' build argument 'catkin_cmake_args' from command line to 'None'
[0.539s] Level 5:colcon.colcon_core.verb:set package 'pkg_interfaces' build argument 'catkin_skip_building_tests' from command line to 'False'
[0.539s] DEBUG:colcon.colcon_core.verb:Building package 'pkg_interfaces' with the following arguments: {'ament_cmake_args': None, 'build_base': '/home/triqui/Documents/TFG/TFG_MS_ROS/build/pkg_interfaces', 'catkin_cmake_args': None, 'catkin_skip_building_tests': False, 'cmake_args': None, 'cmake_clean_cache': False, 'cmake_clean_first': False, 'cmake_force_configure': False, 'cmake_target': None, 'cmake_target_skip_unavailable': False, 'install_base': '/home/triqui/Documents/TFG/TFG_MS_ROS/install/pkg_interfaces', 'merge_install': False, 'path': '/home/triqui/Documents/TFG/TFG_MS_ROS/ros_ws/src/pkg_interfaces', 'symlink_install': True, 'test_result_base': None}
[0.540s] Level 5:colcon.colcon_core.verb:set package 'my_battery_package' build argument 'cmake_args' from command line to 'None'
[0.540s] Level 5:colcon.colcon_core.verb:set package 'my_battery_package' build argument 'cmake_target' from command line to 'None'
[0.540s] Level 5:colcon.colcon_core.verb:set package 'my_battery_package' build argument 'cmake_target_skip_unavailable' from command line to 'False'
[0.540s] Level 5:colcon.colcon_core.verb:set package 'my_battery_package' build argument 'cmake_clean_cache' from command line to 'False'
[0.540s] Level 5:colcon.colcon_core.verb:set package 'my_battery_package' build argument 'cmake_clean_first' from command line to 'False'
[0.540s] Level 5:colcon.colcon_core.verb:set package 'my_battery_package' build argument 'cmake_force_configure' from command line to 'False'
[0.540s] Level 5:colcon.colcon_core.verb:set package 'my_battery_package' build argument 'ament_cmake_args' from command line to 'None'
[0.541s] Level 5:colcon.colcon_core.verb:set package 'my_battery_package' build argument 'catkin_cmake_args' from command line to 'None'
[0.541s] Level 5:colcon.colcon_core.verb:set package 'my_battery_package' build argument 'catkin_skip_building_tests' from command line to 'False'
[0.541s] DEBUG:colcon.colcon_core.verb:Building package 'my_battery_package' with the following arguments: {'ament_cmake_args': None, 'build_base': '/home/triqui/Documents/TFG/TFG_MS_ROS/build/my_battery_package', 'catkin_cmake_args': None, 'catkin_skip_building_tests': False, 'cmake_args': None, 'cmake_clean_cache': False, 'cmake_clean_first': False, 'cmake_force_configure': False, 'cmake_target': None, 'cmake_target_skip_unavailable': False, 'install_base': '/home/triqui/Documents/TFG/TFG_MS_ROS/install/my_battery_package', 'merge_install': False, 'path': '/home/triqui/Documents/TFG/TFG_MS_ROS/ros_ws/src/my_battery_package', 'symlink_install': True, 'test_result_base': None}
[0.541s] INFO:colcon.colcon_core.executor:Executing jobs using 'parallel' executor
[0.545s] DEBUG:colcon.colcon_parallel_executor.executor.parallel:run_until_complete
[0.545s] INFO:colcon.colcon_ros.task.ament_cmake.build:Building ROS package in '/home/triqui/Documents/TFG/TFG_MS_ROS/ros_ws/src/pkg_interfaces' with build type 'ament_cmake'
[0.545s] INFO:colcon.colcon_cmake.task.cmake.build:Building CMake package in '/home/triqui/Documents/TFG/TFG_MS_ROS/ros_ws/src/pkg_interfaces'
[0.552s] INFO:colcon.colcon_core.plugin_system:Skipping extension 'colcon_core.shell.bat': Not used on non-Windows systems
[0.552s] INFO:colcon.colcon_core.shell:Skip shell extension 'powershell' for command environment: Not usable outside of PowerShell
[0.552s] DEBUG:colcon.colcon_core.shell:Skip shell extension 'dsv' for command environment
[0.573s] DEBUG:colcon.colcon_core.event_handler.log_command:Invoking command in '/home/triqui/Documents/TFG/TFG_MS_ROS/build/pkg_interfaces': CMAKE_PREFIX_PATH=${CMAKE_PREFIX_PATH}:/home/triqui/Documents/TFG/TFG_MS_ROS/install/my_battery_package:/home/triqui/turtlebot3_ws/install/turtlebot3_teleop:/home/triqui/turtlebot3_ws/install/turtlebot3_example:/opt/ros/foxy /usr/bin/cmake --build /home/triqui/Documents/TFG/TFG_MS_ROS/build/pkg_interfaces -- -j4 -l4
[0.840s] DEBUG:colcon.colcon_core.event_handler.log_command:Invoked command in '/home/triqui/Documents/TFG/TFG_MS_ROS/build/pkg_interfaces' returned '0': CMAKE_PREFIX_PATH=${CMAKE_PREFIX_PATH}:/home/triqui/Documents/TFG/TFG_MS_ROS/install/my_battery_package:/home/triqui/turtlebot3_ws/install/turtlebot3_teleop:/home/triqui/turtlebot3_ws/install/turtlebot3_example:/opt/ros/foxy /usr/bin/cmake --build /home/triqui/Documents/TFG/TFG_MS_ROS/build/pkg_interfaces -- -j4 -l4
[0.920s] DEBUG:colcon.colcon_core.event_handler.log_command:Invoking command in '/home/triqui/Documents/TFG/TFG_MS_ROS/build/pkg_interfaces': CMAKE_PREFIX_PATH=${CMAKE_PREFIX_PATH}:/home/triqui/Documents/TFG/TFG_MS_ROS/install/my_battery_package:/home/triqui/turtlebot3_ws/install/turtlebot3_teleop:/home/triqui/turtlebot3_ws/install/turtlebot3_example:/opt/ros/foxy /usr/bin/cmake --install /home/triqui/Documents/TFG/TFG_MS_ROS/build/pkg_interfaces
[1.016s] Level 1:colcon.colcon_core.environment:create_environment_scripts_only(pkg_interfaces)
[1.018s] DEBUG:colcon.colcon_core.event_handler.log_command:Invoked command in '/home/triqui/Documents/TFG/TFG_MS_ROS/build/pkg_interfaces' returned '0': CMAKE_PREFIX_PATH=${CMAKE_PREFIX_PATH}:/home/triqui/Documents/TFG/TFG_MS_ROS/install/my_battery_package:/home/triqui/turtlebot3_ws/install/turtlebot3_teleop:/home/triqui/turtlebot3_ws/install/turtlebot3_example:/opt/ros/foxy /usr/bin/cmake --install /home/triqui/Documents/TFG/TFG_MS_ROS/build/pkg_interfaces
[1.023s] Level 1:colcon.colcon_core.environment:checking '/home/triqui/Documents/TFG/TFG_MS_ROS/install/pkg_interfaces' for CMake module files
[1.024s] Level 1:colcon.colcon_core.environment:checking '/home/triqui/Documents/TFG/TFG_MS_ROS/install/pkg_interfaces' for CMake config files
[1.024s] Level 1:colcon.colcon_core.shell:create_environment_hook('pkg_interfaces', 'cmake_prefix_path')
[1.026s] INFO:colcon.colcon_core.shell:Creating environment hook '/home/triqui/Documents/TFG/TFG_MS_ROS/install/pkg_interfaces/share/pkg_interfaces/hook/cmake_prefix_path.ps1'
[1.027s] INFO:colcon.colcon_core.shell:Creating environment descriptor '/home/triqui/Documents/TFG/TFG_MS_ROS/install/pkg_interfaces/share/pkg_interfaces/hook/cmake_prefix_path.dsv'
[1.027s] INFO:colcon.colcon_core.shell:Creating environment hook '/home/triqui/Documents/TFG/TFG_MS_ROS/install/pkg_interfaces/share/pkg_interfaces/hook/cmake_prefix_path.sh'
[1.029s] Level 1:colcon.colcon_core.environment:checking '/home/triqui/Documents/TFG/TFG_MS_ROS/install/pkg_interfaces/lib'
[1.029s] Level 1:colcon.colcon_core.shell:create_environment_hook('pkg_interfaces', 'ld_library_path_lib')
[1.030s] INFO:colcon.colcon_core.shell:Creating environment hook '/home/triqui/Documents/TFG/TFG_MS_ROS/install/pkg_interfaces/share/pkg_interfaces/hook/ld_library_path_lib.ps1'
[1.031s] INFO:colcon.colcon_core.shell:Creating environment descriptor '/home/triqui/Documents/TFG/TFG_MS_ROS/install/pkg_interfaces/share/pkg_interfaces/hook/ld_library_path_lib.dsv'
[1.031s] INFO:colcon.colcon_core.shell:Creating environment hook '/home/triqui/Documents/TFG/TFG_MS_ROS/install/pkg_interfaces/share/pkg_interfaces/hook/ld_library_path_lib.sh'
[1.031s] Level 1:colcon.colcon_core.environment:checking '/home/triqui/Documents/TFG/TFG_MS_ROS/install/pkg_interfaces/bin'
[1.032s] Level 1:colcon.colcon_core.environment:checking '/home/triqui/Documents/TFG/TFG_MS_ROS/install/pkg_interfaces/lib/pkgconfig/pkg_interfaces.pc'
[1.032s] Level 1:colcon.colcon_core.environment:checking '/home/triqui/Documents/TFG/TFG_MS_ROS/install/pkg_interfaces/lib/python3.8/site-packages'
[1.032s] Level 1:colcon.colcon_core.shell:create_environment_hook('pkg_interfaces', 'pythonpath')
[1.033s] INFO:colcon.colcon_core.shell:Creating environment hook '/home/triqui/Documents/TFG/TFG_MS_ROS/install/pkg_interfaces/share/pkg_interfaces/hook/pythonpath.ps1'
[1.034s] INFO:colcon.colcon_core.shell:Creating environment descriptor '/home/triqui/Documents/TFG/TFG_MS_ROS/install/pkg_interfaces/share/pkg_interfaces/hook/pythonpath.dsv'
[1.034s] INFO:colcon.colcon_core.shell:Creating environment hook '/home/triqui/Documents/TFG/TFG_MS_ROS/install/pkg_interfaces/share/pkg_interfaces/hook/pythonpath.sh'
[1.035s] Level 1:colcon.colcon_core.environment:checking '/home/triqui/Documents/TFG/TFG_MS_ROS/install/pkg_interfaces/bin'
[1.036s] INFO:colcon.colcon_core.shell:Creating package script '/home/triqui/Documents/TFG/TFG_MS_ROS/install/pkg_interfaces/share/pkg_interfaces/package.ps1'
[1.037s] INFO:colcon.colcon_core.shell:Creating package descriptor '/home/triqui/Documents/TFG/TFG_MS_ROS/install/pkg_interfaces/share/pkg_interfaces/package.dsv'
[1.038s] INFO:colcon.colcon_core.shell:Creating package script '/home/triqui/Documents/TFG/TFG_MS_ROS/install/pkg_interfaces/share/pkg_interfaces/package.sh'
[1.039s] INFO:colcon.colcon_core.shell:Creating package script '/home/triqui/Documents/TFG/TFG_MS_ROS/install/pkg_interfaces/share/pkg_interfaces/package.bash'
[1.039s] INFO:colcon.colcon_core.shell:Creating package script '/home/triqui/Documents/TFG/TFG_MS_ROS/install/pkg_interfaces/share/pkg_interfaces/package.zsh'
[1.040s] Level 1:colcon.colcon_core.environment:create_file_with_runtime_dependencies(/home/triqui/Documents/TFG/TFG_MS_ROS/install/pkg_interfaces/share/colcon-core/packages/pkg_interfaces)
[1.110s] Level 1:colcon.colcon_core.environment:create_environment_scripts_only(pkg_interfaces)
[1.112s] Level 1:colcon.colcon_core.environment:checking '/home/triqui/Documents/TFG/TFG_MS_ROS/install/pkg_interfaces' for CMake module files
[1.113s] Level 1:colcon.colcon_core.environment:checking '/home/triqui/Documents/TFG/TFG_MS_ROS/install/pkg_interfaces' for CMake config files
[1.113s] Level 1:colcon.colcon_core.shell:create_environment_hook('pkg_interfaces', 'cmake_prefix_path')
[1.115s] INFO:colcon.colcon_core.shell:Creating environment hook '/home/triqui/Documents/TFG/TFG_MS_ROS/install/pkg_interfaces/share/pkg_interfaces/hook/cmake_prefix_path.ps1'
[1.115s] INFO:colcon.colcon_core.shell:Creating environment descriptor '/home/triqui/Documents/TFG/TFG_MS_ROS/install/pkg_interfaces/share/pkg_interfaces/hook/cmake_prefix_path.dsv'
[1.116s] INFO:colcon.colcon_core.shell:Creating environment hook '/home/triqui/Documents/TFG/TFG_MS_ROS/install/pkg_interfaces/share/pkg_interfaces/hook/cmake_prefix_path.sh'
[1.116s] Level 1:colcon.colcon_core.environment:checking '/home/triqui/Documents/TFG/TFG_MS_ROS/install/pkg_interfaces/lib'
[1.117s] Level 1:colcon.colcon_core.shell:create_environment_hook('pkg_interfaces', 'ld_library_path_lib')
[1.118s] INFO:colcon.colcon_core.shell:Creating environment hook '/home/triqui/Documents/TFG/TFG_MS_ROS/install/pkg_interfaces/share/pkg_interfaces/hook/ld_library_path_lib.ps1'
[1.118s] INFO:colcon.colcon_core.shell:Creating environment descriptor '/home/triqui/Documents/TFG/TFG_MS_ROS/install/pkg_interfaces/share/pkg_interfaces/hook/ld_library_path_lib.dsv'
[1.119s] INFO:colcon.colcon_core.shell:Creating environment hook '/home/triqui/Documents/TFG/TFG_MS_ROS/install/pkg_interfaces/share/pkg_interfaces/hook/ld_library_path_lib.sh'
[1.119s] Level 1:colcon.colcon_core.environment:checking '/home/triqui/Documents/TFG/TFG_MS_ROS/install/pkg_interfaces/bin'
[1.119s] Level 1:colcon.colcon_core.environment:checking '/home/triqui/Documents/TFG/TFG_MS_ROS/install/pkg_interfaces/lib/pkgconfig/pkg_interfaces.pc'
[1.119s] Level 1:colcon.colcon_core.environment:checking '/home/triqui/Documents/TFG/TFG_MS_ROS/install/pkg_interfaces/lib/python3.8/site-packages'
[1.120s] Level 1:colcon.colcon_core.shell:create_environment_hook('pkg_interfaces', 'pythonpath')
[1.121s] INFO:colcon.colcon_core.shell:Creating environment hook '/home/triqui/Documents/TFG/TFG_MS_ROS/install/pkg_interfaces/share/pkg_interfaces/hook/pythonpath.ps1'
[1.121s] INFO:colcon.colcon_core.shell:Creating environment descriptor '/home/triqui/Documents/TFG/TFG_MS_ROS/install/pkg_interfaces/share/pkg_interfaces/hook/pythonpath.dsv'
[1.122s] INFO:colcon.colcon_core.shell:Creating environment hook '/home/triqui/Documents/TFG/TFG_MS_ROS/install/pkg_interfaces/share/pkg_interfaces/hook/pythonpath.sh'
[1.122s] Level 1:colcon.colcon_core.environment:checking '/home/triqui/Documents/TFG/TFG_MS_ROS/install/pkg_interfaces/bin'
[1.124s] INFO:colcon.colcon_core.shell:Creating package script '/home/triqui/Documents/TFG/TFG_MS_ROS/install/pkg_interfaces/share/pkg_interfaces/package.ps1'
[1.124s] INFO:colcon.colcon_core.shell:Creating package descriptor '/home/triqui/Documents/TFG/TFG_MS_ROS/install/pkg_interfaces/share/pkg_interfaces/package.dsv'
[1.125s] INFO:colcon.colcon_core.shell:Creating package script '/home/triqui/Documents/TFG/TFG_MS_ROS/install/pkg_interfaces/share/pkg_interfaces/package.sh'
[1.125s] INFO:colcon.colcon_core.shell:Creating package script '/home/triqui/Documents/TFG/TFG_MS_ROS/install/pkg_interfaces/share/pkg_interfaces/package.bash'
[1.126s] INFO:colcon.colcon_core.shell:Creating package script '/home/triqui/Documents/TFG/TFG_MS_ROS/install/pkg_interfaces/share/pkg_interfaces/package.zsh'
[1.126s] Level 1:colcon.colcon_core.environment:create_file_with_runtime_dependencies(/home/triqui/Documents/TFG/TFG_MS_ROS/install/pkg_interfaces/share/colcon-core/packages/pkg_interfaces)
[1.127s] INFO:colcon.colcon_ros.task.ament_python.build:Building ROS package in '/home/triqui/Documents/TFG/TFG_MS_ROS/ros_ws/src/my_battery_package' with build type 'ament_python'
[1.127s] Level 1:colcon.colcon_core.shell:create_environment_hook('my_battery_package', 'ament_prefix_path')
[1.129s] INFO:colcon.colcon_core.shell:Creating environment hook '/home/triqui/Documents/TFG/TFG_MS_ROS/install/my_battery_package/share/my_battery_package/hook/ament_prefix_path.ps1'
[1.130s] INFO:colcon.colcon_core.shell:Creating environment descriptor '/home/triqui/Documents/TFG/TFG_MS_ROS/install/my_battery_package/share/my_battery_package/hook/ament_prefix_path.dsv'
[1.130s] INFO:colcon.colcon_core.shell:Creating environment hook '/home/triqui/Documents/TFG/TFG_MS_ROS/install/my_battery_package/share/my_battery_package/hook/ament_prefix_path.sh'
[1.132s] INFO:colcon.colcon_core.shell:Skip shell extension 'powershell' for command environment: Not usable outside of PowerShell
[1.132s] DEBUG:colcon.colcon_core.shell:Skip shell extension 'dsv' for command environment
[1.412s] INFO:colcon.colcon_core.task.python.build:Building Python package in '/home/triqui/Documents/TFG/TFG_MS_ROS/ros_ws/src/my_battery_package'
[1.413s] INFO:colcon.colcon_core.shell:Skip shell extension 'powershell' for command environment: Not usable outside of PowerShell
[1.414s] DEBUG:colcon.colcon_core.shell:Skip shell extension 'dsv' for command environment
[1.862s] DEBUG:colcon.colcon_core.event_handler.log_command:Invoking command in '/home/triqui/Documents/TFG/TFG_MS_ROS/build/my_battery_package': PYTHONPATH=/home/triqui/Documents/TFG/TFG_MS_ROS/build/my_battery_package/prefix_override:/home/triqui/Documents/TFG/TFG_MS_ROS/install/my_battery_package/lib/python3.8/site-packages:/home/triqui/Documents/TFG/TFG_MS_ROS/install/pkg_interfaces/lib/python3.8/site-packages:/home/triqui/Documents/TFG/TFG_MS_ROS/build/my_battery_package:/home/triqui/Documents/TFG/TFG_MS_ROS/install/my_battery_package/lib/python3.8/site-packages:/home/triqui/turtlebot3_ws/build/turtlebot3_teleop:/home/triqui/turtlebot3_ws/install/turtlebot3_teleop/lib/python3.8/site-packages:/home/triqui/turtlebot3_ws/build/turtlebot3_example:/home/triqui/turtlebot3_ws/install/turtlebot3_example/lib/python3.8/site-packages:/home/triqui/turtlebot3_ws/install/turtlebot3_msgs/lib/python3.8/site-packages:/home/triqui/turtlebot3_ws/install/dynamixel_sdk_custom_interfaces/lib/python3.8/site-packages:/opt/ros/foxy/lib/python3.8/site-packages /usr/bin/python3 setup.py develop --editable --build-directory /home/triqui/Documents/TFG/TFG_MS_ROS/build/my_battery_package/build --no-deps install_data
[2.404s] Level 1:colcon.colcon_core.shell:create_environment_hook('my_battery_package', 'pythonpath_develop')
[2.404s] DEBUG:colcon.colcon_core.event_handler.log_command:Invoked command in '/home/triqui/Documents/TFG/TFG_MS_ROS/build/my_battery_package' returned '0': PYTHONPATH=/home/triqui/Documents/TFG/TFG_MS_ROS/build/my_battery_package/prefix_override:/home/triqui/Documents/TFG/TFG_MS_ROS/install/my_battery_package/lib/python3.8/site-packages:/home/triqui/Documents/TFG/TFG_MS_ROS/install/pkg_interfaces/lib/python3.8/site-packages:/home/triqui/Documents/TFG/TFG_MS_ROS/build/my_battery_package:/home/triqui/Documents/TFG/TFG_MS_ROS/install/my_battery_package/lib/python3.8/site-packages:/home/triqui/turtlebot3_ws/build/turtlebot3_teleop:/home/triqui/turtlebot3_ws/install/turtlebot3_teleop/lib/python3.8/site-packages:/home/triqui/turtlebot3_ws/build/turtlebot3_example:/home/triqui/turtlebot3_ws/install/turtlebot3_example/lib/python3.8/site-packages:/home/triqui/turtlebot3_ws/install/turtlebot3_msgs/lib/python3.8/site-packages:/home/triqui/turtlebot3_ws/install/dynamixel_sdk_custom_interfaces/lib/python3.8/site-packages:/opt/ros/foxy/lib/python3.8/site-packages /usr/bin/python3 setup.py develop --editable --build-directory /home/triqui/Documents/TFG/TFG_MS_ROS/build/my_battery_package/build --no-deps install_data
[2.406s] INFO:colcon.colcon_core.shell:Creating environment hook '/home/triqui/Documents/TFG/TFG_MS_ROS/build/my_battery_package/share/my_battery_package/hook/pythonpath_develop.ps1'
[2.407s] INFO:colcon.colcon_core.shell:Creating environment descriptor '/home/triqui/Documents/TFG/TFG_MS_ROS/build/my_battery_package/share/my_battery_package/hook/pythonpath_develop.dsv'
[2.407s] INFO:colcon.colcon_core.shell:Creating environment hook '/home/triqui/Documents/TFG/TFG_MS_ROS/build/my_battery_package/share/my_battery_package/hook/pythonpath_develop.sh'
[2.410s] Level 1:colcon.colcon_core.environment:checking '/home/triqui/Documents/TFG/TFG_MS_ROS/install/my_battery_package' for CMake module files
[2.411s] Level 1:colcon.colcon_core.environment:checking '/home/triqui/Documents/TFG/TFG_MS_ROS/install/my_battery_package' for CMake config files
[2.411s] Level 1:colcon.colcon_core.environment:checking '/home/triqui/Documents/TFG/TFG_MS_ROS/install/my_battery_package/lib'
[2.411s] Level 1:colcon.colcon_core.environment:checking '/home/triqui/Documents/TFG/TFG_MS_ROS/install/my_battery_package/bin'
[2.412s] Level 1:colcon.colcon_core.environment:checking '/home/triqui/Documents/TFG/TFG_MS_ROS/install/my_battery_package/lib/pkgconfig/my_battery_package.pc'
[2.412s] Level 1:colcon.colcon_core.environment:checking '/home/triqui/Documents/TFG/TFG_MS_ROS/install/my_battery_package/lib/python3.8/site-packages'
[2.412s] Level 1:colcon.colcon_core.shell:create_environment_hook('my_battery_package', 'pythonpath')
[2.413s] INFO:colcon.colcon_core.shell:Creating environment hook '/home/triqui/Documents/TFG/TFG_MS_ROS/install/my_battery_package/share/my_battery_package/hook/pythonpath.ps1'
[2.414s] INFO:colcon.colcon_core.shell:Creating environment descriptor '/home/triqui/Documents/TFG/TFG_MS_ROS/install/my_battery_package/share/my_battery_package/hook/pythonpath.dsv'
[2.414s] INFO:colcon.colcon_core.shell:Creating environment hook '/home/triqui/Documents/TFG/TFG_MS_ROS/install/my_battery_package/share/my_battery_package/hook/pythonpath.sh'
[2.415s] Level 1:colcon.colcon_core.environment:checking '/home/triqui/Documents/TFG/TFG_MS_ROS/install/my_battery_package/bin'
[2.415s] Level 1:colcon.colcon_core.environment:create_environment_scripts_only(my_battery_package)
[2.416s] INFO:colcon.colcon_core.shell:Creating package script '/home/triqui/Documents/TFG/TFG_MS_ROS/install/my_battery_package/share/my_battery_package/package.ps1'
[2.417s] INFO:colcon.colcon_core.shell:Creating package descriptor '/home/triqui/Documents/TFG/TFG_MS_ROS/install/my_battery_package/share/my_battery_package/package.dsv'
[2.418s] INFO:colcon.colcon_core.shell:Creating package script '/home/triqui/Documents/TFG/TFG_MS_ROS/install/my_battery_package/share/my_battery_package/package.sh'
[2.418s] INFO:colcon.colcon_core.shell:Creating package script '/home/triqui/Documents/TFG/TFG_MS_ROS/install/my_battery_package/share/my_battery_package/package.bash'
[2.419s] INFO:colcon.colcon_core.shell:Creating package script '/home/triqui/Documents/TFG/TFG_MS_ROS/install/my_battery_package/share/my_battery_package/package.zsh'
[2.419s] Level 1:colcon.colcon_core.environment:create_file_with_runtime_dependencies(/home/triqui/Documents/TFG/TFG_MS_ROS/install/my_battery_package/share/colcon-core/packages/my_battery_package)
[2.419s] DEBUG:colcon.colcon_parallel_executor.executor.parallel:closing loop
[2.420s] DEBUG:colcon.colcon_parallel_executor.executor.parallel:loop closed
[2.420s] DEBUG:colcon.colcon_parallel_executor.executor.parallel:run_until_complete finished with '0'
[2.420s] DEBUG:colcon.colcon_core.event_reactor:joining thread
[2.427s] INFO:colcon.colcon_core.plugin_system:Skipping extension 'colcon_notification.desktop_notification.terminal_notifier': Not used on non-Darwin systems
[2.427s] INFO:colcon.colcon_core.plugin_system:Skipping extension 'colcon_notification.desktop_notification.win32': Not used on non-Windows systems
[2.427s] INFO:colcon.colcon_notification.desktop_notification:Sending desktop notification using 'notify2'
[2.438s] DEBUG:colcon.colcon_core.event_reactor:joined thread
[2.440s] INFO:colcon.colcon_core.shell:Creating prefix script '/home/triqui/Documents/TFG/TFG_MS_ROS/install/local_setup.ps1'
[2.441s] INFO:colcon.colcon_core.shell:Creating prefix util module '/home/triqui/Documents/TFG/TFG_MS_ROS/install/_local_setup_util_ps1.py'
[2.443s] INFO:colcon.colcon_core.shell:Creating prefix chain script '/home/triqui/Documents/TFG/TFG_MS_ROS/install/setup.ps1'
[2.445s] INFO:colcon.colcon_core.shell:Creating prefix script '/home/triqui/Documents/TFG/TFG_MS_ROS/install/local_setup.sh'
[2.445s] INFO:colcon.colcon_core.shell:Creating prefix util module '/home/triqui/Documents/TFG/TFG_MS_ROS/install/_local_setup_util_sh.py'
[2.446s] INFO:colcon.colcon_core.shell:Creating prefix chain script '/home/triqui/Documents/TFG/TFG_MS_ROS/install/setup.sh'
[2.448s] INFO:colcon.colcon_core.shell:Creating prefix script '/home/triqui/Documents/TFG/TFG_MS_ROS/install/local_setup.bash'
[2.448s] INFO:colcon.colcon_core.shell:Creating prefix chain script '/home/triqui/Documents/TFG/TFG_MS_ROS/install/setup.bash'
[2.451s] INFO:colcon.colcon_core.shell:Creating prefix script '/home/triqui/Documents/TFG/TFG_MS_ROS/install/local_setup.zsh'
[2.452s] INFO:colcon.colcon_core.shell:Creating prefix chain script '/home/triqui/Documents/TFG/TFG_MS_ROS/install/setup.zsh'
