[0.406s] DEBUG:colcon:Command line arguments: ['/usr/bin/colcon', 'build', '--symlink-install']
[0.406s] DEBUG:colcon:Parsed command line arguments: Namespace(allow_overriding=[], ament_cmake_args=None, base_paths=['.'], build_base='build', catkin_cmake_args=None, catkin_skip_building_tests=False, cmake_args=None, cmake_clean_cache=False, cmake_clean_first=False, cmake_force_configure=False, cmake_target=None, cmake_target_skip_unavailable=False, continue_on_error=False, event_handlers=None, executor='parallel', ignore_user_meta=False, install_base='install', log_base=None, log_level=None, main=<bound method BuildVerb.main of <colcon_core.verb.build.BuildVerb object at 0x7fa411190700>>, merge_install=False, metas=['./colcon.meta'], packages_above=None, packages_above_and_dependencies=None, packages_above_depth=None, packages_end=None, packages_ignore=None, packages_ignore_regex=None, packages_select=None, packages_select_build_failed=False, packages_select_by_dep=None, packages_select_regex=None, packages_select_test_failures=False, packages_skip=None, packages_skip_build_finished=False, packages_skip_by_dep=None, packages_skip_regex=None, packages_skip_test_passed=False, packages_skip_up_to=None, packages_start=None, packages_up_to=None, packages_up_to_regex=None, parallel_workers=4, paths=None, symlink_install=True, test_result_base=None, verb_extension=<colcon_core.verb.build.BuildVerb object at 0x7fa411190700>, verb_name='build', verb_parser=<colcon_defaults.argument_parser.defaults.DefaultArgumentsDecorator object at 0x7fa411190c40>)
[0.439s] Level 1:colcon.colcon_core.package_discovery:discover_packages(colcon_meta) check parameters
[0.439s] Level 1:colcon.colcon_core.package_discovery:discover_packages(recursive) check parameters
[0.439s] Level 1:colcon.colcon_core.package_discovery:discover_packages(ignore) check parameters
[0.439s] Level 1:colcon.colcon_core.package_discovery:discover_packages(path) check parameters
[0.439s] Level 1:colcon.colcon_core.package_discovery:discover_packages(colcon_meta) discover
[0.440s] Level 1:colcon.colcon_core.package_discovery:discover_packages(recursive) discover
[0.440s] INFO:colcon.colcon_core.package_discovery:Crawling recursively for packages in '/home/triqui/Documents/TFG/TFG_MS_ROS/ros_ws'
[0.440s] Level 1:colcon.colcon_core.package_identification:_identify(.) by extensions ['ignore', 'ignore_ament_install']
[0.440s] Level 1:colcon.colcon_core.package_identification:_identify(.) by extension 'ignore'
[0.440s] Level 1:colcon.colcon_core.package_identification:_identify(.) by extension 'ignore_ament_install'
[0.440s] Level 1:colcon.colcon_core.package_identification:_identify(.) by extensions ['colcon_pkg']
[0.440s] Level 1:colcon.colcon_core.package_identification:_identify(.) by extension 'colcon_pkg'
[0.440s] Level 1:colcon.colcon_core.package_identification:_identify(.) by extensions ['colcon_meta']
[0.440s] Level 1:colcon.colcon_core.package_identification:_identify(.) by extension 'colcon_meta'
[0.440s] Level 1:colcon.colcon_core.package_identification:_identify(.) by extensions ['ros']
[0.440s] Level 1:colcon.colcon_core.package_identification:_identify(.) by extension 'ros'
[0.464s] Level 1:colcon.colcon_core.package_identification:_identify(.) by extensions ['cmake', 'python']
[0.464s] Level 1:colcon.colcon_core.package_identification:_identify(.) by extension 'cmake'
[0.464s] Level 1:colcon.colcon_core.package_identification:_identify(.) by extension 'python'
[0.464s] Level 1:colcon.colcon_core.package_identification:_identify(.) by extensions ['python_setup_py']
[0.464s] Level 1:colcon.colcon_core.package_identification:_identify(.) by extension 'python_setup_py'
[0.464s] Level 1:colcon.colcon_core.package_identification:_identify(build) by extensions ['ignore', 'ignore_ament_install']
[0.464s] Level 1:colcon.colcon_core.package_identification:_identify(build) by extension 'ignore'
[0.465s] Level 1:colcon.colcon_core.package_identification:_identify(build) ignored
[0.465s] Level 1:colcon.colcon_core.package_identification:_identify(install) by extensions ['ignore', 'ignore_ament_install']
[0.465s] Level 1:colcon.colcon_core.package_identification:_identify(install) by extension 'ignore'
[0.465s] Level 1:colcon.colcon_core.package_identification:_identify(install) ignored
[0.465s] Level 1:colcon.colcon_core.package_identification:_identify(log) by extensions ['ignore', 'ignore_ament_install']
[0.465s] Level 1:colcon.colcon_core.package_identification:_identify(log) by extension 'ignore'
[0.465s] Level 1:colcon.colcon_core.package_identification:_identify(log) ignored
[0.465s] Level 1:colcon.colcon_core.package_identification:_identify(src) by extensions ['ignore', 'ignore_ament_install']
[0.466s] Level 1:colcon.colcon_core.package_identification:_identify(src) by extension 'ignore'
[0.466s] Level 1:colcon.colcon_core.package_identification:_identify(src) by extension 'ignore_ament_install'
[0.466s] Level 1:colcon.colcon_core.package_identification:_identify(src) by extensions ['colcon_pkg']
[0.466s] Level 1:colcon.colcon_core.package_identification:_identify(src) by extension 'colcon_pkg'
[0.466s] Level 1:colcon.colcon_core.package_identification:_identify(src) by extensions ['colcon_meta']
[0.466s] Level 1:colcon.colcon_core.package_identification:_identify(src) by extension 'colcon_meta'
[0.466s] Level 1:colcon.colcon_core.package_identification:_identify(src) by extensions ['ros']
[0.466s] Level 1:colcon.colcon_core.package_identification:_identify(src) by extension 'ros'
[0.466s] Level 1:colcon.colcon_core.package_identification:_identify(src) by extensions ['cmake', 'python']
[0.466s] Level 1:colcon.colcon_core.package_identification:_identify(src) by extension 'cmake'
[0.466s] Level 1:colcon.colcon_core.package_identification:_identify(src) by extension 'python'
[0.466s] Level 1:colcon.colcon_core.package_identification:_identify(src) by extensions ['python_setup_py']
[0.466s] Level 1:colcon.colcon_core.package_identification:_identify(src) by extension 'python_setup_py'
[0.466s] Level 1:colcon.colcon_core.package_identification:_identify(src/my_battery_package) by extensions ['ignore', 'ignore_ament_install']
[0.467s] Level 1:colcon.colcon_core.package_identification:_identify(src/my_battery_package) by extension 'ignore'
[0.467s] Level 1:colcon.colcon_core.package_identification:_identify(src/my_battery_package) by extension 'ignore_ament_install'
[0.467s] Level 1:colcon.colcon_core.package_identification:_identify(src/my_battery_package) by extensions ['colcon_pkg']
[0.467s] Level 1:colcon.colcon_core.package_identification:_identify(src/my_battery_package) by extension 'colcon_pkg'
[0.467s] Level 1:colcon.colcon_core.package_identification:_identify(src/my_battery_package) by extensions ['colcon_meta']
[0.467s] Level 1:colcon.colcon_core.package_identification:_identify(src/my_battery_package) by extension 'colcon_meta'
[0.467s] Level 1:colcon.colcon_core.package_identification:_identify(src/my_battery_package) by extensions ['ros']
[0.467s] Level 1:colcon.colcon_core.package_identification:_identify(src/my_battery_package) by extension 'ros'
[0.470s] DEBUG:colcon.colcon_core.package_identification:Package 'src/my_battery_package' with type 'ros.ament_python' and name 'my_battery_package'
[0.470s] Level 1:colcon.colcon_core.package_identification:_identify(src/pkg_interfaces) by extensions ['ignore', 'ignore_ament_install']
[0.470s] Level 1:colcon.colcon_core.package_identification:_identify(src/pkg_interfaces) by extension 'ignore'
[0.470s] Level 1:colcon.colcon_core.package_identification:_identify(src/pkg_interfaces) by extension 'ignore_ament_install'
[0.470s] Level 1:colcon.colcon_core.package_identification:_identify(src/pkg_interfaces) by extensions ['colcon_pkg']
[0.470s] Level 1:colcon.colcon_core.package_identification:_identify(src/pkg_interfaces) by extension 'colcon_pkg'
[0.471s] Level 1:colcon.colcon_core.package_identification:_identify(src/pkg_interfaces) by extensions ['colcon_meta']
[0.471s] Level 1:colcon.colcon_core.package_identification:_identify(src/pkg_interfaces) by extension 'colcon_meta'
[0.471s] Level 1:colcon.colcon_core.package_identification:_identify(src/pkg_interfaces) by extensions ['ros']
[0.471s] Level 1:colcon.colcon_core.package_identification:_identify(src/pkg_interfaces) by extension 'ros'
[0.471s] DEBUG:colcon.colcon_core.package_identification:Package 'src/pkg_interfaces' with type 'ros.ament_cmake' and name 'pkg_interfaces'
[0.471s] Level 1:colcon.colcon_core.package_discovery:discover_packages(recursive) using defaults
[0.471s] Level 1:colcon.colcon_core.package_discovery:discover_packages(ignore) discover
[0.471s] Level 1:colcon.colcon_core.package_discovery:discover_packages(ignore) using defaults
[0.472s] Level 1:colcon.colcon_core.package_discovery:discover_packages(path) discover
[0.472s] Level 1:colcon.colcon_core.package_discovery:discover_packages(path) using defaults
[0.497s] Level 1:colcon.colcon_core.package_discovery:discover_packages(prefix_path) check parameters
[0.497s] Level 1:colcon.colcon_core.package_discovery:discover_packages(prefix_path) discover
[0.502s] DEBUG:colcon.colcon_installed_package_information.package_discovery:Found 15 installed packages in /home/triqui/turtlebot3_ws/install
[0.505s] DEBUG:colcon.colcon_installed_package_information.package_discovery:Found 377 installed packages in /opt/ros/foxy
[0.508s] Level 1:colcon.colcon_core.package_discovery:discover_packages(prefix_path) using defaults
[0.615s] Level 5:colcon.colcon_core.verb:set package 'pkg_interfaces' build argument 'cmake_args' from command line to 'None'
[0.615s] Level 5:colcon.colcon_core.verb:set package 'pkg_interfaces' build argument 'cmake_target' from command line to 'None'
[0.615s] Level 5:colcon.colcon_core.verb:set package 'pkg_interfaces' build argument 'cmake_target_skip_unavailable' from command line to 'False'
[0.615s] Level 5:colcon.colcon_core.verb:set package 'pkg_interfaces' build argument 'cmake_clean_cache' from command line to 'False'
[0.615s] Level 5:colcon.colcon_core.verb:set package 'pkg_interfaces' build argument 'cmake_clean_first' from command line to 'False'
[0.615s] Level 5:colcon.colcon_core.verb:set package 'pkg_interfaces' build argument 'cmake_force_configure' from command line to 'False'
[0.615s] Level 5:colcon.colcon_core.verb:set package 'pkg_interfaces' build argument 'ament_cmake_args' from command line to 'None'
[0.615s] Level 5:colcon.colcon_core.verb:set package 'pkg_interfaces' build argument 'catkin_cmake_args' from command line to 'None'
[0.615s] Level 5:colcon.colcon_core.verb:set package 'pkg_interfaces' build argument 'catkin_skip_building_tests' from command line to 'False'
[0.615s] DEBUG:colcon.colcon_core.verb:Building package 'pkg_interfaces' with the following arguments: {'ament_cmake_args': None, 'build_base': '/home/triqui/Documents/TFG/TFG_MS_ROS/ros_ws/build/pkg_interfaces', 'catkin_cmake_args': None, 'catkin_skip_building_tests': False, 'cmake_args': None, 'cmake_clean_cache': False, 'cmake_clean_first': False, 'cmake_force_configure': False, 'cmake_target': None, 'cmake_target_skip_unavailable': False, 'install_base': '/home/triqui/Documents/TFG/TFG_MS_ROS/ros_ws/install/pkg_interfaces', 'merge_install': False, 'path': '/home/triqui/Documents/TFG/TFG_MS_ROS/ros_ws/src/pkg_interfaces', 'symlink_install': True, 'test_result_base': None}
[0.616s] Level 5:colcon.colcon_core.verb:set package 'my_battery_package' build argument 'cmake_args' from command line to 'None'
[0.616s] Level 5:colcon.colcon_core.verb:set package 'my_battery_package' build argument 'cmake_target' from command line to 'None'
[0.616s] Level 5:colcon.colcon_core.verb:set package 'my_battery_package' build argument 'cmake_target_skip_unavailable' from command line to 'False'
[0.616s] Level 5:colcon.colcon_core.verb:set package 'my_battery_package' build argument 'cmake_clean_cache' from command line to 'False'
[0.616s] Level 5:colcon.colcon_core.verb:set package 'my_battery_package' build argument 'cmake_clean_first' from command line to 'False'
[0.616s] Level 5:colcon.colcon_core.verb:set package 'my_battery_package' build argument 'cmake_force_configure' from command line to 'False'
[0.617s] Level 5:colcon.colcon_core.verb:set package 'my_battery_package' build argument 'ament_cmake_args' from command line to 'None'
[0.617s] Level 5:colcon.colcon_core.verb:set package 'my_battery_package' build argument 'catkin_cmake_args' from command line to 'None'
[0.617s] Level 5:colcon.colcon_core.verb:set package 'my_battery_package' build argument 'catkin_skip_building_tests' from command line to 'False'
[0.617s] DEBUG:colcon.colcon_core.verb:Building package 'my_battery_package' with the following arguments: {'ament_cmake_args': None, 'build_base': '/home/triqui/Documents/TFG/TFG_MS_ROS/ros_ws/build/my_battery_package', 'catkin_cmake_args': None, 'catkin_skip_building_tests': False, 'cmake_args': None, 'cmake_clean_cache': False, 'cmake_clean_first': False, 'cmake_force_configure': False, 'cmake_target': None, 'cmake_target_skip_unavailable': False, 'install_base': '/home/triqui/Documents/TFG/TFG_MS_ROS/ros_ws/install/my_battery_package', 'merge_install': False, 'path': '/home/triqui/Documents/TFG/TFG_MS_ROS/ros_ws/src/my_battery_package', 'symlink_install': True, 'test_result_base': None}
[0.617s] INFO:colcon.colcon_core.executor:Executing jobs using 'parallel' executor
[0.622s] DEBUG:colcon.colcon_parallel_executor.executor.parallel:run_until_complete
[0.622s] INFO:colcon.colcon_ros.task.ament_cmake.build:Building ROS package in '/home/triqui/Documents/TFG/TFG_MS_ROS/ros_ws/src/pkg_interfaces' with build type 'ament_cmake'
[0.622s] INFO:colcon.colcon_cmake.task.cmake.build:Building CMake package in '/home/triqui/Documents/TFG/TFG_MS_ROS/ros_ws/src/pkg_interfaces'
[0.628s] INFO:colcon.colcon_core.plugin_system:Skipping extension 'colcon_core.shell.bat': Not used on non-Windows systems
[0.628s] INFO:colcon.colcon_core.shell:Skip shell extension 'powershell' for command environment: Not usable outside of PowerShell
[0.628s] DEBUG:colcon.colcon_core.shell:Skip shell extension 'dsv' for command environment
[0.645s] DEBUG:colcon.colcon_core.event_handler.log_command:Invoking command in '/home/triqui/Documents/TFG/TFG_MS_ROS/ros_ws/build/pkg_interfaces': CMAKE_PREFIX_PATH=${CMAKE_PREFIX_PATH}:/home/triqui/turtlebot3_ws/install/turtlebot3_teleop:/home/triqui/turtlebot3_ws/install/turtlebot3_example:/opt/ros/foxy /usr/bin/cmake /home/triqui/Documents/TFG/TFG_MS_ROS/ros_ws/src/pkg_interfaces -DAMENT_CMAKE_SYMLINK_INSTALL=1 -DCMAKE_INSTALL_PREFIX=/home/triqui/Documents/TFG/TFG_MS_ROS/ros_ws/install/pkg_interfaces
[1.442s] DEBUG:colcon.colcon_core.event_handler.log_command:Invoked command in '/home/triqui/Documents/TFG/TFG_MS_ROS/ros_ws/build/pkg_interfaces' returned '1': CMAKE_PREFIX_PATH=${CMAKE_PREFIX_PATH}:/home/triqui/turtlebot3_ws/install/turtlebot3_teleop:/home/triqui/turtlebot3_ws/install/turtlebot3_example:/opt/ros/foxy /usr/bin/cmake /home/triqui/Documents/TFG/TFG_MS_ROS/ros_ws/src/pkg_interfaces -DAMENT_CMAKE_SYMLINK_INSTALL=1 -DCMAKE_INSTALL_PREFIX=/home/triqui/Documents/TFG/TFG_MS_ROS/ros_ws/install/pkg_interfaces
[1.457s] Level 1:colcon.colcon_core.environment:create_environment_scripts_only(pkg_interfaces)
[1.464s] Level 1:colcon.colcon_core.environment:checking '/home/triqui/Documents/TFG/TFG_MS_ROS/ros_ws/install/pkg_interfaces' for CMake module files
[1.465s] Level 1:colcon.colcon_core.environment:checking '/home/triqui/Documents/TFG/TFG_MS_ROS/ros_ws/install/pkg_interfaces' for CMake config files
[1.465s] Level 1:colcon.colcon_core.environment:checking '/home/triqui/Documents/TFG/TFG_MS_ROS/ros_ws/install/pkg_interfaces/bin'
[1.465s] Level 1:colcon.colcon_core.environment:checking '/home/triqui/Documents/TFG/TFG_MS_ROS/ros_ws/install/pkg_interfaces/lib/pkgconfig/pkg_interfaces.pc'
[1.466s] Level 1:colcon.colcon_core.environment:checking '/home/triqui/Documents/TFG/TFG_MS_ROS/ros_ws/install/pkg_interfaces/lib/python3.8/site-packages'
[1.466s] Level 1:colcon.colcon_core.environment:checking '/home/triqui/Documents/TFG/TFG_MS_ROS/ros_ws/install/pkg_interfaces/bin'
[1.468s] INFO:colcon.colcon_core.shell:Creating package script '/home/triqui/Documents/TFG/TFG_MS_ROS/ros_ws/install/pkg_interfaces/share/pkg_interfaces/package.ps1'
[1.469s] INFO:colcon.colcon_core.shell:Creating package descriptor '/home/triqui/Documents/TFG/TFG_MS_ROS/ros_ws/install/pkg_interfaces/share/pkg_interfaces/package.dsv'
[1.469s] INFO:colcon.colcon_core.shell:Creating package script '/home/triqui/Documents/TFG/TFG_MS_ROS/ros_ws/install/pkg_interfaces/share/pkg_interfaces/package.sh'
[1.470s] INFO:colcon.colcon_core.shell:Creating package script '/home/triqui/Documents/TFG/TFG_MS_ROS/ros_ws/install/pkg_interfaces/share/pkg_interfaces/package.bash'
[1.471s] INFO:colcon.colcon_core.shell:Creating package script '/home/triqui/Documents/TFG/TFG_MS_ROS/ros_ws/install/pkg_interfaces/share/pkg_interfaces/package.zsh'
[1.472s] Level 1:colcon.colcon_core.environment:create_file_with_runtime_dependencies(/home/triqui/Documents/TFG/TFG_MS_ROS/ros_ws/install/pkg_interfaces/share/colcon-core/packages/pkg_interfaces)
[1.483s] DEBUG:colcon.colcon_parallel_executor.executor.parallel:closing loop
[1.483s] DEBUG:colcon.colcon_parallel_executor.executor.parallel:loop closed
[1.483s] DEBUG:colcon.colcon_parallel_executor.executor.parallel:run_until_complete finished with '1'
[1.484s] DEBUG:colcon.colcon_core.event_reactor:joining thread
[1.490s] INFO:colcon.colcon_core.plugin_system:Skipping extension 'colcon_notification.desktop_notification.terminal_notifier': Not used on non-Darwin systems
[1.491s] INFO:colcon.colcon_core.plugin_system:Skipping extension 'colcon_notification.desktop_notification.win32': Not used on non-Windows systems
[1.491s] INFO:colcon.colcon_notification.desktop_notification:Sending desktop notification using 'notify2'
[1.503s] DEBUG:colcon.colcon_core.event_reactor:joined thread
[1.504s] INFO:colcon.colcon_core.shell:Creating prefix script '/home/triqui/Documents/TFG/TFG_MS_ROS/ros_ws/install/local_setup.ps1'
[1.505s] INFO:colcon.colcon_core.shell:Creating prefix util module '/home/triqui/Documents/TFG/TFG_MS_ROS/ros_ws/install/_local_setup_util_ps1.py'
[1.507s] INFO:colcon.colcon_core.shell:Creating prefix chain script '/home/triqui/Documents/TFG/TFG_MS_ROS/ros_ws/install/setup.ps1'
[1.509s] INFO:colcon.colcon_core.shell:Creating prefix script '/home/triqui/Documents/TFG/TFG_MS_ROS/ros_ws/install/local_setup.sh'
[1.510s] INFO:colcon.colcon_core.shell:Creating prefix util module '/home/triqui/Documents/TFG/TFG_MS_ROS/ros_ws/install/_local_setup_util_sh.py'
[1.511s] INFO:colcon.colcon_core.shell:Creating prefix chain script '/home/triqui/Documents/TFG/TFG_MS_ROS/ros_ws/install/setup.sh'
[1.513s] INFO:colcon.colcon_core.shell:Creating prefix script '/home/triqui/Documents/TFG/TFG_MS_ROS/ros_ws/install/local_setup.bash'
[1.514s] INFO:colcon.colcon_core.shell:Creating prefix chain script '/home/triqui/Documents/TFG/TFG_MS_ROS/ros_ws/install/setup.bash'
[1.516s] INFO:colcon.colcon_core.shell:Creating prefix script '/home/triqui/Documents/TFG/TFG_MS_ROS/ros_ws/install/local_setup.zsh'
[1.517s] INFO:colcon.colcon_core.shell:Creating prefix chain script '/home/triqui/Documents/TFG/TFG_MS_ROS/ros_ws/install/setup.zsh'
