[0.746s] Invoking command in '/home/triqui/Documents/TFG/TFG_MS_ROS/build/my_battery_package': AMENT_PREFIX_PATH=/home/triqui/Documents/TFG/TFG_MS_ROS/install/pkg_interfaces:${AMENT_PREFIX_PATH} CMAKE_PREFIX_PATH=/home/triqui/Documents/TFG/TFG_MS_ROS/install/pkg_interfaces:${CMAKE_PREFIX_PATH} LD_LIBRARY_PATH=/home/triqui/Documents/TFG/TFG_MS_ROS/install/pkg_interfaces/lib:${LD_LIBRARY_PATH} PYTHONPATH=/home/triqui/Documents/TFG/TFG_MS_ROS/build/my_battery_package/prefix_override:/home/triqui/Documents/TFG/TFG_MS_ROS/install/my_battery_package/lib/python3.8/site-packages:/home/triqui/Documents/TFG/TFG_MS_ROS/install/pkg_interfaces/lib/python3.8/site-packages:${PYTHONPATH} /usr/bin/python3 setup.py develop --editable --build-directory /home/triqui/Documents/TFG/TFG_MS_ROS/build/my_battery_package/build --no-deps install_data
[1.005s] running develop
[1.172s] running egg_info
[1.172s] creating my_battery_package.egg-info
[1.173s] writing my_battery_package.egg-info/PKG-INFO
[1.173s] writing dependency_links to my_battery_package.egg-info/dependency_links.txt
[1.173s] writing entry points to my_battery_package.egg-info/entry_points.txt
[1.173s] writing requirements to my_battery_package.egg-info/requires.txt
[1.173s] writing top-level names to my_battery_package.egg-info/top_level.txt
[1.176s] writing manifest file 'my_battery_package.egg-info/SOURCES.txt'
[1.207s] reading manifest file 'my_battery_package.egg-info/SOURCES.txt'
[1.207s] writing manifest file 'my_battery_package.egg-info/SOURCES.txt'
[1.246s] running build_ext
[1.246s] Creating /home/triqui/Documents/TFG/TFG_MS_ROS/install/my_battery_package/lib/python3.8/site-packages/site.py
[1.248s] Creating /home/triqui/Documents/TFG/TFG_MS_ROS/install/my_battery_package/lib/python3.8/site-packages/my-battery-package.egg-link (link to .)
[1.249s] Installing battery_publisher script to /home/triqui/Documents/TFG/TFG_MS_ROS/install/my_battery_package/lib/my_battery_package
[1.249s] Installing battery_subscriber script to /home/triqui/Documents/TFG/TFG_MS_ROS/install/my_battery_package/lib/my_battery_package
[1.249s] 
[1.250s] Installed /home/triqui/Documents/TFG/TFG_MS_ROS/build/my_battery_package
[1.250s] running install_data
[1.250s] creating /home/triqui/Documents/TFG/TFG_MS_ROS/install/my_battery_package/share/ament_index
[1.250s] creating /home/triqui/Documents/TFG/TFG_MS_ROS/install/my_battery_package/share/ament_index/resource_index
[1.250s] creating /home/triqui/Documents/TFG/TFG_MS_ROS/install/my_battery_package/share/ament_index/resource_index/packages
[1.250s] copying resource/my_battery_package -> /home/triqui/Documents/TFG/TFG_MS_ROS/install/my_battery_package/share/ament_index/resource_index/packages
[1.250s] copying package.xml -> /home/triqui/Documents/TFG/TFG_MS_ROS/install/my_battery_package/share/my_battery_package
[1.275s] Invoked command in '/home/triqui/Documents/TFG/TFG_MS_ROS/build/my_battery_package' returned '0': AMENT_PREFIX_PATH=/home/triqui/Documents/TFG/TFG_MS_ROS/install/pkg_interfaces:${AMENT_PREFIX_PATH} CMAKE_PREFIX_PATH=/home/triqui/Documents/TFG/TFG_MS_ROS/install/pkg_interfaces:${CMAKE_PREFIX_PATH} LD_LIBRARY_PATH=/home/triqui/Documents/TFG/TFG_MS_ROS/install/pkg_interfaces/lib:${LD_LIBRARY_PATH} PYTHONPATH=/home/triqui/Documents/TFG/TFG_MS_ROS/build/my_battery_package/prefix_override:/home/triqui/Documents/TFG/TFG_MS_ROS/install/my_battery_package/lib/python3.8/site-packages:/home/triqui/Documents/TFG/TFG_MS_ROS/install/pkg_interfaces/lib/python3.8/site-packages:${PYTHONPATH} /usr/bin/python3 setup.py develop --editable --build-directory /home/triqui/Documents/TFG/TFG_MS_ROS/build/my_battery_package/build --no-deps install_data
