[0.690s] Invoking command in '/home/triqui/Documents/TFG/TFG_MS_ROS/ros_ws/src/my_battery_package': PYTHONPATH=/home/triqui/Documents/TFG/TFG_MS_ROS/ros_ws/build/my_battery_package/prefix_override:/home/triqui/Documents/TFG/TFG_MS_ROS/ros_ws/install/my_battery_package/lib/python3.8/site-packages:${PYTHONPATH} /usr/bin/python3 setup.py egg_info --egg-base ../../build/my_battery_package build --build-base /home/triqui/Documents/TFG/TFG_MS_ROS/ros_ws/build/my_battery_package/build install --record /home/triqui/Documents/TFG/TFG_MS_ROS/ros_ws/build/my_battery_package/install.log --install-scripts $base/lib/my_battery_package --single-version-externally-managed
[0.921s] running egg_info
[0.922s] writing ../../build/my_battery_package/my_battery_package.egg-info/PKG-INFO
[0.922s] writing dependency_links to ../../build/my_battery_package/my_battery_package.egg-info/dependency_links.txt
[0.922s] writing entry points to ../../build/my_battery_package/my_battery_package.egg-info/entry_points.txt
[0.922s] writing requirements to ../../build/my_battery_package/my_battery_package.egg-info/requires.txt
[0.923s] writing top-level names to ../../build/my_battery_package/my_battery_package.egg-info/top_level.txt
[0.956s] reading manifest file '../../build/my_battery_package/my_battery_package.egg-info/SOURCES.txt'
[0.957s] writing manifest file '../../build/my_battery_package/my_battery_package.egg-info/SOURCES.txt'
[0.957s] running build
[0.957s] running build_py
[0.957s] running install
[0.958s] running install_lib
[0.960s] running install_data
[0.960s] copying package.xml -> /home/triqui/Documents/TFG/TFG_MS_ROS/ros_ws/install/my_battery_package/share/my_battery_package
[0.961s] running install_egg_info
[0.962s] removing '/home/triqui/Documents/TFG/TFG_MS_ROS/ros_ws/install/my_battery_package/lib/python3.8/site-packages/my_battery_package-0.0.0-py3.8.egg-info' (and everything under it)
[0.963s] Copying ../../build/my_battery_package/my_battery_package.egg-info to /home/triqui/Documents/TFG/TFG_MS_ROS/ros_ws/install/my_battery_package/lib/python3.8/site-packages/my_battery_package-0.0.0-py3.8.egg-info
[0.964s] running install_scripts
[0.980s] Installing battery_publisher script to /home/triqui/Documents/TFG/TFG_MS_ROS/ros_ws/install/my_battery_package/lib/my_battery_package
[0.981s] Installing battery_subscriber script to /home/triqui/Documents/TFG/TFG_MS_ROS/ros_ws/install/my_battery_package/lib/my_battery_package
[0.981s] writing list of installed files to '/home/triqui/Documents/TFG/TFG_MS_ROS/ros_ws/build/my_battery_package/install.log'
[1.001s] Invoked command in '/home/triqui/Documents/TFG/TFG_MS_ROS/ros_ws/src/my_battery_package' returned '0': PYTHONPATH=/home/triqui/Documents/TFG/TFG_MS_ROS/ros_ws/build/my_battery_package/prefix_override:/home/triqui/Documents/TFG/TFG_MS_ROS/ros_ws/install/my_battery_package/lib/python3.8/site-packages:${PYTHONPATH} /usr/bin/python3 setup.py egg_info --egg-base ../../build/my_battery_package build --build-base /home/triqui/Documents/TFG/TFG_MS_ROS/ros_ws/build/my_battery_package/build install --record /home/triqui/Documents/TFG/TFG_MS_ROS/ros_ws/build/my_battery_package/install.log --install-scripts $base/lib/my_battery_package --single-version-externally-managed
