[0.119s] Invoking command in '/home/triqui/Documents/TFG/TFG_MS_ROS/ros_ws/build/pkg_interfaces': CMAKE_PREFIX_PATH=${CMAKE_PREFIX_PATH}:/home/triqui/Documents/TFG/TFG_MS_ROS/ros_ws/install/my_battery_package:/home/triqui/Documents/TFG/TFG_MS_ROS/ros_ws/install/ms_sub:/opt/ros/foxy /usr/bin/cmake /home/triqui/Documents/TFG/TFG_MS_ROS/ros_ws/src/pkg_interfaces -DCMAKE_INSTALL_PREFIX=/home/triqui/Documents/TFG/TFG_MS_ROS/ros_ws/install/pkg_interfaces
[0.161s] -- Found ament_cmake: 0.9.12 (/opt/ros/foxy/share/ament_cmake/cmake)
[0.206s] -- Found PythonInterp: /usr/bin/python3 (found suitable version "3.8.10", minimum required is "3") 
[0.207s] -- Using PYTHON_EXECUTABLE: /usr/bin/python3
[0.439s] -- Override CMake install command with custom implementation using symlinks instead of copying resources
[0.482s] -- Found rosidl_default_generators: 1.0.1 (/opt/ros/foxy/share/rosidl_default_generators/cmake)
[0.487s] -- Using all available rosidl_typesupport_c: rosidl_typesupport_fastrtps_c;rosidl_typesupport_introspection_c
[0.495s] -- Found rosidl_adapter: 1.3.1 (/opt/ros/foxy/share/rosidl_adapter/cmake)
[0.699s] -- Using all available rosidl_typesupport_cpp: rosidl_typesupport_fastrtps_cpp;rosidl_typesupport_introspection_cpp
[0.790s] -- Found PythonInterp: /usr/bin/python3 (found version "3.8.10") 
[0.993s] -- Found ament_cmake_ros: 0.9.2 (/opt/ros/foxy/share/ament_cmake_ros/cmake)
[1.154s] -- Using all available rosidl_typesupport_c: rosidl_typesupport_fastrtps_c;rosidl_typesupport_introspection_c
[1.178s] -- Using all available rosidl_typesupport_cpp: rosidl_typesupport_fastrtps_cpp;rosidl_typesupport_introspection_cpp
[1.215s] -- Found PythonInterp: /usr/bin/python3 (found suitable version "3.8.10", minimum required is "3.5") 
[1.216s] -- Found python_cmake_module: 0.8.1 (/opt/ros/foxy/share/python_cmake_module/cmake)
[1.252s] -- Using PYTHON_EXECUTABLE: /usr/bin/python3
[1.252s] -- Using PYTHON_INCLUDE_DIRS: /usr/include/python3.8
[1.252s] -- Using PYTHON_LIBRARIES: /usr/lib/x86_64-linux-gnu/libpython3.8.so
[1.274s] -- Found ament_lint_auto: 0.9.8 (/opt/ros/foxy/share/ament_lint_auto/cmake)
[1.304s] -- Added test 'copyright' to check source files copyright and LICENSE
[1.307s] -- Added test 'lint_cmake' to check CMake code style
[1.308s] -- Added test 'xmllint' to check XML markup files
[1.321s] -- Configuring done
[1.504s] -- Generating done
[1.509s] -- Build files have been written to: /home/triqui/Documents/TFG/TFG_MS_ROS/ros_ws/build/pkg_interfaces
[1.518s] Invoked command in '/home/triqui/Documents/TFG/TFG_MS_ROS/ros_ws/build/pkg_interfaces' returned '0': CMAKE_PREFIX_PATH=${CMAKE_PREFIX_PATH}:/home/triqui/Documents/TFG/TFG_MS_ROS/ros_ws/install/my_battery_package:/home/triqui/Documents/TFG/TFG_MS_ROS/ros_ws/install/ms_sub:/opt/ros/foxy /usr/bin/cmake /home/triqui/Documents/TFG/TFG_MS_ROS/ros_ws/src/pkg_interfaces -DCMAKE_INSTALL_PREFIX=/home/triqui/Documents/TFG/TFG_MS_ROS/ros_ws/install/pkg_interfaces
[1.521s] Invoking command in '/home/triqui/Documents/TFG/TFG_MS_ROS/ros_ws/build/pkg_interfaces': CMAKE_PREFIX_PATH=${CMAKE_PREFIX_PATH}:/home/triqui/Documents/TFG/TFG_MS_ROS/ros_ws/install/my_battery_package:/home/triqui/Documents/TFG/TFG_MS_ROS/ros_ws/install/ms_sub:/opt/ros/foxy /usr/bin/cmake --build /home/triqui/Documents/TFG/TFG_MS_ROS/ros_ws/build/pkg_interfaces -- -j4 -l4
[1.615s] [35m[1mScanning dependencies of target pkg_interfaces__cpp[0m
[1.630s] [  3%] [34m[1mGenerating C++ code for ROS interfaces[0m
[1.635s] [ 12%] Built target pkg_interfaces__rosidl_generator_c
[1.701s] [ 22%] Built target pkg_interfaces__rosidl_typesupport_c
[1.716s] [ 32%] Built target pkg_interfaces__rosidl_typesupport_introspection_c
[1.885s] [ 32%] Built target pkg_interfaces__cpp
[1.898s] [35m[1mScanning dependencies of target pkg_interfaces__rosidl_typesupport_introspection_cpp[0m
[1.906s] [35m[1mScanning dependencies of target pkg_interfaces__rosidl_typesupport_fastrtps_cpp[0m
[1.916s] [35m[1mScanning dependencies of target pkg_interfaces__rosidl_typesupport_cpp[0m
[1.916s] [ 35%] [32mBuilding CXX object CMakeFiles/pkg_interfaces__rosidl_typesupport_introspection_cpp.dir/rosidl_typesupport_introspection_cpp/pkg_interfaces/msg/detail/batterylvl__type_support.cpp.o[0m
[1.935s] [ 38%] [32mBuilding CXX object CMakeFiles/pkg_interfaces__rosidl_typesupport_cpp.dir/rosidl_typesupport_cpp/pkg_interfaces/msg/batterylvl__type_support.cpp.o[0m
[1.946s] [ 41%] [32mBuilding CXX object CMakeFiles/pkg_interfaces__rosidl_typesupport_fastrtps_cpp.dir/rosidl_typesupport_fastrtps_cpp/pkg_interfaces/msg/detail/dds_fastrtps/batterylvl__type_support.cpp.o[0m
[2.368s] [ 45%] [32m[1mLinking CXX shared library libpkg_interfaces__rosidl_typesupport_cpp.so[0m
[2.437s] [ 48%] [32m[1mLinking CXX shared library libpkg_interfaces__rosidl_typesupport_introspection_cpp.so[0m
[2.535s] [ 51%] Built target pkg_interfaces__rosidl_typesupport_cpp
[2.536s] [ 54%] Built target pkg_interfaces__rosidl_typesupport_introspection_cpp
[2.668s] [ 58%] [32m[1mLinking CXX shared library libpkg_interfaces__rosidl_typesupport_fastrtps_cpp.so[0m
[2.791s] [ 61%] Built target pkg_interfaces__rosidl_typesupport_fastrtps_cpp
[2.850s] [ 64%] [32m[1mLinking CXX shared library libpkg_interfaces__rosidl_typesupport_fastrtps_c.so[0m
[2.985s] [ 70%] Built target pkg_interfaces__rosidl_typesupport_fastrtps_c
[3.016s] [ 70%] Built target pkg_interfaces
[3.045s] [ 74%] Built target pkg_interfaces__py
[3.081s] [ 80%] Built target pkg_interfaces__python
[3.123s] [ 87%] Built target pkg_interfaces__rosidl_typesupport_introspection_c__pyext
[3.134s] [ 90%] [32m[1mLinking CXX shared library rosidl_generator_py/pkg_interfaces/pkg_interfaces_s__rosidl_typesupport_fastrtps_c.cpython-38-x86_64-linux-gnu.so[0m
[3.145s] [ 96%] Built target pkg_interfaces__rosidl_typesupport_c__pyext
[3.218s] [100%] Built target pkg_interfaces__rosidl_typesupport_fastrtps_c__pyext
[3.236s] Invoked command in '/home/triqui/Documents/TFG/TFG_MS_ROS/ros_ws/build/pkg_interfaces' returned '0': CMAKE_PREFIX_PATH=${CMAKE_PREFIX_PATH}:/home/triqui/Documents/TFG/TFG_MS_ROS/ros_ws/install/my_battery_package:/home/triqui/Documents/TFG/TFG_MS_ROS/ros_ws/install/ms_sub:/opt/ros/foxy /usr/bin/cmake --build /home/triqui/Documents/TFG/TFG_MS_ROS/ros_ws/build/pkg_interfaces -- -j4 -l4
[3.318s] Invoking command in '/home/triqui/Documents/TFG/TFG_MS_ROS/ros_ws/build/pkg_interfaces': CMAKE_PREFIX_PATH=${CMAKE_PREFIX_PATH}:/home/triqui/Documents/TFG/TFG_MS_ROS/ros_ws/install/my_battery_package:/home/triqui/Documents/TFG/TFG_MS_ROS/ros_ws/install/ms_sub:/opt/ros/foxy /usr/bin/cmake --install /home/triqui/Documents/TFG/TFG_MS_ROS/ros_ws/build/pkg_interfaces
[3.330s] -- Install configuration: ""
[3.330s] -- Execute custom install script
[3.331s] -- Up-to-date symlink: /home/triqui/Documents/TFG/TFG_MS_ROS/ros_ws/install/pkg_interfaces/share/ament_index/resource_index/rosidl_interfaces/pkg_interfaces
[3.332s] -- Up-to-date symlink: /home/triqui/Documents/TFG/TFG_MS_ROS/ros_ws/install/pkg_interfaces/include/pkg_interfaces/msg/batterylvl.h
[3.332s] -- Up-to-date symlink: /home/triqui/Documents/TFG/TFG_MS_ROS/ros_ws/install/pkg_interfaces/include/pkg_interfaces/msg/detail/batterylvl__functions.h
[3.334s] -- Up-to-date symlink: /home/triqui/Documents/TFG/TFG_MS_ROS/ros_ws/install/pkg_interfaces/include/pkg_interfaces/msg/detail/batterylvl__struct.h
[3.334s] -- Up-to-date symlink: /home/triqui/Documents/TFG/TFG_MS_ROS/ros_ws/install/pkg_interfaces/include/pkg_interfaces/msg/detail/batterylvl__type_support.h
[3.334s] -- Up-to-date symlink: /home/triqui/Documents/TFG/TFG_MS_ROS/ros_ws/install/pkg_interfaces/include/pkg_interfaces/msg/rosidl_generator_c__visibility_control.h
[3.335s] -- Up-to-date symlink: /home/triqui/Documents/TFG/TFG_MS_ROS/ros_ws/install/pkg_interfaces/share/pkg_interfaces/environment/library_path.sh
[3.335s] -- Up-to-date symlink: /home/triqui/Documents/TFG/TFG_MS_ROS/ros_ws/install/pkg_interfaces/share/pkg_interfaces/environment/library_path.dsv
[3.335s] -- Up-to-date symlink: /home/triqui/Documents/TFG/TFG_MS_ROS/ros_ws/install/pkg_interfaces/include/pkg_interfaces/msg/detail/batterylvl__rosidl_typesupport_fastrtps_c.h
[3.336s] -- Up-to-date symlink: /home/triqui/Documents/TFG/TFG_MS_ROS/ros_ws/install/pkg_interfaces/include/pkg_interfaces/msg/rosidl_typesupport_fastrtps_c__visibility_control.h
[3.336s] -- Up-to-date symlink: /home/triqui/Documents/TFG/TFG_MS_ROS/ros_ws/install/pkg_interfaces/lib/libpkg_interfaces__rosidl_typesupport_fastrtps_c.so
[3.337s] -- Up-to-date symlink: /home/triqui/Documents/TFG/TFG_MS_ROS/ros_ws/install/pkg_interfaces/include/pkg_interfaces/msg/detail/batterylvl__rosidl_typesupport_fastrtps_cpp.hpp
[3.337s] -- Up-to-date symlink: /home/triqui/Documents/TFG/TFG_MS_ROS/ros_ws/install/pkg_interfaces/include/pkg_interfaces/msg/rosidl_typesupport_fastrtps_cpp__visibility_control.h
[3.338s] -- Up-to-date symlink: /home/triqui/Documents/TFG/TFG_MS_ROS/ros_ws/install/pkg_interfaces/lib/libpkg_interfaces__rosidl_typesupport_fastrtps_cpp.so
[3.338s] -- Up-to-date symlink: /home/triqui/Documents/TFG/TFG_MS_ROS/ros_ws/install/pkg_interfaces/include/pkg_interfaces/msg/detail/batterylvl__rosidl_typesupport_introspection_c.h
[3.339s] -- Up-to-date symlink: /home/triqui/Documents/TFG/TFG_MS_ROS/ros_ws/install/pkg_interfaces/include/pkg_interfaces/msg/rosidl_typesupport_introspection_c__visibility_control.h
[3.340s] -- Up-to-date symlink: /home/triqui/Documents/TFG/TFG_MS_ROS/ros_ws/install/pkg_interfaces/include/pkg_interfaces/msg/batterylvl.hpp
[3.340s] -- Up-to-date symlink: /home/triqui/Documents/TFG/TFG_MS_ROS/ros_ws/install/pkg_interfaces/include/pkg_interfaces/msg/detail/batterylvl__builder.hpp
[3.341s] -- Up-to-date symlink: /home/triqui/Documents/TFG/TFG_MS_ROS/ros_ws/install/pkg_interfaces/include/pkg_interfaces/msg/detail/batterylvl__struct.hpp
[3.341s] -- Up-to-date symlink: /home/triqui/Documents/TFG/TFG_MS_ROS/ros_ws/install/pkg_interfaces/include/pkg_interfaces/msg/detail/batterylvl__traits.hpp
[3.342s] -- Symlinking: /home/triqui/Documents/TFG/TFG_MS_ROS/ros_ws/install/pkg_interfaces/include/pkg_interfaces/msg/detail/batterylvl__type_support.hpp
[3.353s] -- Symlinking: /home/triqui/Documents/TFG/TFG_MS_ROS/ros_ws/install/pkg_interfaces/include/pkg_interfaces/msg/rosidl_generator_cpp__visibility_control.hpp
[3.367s] -- Up-to-date symlink: /home/triqui/Documents/TFG/TFG_MS_ROS/ros_ws/install/pkg_interfaces/include/pkg_interfaces/msg/detail/batterylvl__rosidl_typesupport_introspection_cpp.hpp
[3.368s] -- Up-to-date symlink: /home/triqui/Documents/TFG/TFG_MS_ROS/ros_ws/install/pkg_interfaces/share/pkg_interfaces/environment/pythonpath.sh
[3.369s] -- Up-to-date symlink: /home/triqui/Documents/TFG/TFG_MS_ROS/ros_ws/install/pkg_interfaces/share/pkg_interfaces/environment/pythonpath.dsv
[3.370s] -- Up-to-date symlink: /home/triqui/Documents/TFG/TFG_MS_ROS/ros_ws/install/pkg_interfaces/lib/python3.8/site-packages/pkg_interfaces/__init__.py
[3.372s] -- Up-to-date symlink: /home/triqui/Documents/TFG/TFG_MS_ROS/ros_ws/install/pkg_interfaces/lib/python3.8/site-packages/pkg_interfaces/msg/__init__.py
[3.372s] -- Up-to-date symlink: /home/triqui/Documents/TFG/TFG_MS_ROS/ros_ws/install/pkg_interfaces/lib/python3.8/site-packages/pkg_interfaces/msg/_batterylvl.py
[3.374s] -- Up-to-date symlink: /home/triqui/Documents/TFG/TFG_MS_ROS/ros_ws/install/pkg_interfaces/lib/python3.8/site-packages/pkg_interfaces/pkg_interfaces_s__rosidl_typesupport_fastrtps_c.cpython-38-x86_64-linux-gnu.so
[3.375s] -- Up-to-date symlink: /home/triqui/Documents/TFG/TFG_MS_ROS/ros_ws/install/pkg_interfaces/lib/python3.8/site-packages/pkg_interfaces/pkg_interfaces_s__rosidl_typesupport_introspection_c.cpython-38-x86_64-linux-gnu.so
[3.376s] -- Up-to-date symlink: /home/triqui/Documents/TFG/TFG_MS_ROS/ros_ws/install/pkg_interfaces/lib/python3.8/site-packages/pkg_interfaces/pkg_interfaces_s__rosidl_typesupport_c.cpython-38-x86_64-linux-gnu.so
[3.378s] -- Up-to-date symlink: /home/triqui/Documents/TFG/TFG_MS_ROS/ros_ws/install/pkg_interfaces/lib/libpkg_interfaces__python.so
[3.379s] -- Up-to-date symlink: /home/triqui/Documents/TFG/TFG_MS_ROS/ros_ws/install/pkg_interfaces/share/pkg_interfaces/msg/Batterylvl.idl
[3.380s] -- Up-to-date symlink: /home/triqui/Documents/TFG/TFG_MS_ROS/ros_ws/install/pkg_interfaces/share/pkg_interfaces/msg/Batterylvl.msg
[3.382s] -- Up-to-date symlink: /home/triqui/Documents/TFG/TFG_MS_ROS/ros_ws/install/pkg_interfaces/share/ament_index/resource_index/package_run_dependencies/pkg_interfaces
[3.383s] -- Up-to-date symlink: /home/triqui/Documents/TFG/TFG_MS_ROS/ros_ws/install/pkg_interfaces/share/ament_index/resource_index/parent_prefix_path/pkg_interfaces
[3.384s] -- Up-to-date symlink: /home/triqui/Documents/TFG/TFG_MS_ROS/ros_ws/install/pkg_interfaces/share/pkg_interfaces/environment/ament_prefix_path.sh
[3.385s] -- Up-to-date symlink: /home/triqui/Documents/TFG/TFG_MS_ROS/ros_ws/install/pkg_interfaces/share/pkg_interfaces/environment/ament_prefix_path.dsv
[3.386s] -- Up-to-date symlink: /home/triqui/Documents/TFG/TFG_MS_ROS/ros_ws/install/pkg_interfaces/share/pkg_interfaces/environment/path.sh
[3.387s] -- Up-to-date symlink: /home/triqui/Documents/TFG/TFG_MS_ROS/ros_ws/install/pkg_interfaces/share/pkg_interfaces/environment/path.dsv
[3.388s] -- Up-to-date symlink: /home/triqui/Documents/TFG/TFG_MS_ROS/ros_ws/install/pkg_interfaces/share/pkg_interfaces/local_setup.bash
[3.388s] -- Up-to-date symlink: /home/triqui/Documents/TFG/TFG_MS_ROS/ros_ws/install/pkg_interfaces/share/pkg_interfaces/local_setup.sh
[3.389s] -- Up-to-date symlink: /home/triqui/Documents/TFG/TFG_MS_ROS/ros_ws/install/pkg_interfaces/share/pkg_interfaces/local_setup.zsh
[3.390s] -- Up-to-date symlink: /home/triqui/Documents/TFG/TFG_MS_ROS/ros_ws/install/pkg_interfaces/share/pkg_interfaces/local_setup.dsv
[3.391s] -- Symlinking: /home/triqui/Documents/TFG/TFG_MS_ROS/ros_ws/install/pkg_interfaces/share/pkg_interfaces/package.dsv
[3.402s] -- Up-to-date symlink: /home/triqui/Documents/TFG/TFG_MS_ROS/ros_ws/install/pkg_interfaces/share/ament_index/resource_index/packages/pkg_interfaces
[3.403s] -- Up-to-date symlink: /home/triqui/Documents/TFG/TFG_MS_ROS/ros_ws/install/pkg_interfaces/share/pkg_interfaces/cmake/rosidl_cmake-extras.cmake
[3.404s] -- Up-to-date symlink: /home/triqui/Documents/TFG/TFG_MS_ROS/ros_ws/install/pkg_interfaces/share/pkg_interfaces/cmake/ament_cmake_export_dependencies-extras.cmake
[3.404s] -- Up-to-date symlink: /home/triqui/Documents/TFG/TFG_MS_ROS/ros_ws/install/pkg_interfaces/share/pkg_interfaces/cmake/ament_cmake_export_libraries-extras.cmake
[3.405s] -- Up-to-date symlink: /home/triqui/Documents/TFG/TFG_MS_ROS/ros_ws/install/pkg_interfaces/share/pkg_interfaces/cmake/ament_cmake_export_targets-extras.cmake
[3.406s] -- Up-to-date symlink: /home/triqui/Documents/TFG/TFG_MS_ROS/ros_ws/install/pkg_interfaces/share/pkg_interfaces/cmake/ament_cmake_export_include_directories-extras.cmake
[3.406s] -- Up-to-date symlink: /home/triqui/Documents/TFG/TFG_MS_ROS/ros_ws/install/pkg_interfaces/share/pkg_interfaces/cmake/rosidl_cmake_export_typesupport_libraries-extras.cmake
[3.407s] -- Up-to-date symlink: /home/triqui/Documents/TFG/TFG_MS_ROS/ros_ws/install/pkg_interfaces/share/pkg_interfaces/cmake/rosidl_cmake_export_typesupport_targets-extras.cmake
[3.407s] -- Up-to-date symlink: /home/triqui/Documents/TFG/TFG_MS_ROS/ros_ws/install/pkg_interfaces/share/pkg_interfaces/cmake/pkg_interfacesConfig.cmake
[3.408s] -- Up-to-date symlink: /home/triqui/Documents/TFG/TFG_MS_ROS/ros_ws/install/pkg_interfaces/share/pkg_interfaces/cmake/pkg_interfacesConfig-version.cmake
[3.408s] -- Up-to-date symlink: /home/triqui/Documents/TFG/TFG_MS_ROS/ros_ws/install/pkg_interfaces/share/pkg_interfaces/package.xml
[3.413s] -- Up-to-date: /home/triqui/Documents/TFG/TFG_MS_ROS/ros_ws/install/pkg_interfaces/lib/libpkg_interfaces__rosidl_generator_c.so
[3.413s] -- Up-to-date: /home/triqui/Documents/TFG/TFG_MS_ROS/ros_ws/install/pkg_interfaces/lib/libpkg_interfaces__rosidl_typesupport_introspection_c.so
[3.414s] -- Up-to-date: /home/triqui/Documents/TFG/TFG_MS_ROS/ros_ws/install/pkg_interfaces/lib/libpkg_interfaces__rosidl_typesupport_c.so
[3.416s] -- Installing: /home/triqui/Documents/TFG/TFG_MS_ROS/ros_ws/install/pkg_interfaces/lib/libpkg_interfaces__rosidl_typesupport_introspection_cpp.so
[3.418s] -- Set runtime path of "/home/triqui/Documents/TFG/TFG_MS_ROS/ros_ws/install/pkg_interfaces/lib/libpkg_interfaces__rosidl_typesupport_introspection_cpp.so" to ""
[3.419s] -- Installing: /home/triqui/Documents/TFG/TFG_MS_ROS/ros_ws/install/pkg_interfaces/lib/libpkg_interfaces__rosidl_typesupport_cpp.so
[3.420s] -- Set runtime path of "/home/triqui/Documents/TFG/TFG_MS_ROS/ros_ws/install/pkg_interfaces/lib/libpkg_interfaces__rosidl_typesupport_cpp.so" to ""
[3.467s] Compiling '/home/triqui/Documents/TFG/TFG_MS_ROS/ros_ws/install/pkg_interfaces/lib/python3.8/site-packages/pkg_interfaces/__init__.py'...
[3.474s] -- Up-to-date: /home/triqui/Documents/TFG/TFG_MS_ROS/ros_ws/install/pkg_interfaces/share/pkg_interfaces/cmake/pkg_interfaces__rosidl_generator_cExport.cmake
[3.474s] -- Installing: /home/triqui/Documents/TFG/TFG_MS_ROS/ros_ws/install/pkg_interfaces/share/pkg_interfaces/cmake/pkg_interfaces__rosidl_generator_cExport-noconfig.cmake
[3.474s] -- Up-to-date: /home/triqui/Documents/TFG/TFG_MS_ROS/ros_ws/install/pkg_interfaces/share/pkg_interfaces/cmake/pkg_interfaces__rosidl_typesupport_introspection_cExport.cmake
[3.474s] -- Installing: /home/triqui/Documents/TFG/TFG_MS_ROS/ros_ws/install/pkg_interfaces/share/pkg_interfaces/cmake/pkg_interfaces__rosidl_typesupport_introspection_cExport-noconfig.cmake
[3.475s] -- Up-to-date: /home/triqui/Documents/TFG/TFG_MS_ROS/ros_ws/install/pkg_interfaces/share/pkg_interfaces/cmake/pkg_interfaces__rosidl_typesupport_cExport.cmake
[3.475s] -- Installing: /home/triqui/Documents/TFG/TFG_MS_ROS/ros_ws/install/pkg_interfaces/share/pkg_interfaces/cmake/pkg_interfaces__rosidl_typesupport_cExport-noconfig.cmake
[3.475s] -- Up-to-date: /home/triqui/Documents/TFG/TFG_MS_ROS/ros_ws/install/pkg_interfaces/share/pkg_interfaces/cmake/pkg_interfaces__rosidl_generator_cppExport.cmake
[3.475s] -- Up-to-date: /home/triqui/Documents/TFG/TFG_MS_ROS/ros_ws/install/pkg_interfaces/share/pkg_interfaces/cmake/pkg_interfaces__rosidl_typesupport_introspection_cppExport.cmake
[3.475s] -- Installing: /home/triqui/Documents/TFG/TFG_MS_ROS/ros_ws/install/pkg_interfaces/share/pkg_interfaces/cmake/pkg_interfaces__rosidl_typesupport_introspection_cppExport-noconfig.cmake
[3.475s] -- Up-to-date: /home/triqui/Documents/TFG/TFG_MS_ROS/ros_ws/install/pkg_interfaces/share/pkg_interfaces/cmake/pkg_interfaces__rosidl_typesupport_cppExport.cmake
[3.475s] -- Installing: /home/triqui/Documents/TFG/TFG_MS_ROS/ros_ws/install/pkg_interfaces/share/pkg_interfaces/cmake/pkg_interfaces__rosidl_typesupport_cppExport-noconfig.cmake
[3.493s] Invoked command in '/home/triqui/Documents/TFG/TFG_MS_ROS/ros_ws/build/pkg_interfaces' returned '0': CMAKE_PREFIX_PATH=${CMAKE_PREFIX_PATH}:/home/triqui/Documents/TFG/TFG_MS_ROS/ros_ws/install/my_battery_package:/home/triqui/Documents/TFG/TFG_MS_ROS/ros_ws/install/ms_sub:/opt/ros/foxy /usr/bin/cmake --install /home/triqui/Documents/TFG/TFG_MS_ROS/ros_ws/build/pkg_interfaces
