[0.032s] Invoking command in '/home/triqui/Documents/TFG/TFG_MS_ROS/ros_ws/build/rover_navigation': CMAKE_PREFIX_PATH=/opt/ros/foxy /usr/bin/cmake /home/triqui/Documents/TFG/TFG_MS_ROS/ros_ws/src/ros2_rover/rover_navigation -DCMAKE_INSTALL_PREFIX=/home/triqui/Documents/TFG/TFG_MS_ROS/ros_ws/install/rover_navigation
[0.252s] -- The C compiler identification is GNU 9.4.0
[0.338s] -- The CXX compiler identification is GNU 9.4.0
[0.345s] -- Check for working C compiler: /usr/bin/cc
[0.615s] -- Check for working C compiler: /usr/bin/cc -- works
[0.616s] -- Detecting C compiler ABI info
[0.873s] -- Detecting C compiler ABI info - done
[0.891s] -- Detecting C compile features
[0.891s] -- Detecting C compile features - done
[0.891s] -- Check for working CXX compiler: /usr/bin/c++
[1.096s] -- Check for working CXX compiler: /usr/bin/c++ -- works
[1.097s] -- Detecting CXX compiler ABI info
[1.464s] -- Detecting CXX compiler ABI info - done
[1.475s] -- Detecting CXX compile features
[1.475s] -- Detecting CXX compile features - done
[1.480s] -- Found ament_cmake: 0.9.11 (/opt/ros/foxy/share/ament_cmake/cmake)
[1.512s] -- Found PythonInterp: /usr/bin/python3 (found suitable version "3.8.10", minimum required is "3") 
[1.512s] -- Using PYTHON_EXECUTABLE: /usr/bin/python3
[2.100s] -- Configuring done
[2.102s] -- Generating done
[2.103s] -- Build files have been written to: /home/triqui/Documents/TFG/TFG_MS_ROS/ros_ws/build/rover_navigation
[2.109s] Invoked command in '/home/triqui/Documents/TFG/TFG_MS_ROS/ros_ws/build/rover_navigation' returned '0': CMAKE_PREFIX_PATH=/opt/ros/foxy /usr/bin/cmake /home/triqui/Documents/TFG/TFG_MS_ROS/ros_ws/src/ros2_rover/rover_navigation -DCMAKE_INSTALL_PREFIX=/home/triqui/Documents/TFG/TFG_MS_ROS/ros_ws/install/rover_navigation
[2.112s] Invoking command in '/home/triqui/Documents/TFG/TFG_MS_ROS/ros_ws/build/rover_navigation': CMAKE_PREFIX_PATH=/opt/ros/foxy /usr/bin/cmake --build /home/triqui/Documents/TFG/TFG_MS_ROS/ros_ws/build/rover_navigation -- -j4 -l4
[2.251s] Invoked command in '/home/triqui/Documents/TFG/TFG_MS_ROS/ros_ws/build/rover_navigation' returned '0': CMAKE_PREFIX_PATH=/opt/ros/foxy /usr/bin/cmake --build /home/triqui/Documents/TFG/TFG_MS_ROS/ros_ws/build/rover_navigation -- -j4 -l4
[2.478s] Invoking command in '/home/triqui/Documents/TFG/TFG_MS_ROS/ros_ws/build/rover_navigation': CMAKE_PREFIX_PATH=/opt/ros/foxy /usr/bin/cmake --install /home/triqui/Documents/TFG/TFG_MS_ROS/ros_ws/build/rover_navigation
[2.503s] -- Install configuration: ""
[2.503s] -- Installing: /home/triqui/Documents/TFG/TFG_MS_ROS/ros_ws/install/rover_navigation/share/rover_navigation/launch
[2.505s] -- Installing: /home/triqui/Documents/TFG/TFG_MS_ROS/ros_ws/install/rover_navigation/share/rover_navigation/launch/navigation.launch.py
[2.507s] -- Installing: /home/triqui/Documents/TFG/TFG_MS_ROS/ros_ws/install/rover_navigation/share/rover_navigation/launch/bringup.launch.py
[2.508s] -- Installing: /home/triqui/Documents/TFG/TFG_MS_ROS/ros_ws/install/rover_navigation/share/rover_navigation/params
[2.509s] -- Installing: /home/triqui/Documents/TFG/TFG_MS_ROS/ros_ws/install/rover_navigation/share/rover_navigation/params/nav2.yaml
[2.512s] -- Installing: /home/triqui/Documents/TFG/TFG_MS_ROS/ros_ws/install/rover_navigation/share/ament_index/resource_index/package_run_dependencies/rover_navigation
[2.514s] -- Installing: /home/triqui/Documents/TFG/TFG_MS_ROS/ros_ws/install/rover_navigation/share/ament_index/resource_index/parent_prefix_path/rover_navigation
[2.516s] -- Installing: /home/triqui/Documents/TFG/TFG_MS_ROS/ros_ws/install/rover_navigation/share/rover_navigation/environment/ament_prefix_path.sh
[2.518s] -- Installing: /home/triqui/Documents/TFG/TFG_MS_ROS/ros_ws/install/rover_navigation/share/rover_navigation/environment/ament_prefix_path.dsv
[2.520s] -- Installing: /home/triqui/Documents/TFG/TFG_MS_ROS/ros_ws/install/rover_navigation/share/rover_navigation/environment/path.sh
[2.531s] -- Installing: /home/triqui/Documents/TFG/TFG_MS_ROS/ros_ws/install/rover_navigation/share/rover_navigation/environment/path.dsv
[2.532s] -- Installing: /home/triqui/Documents/TFG/TFG_MS_ROS/ros_ws/install/rover_navigation/share/rover_navigation/local_setup.bash
[2.532s] -- Installing: /home/triqui/Documents/TFG/TFG_MS_ROS/ros_ws/install/rover_navigation/share/rover_navigation/local_setup.sh
[2.532s] -- Installing: /home/triqui/Documents/TFG/TFG_MS_ROS/ros_ws/install/rover_navigation/share/rover_navigation/local_setup.zsh
[2.532s] -- Installing: /home/triqui/Documents/TFG/TFG_MS_ROS/ros_ws/install/rover_navigation/share/rover_navigation/local_setup.dsv
[2.532s] -- Installing: /home/triqui/Documents/TFG/TFG_MS_ROS/ros_ws/install/rover_navigation/share/rover_navigation/package.dsv
[2.532s] -- Installing: /home/triqui/Documents/TFG/TFG_MS_ROS/ros_ws/install/rover_navigation/share/ament_index/resource_index/packages/rover_navigation
[2.532s] -- Installing: /home/triqui/Documents/TFG/TFG_MS_ROS/ros_ws/install/rover_navigation/share/rover_navigation/cmake/rover_navigationConfig.cmake
[2.532s] -- Installing: /home/triqui/Documents/TFG/TFG_MS_ROS/ros_ws/install/rover_navigation/share/rover_navigation/cmake/rover_navigationConfig-version.cmake
[2.532s] -- Installing: /home/triqui/Documents/TFG/TFG_MS_ROS/ros_ws/install/rover_navigation/share/rover_navigation/package.xml
[2.548s] Invoked command in '/home/triqui/Documents/TFG/TFG_MS_ROS/ros_ws/build/rover_navigation' returned '0': CMAKE_PREFIX_PATH=/opt/ros/foxy /usr/bin/cmake --install /home/triqui/Documents/TFG/TFG_MS_ROS/ros_ws/build/rover_navigation
