-- Found ament_cmake: 0.9.11 (/opt/ros/foxy/share/ament_cmake/cmake)
-- Found PythonInterp: /usr/bin/python3 (found suitable version "3.8.10", minimum required is "3") 
-- Using PYTHON_EXECUTABLE: /usr/bin/python3
-- Override CMake install command with custom implementation using symlinks instead of copying resources
-- Found rosidl_default_generators: 1.0.1 (/opt/ros/foxy/share/rosidl_default_generators/cmake)
-- Using all available rosidl_typesupport_c: rosidl_typesupport_fastrtps_c;rosidl_typesupport_introspection_c
-- Found rosidl_adapter: 1.3.0 (/opt/ros/foxy/share/rosidl_adapter/cmake)
-- Using all available rosidl_typesupport_cpp: rosidl_typesupport_fastrtps_cpp;rosidl_typesupport_introspection_cpp
-- Found PythonInterp: /usr/bin/python3 (found version "3.8.10") 
-- Found ament_cmake_ros: 0.9.2 (/opt/ros/foxy/share/ament_cmake_ros/cmake)
-- Using all available rosidl_typesupport_c: rosidl_typesupport_fastrtps_c;rosidl_typesupport_introspection_c
-- Using all available rosidl_typesupport_cpp: rosidl_typesupport_fastrtps_cpp;rosidl_typesupport_introspection_cpp
-- Found PythonInterp: /usr/bin/python3 (found suitable version "3.8.10", minimum required is "3.5") 
-- Found python_cmake_module: 0.8.1 (/opt/ros/foxy/share/python_cmake_module/cmake)
-- Using PYTHON_EXECUTABLE: /usr/bin/python3
-- Using PYTHON_INCLUDE_DIRS: /usr/include/python3.8
-- Using PYTHON_LIBRARIES: /usr/lib/x86_64-linux-gnu/libpython3.8.so
-- Found ament_lint_auto: 0.9.8 (/opt/ros/foxy/share/ament_lint_auto/cmake)
-- Added test 'copyright' to check source files copyright and LICENSE
-- Added test 'lint_cmake' to check CMake code style
-- Added test 'xmllint' to check XML markup files
-- Configuring done
-- Generating done
-- Build files have been written to: /home/triqui/Documents/TFG/TFG_MS_ROS/ros_ws/build/pkg_interfaces
[  3%] Built target pkg_interfaces__cpp
[ 12%] Built target pkg_interfaces__rosidl_generator_c
[ 22%] Built target pkg_interfaces__rosidl_typesupport_introspection_cpp
[ 32%] Built target pkg_interfaces__rosidl_typesupport_cpp
[ 35%] [32m[1mLinking CXX shared library libpkg_interfaces__rosidl_typesupport_fastrtps_cpp.so[0m
[ 45%] Built target pkg_interfaces__rosidl_typesupport_introspection_c
[ 54%] Built target pkg_interfaces__rosidl_typesupport_c
[ 61%] Built target pkg_interfaces__rosidl_typesupport_fastrtps_cpp
[ 64%] [32m[1mLinking CXX shared library libpkg_interfaces__rosidl_typesupport_fastrtps_c.so[0m
[ 70%] Built target pkg_interfaces__rosidl_typesupport_fastrtps_c
[ 70%] Built target pkg_interfaces
[ 74%] Built target pkg_interfaces__py
[ 77%] [32m[1mLinking C shared library rosidl_generator_py/pkg_interfaces/libpkg_interfaces__python.so[0m
[ 80%] Built target pkg_interfaces__python
[ 83%] [32m[1mLinking CXX shared library rosidl_generator_py/pkg_interfaces/pkg_interfaces_s__rosidl_typesupport_fastrtps_c.cpython-38-x86_64-linux-gnu.so[0m
[ 87%] [32m[1mLinking C shared library rosidl_generator_py/pkg_interfaces/pkg_interfaces_s__rosidl_typesupport_introspection_c.cpython-38-x86_64-linux-gnu.so[0m
[ 90%] [32m[1mLinking C shared library rosidl_generator_py/pkg_interfaces/pkg_interfaces_s__rosidl_typesupport_c.cpython-38-x86_64-linux-gnu.so[0m
[ 93%] Built target pkg_interfaces__rosidl_typesupport_introspection_c__pyext
[ 96%] Built target pkg_interfaces__rosidl_typesupport_c__pyext
[100%] Built target pkg_interfaces__rosidl_typesupport_fastrtps_c__pyext
-- Install configuration: ""
-- Execute custom install script
-- Symlinking: /home/triqui/Documents/TFG/TFG_MS_ROS/ros_ws/install/pkg_interfaces/share/ament_index/resource_index/rosidl_interfaces/pkg_interfaces
-- Symlinking: /home/triqui/Documents/TFG/TFG_MS_ROS/ros_ws/install/pkg_interfaces/include/pkg_interfaces/msg/batterylvl.h
-- Symlinking: /home/triqui/Documents/TFG/TFG_MS_ROS/ros_ws/install/pkg_interfaces/include/pkg_interfaces/msg/detail/batterylvl__functions.h
-- Symlinking: /home/triqui/Documents/TFG/TFG_MS_ROS/ros_ws/install/pkg_interfaces/include/pkg_interfaces/msg/detail/batterylvl__struct.h
-- Symlinking: /home/triqui/Documents/TFG/TFG_MS_ROS/ros_ws/install/pkg_interfaces/include/pkg_interfaces/msg/detail/batterylvl__type_support.h
-- Symlinking: /home/triqui/Documents/TFG/TFG_MS_ROS/ros_ws/install/pkg_interfaces/include/pkg_interfaces/msg/rosidl_generator_c__visibility_control.h
-- Symlinking: /home/triqui/Documents/TFG/TFG_MS_ROS/ros_ws/install/pkg_interfaces/share/pkg_interfaces/environment/library_path.sh
-- Symlinking: /home/triqui/Documents/TFG/TFG_MS_ROS/ros_ws/install/pkg_interfaces/share/pkg_interfaces/environment/library_path.dsv
-- Symlinking: /home/triqui/Documents/TFG/TFG_MS_ROS/ros_ws/install/pkg_interfaces/include/pkg_interfaces/msg/detail/batterylvl__rosidl_typesupport_fastrtps_c.h
-- Symlinking: /home/triqui/Documents/TFG/TFG_MS_ROS/ros_ws/install/pkg_interfaces/include/pkg_interfaces/msg/rosidl_typesupport_fastrtps_c__visibility_control.h
-- Symlinking: /home/triqui/Documents/TFG/TFG_MS_ROS/ros_ws/install/pkg_interfaces/lib/libpkg_interfaces__rosidl_typesupport_fastrtps_c.so
-- Symlinking: /home/triqui/Documents/TFG/TFG_MS_ROS/ros_ws/install/pkg_interfaces/include/pkg_interfaces/msg/detail/batterylvl__rosidl_typesupport_fastrtps_cpp.hpp
-- Symlinking: /home/triqui/Documents/TFG/TFG_MS_ROS/ros_ws/install/pkg_interfaces/include/pkg_interfaces/msg/rosidl_typesupport_fastrtps_cpp__visibility_control.h
-- Symlinking: /home/triqui/Documents/TFG/TFG_MS_ROS/ros_ws/install/pkg_interfaces/lib/libpkg_interfaces__rosidl_typesupport_fastrtps_cpp.so
-- Symlinking: /home/triqui/Documents/TFG/TFG_MS_ROS/ros_ws/install/pkg_interfaces/include/pkg_interfaces/msg/detail/batterylvl__rosidl_typesupport_introspection_c.h
-- Symlinking: /home/triqui/Documents/TFG/TFG_MS_ROS/ros_ws/install/pkg_interfaces/include/pkg_interfaces/msg/rosidl_typesupport_introspection_c__visibility_control.h
-- Symlinking: /home/triqui/Documents/TFG/TFG_MS_ROS/ros_ws/install/pkg_interfaces/include/pkg_interfaces/msg/batterylvl.hpp
-- Symlinking: /home/triqui/Documents/TFG/TFG_MS_ROS/ros_ws/install/pkg_interfaces/include/pkg_interfaces/msg/detail/batterylvl__builder.hpp
-- Symlinking: /home/triqui/Documents/TFG/TFG_MS_ROS/ros_ws/install/pkg_interfaces/include/pkg_interfaces/msg/detail/batterylvl__struct.hpp
-- Symlinking: /home/triqui/Documents/TFG/TFG_MS_ROS/ros_ws/install/pkg_interfaces/include/pkg_interfaces/msg/detail/batterylvl__traits.hpp
-- Symlinking: /home/triqui/Documents/TFG/TFG_MS_ROS/ros_ws/install/pkg_interfaces/include/pkg_interfaces/msg/detail/batterylvl__rosidl_typesupport_introspection_cpp.hpp
-- Symlinking: /home/triqui/Documents/TFG/TFG_MS_ROS/ros_ws/install/pkg_interfaces/share/pkg_interfaces/environment/pythonpath.sh
-- Symlinking: /home/triqui/Documents/TFG/TFG_MS_ROS/ros_ws/install/pkg_interfaces/share/pkg_interfaces/environment/pythonpath.dsv
-- Symlinking: /home/triqui/Documents/TFG/TFG_MS_ROS/ros_ws/install/pkg_interfaces/lib/python3.8/site-packages/pkg_interfaces/__init__.py
-- Symlinking: /home/triqui/Documents/TFG/TFG_MS_ROS/ros_ws/install/pkg_interfaces/lib/python3.8/site-packages/pkg_interfaces/msg/__init__.py
-- Symlinking: /home/triqui/Documents/TFG/TFG_MS_ROS/ros_ws/install/pkg_interfaces/lib/python3.8/site-packages/pkg_interfaces/msg/_batterylvl.py
-- Symlinking: /home/triqui/Documents/TFG/TFG_MS_ROS/ros_ws/install/pkg_interfaces/lib/python3.8/site-packages/pkg_interfaces/pkg_interfaces_s__rosidl_typesupport_fastrtps_c.cpython-38-x86_64-linux-gnu.so
-- Symlinking: /home/triqui/Documents/TFG/TFG_MS_ROS/ros_ws/install/pkg_interfaces/lib/python3.8/site-packages/pkg_interfaces/pkg_interfaces_s__rosidl_typesupport_introspection_c.cpython-38-x86_64-linux-gnu.so
-- Symlinking: /home/triqui/Documents/TFG/TFG_MS_ROS/ros_ws/install/pkg_interfaces/lib/python3.8/site-packages/pkg_interfaces/pkg_interfaces_s__rosidl_typesupport_c.cpython-38-x86_64-linux-gnu.so
-- Symlinking: /home/triqui/Documents/TFG/TFG_MS_ROS/ros_ws/install/pkg_interfaces/lib/libpkg_interfaces__python.so
-- Symlinking: /home/triqui/Documents/TFG/TFG_MS_ROS/ros_ws/install/pkg_interfaces/share/pkg_interfaces/msg/Batterylvl.idl
-- Symlinking: /home/triqui/Documents/TFG/TFG_MS_ROS/ros_ws/install/pkg_interfaces/share/pkg_interfaces/msg/Batterylvl.msg
-- Symlinking: /home/triqui/Documents/TFG/TFG_MS_ROS/ros_ws/install/pkg_interfaces/share/ament_index/resource_index/package_run_dependencies/pkg_interfaces
-- Symlinking: /home/triqui/Documents/TFG/TFG_MS_ROS/ros_ws/install/pkg_interfaces/share/ament_index/resource_index/parent_prefix_path/pkg_interfaces
-- Symlinking: /home/triqui/Documents/TFG/TFG_MS_ROS/ros_ws/install/pkg_interfaces/share/pkg_interfaces/environment/ament_prefix_path.sh
-- Symlinking: /home/triqui/Documents/TFG/TFG_MS_ROS/ros_ws/install/pkg_interfaces/share/pkg_interfaces/environment/ament_prefix_path.dsv
-- Symlinking: /home/triqui/Documents/TFG/TFG_MS_ROS/ros_ws/install/pkg_interfaces/share/pkg_interfaces/environment/path.sh
-- Symlinking: /home/triqui/Documents/TFG/TFG_MS_ROS/ros_ws/install/pkg_interfaces/share/pkg_interfaces/environment/path.dsv
-- Symlinking: /home/triqui/Documents/TFG/TFG_MS_ROS/ros_ws/install/pkg_interfaces/share/pkg_interfaces/local_setup.bash
-- Symlinking: /home/triqui/Documents/TFG/TFG_MS_ROS/ros_ws/install/pkg_interfaces/share/pkg_interfaces/local_setup.sh
-- Symlinking: /home/triqui/Documents/TFG/TFG_MS_ROS/ros_ws/install/pkg_interfaces/share/pkg_interfaces/local_setup.zsh
-- Symlinking: /home/triqui/Documents/TFG/TFG_MS_ROS/ros_ws/install/pkg_interfaces/share/pkg_interfaces/local_setup.dsv
-- Symlinking: /home/triqui/Documents/TFG/TFG_MS_ROS/ros_ws/install/pkg_interfaces/share/pkg_interfaces/package.dsv
-- Symlinking: /home/triqui/Documents/TFG/TFG_MS_ROS/ros_ws/install/pkg_interfaces/share/ament_index/resource_index/packages/pkg_interfaces
-- Symlinking: /home/triqui/Documents/TFG/TFG_MS_ROS/ros_ws/install/pkg_interfaces/share/pkg_interfaces/cmake/rosidl_cmake-extras.cmake
-- Symlinking: /home/triqui/Documents/TFG/TFG_MS_ROS/ros_ws/install/pkg_interfaces/share/pkg_interfaces/cmake/ament_cmake_export_dependencies-extras.cmake
-- Symlinking: /home/triqui/Documents/TFG/TFG_MS_ROS/ros_ws/install/pkg_interfaces/share/pkg_interfaces/cmake/ament_cmake_export_libraries-extras.cmake
-- Symlinking: /home/triqui/Documents/TFG/TFG_MS_ROS/ros_ws/install/pkg_interfaces/share/pkg_interfaces/cmake/ament_cmake_export_targets-extras.cmake
-- Symlinking: /home/triqui/Documents/TFG/TFG_MS_ROS/ros_ws/install/pkg_interfaces/share/pkg_interfaces/cmake/ament_cmake_export_include_directories-extras.cmake
-- Symlinking: /home/triqui/Documents/TFG/TFG_MS_ROS/ros_ws/install/pkg_interfaces/share/pkg_interfaces/cmake/rosidl_cmake_export_typesupport_libraries-extras.cmake
-- Symlinking: /home/triqui/Documents/TFG/TFG_MS_ROS/ros_ws/install/pkg_interfaces/share/pkg_interfaces/cmake/rosidl_cmake_export_typesupport_targets-extras.cmake
-- Symlinking: /home/triqui/Documents/TFG/TFG_MS_ROS/ros_ws/install/pkg_interfaces/share/pkg_interfaces/cmake/pkg_interfacesConfig.cmake
-- Symlinking: /home/triqui/Documents/TFG/TFG_MS_ROS/ros_ws/install/pkg_interfaces/share/pkg_interfaces/cmake/pkg_interfacesConfig-version.cmake
-- Symlinking: /home/triqui/Documents/TFG/TFG_MS_ROS/ros_ws/install/pkg_interfaces/share/pkg_interfaces/package.xml
-- Up-to-date: /home/triqui/Documents/TFG/TFG_MS_ROS/ros_ws/install/pkg_interfaces/lib/libpkg_interfaces__rosidl_generator_c.so
-- Up-to-date: /home/triqui/Documents/TFG/TFG_MS_ROS/ros_ws/install/pkg_interfaces/lib/libpkg_interfaces__rosidl_typesupport_introspection_c.so
-- Up-to-date: /home/triqui/Documents/TFG/TFG_MS_ROS/ros_ws/install/pkg_interfaces/lib/libpkg_interfaces__rosidl_typesupport_c.so
-- Up-to-date: /home/triqui/Documents/TFG/TFG_MS_ROS/ros_ws/install/pkg_interfaces/lib/libpkg_interfaces__rosidl_typesupport_introspection_cpp.so
-- Up-to-date: /home/triqui/Documents/TFG/TFG_MS_ROS/ros_ws/install/pkg_interfaces/lib/libpkg_interfaces__rosidl_typesupport_cpp.so
Compiling '/home/triqui/Documents/TFG/TFG_MS_ROS/ros_ws/install/pkg_interfaces/lib/python3.8/site-packages/pkg_interfaces/__init__.py'...
-- Up-to-date: /home/triqui/Documents/TFG/TFG_MS_ROS/ros_ws/install/pkg_interfaces/share/pkg_interfaces/cmake/pkg_interfaces__rosidl_generator_cExport.cmake
-- Installing: /home/triqui/Documents/TFG/TFG_MS_ROS/ros_ws/install/pkg_interfaces/share/pkg_interfaces/cmake/pkg_interfaces__rosidl_generator_cExport-noconfig.cmake
-- Up-to-date: /home/triqui/Documents/TFG/TFG_MS_ROS/ros_ws/install/pkg_interfaces/share/pkg_interfaces/cmake/pkg_interfaces__rosidl_typesupport_introspection_cExport.cmake
-- Installing: /home/triqui/Documents/TFG/TFG_MS_ROS/ros_ws/install/pkg_interfaces/share/pkg_interfaces/cmake/pkg_interfaces__rosidl_typesupport_introspection_cExport-noconfig.cmake
-- Up-to-date: /home/triqui/Documents/TFG/TFG_MS_ROS/ros_ws/install/pkg_interfaces/share/pkg_interfaces/cmake/pkg_interfaces__rosidl_typesupport_cExport.cmake
-- Installing: /home/triqui/Documents/TFG/TFG_MS_ROS/ros_ws/install/pkg_interfaces/share/pkg_interfaces/cmake/pkg_interfaces__rosidl_typesupport_cExport-noconfig.cmake
-- Up-to-date: /home/triqui/Documents/TFG/TFG_MS_ROS/ros_ws/install/pkg_interfaces/share/pkg_interfaces/cmake/pkg_interfaces__rosidl_generator_cppExport.cmake
-- Up-to-date: /home/triqui/Documents/TFG/TFG_MS_ROS/ros_ws/install/pkg_interfaces/share/pkg_interfaces/cmake/pkg_interfaces__rosidl_typesupport_introspection_cppExport.cmake
-- Installing: /home/triqui/Documents/TFG/TFG_MS_ROS/ros_ws/install/pkg_interfaces/share/pkg_interfaces/cmake/pkg_interfaces__rosidl_typesupport_introspection_cppExport-noconfig.cmake
-- Up-to-date: /home/triqui/Documents/TFG/TFG_MS_ROS/ros_ws/install/pkg_interfaces/share/pkg_interfaces/cmake/pkg_interfaces__rosidl_typesupport_cppExport.cmake
-- Installing: /home/triqui/Documents/TFG/TFG_MS_ROS/ros_ws/install/pkg_interfaces/share/pkg_interfaces/cmake/pkg_interfaces__rosidl_typesupport_cppExport-noconfig.cmake
