[0.352s] DEBUG:colcon:Command line arguments: ['/usr/bin/colcon', 'build', '--symlink-install']
[0.352s] DEBUG:colcon:Parsed command line arguments: Namespace(allow_overriding=[], ament_cmake_args=None, base_paths=['.'], build_base='build', catkin_cmake_args=None, catkin_skip_building_tests=False, cmake_args=None, cmake_clean_cache=False, cmake_clean_first=False, cmake_force_configure=False, cmake_target=None, cmake_target_skip_unavailable=False, continue_on_error=False, event_handlers=None, executor='parallel', ignore_user_meta=False, install_base='install', log_base=None, log_level=None, main=<bound method BuildVerb.main of <colcon_core.verb.build.BuildVerb object at 0x7fb7b16fc8b0>>, merge_install=False, metas=['./colcon.meta'], packages_above=None, packages_above_and_dependencies=None, packages_above_depth=None, packages_end=None, packages_ignore=None, packages_ignore_regex=None, packages_select=None, packages_select_build_failed=False, packages_select_by_dep=None, packages_select_regex=None, packages_select_test_failures=False, packages_skip=None, packages_skip_build_finished=False, packages_skip_by_dep=None, packages_skip_regex=None, packages_skip_test_passed=False, packages_skip_up_to=None, packages_start=None, packages_up_to=None, packages_up_to_regex=None, parallel_workers=4, paths=None, symlink_install=True, test_result_base=None, verb_extension=<colcon_core.verb.build.BuildVerb object at 0x7fb7b16fc8b0>, verb_name='build', verb_parser=<colcon_defaults.argument_parser.defaults.DefaultArgumentsDecorator object at 0x7fb7b16fce20>)
[0.383s] Level 1:colcon.colcon_core.package_discovery:discover_packages(colcon_meta) check parameters
[0.383s] Level 1:colcon.colcon_core.package_discovery:discover_packages(recursive) check parameters
[0.383s] Level 1:colcon.colcon_core.package_discovery:discover_packages(ignore) check parameters
[0.383s] Level 1:colcon.colcon_core.package_discovery:discover_packages(path) check parameters
[0.383s] Level 1:colcon.colcon_core.package_discovery:discover_packages(colcon_meta) discover
[0.383s] Level 1:colcon.colcon_core.package_discovery:discover_packages(recursive) discover
[0.383s] INFO:colcon.colcon_core.package_discovery:Crawling recursively for packages in '/home/triqui/Documents/TFG/TFG_MS_ROS/ros_ws'
[0.383s] Level 1:colcon.colcon_core.package_identification:_identify(.) by extensions ['ignore', 'ignore_ament_install']
[0.383s] Level 1:colcon.colcon_core.package_identification:_identify(.) by extension 'ignore'
[0.383s] Level 1:colcon.colcon_core.package_identification:_identify(.) by extension 'ignore_ament_install'
[0.383s] Level 1:colcon.colcon_core.package_identification:_identify(.) by extensions ['colcon_pkg']
[0.383s] Level 1:colcon.colcon_core.package_identification:_identify(.) by extension 'colcon_pkg'
[0.384s] Level 1:colcon.colcon_core.package_identification:_identify(.) by extensions ['colcon_meta']
[0.384s] Level 1:colcon.colcon_core.package_identification:_identify(.) by extension 'colcon_meta'
[0.384s] Level 1:colcon.colcon_core.package_identification:_identify(.) by extensions ['ros']
[0.384s] Level 1:colcon.colcon_core.package_identification:_identify(.) by extension 'ros'
[0.403s] Level 1:colcon.colcon_core.package_identification:_identify(.) by extensions ['cmake', 'python']
[0.403s] Level 1:colcon.colcon_core.package_identification:_identify(.) by extension 'cmake'
[0.403s] Level 1:colcon.colcon_core.package_identification:_identify(.) by extension 'python'
[0.403s] Level 1:colcon.colcon_core.package_identification:_identify(.) by extensions ['python_setup_py']
[0.403s] Level 1:colcon.colcon_core.package_identification:_identify(.) by extension 'python_setup_py'
[0.403s] Level 1:colcon.colcon_core.package_identification:_identify(build) by extensions ['ignore', 'ignore_ament_install']
[0.403s] Level 1:colcon.colcon_core.package_identification:_identify(build) by extension 'ignore'
[0.403s] Level 1:colcon.colcon_core.package_identification:_identify(build) ignored
[0.404s] Level 1:colcon.colcon_core.package_identification:_identify(install) by extensions ['ignore', 'ignore_ament_install']
[0.404s] Level 1:colcon.colcon_core.package_identification:_identify(install) by extension 'ignore'
[0.404s] Level 1:colcon.colcon_core.package_identification:_identify(install) ignored
[0.404s] Level 1:colcon.colcon_core.package_identification:_identify(log) by extensions ['ignore', 'ignore_ament_install']
[0.404s] Level 1:colcon.colcon_core.package_identification:_identify(log) by extension 'ignore'
[0.404s] Level 1:colcon.colcon_core.package_identification:_identify(log) ignored
[0.404s] Level 1:colcon.colcon_core.package_identification:_identify(src) by extensions ['ignore', 'ignore_ament_install']
[0.404s] Level 1:colcon.colcon_core.package_identification:_identify(src) by extension 'ignore'
[0.404s] Level 1:colcon.colcon_core.package_identification:_identify(src) by extension 'ignore_ament_install'
[0.405s] Level 1:colcon.colcon_core.package_identification:_identify(src) by extensions ['colcon_pkg']
[0.405s] Level 1:colcon.colcon_core.package_identification:_identify(src) by extension 'colcon_pkg'
[0.405s] Level 1:colcon.colcon_core.package_identification:_identify(src) by extensions ['colcon_meta']
[0.405s] Level 1:colcon.colcon_core.package_identification:_identify(src) by extension 'colcon_meta'
[0.405s] Level 1:colcon.colcon_core.package_identification:_identify(src) by extensions ['ros']
[0.405s] Level 1:colcon.colcon_core.package_identification:_identify(src) by extension 'ros'
[0.405s] Level 1:colcon.colcon_core.package_identification:_identify(src) by extensions ['cmake', 'python']
[0.405s] Level 1:colcon.colcon_core.package_identification:_identify(src) by extension 'cmake'
[0.405s] Level 1:colcon.colcon_core.package_identification:_identify(src) by extension 'python'
[0.405s] Level 1:colcon.colcon_core.package_identification:_identify(src) by extensions ['python_setup_py']
[0.405s] Level 1:colcon.colcon_core.package_identification:_identify(src) by extension 'python_setup_py'
[0.405s] Level 1:colcon.colcon_core.package_identification:_identify(src/my_battery_package) by extensions ['ignore', 'ignore_ament_install']
[0.405s] Level 1:colcon.colcon_core.package_identification:_identify(src/my_battery_package) by extension 'ignore'
[0.405s] Level 1:colcon.colcon_core.package_identification:_identify(src/my_battery_package) by extension 'ignore_ament_install'
[0.405s] Level 1:colcon.colcon_core.package_identification:_identify(src/my_battery_package) by extensions ['colcon_pkg']
[0.405s] Level 1:colcon.colcon_core.package_identification:_identify(src/my_battery_package) by extension 'colcon_pkg'
[0.405s] Level 1:colcon.colcon_core.package_identification:_identify(src/my_battery_package) by extensions ['colcon_meta']
[0.405s] Level 1:colcon.colcon_core.package_identification:_identify(src/my_battery_package) by extension 'colcon_meta'
[0.406s] Level 1:colcon.colcon_core.package_identification:_identify(src/my_battery_package) by extensions ['ros']
[0.406s] Level 1:colcon.colcon_core.package_identification:_identify(src/my_battery_package) by extension 'ros'
[0.408s] DEBUG:colcon.colcon_core.package_identification:Package 'src/my_battery_package' with type 'ros.ament_python' and name 'my_battery_package'
[0.408s] Level 1:colcon.colcon_core.package_identification:_identify(src/pkg_interfaces) by extensions ['ignore', 'ignore_ament_install']
[0.408s] Level 1:colcon.colcon_core.package_identification:_identify(src/pkg_interfaces) by extension 'ignore'
[0.408s] Level 1:colcon.colcon_core.package_identification:_identify(src/pkg_interfaces) by extension 'ignore_ament_install'
[0.409s] Level 1:colcon.colcon_core.package_identification:_identify(src/pkg_interfaces) by extensions ['colcon_pkg']
[0.409s] Level 1:colcon.colcon_core.package_identification:_identify(src/pkg_interfaces) by extension 'colcon_pkg'
[0.409s] Level 1:colcon.colcon_core.package_identification:_identify(src/pkg_interfaces) by extensions ['colcon_meta']
[0.409s] Level 1:colcon.colcon_core.package_identification:_identify(src/pkg_interfaces) by extension 'colcon_meta'
[0.409s] Level 1:colcon.colcon_core.package_identification:_identify(src/pkg_interfaces) by extensions ['ros']
[0.409s] Level 1:colcon.colcon_core.package_identification:_identify(src/pkg_interfaces) by extension 'ros'
[0.409s] DEBUG:colcon.colcon_core.package_identification:Package 'src/pkg_interfaces' with type 'ros.ament_cmake' and name 'pkg_interfaces'
[0.409s] Level 1:colcon.colcon_core.package_discovery:discover_packages(recursive) using defaults
[0.409s] Level 1:colcon.colcon_core.package_discovery:discover_packages(ignore) discover
[0.409s] Level 1:colcon.colcon_core.package_discovery:discover_packages(ignore) using defaults
[0.410s] Level 1:colcon.colcon_core.package_discovery:discover_packages(path) discover
[0.410s] Level 1:colcon.colcon_core.package_discovery:discover_packages(path) using defaults
[0.432s] Level 1:colcon.colcon_core.package_discovery:discover_packages(prefix_path) check parameters
[0.432s] Level 1:colcon.colcon_core.package_discovery:discover_packages(prefix_path) discover
[0.436s] DEBUG:colcon.colcon_installed_package_information.package_discovery:Found 2 installed packages in /home/triqui/Documents/TFG/TFG_MS_ROS/ros_ws/install
[0.438s] DEBUG:colcon.colcon_installed_package_information.package_discovery:Found 15 installed packages in /home/triqui/turtlebot3_ws/install
[0.441s] DEBUG:colcon.colcon_installed_package_information.package_discovery:Found 377 installed packages in /opt/ros/foxy
[0.443s] Level 1:colcon.colcon_core.package_discovery:discover_packages(prefix_path) using defaults
[0.540s] Level 5:colcon.colcon_core.verb:set package 'pkg_interfaces' build argument 'cmake_args' from command line to 'None'
[0.540s] Level 5:colcon.colcon_core.verb:set package 'pkg_interfaces' build argument 'cmake_target' from command line to 'None'
[0.540s] Level 5:colcon.colcon_core.verb:set package 'pkg_interfaces' build argument 'cmake_target_skip_unavailable' from command line to 'False'
[0.540s] Level 5:colcon.colcon_core.verb:set package 'pkg_interfaces' build argument 'cmake_clean_cache' from command line to 'False'
[0.540s] Level 5:colcon.colcon_core.verb:set package 'pkg_interfaces' build argument 'cmake_clean_first' from command line to 'False'
[0.540s] Level 5:colcon.colcon_core.verb:set package 'pkg_interfaces' build argument 'cmake_force_configure' from command line to 'False'
[0.540s] Level 5:colcon.colcon_core.verb:set package 'pkg_interfaces' build argument 'ament_cmake_args' from command line to 'None'
[0.540s] Level 5:colcon.colcon_core.verb:set package 'pkg_interfaces' build argument 'catkin_cmake_args' from command line to 'None'
[0.540s] Level 5:colcon.colcon_core.verb:set package 'pkg_interfaces' build argument 'catkin_skip_building_tests' from command line to 'False'
[0.540s] DEBUG:colcon.colcon_core.verb:Building package 'pkg_interfaces' with the following arguments: {'ament_cmake_args': None, 'build_base': '/home/triqui/Documents/TFG/TFG_MS_ROS/ros_ws/build/pkg_interfaces', 'catkin_cmake_args': None, 'catkin_skip_building_tests': False, 'cmake_args': None, 'cmake_clean_cache': False, 'cmake_clean_first': False, 'cmake_force_configure': False, 'cmake_target': None, 'cmake_target_skip_unavailable': False, 'install_base': '/home/triqui/Documents/TFG/TFG_MS_ROS/ros_ws/install/pkg_interfaces', 'merge_install': False, 'path': '/home/triqui/Documents/TFG/TFG_MS_ROS/ros_ws/src/pkg_interfaces', 'symlink_install': True, 'test_result_base': None}
[0.541s] Level 5:colcon.colcon_core.verb:set package 'my_battery_package' build argument 'cmake_args' from command line to 'None'
[0.541s] Level 5:colcon.colcon_core.verb:set package 'my_battery_package' build argument 'cmake_target' from command line to 'None'
[0.541s] Level 5:colcon.colcon_core.verb:set package 'my_battery_package' build argument 'cmake_target_skip_unavailable' from command line to 'False'
[0.541s] Level 5:colcon.colcon_core.verb:set package 'my_battery_package' build argument 'cmake_clean_cache' from command line to 'False'
[0.541s] Level 5:colcon.colcon_core.verb:set package 'my_battery_package' build argument 'cmake_clean_first' from command line to 'False'
[0.541s] Level 5:colcon.colcon_core.verb:set package 'my_battery_package' build argument 'cmake_force_configure' from command line to 'False'
[0.541s] Level 5:colcon.colcon_core.verb:set package 'my_battery_package' build argument 'ament_cmake_args' from command line to 'None'
[0.541s] Level 5:colcon.colcon_core.verb:set package 'my_battery_package' build argument 'catkin_cmake_args' from command line to 'None'
[0.541s] Level 5:colcon.colcon_core.verb:set package 'my_battery_package' build argument 'catkin_skip_building_tests' from command line to 'False'
[0.541s] DEBUG:colcon.colcon_core.verb:Building package 'my_battery_package' with the following arguments: {'ament_cmake_args': None, 'build_base': '/home/triqui/Documents/TFG/TFG_MS_ROS/ros_ws/build/my_battery_package', 'catkin_cmake_args': None, 'catkin_skip_building_tests': False, 'cmake_args': None, 'cmake_clean_cache': False, 'cmake_clean_first': False, 'cmake_force_configure': False, 'cmake_target': None, 'cmake_target_skip_unavailable': False, 'install_base': '/home/triqui/Documents/TFG/TFG_MS_ROS/ros_ws/install/my_battery_package', 'merge_install': False, 'path': '/home/triqui/Documents/TFG/TFG_MS_ROS/ros_ws/src/my_battery_package', 'symlink_install': True, 'test_result_base': None}
[0.542s] INFO:colcon.colcon_core.executor:Executing jobs using 'parallel' executor
[0.546s] DEBUG:colcon.colcon_parallel_executor.executor.parallel:run_until_complete
[0.547s] INFO:colcon.colcon_ros.task.ament_cmake.build:Building ROS package in '/home/triqui/Documents/TFG/TFG_MS_ROS/ros_ws/src/pkg_interfaces' with build type 'ament_cmake'
[0.547s] INFO:colcon.colcon_cmake.task.cmake.build:Building CMake package in '/home/triqui/Documents/TFG/TFG_MS_ROS/ros_ws/src/pkg_interfaces'
[0.552s] INFO:colcon.colcon_core.plugin_system:Skipping extension 'colcon_core.shell.bat': Not used on non-Windows systems
[0.552s] INFO:colcon.colcon_core.shell:Skip shell extension 'powershell' for command environment: Not usable outside of PowerShell
[0.552s] DEBUG:colcon.colcon_core.shell:Skip shell extension 'dsv' for command environment
[0.569s] DEBUG:colcon.colcon_core.event_handler.log_command:Invoking command in '/home/triqui/Documents/TFG/TFG_MS_ROS/ros_ws/build/pkg_interfaces': CMAKE_PREFIX_PATH=${CMAKE_PREFIX_PATH}:/home/triqui/Documents/TFG/TFG_MS_ROS/ros_ws/install/my_battery_package:/home/triqui/turtlebot3_ws/install/turtlebot3_teleop:/home/triqui/turtlebot3_ws/install/turtlebot3_example:/opt/ros/foxy /usr/bin/cmake --build /home/triqui/Documents/TFG/TFG_MS_ROS/ros_ws/build/pkg_interfaces -- -j4 -l4
[0.829s] DEBUG:colcon.colcon_core.event_handler.log_command:Invoked command in '/home/triqui/Documents/TFG/TFG_MS_ROS/ros_ws/build/pkg_interfaces' returned '0': CMAKE_PREFIX_PATH=${CMAKE_PREFIX_PATH}:/home/triqui/Documents/TFG/TFG_MS_ROS/ros_ws/install/my_battery_package:/home/triqui/turtlebot3_ws/install/turtlebot3_teleop:/home/triqui/turtlebot3_ws/install/turtlebot3_example:/opt/ros/foxy /usr/bin/cmake --build /home/triqui/Documents/TFG/TFG_MS_ROS/ros_ws/build/pkg_interfaces -- -j4 -l4
[0.910s] DEBUG:colcon.colcon_core.event_handler.log_command:Invoking command in '/home/triqui/Documents/TFG/TFG_MS_ROS/ros_ws/build/pkg_interfaces': CMAKE_PREFIX_PATH=${CMAKE_PREFIX_PATH}:/home/triqui/Documents/TFG/TFG_MS_ROS/ros_ws/install/my_battery_package:/home/triqui/turtlebot3_ws/install/turtlebot3_teleop:/home/triqui/turtlebot3_ws/install/turtlebot3_example:/opt/ros/foxy /usr/bin/cmake --install /home/triqui/Documents/TFG/TFG_MS_ROS/ros_ws/build/pkg_interfaces
[1.008s] Level 1:colcon.colcon_core.environment:create_environment_scripts_only(pkg_interfaces)
[1.009s] DEBUG:colcon.colcon_core.event_handler.log_command:Invoked command in '/home/triqui/Documents/TFG/TFG_MS_ROS/ros_ws/build/pkg_interfaces' returned '0': CMAKE_PREFIX_PATH=${CMAKE_PREFIX_PATH}:/home/triqui/Documents/TFG/TFG_MS_ROS/ros_ws/install/my_battery_package:/home/triqui/turtlebot3_ws/install/turtlebot3_teleop:/home/triqui/turtlebot3_ws/install/turtlebot3_example:/opt/ros/foxy /usr/bin/cmake --install /home/triqui/Documents/TFG/TFG_MS_ROS/ros_ws/build/pkg_interfaces
[1.015s] Level 1:colcon.colcon_core.environment:checking '/home/triqui/Documents/TFG/TFG_MS_ROS/ros_ws/install/pkg_interfaces' for CMake module files
[1.016s] Level 1:colcon.colcon_core.environment:checking '/home/triqui/Documents/TFG/TFG_MS_ROS/ros_ws/install/pkg_interfaces' for CMake config files
[1.016s] Level 1:colcon.colcon_core.shell:create_environment_hook('pkg_interfaces', 'cmake_prefix_path')
[1.018s] INFO:colcon.colcon_core.shell:Creating environment hook '/home/triqui/Documents/TFG/TFG_MS_ROS/ros_ws/install/pkg_interfaces/share/pkg_interfaces/hook/cmake_prefix_path.ps1'
[1.019s] INFO:colcon.colcon_core.shell:Creating environment descriptor '/home/triqui/Documents/TFG/TFG_MS_ROS/ros_ws/install/pkg_interfaces/share/pkg_interfaces/hook/cmake_prefix_path.dsv'
[1.019s] INFO:colcon.colcon_core.shell:Creating environment hook '/home/triqui/Documents/TFG/TFG_MS_ROS/ros_ws/install/pkg_interfaces/share/pkg_interfaces/hook/cmake_prefix_path.sh'
[1.020s] Level 1:colcon.colcon_core.environment:checking '/home/triqui/Documents/TFG/TFG_MS_ROS/ros_ws/install/pkg_interfaces/lib'
[1.020s] Level 1:colcon.colcon_core.shell:create_environment_hook('pkg_interfaces', 'ld_library_path_lib')
[1.022s] INFO:colcon.colcon_core.shell:Creating environment hook '/home/triqui/Documents/TFG/TFG_MS_ROS/ros_ws/install/pkg_interfaces/share/pkg_interfaces/hook/ld_library_path_lib.ps1'
[1.023s] INFO:colcon.colcon_core.shell:Creating environment descriptor '/home/triqui/Documents/TFG/TFG_MS_ROS/ros_ws/install/pkg_interfaces/share/pkg_interfaces/hook/ld_library_path_lib.dsv'
[1.023s] INFO:colcon.colcon_core.shell:Creating environment hook '/home/triqui/Documents/TFG/TFG_MS_ROS/ros_ws/install/pkg_interfaces/share/pkg_interfaces/hook/ld_library_path_lib.sh'
[1.023s] Level 1:colcon.colcon_core.environment:checking '/home/triqui/Documents/TFG/TFG_MS_ROS/ros_ws/install/pkg_interfaces/bin'
[1.024s] Level 1:colcon.colcon_core.environment:checking '/home/triqui/Documents/TFG/TFG_MS_ROS/ros_ws/install/pkg_interfaces/lib/pkgconfig/pkg_interfaces.pc'
[1.024s] Level 1:colcon.colcon_core.environment:checking '/home/triqui/Documents/TFG/TFG_MS_ROS/ros_ws/install/pkg_interfaces/lib/python3.8/site-packages'
[1.024s] Level 1:colcon.colcon_core.shell:create_environment_hook('pkg_interfaces', 'pythonpath')
[1.026s] INFO:colcon.colcon_core.shell:Creating environment hook '/home/triqui/Documents/TFG/TFG_MS_ROS/ros_ws/install/pkg_interfaces/share/pkg_interfaces/hook/pythonpath.ps1'
[1.026s] INFO:colcon.colcon_core.shell:Creating environment descriptor '/home/triqui/Documents/TFG/TFG_MS_ROS/ros_ws/install/pkg_interfaces/share/pkg_interfaces/hook/pythonpath.dsv'
[1.026s] INFO:colcon.colcon_core.shell:Creating environment hook '/home/triqui/Documents/TFG/TFG_MS_ROS/ros_ws/install/pkg_interfaces/share/pkg_interfaces/hook/pythonpath.sh'
[1.027s] Level 1:colcon.colcon_core.environment:checking '/home/triqui/Documents/TFG/TFG_MS_ROS/ros_ws/install/pkg_interfaces/bin'
[1.028s] INFO:colcon.colcon_core.shell:Creating package script '/home/triqui/Documents/TFG/TFG_MS_ROS/ros_ws/install/pkg_interfaces/share/pkg_interfaces/package.ps1'
[1.030s] INFO:colcon.colcon_core.shell:Creating package descriptor '/home/triqui/Documents/TFG/TFG_MS_ROS/ros_ws/install/pkg_interfaces/share/pkg_interfaces/package.dsv'
[1.031s] INFO:colcon.colcon_core.shell:Creating package script '/home/triqui/Documents/TFG/TFG_MS_ROS/ros_ws/install/pkg_interfaces/share/pkg_interfaces/package.sh'
[1.031s] INFO:colcon.colcon_core.shell:Creating package script '/home/triqui/Documents/TFG/TFG_MS_ROS/ros_ws/install/pkg_interfaces/share/pkg_interfaces/package.bash'
[1.032s] INFO:colcon.colcon_core.shell:Creating package script '/home/triqui/Documents/TFG/TFG_MS_ROS/ros_ws/install/pkg_interfaces/share/pkg_interfaces/package.zsh'
[1.033s] Level 1:colcon.colcon_core.environment:create_file_with_runtime_dependencies(/home/triqui/Documents/TFG/TFG_MS_ROS/ros_ws/install/pkg_interfaces/share/colcon-core/packages/pkg_interfaces)
[1.102s] Level 1:colcon.colcon_core.environment:create_environment_scripts_only(pkg_interfaces)
[1.104s] Level 1:colcon.colcon_core.environment:checking '/home/triqui/Documents/TFG/TFG_MS_ROS/ros_ws/install/pkg_interfaces' for CMake module files
[1.105s] Level 1:colcon.colcon_core.environment:checking '/home/triqui/Documents/TFG/TFG_MS_ROS/ros_ws/install/pkg_interfaces' for CMake config files
[1.105s] Level 1:colcon.colcon_core.shell:create_environment_hook('pkg_interfaces', 'cmake_prefix_path')
[1.107s] INFO:colcon.colcon_core.shell:Creating environment hook '/home/triqui/Documents/TFG/TFG_MS_ROS/ros_ws/install/pkg_interfaces/share/pkg_interfaces/hook/cmake_prefix_path.ps1'
[1.108s] INFO:colcon.colcon_core.shell:Creating environment descriptor '/home/triqui/Documents/TFG/TFG_MS_ROS/ros_ws/install/pkg_interfaces/share/pkg_interfaces/hook/cmake_prefix_path.dsv'
[1.108s] INFO:colcon.colcon_core.shell:Creating environment hook '/home/triqui/Documents/TFG/TFG_MS_ROS/ros_ws/install/pkg_interfaces/share/pkg_interfaces/hook/cmake_prefix_path.sh'
[1.108s] Level 1:colcon.colcon_core.environment:checking '/home/triqui/Documents/TFG/TFG_MS_ROS/ros_ws/install/pkg_interfaces/lib'
[1.109s] Level 1:colcon.colcon_core.shell:create_environment_hook('pkg_interfaces', 'ld_library_path_lib')
[1.110s] INFO:colcon.colcon_core.shell:Creating environment hook '/home/triqui/Documents/TFG/TFG_MS_ROS/ros_ws/install/pkg_interfaces/share/pkg_interfaces/hook/ld_library_path_lib.ps1'
[1.110s] INFO:colcon.colcon_core.shell:Creating environment descriptor '/home/triqui/Documents/TFG/TFG_MS_ROS/ros_ws/install/pkg_interfaces/share/pkg_interfaces/hook/ld_library_path_lib.dsv'
[1.111s] INFO:colcon.colcon_core.shell:Creating environment hook '/home/triqui/Documents/TFG/TFG_MS_ROS/ros_ws/install/pkg_interfaces/share/pkg_interfaces/hook/ld_library_path_lib.sh'
[1.111s] Level 1:colcon.colcon_core.environment:checking '/home/triqui/Documents/TFG/TFG_MS_ROS/ros_ws/install/pkg_interfaces/bin'
[1.111s] Level 1:colcon.colcon_core.environment:checking '/home/triqui/Documents/TFG/TFG_MS_ROS/ros_ws/install/pkg_interfaces/lib/pkgconfig/pkg_interfaces.pc'
[1.111s] Level 1:colcon.colcon_core.environment:checking '/home/triqui/Documents/TFG/TFG_MS_ROS/ros_ws/install/pkg_interfaces/lib/python3.8/site-packages'
[1.111s] Level 1:colcon.colcon_core.shell:create_environment_hook('pkg_interfaces', 'pythonpath')
[1.113s] INFO:colcon.colcon_core.shell:Creating environment hook '/home/triqui/Documents/TFG/TFG_MS_ROS/ros_ws/install/pkg_interfaces/share/pkg_interfaces/hook/pythonpath.ps1'
[1.113s] INFO:colcon.colcon_core.shell:Creating environment descriptor '/home/triqui/Documents/TFG/TFG_MS_ROS/ros_ws/install/pkg_interfaces/share/pkg_interfaces/hook/pythonpath.dsv'
[1.114s] INFO:colcon.colcon_core.shell:Creating environment hook '/home/triqui/Documents/TFG/TFG_MS_ROS/ros_ws/install/pkg_interfaces/share/pkg_interfaces/hook/pythonpath.sh'
[1.114s] Level 1:colcon.colcon_core.environment:checking '/home/triqui/Documents/TFG/TFG_MS_ROS/ros_ws/install/pkg_interfaces/bin'
[1.116s] INFO:colcon.colcon_core.shell:Creating package script '/home/triqui/Documents/TFG/TFG_MS_ROS/ros_ws/install/pkg_interfaces/share/pkg_interfaces/package.ps1'
[1.116s] INFO:colcon.colcon_core.shell:Creating package descriptor '/home/triqui/Documents/TFG/TFG_MS_ROS/ros_ws/install/pkg_interfaces/share/pkg_interfaces/package.dsv'
[1.117s] INFO:colcon.colcon_core.shell:Creating package script '/home/triqui/Documents/TFG/TFG_MS_ROS/ros_ws/install/pkg_interfaces/share/pkg_interfaces/package.sh'
[1.117s] INFO:colcon.colcon_core.shell:Creating package script '/home/triqui/Documents/TFG/TFG_MS_ROS/ros_ws/install/pkg_interfaces/share/pkg_interfaces/package.bash'
[1.118s] INFO:colcon.colcon_core.shell:Creating package script '/home/triqui/Documents/TFG/TFG_MS_ROS/ros_ws/install/pkg_interfaces/share/pkg_interfaces/package.zsh'
[1.118s] Level 1:colcon.colcon_core.environment:create_file_with_runtime_dependencies(/home/triqui/Documents/TFG/TFG_MS_ROS/ros_ws/install/pkg_interfaces/share/colcon-core/packages/pkg_interfaces)
[1.119s] INFO:colcon.colcon_ros.task.ament_python.build:Building ROS package in '/home/triqui/Documents/TFG/TFG_MS_ROS/ros_ws/src/my_battery_package' with build type 'ament_python'
[1.119s] Level 1:colcon.colcon_core.shell:create_environment_hook('my_battery_package', 'ament_prefix_path')
[1.120s] INFO:colcon.colcon_core.shell:Creating environment hook '/home/triqui/Documents/TFG/TFG_MS_ROS/ros_ws/install/my_battery_package/share/my_battery_package/hook/ament_prefix_path.ps1'
[1.122s] INFO:colcon.colcon_core.shell:Creating environment descriptor '/home/triqui/Documents/TFG/TFG_MS_ROS/ros_ws/install/my_battery_package/share/my_battery_package/hook/ament_prefix_path.dsv'
[1.123s] INFO:colcon.colcon_core.shell:Creating environment hook '/home/triqui/Documents/TFG/TFG_MS_ROS/ros_ws/install/my_battery_package/share/my_battery_package/hook/ament_prefix_path.sh'
[1.125s] INFO:colcon.colcon_core.shell:Skip shell extension 'powershell' for command environment: Not usable outside of PowerShell
[1.125s] DEBUG:colcon.colcon_core.shell:Skip shell extension 'dsv' for command environment
[1.407s] INFO:colcon.colcon_core.task.python.build:Building Python package in '/home/triqui/Documents/TFG/TFG_MS_ROS/ros_ws/src/my_battery_package'
[1.409s] INFO:colcon.colcon_core.shell:Skip shell extension 'powershell' for command environment: Not usable outside of PowerShell
[1.409s] DEBUG:colcon.colcon_core.shell:Skip shell extension 'dsv' for command environment
[1.870s] DEBUG:colcon.colcon_core.event_handler.log_command:Invoking command in '/home/triqui/Documents/TFG/TFG_MS_ROS/ros_ws/build/my_battery_package': PYTHONPATH=/home/triqui/Documents/TFG/TFG_MS_ROS/ros_ws/build/my_battery_package/prefix_override:/home/triqui/Documents/TFG/TFG_MS_ROS/ros_ws/install/my_battery_package/lib/python3.8/site-packages:/home/triqui/Documents/TFG/TFG_MS_ROS/ros_ws/install/pkg_interfaces/lib/python3.8/site-packages:/home/triqui/Documents/TFG/TFG_MS_ROS/ros_ws/build/my_battery_package:/home/triqui/Documents/TFG/TFG_MS_ROS/ros_ws/install/my_battery_package/lib/python3.8/site-packages:/home/triqui/turtlebot3_ws/build/turtlebot3_teleop:/home/triqui/turtlebot3_ws/install/turtlebot3_teleop/lib/python3.8/site-packages:/home/triqui/turtlebot3_ws/build/turtlebot3_example:/home/triqui/turtlebot3_ws/install/turtlebot3_example/lib/python3.8/site-packages:/home/triqui/turtlebot3_ws/install/turtlebot3_msgs/lib/python3.8/site-packages:/home/triqui/turtlebot3_ws/install/dynamixel_sdk_custom_interfaces/lib/python3.8/site-packages:/opt/ros/foxy/lib/python3.8/site-packages /usr/bin/python3 setup.py develop --editable --build-directory /home/triqui/Documents/TFG/TFG_MS_ROS/ros_ws/build/my_battery_package/build --no-deps install_data
[2.419s] Level 1:colcon.colcon_core.shell:create_environment_hook('my_battery_package', 'pythonpath_develop')
[2.421s] INFO:colcon.colcon_core.shell:Creating environment hook '/home/triqui/Documents/TFG/TFG_MS_ROS/ros_ws/build/my_battery_package/share/my_battery_package/hook/pythonpath_develop.ps1'
[2.422s] DEBUG:colcon.colcon_core.event_handler.log_command:Invoked command in '/home/triqui/Documents/TFG/TFG_MS_ROS/ros_ws/build/my_battery_package' returned '0': PYTHONPATH=/home/triqui/Documents/TFG/TFG_MS_ROS/ros_ws/build/my_battery_package/prefix_override:/home/triqui/Documents/TFG/TFG_MS_ROS/ros_ws/install/my_battery_package/lib/python3.8/site-packages:/home/triqui/Documents/TFG/TFG_MS_ROS/ros_ws/install/pkg_interfaces/lib/python3.8/site-packages:/home/triqui/Documents/TFG/TFG_MS_ROS/ros_ws/build/my_battery_package:/home/triqui/Documents/TFG/TFG_MS_ROS/ros_ws/install/my_battery_package/lib/python3.8/site-packages:/home/triqui/turtlebot3_ws/build/turtlebot3_teleop:/home/triqui/turtlebot3_ws/install/turtlebot3_teleop/lib/python3.8/site-packages:/home/triqui/turtlebot3_ws/build/turtlebot3_example:/home/triqui/turtlebot3_ws/install/turtlebot3_example/lib/python3.8/site-packages:/home/triqui/turtlebot3_ws/install/turtlebot3_msgs/lib/python3.8/site-packages:/home/triqui/turtlebot3_ws/install/dynamixel_sdk_custom_interfaces/lib/python3.8/site-packages:/opt/ros/foxy/lib/python3.8/site-packages /usr/bin/python3 setup.py develop --editable --build-directory /home/triqui/Documents/TFG/TFG_MS_ROS/ros_ws/build/my_battery_package/build --no-deps install_data
[2.423s] INFO:colcon.colcon_core.shell:Creating environment descriptor '/home/triqui/Documents/TFG/TFG_MS_ROS/ros_ws/build/my_battery_package/share/my_battery_package/hook/pythonpath_develop.dsv'
[2.423s] INFO:colcon.colcon_core.shell:Creating environment hook '/home/triqui/Documents/TFG/TFG_MS_ROS/ros_ws/build/my_battery_package/share/my_battery_package/hook/pythonpath_develop.sh'
[2.426s] Level 1:colcon.colcon_core.environment:checking '/home/triqui/Documents/TFG/TFG_MS_ROS/ros_ws/install/my_battery_package' for CMake module files
[2.426s] Level 1:colcon.colcon_core.environment:checking '/home/triqui/Documents/TFG/TFG_MS_ROS/ros_ws/install/my_battery_package' for CMake config files
[2.427s] Level 1:colcon.colcon_core.environment:checking '/home/triqui/Documents/TFG/TFG_MS_ROS/ros_ws/install/my_battery_package/lib'
[2.427s] Level 1:colcon.colcon_core.environment:checking '/home/triqui/Documents/TFG/TFG_MS_ROS/ros_ws/install/my_battery_package/bin'
[2.427s] Level 1:colcon.colcon_core.environment:checking '/home/triqui/Documents/TFG/TFG_MS_ROS/ros_ws/install/my_battery_package/lib/pkgconfig/my_battery_package.pc'
[2.427s] Level 1:colcon.colcon_core.environment:checking '/home/triqui/Documents/TFG/TFG_MS_ROS/ros_ws/install/my_battery_package/lib/python3.8/site-packages'
[2.427s] Level 1:colcon.colcon_core.shell:create_environment_hook('my_battery_package', 'pythonpath')
[2.429s] INFO:colcon.colcon_core.shell:Creating environment hook '/home/triqui/Documents/TFG/TFG_MS_ROS/ros_ws/install/my_battery_package/share/my_battery_package/hook/pythonpath.ps1'
[2.429s] INFO:colcon.colcon_core.shell:Creating environment descriptor '/home/triqui/Documents/TFG/TFG_MS_ROS/ros_ws/install/my_battery_package/share/my_battery_package/hook/pythonpath.dsv'
[2.430s] INFO:colcon.colcon_core.shell:Creating environment hook '/home/triqui/Documents/TFG/TFG_MS_ROS/ros_ws/install/my_battery_package/share/my_battery_package/hook/pythonpath.sh'
[2.430s] Level 1:colcon.colcon_core.environment:checking '/home/triqui/Documents/TFG/TFG_MS_ROS/ros_ws/install/my_battery_package/bin'
[2.430s] Level 1:colcon.colcon_core.environment:create_environment_scripts_only(my_battery_package)
[2.432s] INFO:colcon.colcon_core.shell:Creating package script '/home/triqui/Documents/TFG/TFG_MS_ROS/ros_ws/install/my_battery_package/share/my_battery_package/package.ps1'
[2.432s] INFO:colcon.colcon_core.shell:Creating package descriptor '/home/triqui/Documents/TFG/TFG_MS_ROS/ros_ws/install/my_battery_package/share/my_battery_package/package.dsv'
[2.433s] INFO:colcon.colcon_core.shell:Creating package script '/home/triqui/Documents/TFG/TFG_MS_ROS/ros_ws/install/my_battery_package/share/my_battery_package/package.sh'
[2.433s] INFO:colcon.colcon_core.shell:Creating package script '/home/triqui/Documents/TFG/TFG_MS_ROS/ros_ws/install/my_battery_package/share/my_battery_package/package.bash'
[2.434s] INFO:colcon.colcon_core.shell:Creating package script '/home/triqui/Documents/TFG/TFG_MS_ROS/ros_ws/install/my_battery_package/share/my_battery_package/package.zsh'
[2.434s] Level 1:colcon.colcon_core.environment:create_file_with_runtime_dependencies(/home/triqui/Documents/TFG/TFG_MS_ROS/ros_ws/install/my_battery_package/share/colcon-core/packages/my_battery_package)
[2.435s] DEBUG:colcon.colcon_parallel_executor.executor.parallel:closing loop
[2.435s] DEBUG:colcon.colcon_parallel_executor.executor.parallel:loop closed
[2.435s] DEBUG:colcon.colcon_parallel_executor.executor.parallel:run_until_complete finished with '0'
[2.435s] DEBUG:colcon.colcon_core.event_reactor:joining thread
[2.443s] INFO:colcon.colcon_core.plugin_system:Skipping extension 'colcon_notification.desktop_notification.terminal_notifier': Not used on non-Darwin systems
[2.443s] INFO:colcon.colcon_core.plugin_system:Skipping extension 'colcon_notification.desktop_notification.win32': Not used on non-Windows systems
[2.443s] INFO:colcon.colcon_notification.desktop_notification:Sending desktop notification using 'notify2'
[2.459s] DEBUG:colcon.colcon_core.event_reactor:joined thread
[2.460s] INFO:colcon.colcon_core.shell:Creating prefix script '/home/triqui/Documents/TFG/TFG_MS_ROS/ros_ws/install/local_setup.ps1'
[2.461s] INFO:colcon.colcon_core.shell:Creating prefix util module '/home/triqui/Documents/TFG/TFG_MS_ROS/ros_ws/install/_local_setup_util_ps1.py'
[2.463s] INFO:colcon.colcon_core.shell:Creating prefix chain script '/home/triqui/Documents/TFG/TFG_MS_ROS/ros_ws/install/setup.ps1'
[2.465s] INFO:colcon.colcon_core.shell:Creating prefix script '/home/triqui/Documents/TFG/TFG_MS_ROS/ros_ws/install/local_setup.sh'
[2.466s] INFO:colcon.colcon_core.shell:Creating prefix util module '/home/triqui/Documents/TFG/TFG_MS_ROS/ros_ws/install/_local_setup_util_sh.py'
[2.466s] INFO:colcon.colcon_core.shell:Creating prefix chain script '/home/triqui/Documents/TFG/TFG_MS_ROS/ros_ws/install/setup.sh'
[2.468s] INFO:colcon.colcon_core.shell:Creating prefix script '/home/triqui/Documents/TFG/TFG_MS_ROS/ros_ws/install/local_setup.bash'
[2.469s] INFO:colcon.colcon_core.shell:Creating prefix chain script '/home/triqui/Documents/TFG/TFG_MS_ROS/ros_ws/install/setup.bash'
[2.471s] INFO:colcon.colcon_core.shell:Creating prefix script '/home/triqui/Documents/TFG/TFG_MS_ROS/ros_ws/install/local_setup.zsh'
[2.471s] INFO:colcon.colcon_core.shell:Creating prefix chain script '/home/triqui/Documents/TFG/TFG_MS_ROS/ros_ws/install/setup.zsh'
