running egg_info
writing ../../build/my_battery_package/my_battery_package.egg-info/PKG-INFO
writing dependency_links to ../../build/my_battery_package/my_battery_package.egg-info/dependency_links.txt
writing entry points to ../../build/my_battery_package/my_battery_package.egg-info/entry_points.txt
writing requirements to ../../build/my_battery_package/my_battery_package.egg-info/requires.txt
writing top-level names to ../../build/my_battery_package/my_battery_package.egg-info/top_level.txt
reading manifest file '../../build/my_battery_package/my_battery_package.egg-info/SOURCES.txt'
writing manifest file '../../build/my_battery_package/my_battery_package.egg-info/SOURCES.txt'
running build
running build_py
running install
running install_lib
running install_data
running install_egg_info
removing '/home/triqui/Documents/TFG/TFG_MS_ROS/ros_ws/install/my_battery_package/lib/python3.8/site-packages/my_battery_package-0.0.0-py3.8.egg-info' (and everything under it)
Copying ../../build/my_battery_package/my_battery_package.egg-info to /home/triqui/Documents/TFG/TFG_MS_ROS/ros_ws/install/my_battery_package/lib/python3.8/site-packages/my_battery_package-0.0.0-py3.8.egg-info
running install_scripts
Installing battery_publisher script to /home/triqui/Documents/TFG/TFG_MS_ROS/ros_ws/install/my_battery_package/lib/my_battery_package
Installing battery_subscriber script to /home/triqui/Documents/TFG/TFG_MS_ROS/ros_ws/install/my_battery_package/lib/my_battery_package
writing list of installed files to '/home/triqui/Documents/TFG/TFG_MS_ROS/ros_ws/build/my_battery_package/install.log'
